#
# There is insufficient memory for the Java Runtime Environment to continue.
# Native memory allocation (mmap) failed to map 729808896 bytes for G1 virtual space
# Possible reasons:
#   The system is out of physical RAM or swap space
#   The process is running with CompressedOops enabled, and the Java Heap may be blocking the growth of the native heap
# Possible solutions:
#   Reduce memory load on the system
#   Increase physical memory or swap space
#   Check if swap backing store is full
#   Decrease Java heap size (-Xmx/-Xms)
#   Decrease number of Java threads
#   Decrease Java thread stack sizes (-Xss)
#   Set larger code cache with -XX:ReservedCodeCacheSize=
#   JVM is running with Zero Based Compressed Oops mode in which the Java heap is
#     placed in the first 32GB address space. The Java Heap base address is the
#     maximum limit for the native heap growth. Please use -XX:HeapBaseMinAddress
#     to set the Java Heap base and to place the Java Heap above 32GB virtual address.
# This output file may be truncated or incomplete.
#
#  Out of Memory Error (os_windows.cpp:3769), pid=13288, tid=17312
#
# JRE version: OpenJDK Runtime Environment (17.0.6) (build 17.0.6+0-b2043.56-10027231)
# Java VM: OpenJDK 64-Bit Server VM (17.0.6+0-b2043.56-10027231, mixed mode, tiered, compressed oops, compressed class ptrs, g1 gc, windows-amd64)
# No core dump will be written. Minidumps are not enabled by default on client versions of Windows
#

---------------  S U M M A R Y ------------

Command Line: -XX:MaxMetaspaceSize=4G -XX:ReservedCodeCacheSize=512m -XX:+HeapDumpOnOutOfMemoryError --add-opens=java.base/java.util=ALL-UNNAMED --add-opens=java.base/java.lang=ALL-UNNAMED --add-opens=java.base/java.lang.invoke=ALL-UNNAMED --add-opens=java.prefs/java.util.prefs=ALL-UNNAMED --add-exports=jdk.compiler/com.sun.tools.javac.api=ALL-UNNAMED --add-exports=jdk.compiler/com.sun.tools.javac.util=ALL-UNNAMED --add-opens=java.base/java.nio.charset=ALL-UNNAMED --add-opens=java.base/java.net=ALL-UNNAMED --add-opens=java.base/java.util.concurrent.atomic=ALL-UNNAMED -Xmx8G -Dfile.encoding=windows-1252 -Duser.country=US -Duser.language=en -Duser.variant -javaagent:C:\Users\user\.gradle\wrapper\dists\gradle-8.10.2-all\7iv73wktx1xtkvlq19urqw1wm\gradle-8.10.2\lib\agents\gradle-instrumentation-agent-8.10.2.jar org.gradle.launcher.daemon.bootstrap.GradleDaemon 8.10.2

Host: Intel(R) Core(TM) i5-4310U CPU @ 2.00GHz, 4 cores, 3G,  Windows 10 , 64 bit Build 19041 (10.0.19041.5678)
Time: Sat Apr 12 07:23:39 2025 W. Central Africa Standard Time elapsed time: 586.969708 seconds (0d 0h 9m 46s)

---------------  T H R E A D  ---------------

Current thread (0x0000026955336bb0):  VMThread "VM Thread" [stack: 0x00000090cd600000,0x00000090cd700000] [id=17312]

Stack: [0x00000090cd600000,0x00000090cd700000]
Native frames: (J=compiled Java code, j=interpreted, Vv=VM code, C=native code)
V  [jvm.dll+0x683c9a]
V  [jvm.dll+0x8427a4]
V  [jvm.dll+0x843f9e]
V  [jvm.dll+0x844603]
V  [jvm.dll+0x249b75]
V  [jvm.dll+0x680b69]
V  [jvm.dll+0x67505a]
V  [jvm.dll+0x309acb]
V  [jvm.dll+0x310f86]
V  [jvm.dll+0x3608ee]
V  [jvm.dll+0x360b1f]
V  [jvm.dll+0x2dfbf8]
V  [jvm.dll+0x2ddec4]
V  [jvm.dll+0x2dd4cc]
V  [jvm.dll+0x321f3b]
V  [jvm.dll+0x848ccb]
V  [jvm.dll+0x849a04]
V  [jvm.dll+0x849f1d]
V  [jvm.dll+0x84a2f4]
V  [jvm.dll+0x84a3c0]
V  [jvm.dll+0x7f274a]
V  [jvm.dll+0x682ad5]
C  [ucrtbase.dll+0x21bb2]
C  [KERNEL32.DLL+0x17374]
C  [ntdll.dll+0x4cc91]

VM_Operation (0x00000090ce6fe5e0): G1CollectForAllocation, mode: safepoint, requested by thread 0x000002695602e310


---------------  P R O C E S S  ---------------

Threads class SMR info:
_java_thread_list=0x000002696125a7a0, length=98, elements={
0x000002691c9c5b90, 0x00000269553b9620, 0x00000269560016d0, 0x00000269560304c0,
0x000002695602d4a0, 0x000002695602fff0, 0x000002695602d970, 0x000002695603f910,
0x0000026956098a50, 0x00000269560a0f50, 0x0000026956030990, 0x000002695602de40,
0x000002695602e310, 0x000002695602f180, 0x000002695602e7e0, 0x000002695602f650,
0x000002695602ecb0, 0x000002695602fb20, 0x0000026957a73bb0, 0x0000026957a74080,
0x0000026957a74a20, 0x0000026957a76bd0, 0x0000026957a783e0, 0x0000026957a753c0,
0x0000026957a74550, 0x0000026957a75d60, 0x0000026957a770a0, 0x0000026957a76230,
0x0000026957a72d40, 0x0000026957a76700, 0x0000026957a77570, 0x0000026957a77a40,
0x0000026957a77f10, 0x0000026957a723a0, 0x0000026957a736e0, 0x000002695aff69e0,
0x000002695affa870, 0x000002695aff6510, 0x000002695aff7850, 0x000002695aff9060,
0x000002695aff6eb0, 0x000002695aff6040, 0x000002695aff81f0, 0x000002695affb210,
0x000002695aff86c0, 0x000002695affa3a0, 0x000002695affad40, 0x000002695aff4d00,
0x000002695affb6e0, 0x000002695affc550, 0x000002695aff51d0, 0x000002695aff56a0,
0x000002695602cfd0, 0x0000026957a75890, 0x0000026958871090, 0x0000026958870bc0,
0x0000026958871560, 0x000002695886f880, 0x0000026958871a30, 0x000002695886e070,
0x000002695886ea10, 0x000002695886e540, 0x000002695886eee0, 0x000002695886f3b0,
0x000002695886fd50, 0x0000026958870220, 0x00000269588706f0, 0x000002695a91aa00,
0x000002695a91aed0, 0x000002695a91d080, 0x000002695a91b3a0, 0x000002695a91bd40,
0x000002695a91c210, 0x000002695f9ca870, 0x000002695f9cb6e0, 0x000002695f9c9ed0,
0x000002695f9ca3a0, 0x000002695f9cdd60, 0x000002695f9cad40, 0x000002695f9cbbb0,
0x000002695f9c9060, 0x000002695f9ccef0, 0x000002695f9cc080, 0x000002695f9cf0a0,
0x000002695f9cfa40, 0x000002695a91da20, 0x0000026957a71a00, 0x0000026957a72870,
0x000002695d8ccd40, 0x0000026963a0add0, 0x0000026963fc5070, 0x0000026963fbf030,
0x0000026963fbe1c0, 0x0000026963fbf500, 0x0000026963fbeb60, 0x0000026963fc29f0,
0x0000026963fc11e0, 0x0000026963fc2050
}

Java Threads: ( => current thread )
  0x000002691c9c5b90 JavaThread "main" [_thread_blocked, id=3336, stack(0x00000090cd000000,0x00000090cd100000)]
  0x00000269553b9620 JavaThread "Reference Handler" daemon [_thread_blocked, id=11316, stack(0x00000090cd700000,0x00000090cd800000)]
  0x00000269560016d0 JavaThread "Finalizer" daemon [_thread_blocked, id=860, stack(0x00000090cd800000,0x00000090cd900000)]
  0x00000269560304c0 JavaThread "Signal Dispatcher" daemon [_thread_blocked, id=12940, stack(0x00000090cd900000,0x00000090cda00000)]
  0x000002695602d4a0 JavaThread "Attach Listener" daemon [_thread_blocked, id=12084, stack(0x00000090cda00000,0x00000090cdb00000)]
  0x000002695602fff0 JavaThread "Service Thread" daemon [_thread_blocked, id=17324, stack(0x00000090cdb00000,0x00000090cdc00000)]
  0x000002695602d970 JavaThread "Monitor Deflation Thread" daemon [_thread_blocked, id=15420, stack(0x00000090cdc00000,0x00000090cdd00000)]
  0x000002695603f910 JavaThread "C2 CompilerThread0" daemon [_thread_blocked, id=7752, stack(0x00000090cdd00000,0x00000090cde00000)]
  0x0000026956098a50 JavaThread "C1 CompilerThread0" daemon [_thread_blocked, id=8040, stack(0x00000090cde00000,0x00000090cdf00000)]
  0x00000269560a0f50 JavaThread "Sweeper thread" daemon [_thread_blocked, id=924, stack(0x00000090cdf00000,0x00000090ce000000)]
  0x0000026956030990 JavaThread "Common-Cleaner" daemon [_thread_blocked, id=11068, stack(0x00000090ce000000,0x00000090ce100000)]
  0x000002695602de40 JavaThread "Notification Thread" daemon [_thread_blocked, id=6372, stack(0x00000090ce100000,0x00000090ce200000)]
  0x000002695602e310 JavaThread "Daemon health stats" [_thread_blocked, id=2940, stack(0x00000090ce600000,0x00000090ce700000)]
  0x000002695602f180 JavaThread "Incoming local TCP Connector on port 64050" [_thread_in_native, id=10132, stack(0x00000090ce700000,0x00000090ce800000)]
  0x000002695602e7e0 JavaThread "Daemon periodic checks" [_thread_blocked, id=14528, stack(0x00000090ce800000,0x00000090ce900000)]
  0x000002695602f650 JavaThread "Daemon" [_thread_blocked, id=14136, stack(0x00000090ce900000,0x00000090cea00000)]
  0x000002695602ecb0 JavaThread "Handler for socket connection from /127.0.0.1:64050 to /127.0.0.1:64051" [_thread_in_native, id=14200, stack(0x00000090cea00000,0x00000090ceb00000)]
  0x000002695602fb20 JavaThread "Cancel handler" [_thread_blocked, id=13540, stack(0x00000090ceb00000,0x00000090cec00000)]
  0x0000026957a73bb0 JavaThread "Daemon worker" [_thread_blocked, id=11692, stack(0x00000090cec00000,0x00000090ced00000)]
  0x0000026957a74080 JavaThread "Asynchronous log dispatcher for DefaultDaemonConnection: socket connection from /127.0.0.1:64050 to /127.0.0.1:64051" [_thread_blocked, id=16136, stack(0x00000090ced00000,0x00000090cee00000)]
  0x0000026957a74a20 JavaThread "Stdin handler" [_thread_blocked, id=3508, stack(0x00000090cee00000,0x00000090cef00000)]
  0x0000026957a76bd0 JavaThread "Daemon client event forwarder" [_thread_blocked, id=1792, stack(0x00000090cef00000,0x00000090cf000000)]
  0x0000026957a783e0 JavaThread "Cache worker for journal cache (C:\Users\user\.gradle\caches\journal-1)" [_thread_blocked, id=13364, stack(0x00000090cf000000,0x00000090cf100000)]
  0x0000026957a753c0 JavaThread "File lock request listener" [_thread_in_native, id=2992, stack(0x00000090cf100000,0x00000090cf200000)]
  0x0000026957a74550 JavaThread "Cache worker for file hash cache (C:\Users\user\.gradle\caches\8.10.2\fileHashes)" [_thread_blocked, id=12216, stack(0x00000090cf200000,0x00000090cf300000)]
  0x0000026957a75d60 JavaThread "Cache worker for file hash cache (C:\Users\user\flutter_projects\android\.gradle\8.10.2\fileHashes)" [_thread_blocked, id=2468, stack(0x00000090cf300000,0x00000090cf400000)]
  0x0000026957a770a0 JavaThread "Cache worker for Build Output Cleanup Cache (C:\Users\user\flutter_projects\android\.gradle\buildOutputCleanup)" [_thread_blocked, id=14176, stack(0x00000090cf400000,0x00000090cf500000)]
  0x0000026957a76230 JavaThread "File watcher server" daemon [_thread_blocked, id=15248, stack(0x00000090cf500000,0x00000090cf600000)]
  0x0000026957a72d40 JavaThread "File watcher consumer" daemon [_thread_blocked, id=16816, stack(0x00000090cf600000,0x00000090cf700000)]
  0x0000026957a76700 JavaThread "Cache worker for checksums cache (C:\Users\user\flutter_projects\android\.gradle\8.10.2\checksums)" [_thread_blocked, id=14892, stack(0x00000090cf700000,0x00000090cf800000)]
  0x0000026957a77570 JavaThread "Cache worker for file content cache (C:\Users\user\.gradle\caches\8.10.2\fileContent)" [_thread_blocked, id=10208, stack(0x00000090cf800000,0x00000090cf900000)]
  0x0000026957a77a40 JavaThread "Cache worker for cache directory md-rule (C:\Users\user\.gradle\caches\8.10.2\md-rule)" [_thread_blocked, id=11212, stack(0x00000090cf900000,0x00000090cfa00000)]
  0x0000026957a77f10 JavaThread "Cache worker for cache directory md-supplier (C:\Users\user\.gradle\caches\8.10.2\md-supplier)" [_thread_blocked, id=2512, stack(0x00000090cfa00000,0x00000090cfb00000)]
  0x0000026957a723a0 JavaThread "Cache worker for Build Output Cleanup Cache (C:\Users\user\FlutterSdk\flutter_windows\flutter\packages\flutter_tools\gradle\.gradle\buildOutputCleanup)" [_thread_blocked, id=10380, stack(0x00000090cfb00000,0x00000090cfc00000)]
  0x0000026957a736e0 JavaThread "Unconstrained build operations" [_thread_blocked, id=4696, stack(0x00000090cfc00000,0x00000090cfd00000)]
  0x000002695aff69e0 JavaThread "Unconstrained build operations Thread 2" [_thread_blocked, id=8420, stack(0x00000090cfd00000,0x00000090cfe00000)]
  0x000002695affa870 JavaThread "Unconstrained build operations Thread 3" [_thread_blocked, id=9080, stack(0x00000090cfe00000,0x00000090cff00000)]
  0x000002695aff6510 JavaThread "Unconstrained build operations Thread 4" [_thread_blocked, id=12528, stack(0x00000090cff00000,0x00000090d0000000)]
  0x000002695aff7850 JavaThread "Unconstrained build operations Thread 5" [_thread_blocked, id=8848, stack(0x00000090d0000000,0x00000090d0100000)]
  0x000002695aff9060 JavaThread "Unconstrained build operations Thread 6" [_thread_blocked, id=17156, stack(0x00000090d0100000,0x00000090d0200000)]
  0x000002695aff6eb0 JavaThread "Unconstrained build operations Thread 7" [_thread_blocked, id=16248, stack(0x00000090d0200000,0x00000090d0300000)]
  0x000002695aff6040 JavaThread "Unconstrained build operations Thread 8" [_thread_blocked, id=13816, stack(0x00000090d0300000,0x00000090d0400000)]
  0x000002695aff81f0 JavaThread "Unconstrained build operations Thread 9" [_thread_blocked, id=13580, stack(0x00000090d0400000,0x00000090d0500000)]
  0x000002695affb210 JavaThread "Memory manager" [_thread_blocked, id=10836, stack(0x00000090d0500000,0x00000090d0600000)]
  0x000002695aff86c0 JavaThread "build event listener" [_thread_blocked, id=8500, stack(0x00000090d0600000,0x00000090d0700000)]
  0x000002695affa3a0 JavaThread "included builds" [_thread_blocked, id=15708, stack(0x00000090ccd00000,0x00000090cce00000)]
  0x000002695affad40 JavaThread "Execution worker" [_thread_blocked, id=12184, stack(0x00000090d0700000,0x00000090d0800000)]
  0x000002695aff4d00 JavaThread "Execution worker Thread 2" [_thread_blocked, id=8180, stack(0x00000090d0800000,0x00000090d0900000)]
  0x000002695affb6e0 JavaThread "Execution worker Thread 3" [_thread_blocked, id=14272, stack(0x00000090d0900000,0x00000090d0a00000)]
  0x000002695affc550 JavaThread "Cache worker for execution history cache (C:\Users\user\FlutterSdk\flutter_windows\flutter\packages\flutter_tools\gradle\.gradle\8.10.2\executionHistory)" [_thread_blocked, id=1684, stack(0x00000090d0a00000,0x00000090d0b00000)]
  0x000002695aff51d0 JavaThread "Unconstrained build operations Thread 10" [_thread_blocked, id=14988, stack(0x00000090d0b00000,0x00000090d0c00000)]
  0x000002695aff56a0 JavaThread "Unconstrained build operations Thread 11" [_thread_blocked, id=10140, stack(0x00000090d0c00000,0x00000090d0d00000)]
  0x000002695602cfd0 JavaThread "Unconstrained build operations Thread 12" [_thread_blocked, id=14040, stack(0x00000090d0d00000,0x00000090d0e00000)]
  0x0000026957a75890 JavaThread "Unconstrained build operations Thread 13" [_thread_blocked, id=13268, stack(0x00000090d0e00000,0x00000090d0f00000)]
  0x0000026958871090 JavaThread "Unconstrained build operations Thread 14" [_thread_blocked, id=5864, stack(0x00000090d0f00000,0x00000090d1000000)]
  0x0000026958870bc0 JavaThread "Unconstrained build operations Thread 15" [_thread_blocked, id=16264, stack(0x00000090d1000000,0x00000090d1100000)]
  0x0000026958871560 JavaThread "Unconstrained build operations Thread 16" [_thread_blocked, id=5196, stack(0x00000090d1100000,0x00000090d1200000)]
  0x000002695886f880 JavaThread "Unconstrained build operations Thread 17" [_thread_blocked, id=10348, stack(0x00000090d1200000,0x00000090d1300000)]
  0x0000026958871a30 JavaThread "Unconstrained build operations Thread 18" [_thread_blocked, id=15044, stack(0x00000090d1300000,0x00000090d1400000)]
  0x000002695886e070 JavaThread "Unconstrained build operations Thread 19" [_thread_blocked, id=9024, stack(0x00000090d1400000,0x00000090d1500000)]
  0x000002695886ea10 JavaThread "Unconstrained build operations Thread 20" [_thread_blocked, id=16908, stack(0x00000090d1500000,0x00000090d1600000)]
  0x000002695886e540 JavaThread "Unconstrained build operations Thread 21" [_thread_blocked, id=16512, stack(0x00000090d1600000,0x00000090d1700000)]
  0x000002695886eee0 JavaThread "Unconstrained build operations Thread 22" [_thread_blocked, id=13040, stack(0x00000090d1900000,0x00000090d1a00000)]
  0x000002695886f3b0 JavaThread "Unconstrained build operations Thread 23" [_thread_blocked, id=16884, stack(0x00000090d1a00000,0x00000090d1b00000)]
  0x000002695886fd50 JavaThread "Unconstrained build operations Thread 24" [_thread_blocked, id=872, stack(0x00000090d1b00000,0x00000090d1c00000)]
  0x0000026958870220 JavaThread "Unconstrained build operations Thread 25" [_thread_blocked, id=6744, stack(0x00000090d1c00000,0x00000090d1d00000)]
  0x00000269588706f0 JavaThread "Unconstrained build operations Thread 26" [_thread_blocked, id=11020, stack(0x00000090d1d00000,0x00000090d1e00000)]
  0x000002695a91aa00 JavaThread "Unconstrained build operations Thread 27" [_thread_blocked, id=3044, stack(0x00000090d1e00000,0x00000090d1f00000)]
  0x000002695a91aed0 JavaThread "Unconstrained build operations Thread 28" [_thread_blocked, id=16980, stack(0x00000090d1f00000,0x00000090d2000000)]
  0x000002695a91d080 JavaThread "Unconstrained build operations Thread 29" [_thread_blocked, id=7404, stack(0x00000090d2000000,0x00000090d2100000)]
  0x000002695a91b3a0 JavaThread "Unconstrained build operations Thread 30" [_thread_blocked, id=5872, stack(0x00000090d2100000,0x00000090d2200000)]
  0x000002695a91bd40 JavaThread "jar transforms" [_thread_blocked, id=7856, stack(0x00000090d2200000,0x00000090d2300000)]
  0x000002695a91c210 JavaThread "jar transforms Thread 2" [_thread_blocked, id=2736, stack(0x00000090d2300000,0x00000090d2400000)]
  0x000002695f9ca870 JavaThread "jar transforms Thread 3" [_thread_blocked, id=16680, stack(0x00000090d2400000,0x00000090d2500000)]
  0x000002695f9cb6e0 JavaThread "jar transforms Thread 4" [_thread_blocked, id=8748, stack(0x00000090d2500000,0x00000090d2600000)]
  0x000002695f9c9ed0 JavaThread "Unconstrained build operations Thread 31" [_thread_blocked, id=17276, stack(0x00000090d2600000,0x00000090d2700000)]
  0x000002695f9ca3a0 JavaThread "Unconstrained build operations Thread 32" [_thread_blocked, id=7704, stack(0x00000090d2700000,0x00000090d2800000)]
  0x000002695f9cdd60 JavaThread "Unconstrained build operations Thread 33" [_thread_blocked, id=7628, stack(0x00000090d2800000,0x00000090d2900000)]
  0x000002695f9cad40 JavaThread "Unconstrained build operations Thread 34" [_thread_blocked, id=6788, stack(0x00000090d2900000,0x00000090d2a00000)]
  0x000002695f9cbbb0 JavaThread "Unconstrained build operations Thread 35" [_thread_blocked, id=6260, stack(0x00000090d2a00000,0x00000090d2b00000)]
  0x000002695f9c9060 JavaThread "Unconstrained build operations Thread 36" [_thread_blocked, id=1876, stack(0x00000090d2b00000,0x00000090d2c00000)]
  0x000002695f9ccef0 JavaThread "Unconstrained build operations Thread 37" [_thread_blocked, id=13016, stack(0x00000090d2c00000,0x00000090d2d00000)]
  0x000002695f9cc080 JavaThread "Unconstrained build operations Thread 38" [_thread_blocked, id=9368, stack(0x00000090d2d00000,0x00000090d2e00000)]
  0x000002695f9cf0a0 JavaThread "Unconstrained build operations Thread 39" [_thread_blocked, id=6116, stack(0x00000090d2e00000,0x00000090d2f00000)]
  0x000002695f9cfa40 JavaThread "Cache worker for execution history cache (C:\Users\user\flutter_projects\android\.gradle\8.10.2\executionHistory)" [_thread_blocked, id=10856, stack(0x00000090cce00000,0x00000090ccf00000)]
  0x000002695a91da20 JavaThread "Unconstrained build operations Thread 40" [_thread_blocked, id=3236, stack(0x00000090d1700000,0x00000090d1800000)]
  0x0000026957a71a00 JavaThread "WorkerExecutor Queue Thread 2" [_thread_blocked, id=9736, stack(0x00000090d3300000,0x00000090d3400000)]
  0x0000026957a72870 JavaThread "WorkerExecutor Queue Thread 3" [_thread_blocked, id=14620, stack(0x00000090d3400000,0x00000090d3500000)]
  0x000002695d8ccd40 JavaThread "WorkerExecutor Queue Thread 4" [_thread_blocked, id=4140, stack(0x00000090d3600000,0x00000090d3700000)]
  0x0000026963a0add0 JavaThread "WorkerExecutor Queue Thread 5" [_thread_blocked, id=13204, stack(0x00000090d3100000,0x00000090d3200000)]
  0x0000026963fc5070 JavaThread "RMI Scheduler(0)" daemon [_thread_blocked, id=16876, stack(0x00000090d3200000,0x00000090d3300000)]
  0x0000026963fbf030 JavaThread "RMI GC Daemon" daemon [_thread_blocked, id=1216, stack(0x00000090d4900000,0x00000090d4a00000)]
  0x0000026963fbe1c0 JavaThread "RMI TCP Accept-0" daemon [_thread_in_native, id=11128, stack(0x00000090d4a00000,0x00000090d4b00000)]
  0x0000026963fbf500 JavaThread "RMI Reaper" [_thread_blocked, id=16040, stack(0x00000090d4b00000,0x00000090d4c00000)]
  0x0000026963fbeb60 JavaThread "Cache worker for Java compile cache (C:\Users\user\.gradle\caches\8.10.2\javaCompile)" [_thread_blocked, id=17148, stack(0x00000090d4d00000,0x00000090d4e00000)]
  0x0000026963fc29f0 JavaThread "Build operations" [_thread_blocked, id=8968, stack(0x00000090d4e00000,0x00000090d4f00000)]
  0x0000026963fc11e0 JavaThread "Build operations Thread 2" [_thread_blocked, id=11588, stack(0x00000090d4f00000,0x00000090d5000000)]
  0x0000026963fc2050 JavaThread "Build operations Thread 3" [_thread_blocked, id=12152, stack(0x00000090d5000000,0x00000090d5100000)]

Other Threads:
=>0x0000026955336bb0 VMThread "VM Thread" [stack: 0x00000090cd600000,0x00000090cd700000] [id=17312]
  0x0000026956295370 WatcherThread [stack: 0x00000090ce200000,0x00000090ce300000] [id=15164]
  0x000002691ca73ba0 GCTaskThread "GC Thread#0" [stack: 0x00000090cd100000,0x00000090cd200000] [id=2404]
  0x000002695637f040 GCTaskThread "GC Thread#1" [stack: 0x00000090ce300000,0x00000090ce400000] [id=11172]
  0x0000026956523f20 GCTaskThread "GC Thread#2" [stack: 0x00000090ce400000,0x00000090ce500000] [id=11104]
  0x0000026956bab130 GCTaskThread "GC Thread#3" [stack: 0x00000090ce500000,0x00000090ce600000] [id=2152]
  0x000002691ca85a00 ConcurrentGCThread "G1 Main Marker" [stack: 0x00000090cd200000,0x00000090cd300000] [id=11044]
  0x000002691ca86320 ConcurrentGCThread "G1 Conc#0" [stack: 0x00000090cd300000,0x00000090cd400000] [id=15916]
  0x000002691ca8e740 ConcurrentGCThread "G1 Refine#0" [stack: 0x00000090cd400000,0x00000090cd500000] [id=10860]
  0x00000269551e8140 ConcurrentGCThread "G1 Service" [stack: 0x00000090cd500000,0x00000090cd600000] [id=13420]

Threads with active compile tasks:

VM state: at safepoint (normal execution)

VM Mutex/Monitor currently owned by a thread:  ([mutex/lock_event])
[0x000002691c9c19e0] Threads_lock - owner thread: 0x0000026955336bb0
[0x000002691c9c13b0] Heap_lock - owner thread: 0x000002695602e310

Heap address: 0x0000000600000000, size: 8192 MB, Compressed Oops mode: Zero based, Oop shift amount: 3

CDS archive(s) not mapped
Compressed class space mapped at: 0x0000000800000000-0x0000000840000000, reserved size: 1073741824
Narrow klass base: 0x0000000800000000, Narrow klass shift: 0, Narrow klass range: 0x40000000

GC Precious Log:
 CPUs: 4 total, 4 available
 Memory: 3753M
 Large Page Support: Disabled
 NUMA Support: Disabled
 Compressed Oops: Enabled (Zero based)
 Heap Region Size: 4M
 Heap Min Capacity: 8M
 Heap Initial Capacity: 60M
 Heap Max Capacity: 8G
 Pre-touch: Disabled
 Parallel Workers: 4
 Concurrent Workers: 1
 Concurrent Refinement Workers: 4
 Periodic GC: Disabled

Heap:
 garbage-first heap   total 491520K, used 189679K [0x0000000600000000, 0x0000000800000000)
  region size 4096K, 2 young (8192K), 2 survivors (8192K)
 Metaspace       used 163625K, committed 164864K, reserved 1196032K
  class space    used 21897K, committed 22464K, reserved 1048576K

Heap Regions: E=young(eden), S=young(survivor), O=old, HS=humongous(starts), HC=humongous(continues), CS=collection set, F=free, OA=open archive, CA=closed archive, TAMS=top-at-mark-start (previous, next)
|   0|0x0000000600000000, 0x0000000600400000, 0x0000000600400000|100%|HS|  |TAMS 0x0000000600400000, 0x0000000600400000| Complete 
|   1|0x0000000600400000, 0x0000000600800000, 0x0000000600800000|100%| O|  |TAMS 0x0000000600800000, 0x0000000600800000| Untracked 
|   2|0x0000000600800000, 0x0000000600c00000, 0x0000000600c00000|100%| O|  |TAMS 0x0000000600c00000, 0x0000000600c00000| Untracked 
|   3|0x0000000600c00000, 0x0000000601000000, 0x0000000601000000|100%| O|  |TAMS 0x0000000601000000, 0x0000000601000000| Untracked 
|   4|0x0000000601000000, 0x0000000601400000, 0x0000000601400000|100%| O|  |TAMS 0x0000000601400000, 0x0000000601400000| Untracked 
|   5|0x0000000601400000, 0x0000000601800000, 0x0000000601800000|100%| O|  |TAMS 0x0000000601800000, 0x0000000601800000| Untracked 
|   6|0x0000000601800000, 0x0000000601c00000, 0x0000000601c00000|100%| O|  |TAMS 0x0000000601c00000, 0x0000000601c00000| Untracked 
|   7|0x0000000601c00000, 0x0000000602000000, 0x0000000602000000|100%| O|  |TAMS 0x0000000602000000, 0x0000000602000000| Untracked 
|   8|0x0000000602000000, 0x0000000602400000, 0x0000000602400000|100%| O|  |TAMS 0x0000000602400000, 0x0000000602400000| Untracked 
|   9|0x0000000602400000, 0x0000000602800000, 0x0000000602800000|100%| O|  |TAMS 0x0000000602800000, 0x0000000602800000| Untracked 
|  10|0x0000000602800000, 0x0000000602c00000, 0x0000000602c00000|100%|HS|  |TAMS 0x0000000602c00000, 0x0000000602c00000| Complete 
|  11|0x0000000602c00000, 0x0000000603000000, 0x0000000603000000|100%|HS|  |TAMS 0x0000000603000000, 0x0000000603000000| Complete 
|  12|0x0000000603000000, 0x0000000603400000, 0x0000000603400000|100%| O|  |TAMS 0x0000000603400000, 0x0000000603400000| Untracked 
|  13|0x0000000603400000, 0x0000000603800000, 0x0000000603800000|100%| O|  |TAMS 0x0000000603800000, 0x0000000603800000| Untracked 
|  14|0x0000000603800000, 0x0000000603c00000, 0x0000000603c00000|100%| O|  |TAMS 0x0000000603c00000, 0x0000000603c00000| Untracked 
|  15|0x0000000603c00000, 0x0000000604000000, 0x0000000604000000|100%| O|  |TAMS 0x0000000604000000, 0x0000000604000000| Untracked 
|  16|0x0000000604000000, 0x0000000604400000, 0x0000000604400000|100%| O|  |TAMS 0x0000000604400000, 0x0000000604400000| Untracked 
|  17|0x0000000604400000, 0x0000000604800000, 0x0000000604800000|100%|HS|  |TAMS 0x0000000604800000, 0x0000000604800000| Complete 
|  18|0x0000000604800000, 0x0000000604c00000, 0x0000000604c00000|100%| O|  |TAMS 0x0000000604c00000, 0x0000000604c00000| Untracked 
|  19|0x0000000604c00000, 0x0000000605000000, 0x0000000605000000|100%| O|  |TAMS 0x0000000605000000, 0x0000000605000000| Untracked 
|  20|0x0000000605000000, 0x0000000605400000, 0x0000000605400000|100%| O|  |TAMS 0x0000000605400000, 0x0000000605400000| Untracked 
|  21|0x0000000605400000, 0x0000000605800000, 0x0000000605800000|100%| O|  |TAMS 0x0000000605800000, 0x0000000605800000| Untracked 
|  22|0x0000000605800000, 0x0000000605c00000, 0x0000000605c00000|100%| O|  |TAMS 0x0000000605c00000, 0x0000000605c00000| Untracked 
|  23|0x0000000605c00000, 0x0000000606000000, 0x0000000606000000|100%| O|  |TAMS 0x0000000606000000, 0x0000000606000000| Untracked 
|  24|0x0000000606000000, 0x0000000606400000, 0x0000000606400000|100%| O|  |TAMS 0x0000000606400000, 0x0000000606400000| Untracked 
|  25|0x0000000606400000, 0x0000000606800000, 0x0000000606800000|100%|HS|  |TAMS 0x0000000606800000, 0x0000000606800000| Complete 
|  26|0x0000000606800000, 0x0000000606c00000, 0x0000000606c00000|100%| O|  |TAMS 0x0000000606c00000, 0x0000000606c00000| Untracked 
|  27|0x0000000606c00000, 0x0000000607000000, 0x0000000607000000|100%| O|  |TAMS 0x0000000607000000, 0x0000000607000000| Untracked 
|  28|0x0000000607000000, 0x0000000607400000, 0x0000000607400000|100%| O|  |TAMS 0x0000000607400000, 0x0000000607400000| Untracked 
|  29|0x0000000607400000, 0x0000000607800000, 0x0000000607800000|100%|HS|  |TAMS 0x0000000607800000, 0x0000000607800000| Complete 
|  30|0x0000000607800000, 0x0000000607c00000, 0x0000000607c00000|100%| O|  |TAMS 0x0000000607c00000, 0x0000000607c00000| Untracked 
|  31|0x0000000607c00000, 0x0000000608000000, 0x0000000608000000|100%| O|  |TAMS 0x0000000608000000, 0x0000000608000000| Untracked 
|  32|0x0000000608000000, 0x0000000608400000, 0x0000000608400000|100%| O|  |TAMS 0x0000000608400000, 0x0000000608400000| Untracked 
|  33|0x0000000608400000, 0x0000000608800000, 0x0000000608800000|100%| O|  |TAMS 0x0000000608800000, 0x0000000608800000| Untracked 
|  34|0x0000000608800000, 0x0000000608c00000, 0x0000000608c00000|100%| O|  |TAMS 0x0000000608c00000, 0x0000000608c00000| Untracked 
|  35|0x0000000608c00000, 0x0000000609000000, 0x0000000609000000|100%| O|  |TAMS 0x0000000609000000, 0x0000000609000000| Untracked 
|  36|0x0000000609000000, 0x0000000609400000, 0x0000000609400000|100%| O|  |TAMS 0x0000000609400000, 0x0000000609400000| Untracked 
|  37|0x0000000609400000, 0x0000000609800000, 0x0000000609800000|100%| O|  |TAMS 0x0000000609800000, 0x0000000609800000| Untracked 
|  38|0x0000000609800000, 0x0000000609c00000, 0x0000000609c00000|100%| O|  |TAMS 0x0000000609c00000, 0x0000000609c00000| Untracked 
|  39|0x0000000609c00000, 0x000000060a000000, 0x000000060a000000|100%| O|  |TAMS 0x000000060a000000, 0x000000060a000000| Untracked 
|  40|0x000000060a000000, 0x000000060a400000, 0x000000060a400000|100%| O|  |TAMS 0x000000060a06bc00, 0x000000060a139c00| Untracked 
|  41|0x000000060a400000, 0x000000060a800000, 0x000000060a800000|100%| O|  |TAMS 0x000000060a400000, 0x000000060a400000| Untracked 
|  42|0x000000060a800000, 0x000000060ac00000, 0x000000060ac00000|100%| O|  |TAMS 0x000000060a800000, 0x000000060a800000| Untracked 
|  43|0x000000060ac00000, 0x000000060b000000, 0x000000060b000000|100%| O|  |TAMS 0x000000060ac00000, 0x000000060ac00000| Untracked 
|  44|0x000000060b000000, 0x000000060b400000, 0x000000060b400000|100%| O|  |TAMS 0x000000060b000000, 0x000000060b000000| Untracked 
|  45|0x000000060b400000, 0x000000060b4f0200, 0x000000060b800000| 23%| O|  |TAMS 0x000000060b400000, 0x000000060b400000| Untracked 
|  46|0x000000060b800000, 0x000000060b800000, 0x000000060bc00000|  0%| F|  |TAMS 0x000000060b800000, 0x000000060b800000| Untracked 
|  47|0x000000060bc00000, 0x000000060bc00000, 0x000000060c000000|  0%| F|  |TAMS 0x000000060bc00000, 0x000000060bc00000| Untracked 
|  48|0x000000060c000000, 0x000000060c000000, 0x000000060c400000|  0%| F|  |TAMS 0x000000060c000000, 0x000000060c000000| Untracked 
|  49|0x000000060c400000, 0x000000060c400000, 0x000000060c800000|  0%| F|  |TAMS 0x000000060c400000, 0x000000060c400000| Untracked 
|  50|0x000000060c800000, 0x000000060c800000, 0x000000060cc00000|  0%| F|  |TAMS 0x000000060c800000, 0x000000060c800000| Untracked 
|  51|0x000000060cc00000, 0x000000060cc00000, 0x000000060d000000|  0%| F|  |TAMS 0x000000060cc00000, 0x000000060cc00000| Untracked 
|  52|0x000000060d000000, 0x000000060d000000, 0x000000060d400000|  0%| F|  |TAMS 0x000000060d000000, 0x000000060d000000| Untracked 
|  53|0x000000060d400000, 0x000000060d400000, 0x000000060d800000|  0%| F|  |TAMS 0x000000060d400000, 0x000000060d400000| Untracked 
|  54|0x000000060d800000, 0x000000060d800000, 0x000000060dc00000|  0%| F|  |TAMS 0x000000060d800000, 0x000000060d800000| Untracked 
|  55|0x000000060dc00000, 0x000000060dc00000, 0x000000060e000000|  0%| F|  |TAMS 0x000000060dc00000, 0x000000060dc00000| Untracked 
|  56|0x000000060e000000, 0x000000060e000000, 0x000000060e400000|  0%| F|  |TAMS 0x000000060e000000, 0x000000060e000000| Untracked 
|  57|0x000000060e400000, 0x000000060e400000, 0x000000060e800000|  0%| F|  |TAMS 0x000000060e400000, 0x000000060e400000| Untracked 
|  58|0x000000060e800000, 0x000000060e800000, 0x000000060ec00000|  0%| F|  |TAMS 0x000000060e800000, 0x000000060e800000| Untracked 
|  59|0x000000060ec00000, 0x000000060ec00000, 0x000000060f000000|  0%| F|  |TAMS 0x000000060ec00000, 0x000000060ec00000| Untracked 
|  60|0x000000060f000000, 0x000000060f000000, 0x000000060f400000|  0%| F|  |TAMS 0x000000060f000000, 0x000000060f000000| Untracked 
|  61|0x000000060f400000, 0x000000060f400000, 0x000000060f800000|  0%| F|  |TAMS 0x000000060f400000, 0x000000060f400000| Untracked 
|  62|0x000000060f800000, 0x000000060f800000, 0x000000060fc00000|  0%| F|  |TAMS 0x000000060f800000, 0x000000060f800000| Untracked 
|  63|0x000000060fc00000, 0x000000060fc00000, 0x0000000610000000|  0%| F|  |TAMS 0x000000060fc00000, 0x000000060fc00000| Untracked 
|  64|0x0000000610000000, 0x0000000610000000, 0x0000000610400000|  0%| F|  |TAMS 0x0000000610000000, 0x0000000610000000| Untracked 
|  65|0x0000000610400000, 0x0000000610400000, 0x0000000610800000|  0%| F|  |TAMS 0x0000000610400000, 0x0000000610400000| Untracked 
|  66|0x0000000610800000, 0x0000000610800000, 0x0000000610c00000|  0%| F|  |TAMS 0x0000000610800000, 0x0000000610800000| Untracked 
|  67|0x0000000610c00000, 0x0000000610c00000, 0x0000000611000000|  0%| F|  |TAMS 0x0000000610c00000, 0x0000000610c00000| Untracked 
|  68|0x0000000611000000, 0x0000000611000000, 0x0000000611400000|  0%| F|  |TAMS 0x0000000611000000, 0x0000000611000000| Untracked 
|  69|0x0000000611400000, 0x0000000611400000, 0x0000000611800000|  0%| F|  |TAMS 0x0000000611400000, 0x0000000611400000| Untracked 
|  70|0x0000000611800000, 0x0000000611800000, 0x0000000611c00000|  0%| F|  |TAMS 0x0000000611800000, 0x0000000611800000| Untracked 
|  71|0x0000000611c00000, 0x0000000611c00000, 0x0000000612000000|  0%| F|  |TAMS 0x0000000611c00000, 0x0000000611c00000| Untracked 
|  72|0x0000000612000000, 0x0000000612000000, 0x0000000612400000|  0%| F|  |TAMS 0x0000000612000000, 0x0000000612000000| Untracked 
|  73|0x0000000612400000, 0x0000000612400000, 0x0000000612800000|  0%| F|  |TAMS 0x0000000612400000, 0x0000000612400000| Untracked 
|  74|0x0000000612800000, 0x0000000612800000, 0x0000000612c00000|  0%| F|  |TAMS 0x0000000612800000, 0x0000000612800000| Untracked 
|  75|0x0000000612c00000, 0x0000000612c00000, 0x0000000613000000|  0%| F|  |TAMS 0x0000000612c00000, 0x0000000612c00000| Untracked 
|  76|0x0000000613000000, 0x0000000613000000, 0x0000000613400000|  0%| F|  |TAMS 0x0000000613000000, 0x0000000613000000| Untracked 
|  77|0x0000000613400000, 0x000000061344bd48, 0x0000000613800000|  7%| S|CS|TAMS 0x0000000613400000, 0x0000000613400000| Complete 
|  78|0x0000000613800000, 0x0000000613c00000, 0x0000000613c00000|100%| S|CS|TAMS 0x0000000613800000, 0x0000000613800000| Complete 
|  79|0x0000000613c00000, 0x0000000613c00000, 0x0000000614000000|  0%| F|  |TAMS 0x0000000613c00000, 0x0000000613c00000| Untracked 
|  80|0x0000000614000000, 0x0000000614000000, 0x0000000614400000|  0%| F|  |TAMS 0x0000000614000000, 0x0000000614000000| Untracked 
|  81|0x0000000614400000, 0x0000000614400000, 0x0000000614800000|  0%| F|  |TAMS 0x0000000614400000, 0x0000000614400000| Untracked 
|  82|0x0000000614800000, 0x0000000614800000, 0x0000000614c00000|  0%| F|  |TAMS 0x0000000614800000, 0x0000000614800000| Untracked 
|  83|0x0000000614c00000, 0x0000000614c00000, 0x0000000615000000|  0%| F|  |TAMS 0x0000000614c00000, 0x0000000614c00000| Untracked 
|  84|0x0000000615000000, 0x0000000615000000, 0x0000000615400000|  0%| F|  |TAMS 0x0000000615000000, 0x0000000615000000| Untracked 
|  85|0x0000000615400000, 0x0000000615400000, 0x0000000615800000|  0%| F|  |TAMS 0x0000000615400000, 0x0000000615400000| Untracked 
|  86|0x0000000615800000, 0x0000000615800000, 0x0000000615c00000|  0%| F|  |TAMS 0x0000000615800000, 0x0000000615800000| Untracked 
|  87|0x0000000615c00000, 0x0000000615c00000, 0x0000000616000000|  0%| F|  |TAMS 0x0000000615c00000, 0x0000000615c00000| Untracked 
|  88|0x0000000616000000, 0x0000000616000000, 0x0000000616400000|  0%| F|  |TAMS 0x0000000616000000, 0x0000000616000000| Untracked 
|  89|0x0000000616400000, 0x0000000616400000, 0x0000000616800000|  0%| F|  |TAMS 0x0000000616400000, 0x0000000616400000| Untracked 
|  90|0x0000000616800000, 0x0000000616800000, 0x0000000616c00000|  0%| F|  |TAMS 0x0000000616800000, 0x0000000616800000| Untracked 
|  91|0x0000000616c00000, 0x0000000616c00000, 0x0000000617000000|  0%| F|  |TAMS 0x0000000616c00000, 0x0000000616c00000| Untracked 
|  92|0x0000000617000000, 0x0000000617000000, 0x0000000617400000|  0%| F|  |TAMS 0x0000000617000000, 0x0000000617000000| Untracked 
|  93|0x0000000617400000, 0x0000000617400000, 0x0000000617800000|  0%| F|  |TAMS 0x0000000617400000, 0x0000000617400000| Untracked 
|  94|0x0000000617800000, 0x0000000617800000, 0x0000000617c00000|  0%| F|  |TAMS 0x0000000617800000, 0x0000000617800000| Untracked 
|  95|0x0000000617c00000, 0x0000000617c00000, 0x0000000618000000|  0%| F|  |TAMS 0x0000000617c00000, 0x0000000617c00000| Untracked 
|  96|0x0000000618000000, 0x0000000618000000, 0x0000000618400000|  0%| F|  |TAMS 0x0000000618000000, 0x0000000618000000| Untracked 
|  97|0x0000000618400000, 0x0000000618400000, 0x0000000618800000|  0%| F|  |TAMS 0x0000000618400000, 0x0000000618400000| Untracked 
|  98|0x0000000618800000, 0x0000000618800000, 0x0000000618c00000|  0%| F|  |TAMS 0x0000000618800000, 0x0000000618800000| Untracked 
|  99|0x0000000618c00000, 0x0000000618c00000, 0x0000000619000000|  0%| F|  |TAMS 0x0000000618c00000, 0x0000000618c00000| Untracked 
| 100|0x0000000619000000, 0x0000000619000000, 0x0000000619400000|  0%| F|  |TAMS 0x0000000619000000, 0x0000000619000000| Untracked 
| 101|0x0000000619400000, 0x0000000619400000, 0x0000000619800000|  0%| F|  |TAMS 0x0000000619400000, 0x0000000619400000| Untracked 
| 102|0x0000000619800000, 0x0000000619800000, 0x0000000619c00000|  0%| F|  |TAMS 0x0000000619800000, 0x0000000619800000| Untracked 
| 103|0x0000000619c00000, 0x0000000619c00000, 0x000000061a000000|  0%| F|  |TAMS 0x0000000619c00000, 0x0000000619c00000| Untracked 
| 104|0x000000061a000000, 0x000000061a000000, 0x000000061a400000|  0%| F|  |TAMS 0x000000061a000000, 0x000000061a000000| Untracked 
| 105|0x000000061a400000, 0x000000061a400000, 0x000000061a800000|  0%| F|  |TAMS 0x000000061a400000, 0x000000061a400000| Untracked 
| 106|0x000000061a800000, 0x000000061a800000, 0x000000061ac00000|  0%| F|  |TAMS 0x000000061a800000, 0x000000061a800000| Untracked 
| 107|0x000000061ac00000, 0x000000061ac00000, 0x000000061b000000|  0%| F|  |TAMS 0x000000061ac00000, 0x000000061ac00000| Untracked 
| 108|0x000000061b000000, 0x000000061b000000, 0x000000061b400000|  0%| F|  |TAMS 0x000000061b000000, 0x000000061b000000| Untracked 
| 109|0x000000061b400000, 0x000000061b400000, 0x000000061b800000|  0%| F|  |TAMS 0x000000061b400000, 0x000000061b400000| Untracked 
| 110|0x000000061b800000, 0x000000061b800000, 0x000000061bc00000|  0%| F|  |TAMS 0x000000061b800000, 0x000000061b800000| Untracked 
| 111|0x000000061bc00000, 0x000000061bc00000, 0x000000061c000000|  0%| F|  |TAMS 0x000000061bc00000, 0x000000061bc00000| Untracked 
| 112|0x000000061c000000, 0x000000061c000000, 0x000000061c400000|  0%| F|  |TAMS 0x000000061c000000, 0x000000061c000000| Untracked 
| 113|0x000000061c400000, 0x000000061c400000, 0x000000061c800000|  0%| F|  |TAMS 0x000000061c400000, 0x000000061c400000| Untracked 
| 114|0x000000061c800000, 0x000000061c800000, 0x000000061cc00000|  0%| F|  |TAMS 0x000000061c800000, 0x000000061c800000| Untracked 
| 115|0x000000061cc00000, 0x000000061cc00000, 0x000000061d000000|  0%| F|  |TAMS 0x000000061cc00000, 0x000000061cc00000| Untracked 
| 116|0x000000061d000000, 0x000000061d000000, 0x000000061d400000|  0%| F|  |TAMS 0x000000061d000000, 0x000000061d000000| Untracked 
| 117|0x000000061d400000, 0x000000061d400000, 0x000000061d800000|  0%| F|  |TAMS 0x000000061d400000, 0x000000061d400000| Untracked 
| 118|0x000000061d800000, 0x000000061d800000, 0x000000061dc00000|  0%| F|  |TAMS 0x000000061d800000, 0x000000061d800000| Untracked 
| 119|0x000000061dc00000, 0x000000061dc00000, 0x000000061e000000|  0%| F|  |TAMS 0x000000061dc00000, 0x000000061dc00000| Untracked 

Card table byte_map: [0x0000026940fa0000,0x0000026941fa0000] _byte_map_base: 0x000002693dfa0000

Marking Bits (Prev, Next): (CMBitMap*) 0x000002691ca750d0, (CMBitMap*) 0x000002691ca75110
 Prev Bits: [0x0000026942fa0000, 0x000002694afa0000)
 Next Bits: [0x000002694afa0000, 0x0000026952fa0000)

Polling page: 0x000002691a870000

Metaspace:

Usage:
  Non-class:    138.41 MB used.
      Class:     21.38 MB used.
       Both:    159.79 MB used.

Virtual space:
  Non-class space:      144.00 MB reserved,     139.06 MB ( 97%) committed,  18 nodes.
      Class space:        1.00 GB reserved,      21.94 MB (  2%) committed,  1 nodes.
             Both:        1.14 GB reserved,     161.00 MB ( 14%) committed. 

Chunk freelists:
   Non-Class:  400.00 KB
       Class:  2.12 MB
        Both:  2.51 MB

MaxMetaspaceSize: 4.00 GB
CompressedClassSpaceSize: 1.00 GB
Initial GC threshold: 21.00 MB
Current GC threshold: 229.69 MB
CDS: off
MetaspaceReclaimPolicy: balanced
 - commit_granule_bytes: 65536.
 - commit_granule_words: 8192.
 - virtual_space_node_default_size: 1048576.
 - enlarge_chunks_in_place: 1.
 - new_chunks_are_fully_committed: 0.
 - uncommit_free_chunks: 1.
 - use_allocation_guard: 0.
 - handle_deallocations: 1.


Internal statistics:

num_allocs_failed_limit: 6.
num_arena_births: 1878.
num_arena_deaths: 0.
num_vsnodes_births: 19.
num_vsnodes_deaths: 0.
num_space_committed: 2574.
num_space_uncommitted: 0.
num_chunks_returned_to_freelist: 6.
num_chunks_taken_from_freelist: 8397.
num_chunk_merges: 6.
num_chunk_splits: 5522.
num_chunks_enlarged: 3669.
num_purges: 0.
num_inconsistent_stats: 0.

CodeHeap 'non-profiled nmethods': size=259264Kb used=12370Kb max_used=12370Kb free=246893Kb
 bounds [0x0000026930160000, 0x0000026930d80000, 0x000002693fe90000]
CodeHeap 'profiled nmethods': size=259264Kb used=36968Kb max_used=36968Kb free=222295Kb
 bounds [0x000002691fe90000, 0x00000269222b0000, 0x000002692fbc0000]
CodeHeap 'non-nmethods': size=5760Kb used=2566Kb max_used=2613Kb free=3193Kb
 bounds [0x000002692fbc0000, 0x000002692fe60000, 0x0000026930160000]
 total_blobs=18998 nmethods=17867 adapters=1043
 compilation: enabled
              stopped_count=0, restarted_count=0
 full_count=0

Compilation events (20 events):
Event: 557.774 Thread 0x0000026956098a50 21695       1       org.gradle.cache.internal.DefaultFileLockManager::access$100 (5 bytes)
Event: 557.774 Thread 0x000002695603f910 21696       4       java.io.File::getParent (65 bytes)
Event: 557.780 Thread 0x0000026956098a50 nmethod 21695 0x0000026930d71590 code [0x0000026930d71720, 0x0000026930d717d8]
Event: 557.780 Thread 0x0000026956098a50 21697       1       org.gradle.cache.internal.filelock.DefaultLockOptions::isUseCrossVersionImplementation (5 bytes)
Event: 557.781 Thread 0x0000026956098a50 nmethod 21697 0x0000026930d71890 code [0x0000026930d71a20, 0x0000026930d71af8]
Event: 557.781 Thread 0x0000026956098a50 21698       1       org.gradle.cache.internal.filelock.DefaultLockStateSerializer::getSize (3 bytes)
Event: 557.781 Thread 0x0000026956098a50 nmethod 21698 0x0000026930d71b90 code [0x0000026930d71d20, 0x0000026930d71df8]
Event: 557.781 Thread 0x0000026956098a50 21699       1       org.gradle.cache.internal.filelock.LockStateAccess::getRegionEnd (5 bytes)
Event: 557.783 Thread 0x0000026956098a50 nmethod 21699 0x0000026930d71e90 code [0x0000026930d72020, 0x0000026930d720f8]
Event: 557.783 Thread 0x0000026956098a50 21700       1       org.gradle.cache.internal.DefaultFileLockManager::access$600 (5 bytes)
Event: 557.786 Thread 0x0000026956098a50 nmethod 21700 0x0000026930d72190 code [0x0000026930d72320, 0x0000026930d723d8]
Event: 557.786 Thread 0x0000026956098a50 21701       1       org.gradle.cache.internal.DefaultFileLockManager$DefaultFileLock::access$700 (5 bytes)
Event: 557.792 Thread 0x0000026956098a50 nmethod 21701 0x0000026930d72490 code [0x0000026930d72620, 0x0000026930d726d8]
Event: 557.792 Thread 0x0000026956098a50 21702       1       org.gradle.cache.internal.DefaultFileLockManager::access$300 (5 bytes)
Event: 557.796 Thread 0x0000026956098a50 nmethod 21702 0x0000026930d72790 code [0x0000026930d72920, 0x0000026930d729d8]
Event: 557.804 Thread 0x000002695603f910 nmethod 21696 0x0000026930d72a90 code [0x0000026930d72c40, 0x0000026930d733a8]
Event: 567.763 Thread 0x000002695603f910 21703       4       sun.nio.ch.FileChannelImpl::ensureOpen (16 bytes)
Event: 567.766 Thread 0x000002695603f910 nmethod 21703 0x0000026930d73790 code [0x0000026930d73900, 0x0000026930d73998]
Event: 580.316 Thread 0x000002695603f910 21704 % !   4       org.gradle.launcher.daemon.server.exec.LogToClient$AsynchronousLogDispatcher::run @ 0 (62 bytes)
Event: 580.440 Thread 0x000002695603f910 nmethod 21704% 0x0000026930d73a90 code [0x0000026930d73c80, 0x0000026930d74590]

GC Heap History (20 events):
Event: 314.637 GC heap after
{Heap after GC invocations=92 (full 0):
 garbage-first heap   total 409600K, used 171724K [0x0000000600000000, 0x0000000800000000)
  region size 4096K, 2 young (8192K), 2 survivors (8192K)
 Metaspace       used 140385K, committed 141504K, reserved 1171456K
  class space    used 18931K, committed 19456K, reserved 1048576K
}
Event: 332.272 GC heap before
{Heap before GC invocations=92 (full 0):
 garbage-first heap   total 409600K, used 200396K [0x0000000600000000, 0x0000000800000000)
  region size 4096K, 7 young (28672K), 2 survivors (8192K)
 Metaspace       used 140404K, committed 141504K, reserved 1171456K
  class space    used 18931K, committed 19456K, reserved 1048576K
}
Event: 332.315 GC heap after
{Heap after GC invocations=93 (full 0):
 garbage-first heap   total 491520K, used 176106K [0x0000000600000000, 0x0000000800000000)
  region size 4096K, 2 young (8192K), 2 survivors (8192K)
 Metaspace       used 140404K, committed 141504K, reserved 1171456K
  class space    used 18931K, committed 19456K, reserved 1048576K
}
Event: 332.924 GC heap before
{Heap before GC invocations=93 (full 0):
 garbage-first heap   total 491520K, used 217066K [0x0000000600000000, 0x0000000800000000)
  region size 4096K, 3 young (12288K), 2 survivors (8192K)
 Metaspace       used 140404K, committed 141504K, reserved 1171456K
  class space    used 18931K, committed 19456K, reserved 1048576K
}
Event: 332.937 GC heap after
{Heap after GC invocations=94 (full 0):
 garbage-first heap   total 491520K, used 192507K [0x0000000600000000, 0x0000000800000000)
  region size 4096K, 2 young (8192K), 2 survivors (8192K)
 Metaspace       used 140404K, committed 141504K, reserved 1171456K
  class space    used 18931K, committed 19456K, reserved 1048576K
}
Event: 335.837 GC heap before
{Heap before GC invocations=94 (full 0):
 garbage-first heap   total 491520K, used 229371K [0x0000000600000000, 0x0000000800000000)
  region size 4096K, 5 young (20480K), 2 survivors (8192K)
 Metaspace       used 140406K, committed 141504K, reserved 1171456K
  class space    used 18931K, committed 19456K, reserved 1048576K
}
Event: 335.849 GC heap after
{Heap after GC invocations=95 (full 0):
 garbage-first heap   total 491520K, used 180221K [0x0000000600000000, 0x0000000800000000)
  region size 4096K, 2 young (8192K), 2 survivors (8192K)
 Metaspace       used 140406K, committed 141504K, reserved 1171456K
  class space    used 18931K, committed 19456K, reserved 1048576K
}
Event: 347.726 GC heap before
{Heap before GC invocations=95 (full 0):
 garbage-first heap   total 491520K, used 225277K [0x0000000600000000, 0x0000000800000000)
  region size 4096K, 5 young (20480K), 2 survivors (8192K)
 Metaspace       used 140407K, committed 141504K, reserved 1171456K
  class space    used 18931K, committed 19456K, reserved 1048576K
}
Event: 347.737 GC heap after
{Heap after GC invocations=96 (full 0):
 garbage-first heap   total 491520K, used 180219K [0x0000000600000000, 0x0000000800000000)
  region size 4096K, 2 young (8192K), 2 survivors (8192K)
 Metaspace       used 140407K, committed 141504K, reserved 1171456K
  class space    used 18931K, committed 19456K, reserved 1048576K
}
Event: 352.790 GC heap before
{Heap before GC invocations=96 (full 0):
 garbage-first heap   total 491520K, used 294907K [0x0000000600000000, 0x0000000800000000)
  region size 4096K, 20 young (81920K), 2 survivors (8192K)
 Metaspace       used 143495K, committed 144576K, reserved 1179648K
  class space    used 19275K, committed 19776K, reserved 1048576K
}
Event: 352.806 GC heap after
{Heap after GC invocations=97 (full 0):
 garbage-first heap   total 491520K, used 173916K [0x0000000600000000, 0x0000000800000000)
  region size 4096K, 3 young (12288K), 3 survivors (12288K)
 Metaspace       used 143495K, committed 144576K, reserved 1179648K
  class space    used 19275K, committed 19776K, reserved 1048576K
}
Event: 404.809 GC heap before
{Heap before GC invocations=97 (full 0):
 garbage-first heap   total 491520K, used 444252K [0x0000000600000000, 0x0000000800000000)
  region size 4096K, 62 young (253952K), 3 survivors (12288K)
 Metaspace       used 158275K, committed 159488K, reserved 1187840K
  class space    used 21164K, committed 21696K, reserved 1048576K
}
Event: 405.901 GC heap after
{Heap after GC invocations=98 (full 0):
 garbage-first heap   total 491520K, used 188122K [0x0000000600000000, 0x0000000800000000)
  region size 4096K, 6 young (24576K), 6 survivors (24576K)
 Metaspace       used 158275K, committed 159488K, reserved 1187840K
  class space    used 21164K, committed 21696K, reserved 1048576K
}
Event: 406.144 GC heap before
{Heap before GC invocations=98 (full 0):
 garbage-first heap   total 491520K, used 188122K [0x0000000600000000, 0x0000000800000000)
  region size 4096K, 7 young (28672K), 6 survivors (24576K)
 Metaspace       used 158280K, committed 159488K, reserved 1187840K
  class space    used 21165K, committed 21696K, reserved 1048576K
}
Event: 406.774 GC heap after
{Heap after GC invocations=99 (full 0):
 garbage-first heap   total 491520K, used 188555K [0x0000000600000000, 0x0000000800000000)
  region size 4096K, 1 young (4096K), 1 survivors (4096K)
 Metaspace       used 158280K, committed 159488K, reserved 1187840K
  class space    used 21165K, committed 21696K, reserved 1048576K
}
Event: 408.963 GC heap before
{Heap before GC invocations=99 (full 0):
 garbage-first heap   total 491520K, used 262283K [0x0000000600000000, 0x0000000800000000)
  region size 4096K, 19 young (77824K), 1 survivors (4096K)
 Metaspace       used 158280K, committed 159488K, reserved 1187840K
  class space    used 21165K, committed 21696K, reserved 1048576K
}
Event: 408.986 GC heap after
{Heap after GC invocations=100 (full 0):
 garbage-first heap   total 491520K, used 186736K [0x0000000600000000, 0x0000000800000000)
  region size 4096K, 1 young (4096K), 1 survivors (4096K)
 Metaspace       used 158280K, committed 159488K, reserved 1187840K
  class space    used 21165K, committed 21696K, reserved 1048576K
}
Event: 418.008 GC heap before
{Heap before GC invocations=100 (full 0):
 garbage-first heap   total 491520K, used 342384K [0x0000000600000000, 0x0000000800000000)
  region size 4096K, 39 young (159744K), 1 survivors (4096K)
 Metaspace       used 163073K, committed 164224K, reserved 1196032K
  class space    used 21867K, committed 22400K, reserved 1048576K
}
Event: 418.124 GC heap after
{Heap after GC invocations=101 (full 0):
 garbage-first heap   total 491520K, used 188830K [0x0000000600000000, 0x0000000800000000)
  region size 4096K, 1 young (4096K), 1 survivors (4096K)
 Metaspace       used 163073K, committed 164224K, reserved 1196032K
  class space    used 21867K, committed 22400K, reserved 1048576K
}
Event: 586.692 GC heap before
{Heap before GC invocations=101 (full 0):
 garbage-first heap   total 491520K, used 352670K [0x0000000600000000, 0x0000000800000000)
  region size 4096K, 41 young (167936K), 1 survivors (4096K)
 Metaspace       used 163625K, committed 164864K, reserved 1196032K
  class space    used 21897K, committed 22464K, reserved 1048576K
}

Dll operation events (3 events):
Event: 0.045 Loaded shared library C:\Program Files\Android\Android Studio\jbr\bin\java.dll
Event: 0.631 Loaded shared library C:\Program Files\Android\Android Studio\jbr\bin\zip.dll
Event: 2.676 Loaded shared library C:\Program Files\Android\Android Studio\jbr\bin\verify.dll

Deoptimization events (20 events):
Event: 424.984 Thread 0x000002695affa3a0 DEOPT PACKING pc=0x0000026930984a10 sp=0x00000090ccdf87a0
Event: 424.984 Thread 0x000002695affa3a0 DEOPT UNPACKING pc=0x000002692fc169a3 sp=0x00000090ccdf8798 mode 2
Event: 443.183 Thread 0x0000026957a75890 Uncommon trap: trap_request=0xffffffbe fr.pc=0x0000026930ceba40 relative=0x0000000000002880
Event: 443.183 Thread 0x0000026957a75890 Uncommon trap: reason=profile_predicate action=maybe_recompile pc=0x0000026930ceba40 method=sun.security.ssl.SSLTransport.decode(Lsun/security/ssl/TransportContext;[Ljava/nio/ByteBuffer;II[Ljava/nio/ByteBuffer;II)Lsun/security/ssl/Plaintext; @ 178 c2
Event: 443.184 Thread 0x0000026957a75890 DEOPT PACKING pc=0x0000026930ceba40 sp=0x00000090d0efcb70
Event: 443.185 Thread 0x0000026957a75890 DEOPT UNPACKING pc=0x000002692fc169a3 sp=0x00000090d0efcbb8 mode 2
Event: 443.206 Thread 0x0000026957a75890 Uncommon trap: trap_request=0xffffffbe fr.pc=0x0000026930ceba40 relative=0x0000000000002880
Event: 443.206 Thread 0x0000026957a75890 Uncommon trap: reason=profile_predicate action=maybe_recompile pc=0x0000026930ceba40 method=sun.security.ssl.SSLTransport.decode(Lsun/security/ssl/TransportContext;[Ljava/nio/ByteBuffer;II[Ljava/nio/ByteBuffer;II)Lsun/security/ssl/Plaintext; @ 178 c2
Event: 443.206 Thread 0x0000026957a75890 DEOPT PACKING pc=0x0000026930ceba40 sp=0x00000090d0efcb70
Event: 443.207 Thread 0x0000026957a75890 DEOPT UNPACKING pc=0x000002692fc169a3 sp=0x00000090d0efcbb8 mode 2
Event: 445.099 Thread 0x0000026958871560 DEOPT PACKING pc=0x000002692221250d sp=0x00000090d11fc8b0
Event: 445.100 Thread 0x0000026958871560 DEOPT UNPACKING pc=0x000002692fc17143 sp=0x00000090d11fbdc0 mode 0
Event: 454.085 Thread 0x0000026958871560 DEOPT PACKING pc=0x0000026922270b89 sp=0x00000090d11fc910
Event: 454.087 Thread 0x0000026958871560 DEOPT UNPACKING pc=0x000002692fc17143 sp=0x00000090d11fbdd0 mode 0
Event: 521.186 Thread 0x0000026958871090 DEOPT PACKING pc=0x0000026930d404f0 sp=0x00000090d0ffcec0
Event: 521.191 Thread 0x0000026958871090 DEOPT UNPACKING pc=0x000002692fc17143 sp=0x00000090d0ffc0d8 mode 0
Event: 521.509 Thread 0x000002695affa3a0 Uncommon trap: trap_request=0xffffff45 fr.pc=0x0000026930d3c140 relative=0x0000000000001060
Event: 521.509 Thread 0x000002695affa3a0 Uncommon trap: reason=unstable_if action=reinterpret pc=0x0000026930d3c140 method=sun.security.ssl.SSLSocketImpl$AppInputStream.checkEOF()Z @ 84 c2
Event: 521.510 Thread 0x000002695affa3a0 DEOPT PACKING pc=0x0000026930d3c140 sp=0x00000090ccdf8e50
Event: 521.510 Thread 0x000002695affa3a0 DEOPT UNPACKING pc=0x000002692fc169a3 sp=0x00000090ccdf8da8 mode 2

Classes unloaded (0 events):
No events

Classes redefined (0 events):
No events

Internal exceptions (20 events):
Event: 400.979 Thread 0x000002695affad40 Exception <a 'sun/nio/fs/WindowsException'{0x000000061201e220}> (0x000000061201e220) 
thrown [s\src\hotspot\share\prims\jni.cpp, line 517]
Event: 400.979 Thread 0x000002695affad40 Exception <a 'sun/nio/fs/WindowsException'{0x000000061201e608}> (0x000000061201e608) 
thrown [s\src\hotspot\share\prims\jni.cpp, line 517]
Event: 400.979 Thread 0x000002695affad40 Exception <a 'sun/nio/fs/WindowsException'{0x0000000612020850}> (0x0000000612020850) 
thrown [s\src\hotspot\share\prims\jni.cpp, line 517]
Event: 400.979 Thread 0x000002695affad40 Exception <a 'sun/nio/fs/WindowsException'{0x0000000612020c08}> (0x0000000612020c08) 
thrown [s\src\hotspot\share\prims\jni.cpp, line 517]
Event: 400.980 Thread 0x000002695affad40 Exception <a 'sun/nio/fs/WindowsException'{0x0000000612022e40}> (0x0000000612022e40) 
thrown [s\src\hotspot\share\prims\jni.cpp, line 517]
Event: 401.868 Thread 0x000002695affad40 Exception <a 'java/lang/NoSuchMethodError'{0x0000000611035090}: 'long java.lang.invoke.DirectMethodHandle$Holder.invokeVirtual(java.lang.Object, java.lang.Object)'> (0x0000000611035090) 
thrown [s\src\hotspot\share\interpreter\linkResolver.cpp, line 771]
Event: 403.729 Thread 0x000002695affa3a0 Exception <a 'sun/nio/fs/WindowsException'{0x0000000616d349a0}> (0x0000000616d349a0) 
thrown [s\src\hotspot\share\prims\jni.cpp, line 517]
Event: 416.177 Thread 0x000002695affa3a0 Exception <a 'java/lang/NoSuchMethodError'{0x0000000615f983a0}: 'java.lang.Object java.lang.invoke.DirectMethodHandle$Holder.invokeStaticInit(java.lang.Object, java.lang.Object, java.lang.Object, java.lang.Object, java.lang.Object, java.lang.Object, java.lang.Object, java.lang.Object, java.lang.Object, java.lang.Object, java.lang.Object, java.lang.Object, java.lang.Object, java.lang.Object, java.lang.Object, java.lang.Object, java.lang.Object, java.lang.Object, java.lang.Object, java.lang.Object, int, java
Event: 417.227 Thread 0x000002695affa3a0 Exception <a 'java/lang/NoSuchMethodError'{0x0000000614e34bc0}: 'java.lang.Object java.lang.invoke.DirectMethodHandle$Holder.invokeStatic(java.lang.Object, int, java.lang.Object, java.lang.Object)'> (0x0000000614e34bc0) 
thrown [s\src\hotspot\share\interpreter\linkResolver.cpp, line 771]
Event: 417.234 Thread 0x000002695affa3a0 Exception <a 'java/lang/NoSuchMethodError'{0x0000000614e4a368}: 'java.lang.Object java.lang.invoke.DirectMethodHandle$Holder.invokeStatic(java.lang.Object, java.lang.Object, int, java.lang.Object, java.lang.Object)'> (0x0000000614e4a368) 
thrown [s\src\hotspot\share\interpreter\linkResolver.cpp, line 771]
Event: 417.290 Thread 0x000002695affa3a0 Exception <a 'java/lang/IncompatibleClassChangeError'{0x0000000614f5cd28}: Found class java.lang.Object, but interface was expected> (0x0000000614f5cd28) 
thrown [s\src\hotspot\share\interpreter\linkResolver.cpp, line 838]
Event: 417.304 Thread 0x000002695affa3a0 Exception <a 'java/lang/IncompatibleClassChangeError'{0x0000000614f9c0d8}: Found class java.lang.Object, but interface was expected> (0x0000000614f9c0d8) 
thrown [s\src\hotspot\share\interpreter\linkResolver.cpp, line 838]
Event: 417.306 Thread 0x000002695affa3a0 Exception <a 'java/lang/IncompatibleClassChangeError'{0x0000000614fa1890}: Found class java.lang.Object, but interface was expected> (0x0000000614fa1890) 
thrown [s\src\hotspot\share\interpreter\linkResolver.cpp, line 838]
Event: 417.787 Thread 0x000002695affa3a0 Implicit null exception at 0x00000269301b2153 to 0x00000269301b22e0
Event: 417.802 Thread 0x000002695affa3a0 Implicit null exception at 0x0000026930724cbb to 0x0000026930724df0
Event: 418.318 Thread 0x000002695affa3a0 Exception <a 'sun/nio/fs/WindowsException'{0x000000061dd3aa68}> (0x000000061dd3aa68) 
thrown [s\src\hotspot\share\prims\jni.cpp, line 517]
Event: 421.360 Thread 0x000002695affa3a0 Implicit null exception at 0x0000026930ce9d4f to 0x0000026930ceba1c
Event: 421.370 Thread 0x000002695affa3a0 Implicit null exception at 0x0000026930ce9d4f to 0x0000026930ceba1c
Event: 443.182 Thread 0x0000026957a75890 Implicit null exception at 0x0000026930ce9d4f to 0x0000026930ceba1c
Event: 443.206 Thread 0x0000026957a75890 Implicit null exception at 0x0000026930ce9d4f to 0x0000026930ceba1c

VM Operations (20 events):
Event: 462.113 Executing VM operation: Cleanup done
Event: 467.116 Executing VM operation: Cleanup
Event: 467.171 Executing VM operation: Cleanup done
Event: 469.171 Executing VM operation: Cleanup
Event: 469.171 Executing VM operation: Cleanup done
Event: 473.174 Executing VM operation: Cleanup
Event: 473.174 Executing VM operation: Cleanup done
Event: 481.177 Executing VM operation: Cleanup
Event: 481.178 Executing VM operation: Cleanup done
Event: 504.190 Executing VM operation: Cleanup
Event: 504.190 Executing VM operation: Cleanup done
Event: 505.191 Executing VM operation: Cleanup
Event: 505.191 Executing VM operation: Cleanup done
Event: 516.198 Executing VM operation: Cleanup
Event: 516.201 Executing VM operation: Cleanup done
Event: 521.016 Executing VM operation: HandshakeAllThreads
Event: 521.032 Executing VM operation: HandshakeAllThreads done
Event: 543.042 Executing VM operation: Cleanup
Event: 543.043 Executing VM operation: Cleanup done
Event: 586.641 Executing VM operation: G1CollectForAllocation

Events (20 events):
Event: 419.070 loading class sun/security/ssl/SSLEngineOutputRecord$RecordMemo done
Event: 419.070 loading class sun/security/ssl/SSLEngineOutputRecord$HandshakeMemo done
Event: 419.248 loading class sun/security/ssl/PreSharedKeyExtension$SHPreSharedKeySpec
Event: 419.256 loading class sun/security/ssl/PreSharedKeyExtension$SHPreSharedKeySpec done
Event: 479.811 Thread 0x0000026963fbfea0 Thread exited: 0x0000026963fbfea0
Event: 520.577 loading class javax/crypto/AEADBadTagException
Event: 520.641 loading class javax/crypto/AEADBadTagException done
Event: 521.040 loading class sun/security/ssl/Alert
Event: 521.343 loading class sun/security/ssl/Alert done
Event: 521.386 loading class sun/security/ssl/Alert$AlertConsumer
Event: 521.453 loading class sun/security/ssl/Alert$AlertConsumer done
Event: 521.454 loading class sun/security/ssl/Alert$Level
Event: 521.475 loading class sun/security/ssl/Alert$Level done
Event: 526.196 Thread 0x0000026963a0c110 Thread exited: 0x0000026963a0c110
Event: 526.196 Thread 0x0000026963a09a90 Thread exited: 0x0000026963a09a90
Event: 526.197 Thread 0x0000026963a0bc40 Thread exited: 0x0000026963a0bc40
Event: 526.197 Thread 0x0000026963a0c5e0 Thread exited: 0x0000026963a0c5e0
Event: 586.075 Thread 0x0000026963a095c0 Thread exited: 0x0000026963a095c0
Event: 586.075 Thread 0x0000026963a0a430 Thread exited: 0x0000026963a0a430
Event: 586.081 Thread 0x0000026963a09f60 Thread exited: 0x0000026963a09f60


Dynamic libraries:
0x00007ff7527f0000 - 0x00007ff7527fa000 	C:\Program Files\Android\Android Studio\jbr\bin\java.exe
0x00007ffa57750000 - 0x00007ffa57948000 	C:\Windows\SYSTEM32\ntdll.dll
0x00007ffa56330000 - 0x00007ffa563f2000 	C:\Windows\System32\KERNEL32.DLL
0x00007ffa54ee0000 - 0x00007ffa551d6000 	C:\Windows\System32\KERNELBASE.dll
0x00007ffa555e0000 - 0x00007ffa556e0000 	C:\Windows\System32\ucrtbase.dll
0x00007ffa34640000 - 0x00007ffa34657000 	C:\Program Files\Android\Android Studio\jbr\bin\jli.dll
0x00007ffa2de30000 - 0x00007ffa2de4b000 	C:\Program Files\Android\Android Studio\jbr\bin\VCRUNTIME140.dll
0x00007ffa57570000 - 0x00007ffa5770d000 	C:\Windows\System32\USER32.dll
0x00007ffa553b0000 - 0x00007ffa553d2000 	C:\Windows\System32\win32u.dll
0x00007ffa55860000 - 0x00007ffa5588b000 	C:\Windows\System32\GDI32.dll
0x00007ffa55290000 - 0x00007ffa553aa000 	C:\Windows\System32\gdi32full.dll
0x00007ffa553e0000 - 0x00007ffa5547d000 	C:\Windows\System32\msvcp_win.dll
0x00007ffa41f10000 - 0x00007ffa421aa000 	C:\Windows\WinSxS\amd64_microsoft.windows.common-controls_6595b64144ccf1df_6.0.19041.4355_none_60b8b9eb71f62e16\COMCTL32.dll
0x00007ffa570c0000 - 0x00007ffa5715e000 	C:\Windows\System32\msvcrt.dll
0x00007ffa56760000 - 0x00007ffa5678f000 	C:\Windows\System32\IMM32.DLL
0x00007ffa490f0000 - 0x00007ffa490fc000 	C:\Program Files\Android\Android Studio\jbr\bin\vcruntime140_1.dll
0x00007ffa2d2b0000 - 0x00007ffa2d33d000 	C:\Program Files\Android\Android Studio\jbr\bin\msvcp140.dll
0x00007ffa0c440000 - 0x00007ffa0d0ae000 	C:\Program Files\Android\Android Studio\jbr\bin\server\jvm.dll
0x00007ffa57010000 - 0x00007ffa570bf000 	C:\Windows\System32\ADVAPI32.dll
0x00007ffa57340000 - 0x00007ffa573df000 	C:\Windows\System32\sechost.dll
0x00007ffa57210000 - 0x00007ffa57333000 	C:\Windows\System32\RPCRT4.dll
0x00007ffa54de0000 - 0x00007ffa54e07000 	C:\Windows\System32\bcrypt.dll
0x00007ffa384c0000 - 0x00007ffa384c9000 	C:\Windows\SYSTEM32\WSOCK32.dll
0x00007ffa43940000 - 0x00007ffa43967000 	C:\Windows\SYSTEM32\WINMM.dll
0x00007ffa56f70000 - 0x00007ffa56fdb000 	C:\Windows\System32\WS2_32.dll
0x00007ffa479c0000 - 0x00007ffa479ca000 	C:\Windows\SYSTEM32\VERSION.dll
0x00007ffa52c20000 - 0x00007ffa52c32000 	C:\Windows\SYSTEM32\kernel.appcore.dll
0x00007ffa4dcd0000 - 0x00007ffa4dcda000 	C:\Program Files\Android\Android Studio\jbr\bin\jimage.dll
0x00007ffa4c460000 - 0x00007ffa4c644000 	C:\Windows\SYSTEM32\DBGHELP.DLL
0x00007ffa4c420000 - 0x00007ffa4c454000 	C:\Windows\SYSTEM32\dbgcore.DLL
0x00007ffa556e0000 - 0x00007ffa55762000 	C:\Windows\System32\bcryptPrimitives.dll
0x00007ffa43980000 - 0x00007ffa4398e000 	C:\Program Files\Android\Android Studio\jbr\bin\instrument.dll
0x00007ffa362b0000 - 0x00007ffa362d5000 	C:\Program Files\Android\Android Studio\jbr\bin\java.dll
0x00007ffa43bc0000 - 0x00007ffa43bd8000 	C:\Program Files\Android\Android Studio\jbr\bin\zip.dll
0x00007ffa559c0000 - 0x00007ffa5612f000 	C:\Windows\System32\SHELL32.dll
0x00007ffa52e20000 - 0x00007ffa535c3000 	C:\Windows\SYSTEM32\windows.storage.dll
0x00007ffa56400000 - 0x00007ffa56755000 	C:\Windows\System32\combase.dll
0x00007ffa54730000 - 0x00007ffa5475b000 	C:\Windows\SYSTEM32\Wldp.dll
0x00007ffa56ea0000 - 0x00007ffa56f6d000 	C:\Windows\System32\OLEAUT32.dll
0x00007ffa57160000 - 0x00007ffa5720d000 	C:\Windows\System32\SHCORE.dll
0x00007ffa56e40000 - 0x00007ffa56e95000 	C:\Windows\System32\shlwapi.dll
0x00007ffa54d10000 - 0x00007ffa54d35000 	C:\Windows\SYSTEM32\profapi.dll
0x00007ffa43ab0000 - 0x00007ffa43ac9000 	C:\Program Files\Android\Android Studio\jbr\bin\net.dll
0x00007ffa4ac30000 - 0x00007ffa4ad3a000 	C:\Windows\SYSTEM32\WINHTTP.dll
0x00007ffa54510000 - 0x00007ffa5457c000 	C:\Windows\system32\mswsock.dll
0x00007ffa43a10000 - 0x00007ffa43a26000 	C:\Program Files\Android\Android Studio\jbr\bin\nio.dll
0x00007ffa47460000 - 0x00007ffa47470000 	C:\Program Files\Android\Android Studio\jbr\bin\verify.dll
0x00007ffa2d280000 - 0x00007ffa2d2a7000 	C:\Users\user\.gradle\native\c067742578af261105cb4f569cf0c3c89f3d7b1fecec35dd04571415982c5e48\windows-amd64\native-platform.dll
0x00007ffa15800000 - 0x00007ffa15944000 	C:\Users\user\.gradle\native\100fb08df4bc3b14c8652ba06237920a3bd2aa13389f12d3474272988ae205f9\windows-amd64\native-platform-file-events.dll
0x00007ffa47350000 - 0x00007ffa47359000 	C:\Program Files\Android\Android Studio\jbr\bin\management.dll
0x00007ffa43b90000 - 0x00007ffa43b9b000 	C:\Program Files\Android\Android Studio\jbr\bin\management_ext.dll
0x00007ffa567a0000 - 0x00007ffa567a8000 	C:\Windows\System32\PSAPI.DLL
0x00007ffa54a80000 - 0x00007ffa54a98000 	C:\Windows\SYSTEM32\CRYPTSP.dll
0x00007ffa53de0000 - 0x00007ffa53e18000 	C:\Windows\system32\rsaenh.dll
0x00007ffa54c90000 - 0x00007ffa54cbe000 	C:\Windows\SYSTEM32\USERENV.dll
0x00007ffa546a0000 - 0x00007ffa546ac000 	C:\Windows\SYSTEM32\CRYPTBASE.dll
0x00007ffa541c0000 - 0x00007ffa541fb000 	C:\Windows\SYSTEM32\IPHLPAPI.DLL
0x00007ffa57000000 - 0x00007ffa57008000 	C:\Windows\System32\NSI.dll
0x00007ffa4b240000 - 0x00007ffa4b257000 	C:\Windows\SYSTEM32\dhcpcsvc6.DLL
0x00007ffa4d460000 - 0x00007ffa4d47d000 	C:\Windows\SYSTEM32\dhcpcsvc.DLL
0x00007ffa54200000 - 0x00007ffa542ca000 	C:\Windows\SYSTEM32\DNSAPI.dll
0x00007ffa43af0000 - 0x00007ffa43af7000 	C:\Windows\system32\wshunix.dll
0x00007ffa36360000 - 0x00007ffa36377000 	C:\Windows\system32\napinsp.dll
0x00007ffa36340000 - 0x00007ffa3635b000 	C:\Windows\system32\pnrpnsp.dll
0x00007ffa51590000 - 0x00007ffa515a5000 	C:\Windows\system32\wshbth.dll
0x00007ffa4eac0000 - 0x00007ffa4eadd000 	C:\Windows\system32\NLAapi.dll
0x00007ffa362e0000 - 0x00007ffa362f2000 	C:\Windows\System32\winrnr.dll
0x00007ffa4d6e0000 - 0x00007ffa4d6ea000 	C:\Windows\System32\rasadhlp.dll
0x00007ffa47280000 - 0x00007ffa47300000 	C:\Windows\System32\fwpuclnt.dll
0x00007ffa54030000 - 0x00007ffa54063000 	C:\Windows\SYSTEM32\ntmarta.dll
0x00007ffa46cf0000 - 0x00007ffa46d0e000 	C:\Users\user\AppData\Local\Temp\native-platform14377166091966192176dir\native-platform.dll
0x00007ffa4c710000 - 0x00007ffa4c717000 	C:\Program Files\Android\Android Studio\jbr\bin\rmi.dll

dbghelp: loaded successfully - version: 4.0.5 - missing functions: none
symbol engine: initialized successfully - sym options: 0x614 - pdb path: .;C:\Program Files\Android\Android Studio\jbr\bin;C:\Windows\SYSTEM32;C:\Windows\WinSxS\amd64_microsoft.windows.common-controls_6595b64144ccf1df_6.0.19041.4355_none_60b8b9eb71f62e16;C:\Program Files\Android\Android Studio\jbr\bin\server;C:\Users\user\.gradle\native\c067742578af261105cb4f569cf0c3c89f3d7b1fecec35dd04571415982c5e48\windows-amd64;C:\Users\user\.gradle\native\100fb08df4bc3b14c8652ba06237920a3bd2aa13389f12d3474272988ae205f9\windows-amd64;C:\Users\user\AppData\Local\Temp\native-platform14377166091966192176dir

VM Arguments:
jvm_args: -XX:MaxMetaspaceSize=4G -XX:ReservedCodeCacheSize=512m -XX:+HeapDumpOnOutOfMemoryError --add-opens=java.base/java.util=ALL-UNNAMED --add-opens=java.base/java.lang=ALL-UNNAMED --add-opens=java.base/java.lang.invoke=ALL-UNNAMED --add-opens=java.prefs/java.util.prefs=ALL-UNNAMED --add-exports=jdk.compiler/com.sun.tools.javac.api=ALL-UNNAMED --add-exports=jdk.compiler/com.sun.tools.javac.util=ALL-UNNAMED --add-opens=java.base/java.nio.charset=ALL-UNNAMED --add-opens=java.base/java.net=ALL-UNNAMED --add-opens=java.base/java.util.concurrent.atomic=ALL-UNNAMED -Xmx8G -Dfile.encoding=windows-1252 -Duser.country=US -Duser.language=en -Duser.variant -javaagent:C:\Users\user\.gradle\wrapper\dists\gradle-8.10.2-all\7iv73wktx1xtkvlq19urqw1wm\gradle-8.10.2\lib\agents\gradle-instrumentation-agent-8.10.2.jar 
java_command: org.gradle.launcher.daemon.bootstrap.GradleDaemon 8.10.2
java_class_path (initial): C:\Users\user\.gradle\wrapper\dists\gradle-8.10.2-all\7iv73wktx1xtkvlq19urqw1wm\gradle-8.10.2\lib\gradle-daemon-main-8.10.2.jar
Launcher Type: SUN_STANDARD

[Global flags]
     intx CICompilerCount                          = 3                                         {product} {ergonomic}
     uint ConcGCThreads                            = 1                                         {product} {ergonomic}
     uint G1ConcRefinementThreads                  = 4                                         {product} {ergonomic}
   size_t G1HeapRegionSize                         = 4194304                                   {product} {ergonomic}
    uintx GCDrainStackTargetSize                   = 64                                        {product} {ergonomic}
     bool HeapDumpOnOutOfMemoryError               = true                                   {manageable} {command line}
   size_t InitialHeapSize                          = 62914560                                  {product} {ergonomic}
   size_t MarkStackSize                            = 4194304                                   {product} {ergonomic}
   size_t MaxHeapSize                              = 8589934592                                {product} {command line}
   size_t MaxMetaspaceSize                         = 4294967296                                {product} {command line}
   size_t MaxNewSize                               = 5150605312                                {product} {ergonomic}
   size_t MinHeapDeltaBytes                        = 4194304                                   {product} {ergonomic}
   size_t MinHeapSize                              = 8388608                                   {product} {ergonomic}
    uintx NonNMethodCodeHeapSize                   = 5832780                                {pd product} {ergonomic}
    uintx NonProfiledCodeHeapSize                  = 265519066                              {pd product} {ergonomic}
    uintx ProfiledCodeHeapSize                     = 265519066                              {pd product} {ergonomic}
    uintx ReservedCodeCacheSize                    = 536870912                              {pd product} {command line}
     bool SegmentedCodeCache                       = true                                      {product} {ergonomic}
   size_t SoftMaxHeapSize                          = 8589934592                             {manageable} {ergonomic}
   double SweeperThreshold                         = 0.234375                                  {product} {ergonomic}
     bool UseCompressedClassPointers               = true                           {product lp64_product} {ergonomic}
     bool UseCompressedOops                        = true                           {product lp64_product} {ergonomic}
     bool UseG1GC                                  = true                                      {product} {ergonomic}
     bool UseLargePagesIndividualAllocation        = false                                  {pd product} {ergonomic}

Logging:
Log output configuration:
 #0: stdout all=warning uptime,level,tags
 #1: stderr all=off uptime,level,tags

Environment Variables:
JAVA_HOME=C:\Program Files\Android\Android Studio\jbr
CLASSPATH=C:\Users\user\flutter_projects\android\\gradle\wrapper\gradle-wrapper.jar
PATH=C:\Program Files\Android\Android Studio\jbr\bin;C:\App\db_home\bin;C:\Program Files (x86)\Common Files\Oracle\Java\javapath;C:\Windows\system32;C:\Windows;C:\Windows\System32\Wbem;C:\Windows\System32\WindowsPowerShell\v1.0\;C:\Windows\System32\OpenSSH\;C:\Program Files\nodejs\;C:\Python\Python;C:\Program Files\Python;C:\Scripts;C:\Python\Scripts;C:\Program Files\Java\jdk-20_windows-x64_bin\jdk-20.0.2\;C:\Gradle\gradle-8.8-bin\gradle-8.8\bin;C:\Program Files\Docker\Docker\resources\bin;C:\Users\user\FlutterSdk\flutter_windows\flutter\bin;C:\Python\Scripts\;C:\Python\;C:\Users\user\AppData\Local\Programs\Python\Launcher\;C:\Program Files (x86)\Common Files\Oracle\Java\javapath;C:\Windows\system32;C:\Windows;C:\Windows\System32\Wbem;C:\Windows\System32\WindowsPowerShell\v1.0\;C:\Windows\System32\OpenSSH\;C:\Program Files\nodejs\;C:\Users\user\AppData\Local\Microsoft\WindowsApps;C:\Users\user\AppData\Local\Programs\Microsoft VS Code\bin;C:\Users\user\AppData\Roaming\npm;C:\Python34\Scripts;;C:\Users\user\FlutterSdk\flutter_windows\flutter\bin\mingit\cmd
USERNAME=user
OS=Windows_NT
PROCESSOR_IDENTIFIER=Intel64 Family 6 Model 69 Stepping 1, GenuineIntel
TMP=C:\Users\user\AppData\Local\Temp
TEMP=C:\Users\user\AppData\Local\Temp


JNI global refs:
JNI global refs: 26, weak refs: 0

JNI global refs memory usage: 843, weak refs: 209


---------------  S Y S T E M  ---------------

OS:
 Windows 10 , 64 bit Build 19041 (10.0.19041.5678)
OS uptime: 1 days 16:28 hours
Hyper-V role detected

CPU: total 4 (initial active 4) (2 cores per cpu, 2 threads per core) family 6 model 69 stepping 1 microcode 0x25, cx8, cmov, fxsr, ht, mmx, sse, sse2, sse3, ssse3, sse4.1, sse4.2, popcnt, lzcnt, tsc, tscinvbit, avx, avx2, aes, erms, clmul, bmi1, bmi2, fma, vzeroupper, clflush, hv

Memory: 4k page, system-wide physical 3753M (232M free)
TotalPageFile size 15017M (AvailPageFile size 79M)
current process WorkingSet (physical memory assigned to process): 141M, peak: 592M
current process commit charge ("private bytes"): 897M, peak: 1593M

vm_info: OpenJDK 64-Bit Server VM (17.0.6+0-b2043.56-10027231) for windows-amd64 JRE (17.0.6+0-b2043.56-10027231), built on Apr 28 2023 00:43:19 by "androidbuild" with MS VC++ 16.10 / 16.11 (VS2019)

END.
