#
# There is insufficient memory for the Java Runtime Environment to continue.
# Native memory allocation (mmap) failed to map 1056964608 bytes for G1 virtual space
# Possible reasons:
#   The system is out of physical RAM or swap space
#   The process is running with CompressedOops enabled, and the Java Heap may be blocking the growth of the native heap
# Possible solutions:
#   Reduce memory load on the system
#   Increase physical memory or swap space
#   Check if swap backing store is full
#   Decrease Java heap size (-Xmx/-Xms)
#   Decrease number of Java threads
#   Decrease Java thread stack sizes (-Xss)
#   Set larger code cache with -XX:ReservedCodeCacheSize=
#   JVM is running with Zero Based Compressed Oops mode in which the Java heap is
#     placed in the first 32GB address space. The Java Heap base address is the
#     maximum limit for the native heap growth. Please use -XX:HeapBaseMinAddress
#     to set the Java Heap base and to place the Java Heap above 32GB virtual address.
# This output file may be truncated or incomplete.
#
#  Out of Memory Error (os_windows.cpp:3769), pid=10876, tid=4252
#
# JRE version: OpenJDK Runtime Environment (17.0.6) (build 17.0.6+0-b2043.56-10027231)
# Java VM: OpenJDK 64-Bit Server VM (17.0.6+0-b2043.56-10027231, mixed mode, tiered, compressed oops, compressed class ptrs, g1 gc, windows-amd64)
# No core dump will be written. Minidumps are not enabled by default on client versions of Windows
#

---------------  S U M M A R Y ------------

Command Line: -XX:MaxPermSize=512m -XX:MaxMetaspaceSize=4G -XX:ReservedCodeCacheSize=512m -XX:+HeapDumpOnOutOfMemoryError --add-opens=java.base/java.util=ALL-UNNAMED --add-opens=java.base/java.lang=ALL-UNNAMED --add-opens=java.base/java.lang.invoke=ALL-UNNAMED --add-opens=java.prefs/java.util.prefs=ALL-UNNAMED --add-exports=jdk.compiler/com.sun.tools.javac.api=ALL-UNNAMED --add-exports=jdk.compiler/com.sun.tools.javac.util=ALL-UNNAMED --add-opens=java.base/java.nio.charset=ALL-UNNAMED --add-opens=java.base/java.net=ALL-UNNAMED --add-opens=java.base/java.util.concurrent.atomic=ALL-UNNAMED -Xmx8G -Dfile.encoding=windows-1252 -Duser.country=US -Duser.language=en -Duser.variant -javaagent:C:\Users\user\.gradle\wrapper\dists\gradle-8.10.2-all\7iv73wktx1xtkvlq19urqw1wm\gradle-8.10.2\lib\agents\gradle-instrumentation-agent-8.10.2.jar org.gradle.launcher.daemon.bootstrap.GradleDaemon 8.10.2

Host: Intel(R) Core(TM) i5-4310U CPU @ 2.00GHz, 4 cores, 3G,  Windows 10 , 64 bit Build 19041 (10.0.19041.5678)
Time: Sat Apr 12 07:47:45 2025 W. Central Africa Standard Time elapsed time: 85.040143 seconds (0d 0h 1m 25s)

---------------  T H R E A D  ---------------

Current thread (0x000002b76b4d99a0):  VMThread "VM Thread" [stack: 0x000000ec64100000,0x000000ec64200000] [id=4252]

Stack: [0x000000ec64100000,0x000000ec64200000]
Native frames: (J=compiled Java code, j=interpreted, Vv=VM code, C=native code)
V  [jvm.dll+0x683c9a]
V  [jvm.dll+0x8427a4]
V  [jvm.dll+0x843f9e]
V  [jvm.dll+0x844603]
V  [jvm.dll+0x249b75]
V  [jvm.dll+0x680b69]
V  [jvm.dll+0x67505a]
V  [jvm.dll+0x309acb]
V  [jvm.dll+0x310f86]
V  [jvm.dll+0x3608ee]
V  [jvm.dll+0x360b1f]
V  [jvm.dll+0x2dfbf8]
V  [jvm.dll+0x2ddec4]
V  [jvm.dll+0x2dd4cc]
V  [jvm.dll+0x321f3b]
V  [jvm.dll+0x848ccb]
V  [jvm.dll+0x849a04]
V  [jvm.dll+0x849f1d]
V  [jvm.dll+0x84a2f4]
V  [jvm.dll+0x84a3c0]
V  [jvm.dll+0x7f274a]
V  [jvm.dll+0x682ad5]
C  [ucrtbase.dll+0x21bb2]
C  [KERNEL32.DLL+0x17374]
C  [ntdll.dll+0x4cc91]

VM_Operation (0x000000ec69efe1a0): G1CollectForAllocation, mode: safepoint, requested by thread 0x000002b7731c9a00


---------------  P R O C E S S  ---------------

Threads class SMR info:
_java_thread_list=0x000002b777404fc0, length=91, elements={
0x000002b732b05ce0, 0x000002b76b4fc620, 0x000002b76b4fe630, 0x000002b76b4e6c40,
0x000002b76b4e8c80, 0x000002b76c030400, 0x000002b76c0310d0, 0x000002b76c046010,
0x000002b76c046910, 0x000002b76c070db0, 0x000002b76b462ed0, 0x000002b76c3386a0,
0x000002b76da85910, 0x000002b76e9813f0, 0x000002b76d0fdee0, 0x000002b76d103c90,
0x000002b76d104160, 0x000002b76ebff460, 0x000002b76d04a170, 0x000002b76d04a640,
0x000002b76d04ab10, 0x000002b76d04c320, 0x000002b76d04c7f0, 0x000002b76d04b4b0,
0x000002b76d04be50, 0x000002b76d04d190, 0x000002b76d04b980, 0x000002b76d04afe0,
0x000002b76d04d660, 0x000002b770ea1f60, 0x000002b770ea1a90, 0x000002b770e9e5a0,
0x000002b770e9ea70, 0x000002b770ea15c0, 0x000002b770e9f8e0, 0x000002b770ea0750,
0x000002b770e9fdb0, 0x000002b770ea0280, 0x000002b76efbdf50, 0x000002b76efc1440,
0x000002b76efc0100, 0x000002b76efc1910, 0x000002b76efbedc0, 0x000002b76efbf290,
0x000002b76efc0aa0, 0x000002b76efbe420, 0x000002b76efbe8f0, 0x000002b76efc05d0,
0x000002b76d04ccc0, 0x000002b7730da0a0, 0x000002b7730d7080, 0x000002b7730d7550,
0x000002b7730d8d60, 0x000002b7730de8d0, 0x000002b7730dd590, 0x000002b7730dd0c0,
0x000002b7730d9230, 0x000002b7730d9700, 0x000002b7730daf10, 0x000002b7730d7ef0,
0x000002b7730dc720, 0x000002b7730d7a20, 0x000002b7730d83c0, 0x000002b7730dcbf0,
0x000002b7730d8890, 0x000002b7730d9bd0, 0x000002b7730da570, 0x000002b7730daa40,
0x000002b7730dda60, 0x000002b7730db8b0, 0x000002b7730dbd80, 0x000002b7730de400,
0x000002b76d663710, 0x000002b76d6628a0, 0x000002b76d6606f0, 0x000002b76d660bc0,
0x000002b76d663240, 0x000002b7731cd3c0, 0x000002b7731cbbb0, 0x000002b7731cf0a0,
0x000002b7731cc080, 0x000002b7731cff10, 0x000002b7731ce230, 0x000002b7731cb210,
0x000002b7731cf570, 0x000002b7731ccef0, 0x000002b7731ce700, 0x000002b7731cebd0,
0x000002b7731cfa40, 0x000002b7731c9530, 0x000002b7731c9a00
}

Java Threads: ( => current thread )
  0x000002b732b05ce0 JavaThread "main" [_thread_blocked, id=5768, stack(0x000000ec63b00000,0x000000ec63c00000)]
  0x000002b76b4fc620 JavaThread "Reference Handler" daemon [_thread_blocked, id=5376, stack(0x000000ec64200000,0x000000ec64300000)]
  0x000002b76b4fe630 JavaThread "Finalizer" daemon [_thread_blocked, id=8164, stack(0x000000ec64300000,0x000000ec64400000)]
  0x000002b76b4e6c40 JavaThread "Signal Dispatcher" daemon [_thread_blocked, id=10144, stack(0x000000ec64400000,0x000000ec64500000)]
  0x000002b76b4e8c80 JavaThread "Attach Listener" daemon [_thread_blocked, id=12412, stack(0x000000ec64500000,0x000000ec64600000)]
  0x000002b76c030400 JavaThread "Service Thread" daemon [_thread_blocked, id=14848, stack(0x000000ec64600000,0x000000ec64700000)]
  0x000002b76c0310d0 JavaThread "Monitor Deflation Thread" daemon [_thread_blocked, id=112, stack(0x000000ec64700000,0x000000ec64800000)]
  0x000002b76c046010 JavaThread "C2 CompilerThread0" daemon [_thread_blocked, id=1828, stack(0x000000ec64800000,0x000000ec64900000)]
  0x000002b76c046910 JavaThread "C1 CompilerThread0" daemon [_thread_blocked, id=3044, stack(0x000000ec64900000,0x000000ec64a00000)]
  0x000002b76c070db0 JavaThread "Sweeper thread" daemon [_thread_blocked, id=14616, stack(0x000000ec64a00000,0x000000ec64b00000)]
  0x000002b76b462ed0 JavaThread "Common-Cleaner" daemon [_thread_blocked, id=6448, stack(0x000000ec64b00000,0x000000ec64c00000)]
  0x000002b76c3386a0 JavaThread "Notification Thread" daemon [_thread_blocked, id=10128, stack(0x000000ec64c00000,0x000000ec64d00000)]
  0x000002b76da85910 JavaThread "Daemon health stats" [_thread_blocked, id=700, stack(0x000000ec65100000,0x000000ec65200000)]
  0x000002b76e9813f0 JavaThread "Incoming local TCP Connector on port 49156" [_thread_in_native, id=14928, stack(0x000000ec65200000,0x000000ec65300000)]
  0x000002b76d0fdee0 JavaThread "Daemon periodic checks" [_thread_blocked, id=8428, stack(0x000000ec65300000,0x000000ec65400000)]
  0x000002b76d103c90 JavaThread "Daemon" [_thread_blocked, id=2688, stack(0x000000ec65400000,0x000000ec65500000)]
  0x000002b76d104160 JavaThread "Handler for socket connection from /127.0.0.1:49156 to /127.0.0.1:49157" [_thread_in_native, id=16476, stack(0x000000ec65500000,0x000000ec65600000)]
  0x000002b76ebff460 JavaThread "Cancel handler" [_thread_blocked, id=11252, stack(0x000000ec65600000,0x000000ec65700000)]
  0x000002b76d04a170 JavaThread "Daemon worker" [_thread_blocked, id=3184, stack(0x000000ec65700000,0x000000ec65800000)]
  0x000002b76d04a640 JavaThread "Asynchronous log dispatcher for DefaultDaemonConnection: socket connection from /127.0.0.1:49156 to /127.0.0.1:49157" [_thread_blocked, id=14408, stack(0x000000ec65800000,0x000000ec65900000)]
  0x000002b76d04ab10 JavaThread "Stdin handler" [_thread_blocked, id=14836, stack(0x000000ec65900000,0x000000ec65a00000)]
  0x000002b76d04c320 JavaThread "Daemon client event forwarder" [_thread_blocked, id=7536, stack(0x000000ec65a00000,0x000000ec65b00000)]
  0x000002b76d04c7f0 JavaThread "Cache worker for journal cache (C:\Users\user\.gradle\caches\journal-1)" [_thread_blocked, id=10860, stack(0x000000ec65b00000,0x000000ec65c00000)]
  0x000002b76d04b4b0 JavaThread "File lock request listener" [_thread_in_native, id=5676, stack(0x000000ec65c00000,0x000000ec65d00000)]
  0x000002b76d04be50 JavaThread "Cache worker for file hash cache (C:\Users\user\.gradle\caches\8.10.2\fileHashes)" [_thread_blocked, id=292, stack(0x000000ec65d00000,0x000000ec65e00000)]
  0x000002b76d04d190 JavaThread "Cache worker for file hash cache (C:\Users\user\flutter_projects\android\.gradle\8.10.2\fileHashes)" [_thread_blocked, id=13632, stack(0x000000ec65e00000,0x000000ec65f00000)]
  0x000002b76d04b980 JavaThread "Cache worker for Build Output Cleanup Cache (C:\Users\user\flutter_projects\android\.gradle\buildOutputCleanup)" [_thread_blocked, id=14824, stack(0x000000ec65f00000,0x000000ec66000000)]
  0x000002b76d04afe0 JavaThread "File watcher server" daemon [_thread_blocked, id=1528, stack(0x000000ec66000000,0x000000ec66100000)]
  0x000002b76d04d660 JavaThread "File watcher consumer" daemon [_thread_blocked, id=15760, stack(0x000000ec66100000,0x000000ec66200000)]
  0x000002b770ea1f60 JavaThread "Cache worker for checksums cache (C:\Users\user\flutter_projects\android\.gradle\8.10.2\checksums)" [_thread_blocked, id=13932, stack(0x000000ec66200000,0x000000ec66300000)]
  0x000002b770ea1a90 JavaThread "Cache worker for file content cache (C:\Users\user\.gradle\caches\8.10.2\fileContent)" [_thread_blocked, id=3644, stack(0x000000ec66300000,0x000000ec66400000)]
  0x000002b770e9e5a0 JavaThread "Cache worker for cache directory md-rule (C:\Users\user\.gradle\caches\8.10.2\md-rule)" [_thread_blocked, id=8860, stack(0x000000ec66400000,0x000000ec66500000)]
  0x000002b770e9ea70 JavaThread "Cache worker for cache directory md-supplier (C:\Users\user\.gradle\caches\8.10.2\md-supplier)" [_thread_blocked, id=2004, stack(0x000000ec66500000,0x000000ec66600000)]
  0x000002b770ea15c0 JavaThread "Cache worker for Build Output Cleanup Cache (C:\Users\user\FlutterSdk\flutter_windows\flutter\packages\flutter_tools\gradle\.gradle\buildOutputCleanup)" [_thread_blocked, id=7008, stack(0x000000ec66600000,0x000000ec66700000)]
  0x000002b770e9f8e0 JavaThread "Unconstrained build operations" [_thread_blocked, id=1216, stack(0x000000ec66700000,0x000000ec66800000)]
  0x000002b770ea0750 JavaThread "Unconstrained build operations Thread 2" [_thread_blocked, id=15312, stack(0x000000ec66800000,0x000000ec66900000)]
  0x000002b770e9fdb0 JavaThread "Unconstrained build operations Thread 3" [_thread_blocked, id=15416, stack(0x000000ec66900000,0x000000ec66a00000)]
  0x000002b770ea0280 JavaThread "Unconstrained build operations Thread 4" [_thread_blocked, id=6788, stack(0x000000ec66a00000,0x000000ec66b00000)]
  0x000002b76efbdf50 JavaThread "Unconstrained build operations Thread 5" [_thread_blocked, id=13692, stack(0x000000ec66b00000,0x000000ec66c00000)]
  0x000002b76efc1440 JavaThread "Unconstrained build operations Thread 6" [_thread_blocked, id=13364, stack(0x000000ec66c00000,0x000000ec66d00000)]
  0x000002b76efc0100 JavaThread "Unconstrained build operations Thread 7" [_thread_blocked, id=12324, stack(0x000000ec66d00000,0x000000ec66e00000)]
  0x000002b76efc1910 JavaThread "Unconstrained build operations Thread 8" [_thread_blocked, id=13968, stack(0x000000ec66e00000,0x000000ec66f00000)]
  0x000002b76efbedc0 JavaThread "Unconstrained build operations Thread 9" [_thread_blocked, id=5272, stack(0x000000ec66f00000,0x000000ec67000000)]
  0x000002b76efbf290 JavaThread "Memory manager" [_thread_blocked, id=3832, stack(0x000000ec67000000,0x000000ec67100000)]
  0x000002b76efc0aa0 JavaThread "build event listener" [_thread_blocked, id=8728, stack(0x000000ec67100000,0x000000ec67200000)]
  0x000002b76efbe420 JavaThread "included builds" [_thread_blocked, id=15824, stack(0x000000ec67200000,0x000000ec67300000)]
  0x000002b76efbe8f0 JavaThread "Execution worker" [_thread_blocked, id=3844, stack(0x000000ec67300000,0x000000ec67400000)]
  0x000002b76efc05d0 JavaThread "Execution worker Thread 2" [_thread_blocked, id=13328, stack(0x000000ec67400000,0x000000ec67500000)]
  0x000002b76d04ccc0 JavaThread "Execution worker Thread 3" [_thread_blocked, id=5872, stack(0x000000ec67500000,0x000000ec67600000)]
  0x000002b7730da0a0 JavaThread "Cache worker for execution history cache (C:\Users\user\FlutterSdk\flutter_windows\flutter\packages\flutter_tools\gradle\.gradle\8.10.2\executionHistory)" [_thread_blocked, id=12156, stack(0x000000ec67600000,0x000000ec67700000)]
  0x000002b7730d7080 JavaThread "Unconstrained build operations Thread 10" [_thread_blocked, id=16812, stack(0x000000ec67700000,0x000000ec67800000)]
  0x000002b7730d7550 JavaThread "Unconstrained build operations Thread 11" [_thread_blocked, id=17008, stack(0x000000ec67800000,0x000000ec67900000)]
  0x000002b7730d8d60 JavaThread "Unconstrained build operations Thread 12" [_thread_blocked, id=14260, stack(0x000000ec67900000,0x000000ec67a00000)]
  0x000002b7730de8d0 JavaThread "Unconstrained build operations Thread 13" [_thread_blocked, id=14808, stack(0x000000ec67a00000,0x000000ec67b00000)]
  0x000002b7730dd590 JavaThread "Unconstrained build operations Thread 14" [_thread_blocked, id=7600, stack(0x000000ec67b00000,0x000000ec67c00000)]
  0x000002b7730dd0c0 JavaThread "Unconstrained build operations Thread 15" [_thread_blocked, id=9576, stack(0x000000ec67c00000,0x000000ec67d00000)]
  0x000002b7730d9230 JavaThread "Unconstrained build operations Thread 16" [_thread_blocked, id=16000, stack(0x000000ec67d00000,0x000000ec67e00000)]
  0x000002b7730d9700 JavaThread "Unconstrained build operations Thread 17" [_thread_blocked, id=12120, stack(0x000000ec67e00000,0x000000ec67f00000)]
  0x000002b7730daf10 JavaThread "Unconstrained build operations Thread 18" [_thread_blocked, id=10140, stack(0x000000ec67f00000,0x000000ec68000000)]
  0x000002b7730d7ef0 JavaThread "Unconstrained build operations Thread 19" [_thread_blocked, id=10892, stack(0x000000ec68000000,0x000000ec68100000)]
  0x000002b7730dc720 JavaThread "Unconstrained build operations Thread 20" [_thread_blocked, id=13964, stack(0x000000ec68100000,0x000000ec68200000)]
  0x000002b7730d7a20 JavaThread "Unconstrained build operations Thread 21" [_thread_blocked, id=1940, stack(0x000000ec68200000,0x000000ec68300000)]
  0x000002b7730d83c0 JavaThread "Unconstrained build operations Thread 22" [_thread_blocked, id=8104, stack(0x000000ec68300000,0x000000ec68400000)]
  0x000002b7730dcbf0 JavaThread "Unconstrained build operations Thread 23" [_thread_blocked, id=16168, stack(0x000000ec68400000,0x000000ec68500000)]
  0x000002b7730d8890 JavaThread "Unconstrained build operations Thread 24" [_thread_blocked, id=12436, stack(0x000000ec68500000,0x000000ec68600000)]
  0x000002b7730d9bd0 JavaThread "Unconstrained build operations Thread 25" [_thread_blocked, id=5880, stack(0x000000ec63a00000,0x000000ec63b00000)]
  0x000002b7730da570 JavaThread "Unconstrained build operations Thread 26" [_thread_blocked, id=15596, stack(0x000000ec68600000,0x000000ec68700000)]
  0x000002b7730daa40 JavaThread "Unconstrained build operations Thread 27" [_thread_blocked, id=412, stack(0x000000ec68700000,0x000000ec68800000)]
  0x000002b7730dda60 JavaThread "Unconstrained build operations Thread 28" [_thread_blocked, id=12892, stack(0x000000ec68800000,0x000000ec68900000)]
  0x000002b7730db8b0 JavaThread "Unconstrained build operations Thread 29" [_thread_blocked, id=9980, stack(0x000000ec68900000,0x000000ec68a00000)]
  0x000002b7730dbd80 JavaThread "Unconstrained build operations Thread 30" [_thread_blocked, id=1132, stack(0x000000ec68a00000,0x000000ec68b00000)]
  0x000002b7730de400 JavaThread "jar transforms" [_thread_blocked, id=7108, stack(0x000000ec68b00000,0x000000ec68c00000)]
  0x000002b76d663710 JavaThread "jar transforms Thread 2" [_thread_blocked, id=4784, stack(0x000000ec68c00000,0x000000ec68d00000)]
  0x000002b76d6628a0 JavaThread "jar transforms Thread 3" [_thread_blocked, id=6848, stack(0x000000ec68f00000,0x000000ec69000000)]
  0x000002b76d6606f0 JavaThread "jar transforms Thread 4" [_thread_blocked, id=16188, stack(0x000000ec69000000,0x000000ec69100000)]
  0x000002b76d660bc0 JavaThread "Unconstrained build operations Thread 31" [_thread_blocked, id=15000, stack(0x000000ec69100000,0x000000ec69200000)]
  0x000002b76d663240 JavaThread "Unconstrained build operations Thread 32" [_thread_blocked, id=15004, stack(0x000000ec69200000,0x000000ec69300000)]
  0x000002b7731cd3c0 JavaThread "Unconstrained build operations Thread 33" [_thread_blocked, id=17052, stack(0x000000ec69300000,0x000000ec69400000)]
  0x000002b7731cbbb0 JavaThread "Unconstrained build operations Thread 34" [_thread_blocked, id=10920, stack(0x000000ec69400000,0x000000ec69500000)]
  0x000002b7731cf0a0 JavaThread "Unconstrained build operations Thread 35" [_thread_blocked, id=8792, stack(0x000000ec69500000,0x000000ec69600000)]
  0x000002b7731cc080 JavaThread "Unconstrained build operations Thread 36" [_thread_blocked, id=2708, stack(0x000000ec69600000,0x000000ec69700000)]
  0x000002b7731cff10 JavaThread "Unconstrained build operations Thread 37" [_thread_blocked, id=4140, stack(0x000000ec69700000,0x000000ec69800000)]
  0x000002b7731ce230 JavaThread "Unconstrained build operations Thread 38" [_thread_blocked, id=11036, stack(0x000000ec69800000,0x000000ec69900000)]
  0x000002b7731cb210 JavaThread "Unconstrained build operations Thread 39" [_thread_blocked, id=8664, stack(0x000000ec69900000,0x000000ec69a00000)]
  0x000002b7731cf570 JavaThread "Cache worker for execution history cache (C:\Users\user\flutter_projects\android\.gradle\8.10.2\executionHistory)" [_thread_blocked, id=16652, stack(0x000000ec63800000,0x000000ec63900000)]
  0x000002b7731ccef0 JavaThread "Unconstrained build operations Thread 40" [_thread_blocked, id=16668, stack(0x000000ec63900000,0x000000ec63a00000)]
  0x000002b7731ce700 JavaThread "WorkerExecutor Queue" [_thread_blocked, id=2552, stack(0x000000ec69a00000,0x000000ec69b00000)]
  0x000002b7731cebd0 JavaThread "WorkerExecutor Queue Thread 2" [_thread_blocked, id=16892, stack(0x000000ec69b00000,0x000000ec69c00000)]
  0x000002b7731cfa40 JavaThread "WorkerExecutor Queue Thread 3" [_thread_blocked, id=8972, stack(0x000000ec69c00000,0x000000ec69d00000)]
  0x000002b7731c9530 JavaThread "ForkJoinPool-1-worker-1" daemon [_thread_blocked, id=9888, stack(0x000000ec69d00000,0x000000ec69e00000)]
  0x000002b7731c9a00 JavaThread "ForkJoinPool-1-worker-2" daemon [_thread_blocked, id=11912, stack(0x000000ec69e00000,0x000000ec69f00000)]

Other Threads:
=>0x000002b76b4d99a0 VMThread "VM Thread" [stack: 0x000000ec64100000,0x000000ec64200000] [id=4252]
  0x000002b76b4dbde0 WatcherThread [stack: 0x000000ec64d00000,0x000000ec64e00000] [id=16340]
  0x000002b732bb4be0 GCTaskThread "GC Thread#0" [stack: 0x000000ec63c00000,0x000000ec63d00000] [id=16664]
  0x000002b76c3ac290 GCTaskThread "GC Thread#1" [stack: 0x000000ec64e00000,0x000000ec64f00000] [id=12448]
  0x000002b76c3fec20 GCTaskThread "GC Thread#2" [stack: 0x000000ec64f00000,0x000000ec65000000] [id=14376]
  0x000002b76cd7a2b0 GCTaskThread "GC Thread#3" [stack: 0x000000ec65000000,0x000000ec65100000] [id=12220]
  0x000002b732bc5a30 ConcurrentGCThread "G1 Main Marker" [stack: 0x000000ec63d00000,0x000000ec63e00000] [id=15168]
  0x000002b732bc6af0 ConcurrentGCThread "G1 Conc#0" [stack: 0x000000ec63e00000,0x000000ec63f00000] [id=2384]
  0x000002b76b329190 ConcurrentGCThread "G1 Refine#0" [stack: 0x000000ec63f00000,0x000000ec64000000] [id=5036]
  0x000002b771343970 ConcurrentGCThread "G1 Refine#1" [stack: 0x000000ec69f00000,0x000000ec6a000000] [id=8128]
  0x000002b7713419d0 ConcurrentGCThread "G1 Refine#2" [stack: 0x000000ec6a000000,0x000000ec6a100000] [id=12668]
  0x000002b76ec44150 ConcurrentGCThread "G1 Refine#3" [stack: 0x000000ec6a100000,0x000000ec6a200000] [id=2624]
  0x000002b76b3299c0 ConcurrentGCThread "G1 Service" [stack: 0x000000ec64000000,0x000000ec64100000] [id=7064]

Threads with active compile tasks:
C2 CompilerThread0    85124 16542   !   4       com.android.tools.r8.shaking.Z3::a (758 bytes)

VM state: at safepoint (normal execution)

VM Mutex/Monitor currently owned by a thread:  ([mutex/lock_event])
[0x000002b732b01980] Threads_lock - owner thread: 0x000002b76b4d99a0
[0x000002b732b02dc0] Heap_lock - owner thread: 0x000002b7731c9a00

Heap address: 0x0000000600000000, size: 8192 MB, Compressed Oops mode: Zero based, Oop shift amount: 3

CDS archive(s) not mapped
Compressed class space mapped at: 0x0000000800000000-0x0000000840000000, reserved size: 1073741824
Narrow klass base: 0x0000000800000000, Narrow klass shift: 0, Narrow klass range: 0x40000000

GC Precious Log:
 CPUs: 4 total, 4 available
 Memory: 3753M
 Large Page Support: Disabled
 NUMA Support: Disabled
 Compressed Oops: Enabled (Zero based)
 Heap Region Size: 4M
 Heap Min Capacity: 8M
 Heap Initial Capacity: 60M
 Heap Max Capacity: 8G
 Pre-touch: Disabled
 Parallel Workers: 4
 Concurrent Workers: 1
 Concurrent Refinement Workers: 4
 Periodic GC: Disabled

Heap:
 garbage-first heap   total 548864K, used 285205K [0x0000000600000000, 0x0000000800000000)
  region size 4096K, 2 young (8192K), 2 survivors (8192K)
 Metaspace       used 133264K, committed 134272K, reserved 1171456K
  class space    used 18364K, committed 18816K, reserved 1048576K

Heap Regions: E=young(eden), S=young(survivor), O=old, HS=humongous(starts), HC=humongous(continues), CS=collection set, F=free, OA=open archive, CA=closed archive, TAMS=top-at-mark-start (previous, next)
|   0|0x0000000600000000, 0x0000000600400000, 0x0000000600400000|100%|HS|  |TAMS 0x0000000600400000, 0x0000000600400000| Complete 
|   1|0x0000000600400000, 0x0000000600800000, 0x0000000600800000|100%| O|  |TAMS 0x0000000600800000, 0x0000000600800000| Untracked 
|   2|0x0000000600800000, 0x0000000600c00000, 0x0000000600c00000|100%| O|  |TAMS 0x0000000600c00000, 0x0000000600c00000| Untracked 
|   3|0x0000000600c00000, 0x0000000601000000, 0x0000000601000000|100%| O|  |TAMS 0x0000000601000000, 0x0000000601000000| Untracked 
|   4|0x0000000601000000, 0x0000000601400000, 0x0000000601400000|100%| O|  |TAMS 0x0000000601400000, 0x0000000601400000| Untracked 
|   5|0x0000000601400000, 0x0000000601800000, 0x0000000601800000|100%| O|  |TAMS 0x0000000601800000, 0x0000000601800000| Untracked 
|   6|0x0000000601800000, 0x0000000601c00000, 0x0000000601c00000|100%| O|  |TAMS 0x0000000601c00000, 0x0000000601c00000| Untracked 
|   7|0x0000000601c00000, 0x0000000602000000, 0x0000000602000000|100%| O|  |TAMS 0x0000000602000000, 0x0000000602000000| Untracked 
|   8|0x0000000602000000, 0x0000000602400000, 0x0000000602400000|100%| O|  |TAMS 0x0000000602400000, 0x0000000602400000| Untracked 
|   9|0x0000000602400000, 0x0000000602800000, 0x0000000602800000|100%|HS|  |TAMS 0x0000000602800000, 0x0000000602800000| Complete 
|  10|0x0000000602800000, 0x0000000602c00000, 0x0000000602c00000|100%|HS|  |TAMS 0x0000000602c00000, 0x0000000602c00000| Complete 
|  11|0x0000000602c00000, 0x0000000603000000, 0x0000000603000000|100%|HS|  |TAMS 0x0000000603000000, 0x0000000603000000| Complete 
|  12|0x0000000603000000, 0x0000000603400000, 0x0000000603400000|100%| O|  |TAMS 0x0000000603400000, 0x0000000603400000| Untracked 
|  13|0x0000000603400000, 0x0000000603800000, 0x0000000603800000|100%| O|  |TAMS 0x0000000603800000, 0x0000000603800000| Untracked 
|  14|0x0000000603800000, 0x0000000603c00000, 0x0000000603c00000|100%| O|  |TAMS 0x0000000603c00000, 0x0000000603c00000| Untracked 
|  15|0x0000000603c00000, 0x0000000604000000, 0x0000000604000000|100%| O|  |TAMS 0x0000000604000000, 0x0000000604000000| Untracked 
|  16|0x0000000604000000, 0x0000000604400000, 0x0000000604400000|100%| O|  |TAMS 0x0000000604400000, 0x0000000604400000| Untracked 
|  17|0x0000000604400000, 0x0000000604800000, 0x0000000604800000|100%| O|  |TAMS 0x0000000604800000, 0x0000000604800000| Untracked 
|  18|0x0000000604800000, 0x0000000604c00000, 0x0000000604c00000|100%| O|  |TAMS 0x0000000604c00000, 0x0000000604c00000| Untracked 
|  19|0x0000000604c00000, 0x0000000605000000, 0x0000000605000000|100%| O|  |TAMS 0x0000000605000000, 0x0000000605000000| Untracked 
|  20|0x0000000605000000, 0x0000000605400000, 0x0000000605400000|100%| O|  |TAMS 0x0000000605400000, 0x0000000605400000| Untracked 
|  21|0x0000000605400000, 0x0000000605800000, 0x0000000605800000|100%| O|  |TAMS 0x0000000605800000, 0x0000000605800000| Untracked 
|  22|0x0000000605800000, 0x0000000605c00000, 0x0000000605c00000|100%| O|  |TAMS 0x0000000605c00000, 0x0000000605c00000| Untracked 
|  23|0x0000000605c00000, 0x0000000606000000, 0x0000000606000000|100%|HS|  |TAMS 0x0000000606000000, 0x0000000606000000| Complete 
|  24|0x0000000606000000, 0x0000000606400000, 0x0000000606400000|100%| O|  |TAMS 0x0000000606400000, 0x0000000606400000| Untracked 
|  25|0x0000000606400000, 0x0000000606800000, 0x0000000606800000|100%| O|  |TAMS 0x0000000606800000, 0x0000000606800000| Untracked 
|  26|0x0000000606800000, 0x0000000606c00000, 0x0000000606c00000|100%| O|  |TAMS 0x0000000606c00000, 0x0000000606c00000| Untracked 
|  27|0x0000000606c00000, 0x0000000607000000, 0x0000000607000000|100%|HS|  |TAMS 0x0000000607000000, 0x0000000607000000| Complete 
|  28|0x0000000607000000, 0x0000000607400000, 0x0000000607400000|100%| O|  |TAMS 0x0000000607400000, 0x0000000607400000| Untracked 
|  29|0x0000000607400000, 0x0000000607800000, 0x0000000607800000|100%| O|  |TAMS 0x0000000607800000, 0x0000000607800000| Untracked 
|  30|0x0000000607800000, 0x0000000607c00000, 0x0000000607c00000|100%| O|  |TAMS 0x0000000607c00000, 0x0000000607c00000| Untracked 
|  31|0x0000000607c00000, 0x0000000608000000, 0x0000000608000000|100%| O|  |TAMS 0x0000000608000000, 0x0000000608000000| Untracked 
|  32|0x0000000608000000, 0x0000000608400000, 0x0000000608400000|100%| O|  |TAMS 0x0000000608400000, 0x0000000608400000| Untracked 
|  33|0x0000000608400000, 0x0000000608800000, 0x0000000608800000|100%| O|  |TAMS 0x0000000608800000, 0x0000000608800000| Untracked 
|  34|0x0000000608800000, 0x0000000608c00000, 0x0000000608c00000|100%| O|  |TAMS 0x0000000608c00000, 0x0000000608c00000| Untracked 
|  35|0x0000000608c00000, 0x0000000609000000, 0x0000000609000000|100%| O|  |TAMS 0x0000000609000000, 0x0000000609000000| Untracked 
|  36|0x0000000609000000, 0x0000000609400000, 0x0000000609400000|100%| O|  |TAMS 0x0000000609400000, 0x0000000609400000| Untracked 
|  37|0x0000000609400000, 0x0000000609800000, 0x0000000609800000|100%| O|  |TAMS 0x0000000609800000, 0x0000000609800000| Untracked 
|  38|0x0000000609800000, 0x0000000609c00000, 0x0000000609c00000|100%| O|  |TAMS 0x0000000609c00000, 0x0000000609c00000| Untracked 
|  39|0x0000000609c00000, 0x000000060a000000, 0x000000060a000000|100%| O|  |TAMS 0x000000060a000000, 0x000000060a000000| Untracked 
|  40|0x000000060a000000, 0x000000060a400000, 0x000000060a400000|100%| O|  |TAMS 0x000000060a400000, 0x000000060a400000| Untracked 
|  41|0x000000060a400000, 0x000000060a800000, 0x000000060a800000|100%| O|  |TAMS 0x000000060a800000, 0x000000060a800000| Untracked 
|  42|0x000000060a800000, 0x000000060ac00000, 0x000000060ac00000|100%| O|  |TAMS 0x000000060ac00000, 0x000000060ac00000| Untracked 
|  43|0x000000060ac00000, 0x000000060b000000, 0x000000060b000000|100%| O|  |TAMS 0x000000060b000000, 0x000000060b000000| Untracked 
|  44|0x000000060b000000, 0x000000060b400000, 0x000000060b400000|100%| O|  |TAMS 0x000000060b400000, 0x000000060b400000| Untracked 
|  45|0x000000060b400000, 0x000000060b800000, 0x000000060b800000|100%| O|  |TAMS 0x000000060b800000, 0x000000060b800000| Untracked 
|  46|0x000000060b800000, 0x000000060bc00000, 0x000000060bc00000|100%| O|  |TAMS 0x000000060bc00000, 0x000000060bc00000| Untracked 
|  47|0x000000060bc00000, 0x000000060c000000, 0x000000060c000000|100%| O|  |TAMS 0x000000060c000000, 0x000000060c000000| Untracked 
|  48|0x000000060c000000, 0x000000060c400000, 0x000000060c400000|100%| O|  |TAMS 0x000000060c400000, 0x000000060c400000| Untracked 
|  49|0x000000060c400000, 0x000000060c800000, 0x000000060c800000|100%| O|  |TAMS 0x000000060c800000, 0x000000060c800000| Untracked 
|  50|0x000000060c800000, 0x000000060cc00000, 0x000000060cc00000|100%| O|  |TAMS 0x000000060cc00000, 0x000000060cc00000| Untracked 
|  51|0x000000060cc00000, 0x000000060d000000, 0x000000060d000000|100%| O|  |TAMS 0x000000060d000000, 0x000000060d000000| Untracked 
|  52|0x000000060d000000, 0x000000060d400000, 0x000000060d400000|100%| O|  |TAMS 0x000000060d400000, 0x000000060d400000| Untracked 
|  53|0x000000060d400000, 0x000000060d800000, 0x000000060d800000|100%| O|  |TAMS 0x000000060d800000, 0x000000060d800000| Untracked 
|  54|0x000000060d800000, 0x000000060dc00000, 0x000000060dc00000|100%| O|  |TAMS 0x000000060d800000, 0x000000060dc00000| Untracked 
|  55|0x000000060dc00000, 0x000000060e000000, 0x000000060e000000|100%| O|  |TAMS 0x000000060dc00000, 0x000000060e000000| Untracked 
|  56|0x000000060e000000, 0x000000060e400000, 0x000000060e400000|100%| O|  |TAMS 0x000000060e000000, 0x000000060e400000| Untracked 
|  57|0x000000060e400000, 0x000000060e800000, 0x000000060e800000|100%| O|  |TAMS 0x000000060e400000, 0x000000060e800000| Untracked 
|  58|0x000000060e800000, 0x000000060ec00000, 0x000000060ec00000|100%| O|  |TAMS 0x000000060e800000, 0x000000060ec00000| Untracked 
|  59|0x000000060ec00000, 0x000000060f000000, 0x000000060f000000|100%| O|  |TAMS 0x000000060ec00000, 0x000000060f000000| Untracked 
|  60|0x000000060f000000, 0x000000060f400000, 0x000000060f400000|100%| O|  |TAMS 0x000000060f000000, 0x000000060f400000| Untracked 
|  61|0x000000060f400000, 0x000000060f800000, 0x000000060f800000|100%| O|  |TAMS 0x000000060f400000, 0x000000060f800000| Untracked 
|  62|0x000000060f800000, 0x000000060fc00000, 0x000000060fc00000|100%| O|  |TAMS 0x000000060f800000, 0x000000060fc00000| Untracked 
|  63|0x000000060fc00000, 0x0000000610000000, 0x0000000610000000|100%| O|  |TAMS 0x000000060fc00000, 0x0000000610000000| Untracked 
|  64|0x0000000610000000, 0x0000000610400000, 0x0000000610400000|100%| O|  |TAMS 0x0000000610000000, 0x0000000610318200| Untracked 
|  65|0x0000000610400000, 0x0000000610800000, 0x0000000610800000|100%| O|  |TAMS 0x0000000610400000, 0x0000000610400000| Untracked 
|  66|0x0000000610800000, 0x0000000610c00000, 0x0000000610c00000|100%| O|  |TAMS 0x0000000610800000, 0x0000000610800000| Untracked 
|  67|0x0000000610c00000, 0x0000000611000000, 0x0000000611000000|100%| O|  |TAMS 0x0000000610c00000, 0x0000000610c00000| Untracked 
|  68|0x0000000611000000, 0x0000000611000000, 0x0000000611400000|  0%| F|  |TAMS 0x0000000611000000, 0x0000000611000000| Untracked 
|  69|0x0000000611400000, 0x0000000611400000, 0x0000000611800000|  0%| F|  |TAMS 0x0000000611400000, 0x0000000611400000| Untracked 
|  70|0x0000000611800000, 0x0000000611800000, 0x0000000611c00000|  0%| F|  |TAMS 0x0000000611800000, 0x0000000611800000| Untracked 
|  71|0x0000000611c00000, 0x0000000611c00000, 0x0000000612000000|  0%| F|  |TAMS 0x0000000611c00000, 0x0000000611c00000| Untracked 
|  72|0x0000000612000000, 0x0000000612000000, 0x0000000612400000|  0%| F|  |TAMS 0x0000000612000000, 0x0000000612000000| Untracked 
|  73|0x0000000612400000, 0x0000000612400000, 0x0000000612800000|  0%| F|  |TAMS 0x0000000612400000, 0x0000000612400000| Untracked 
|  74|0x0000000612800000, 0x0000000612800000, 0x0000000612c00000|  0%| F|  |TAMS 0x0000000612800000, 0x0000000612800000| Untracked 
|  75|0x0000000612c00000, 0x0000000612c00000, 0x0000000613000000|  0%| F|  |TAMS 0x0000000612c00000, 0x0000000612c00000| Untracked 
|  76|0x0000000613000000, 0x0000000613000000, 0x0000000613400000|  0%| F|  |TAMS 0x0000000613000000, 0x0000000613000000| Untracked 
|  77|0x0000000613400000, 0x0000000613400000, 0x0000000613800000|  0%| F|  |TAMS 0x0000000613400000, 0x0000000613400000| Untracked 
|  78|0x0000000613800000, 0x0000000613800000, 0x0000000613c00000|  0%| F|  |TAMS 0x0000000613800000, 0x0000000613800000| Untracked 
|  79|0x0000000613c00000, 0x0000000613c00000, 0x0000000614000000|  0%| F|  |TAMS 0x0000000613c00000, 0x0000000613c00000| Untracked 
|  80|0x0000000614000000, 0x0000000614000000, 0x0000000614400000|  0%| F|  |TAMS 0x0000000614000000, 0x0000000614000000| Untracked 
|  81|0x0000000614400000, 0x0000000614400000, 0x0000000614800000|  0%| F|  |TAMS 0x0000000614400000, 0x0000000614400000| Untracked 
|  82|0x0000000614800000, 0x0000000614800000, 0x0000000614c00000|  0%| F|  |TAMS 0x0000000614800000, 0x0000000614800000| Untracked 
|  83|0x0000000614c00000, 0x0000000614c00000, 0x0000000615000000|  0%| F|  |TAMS 0x0000000614c00000, 0x0000000614c00000| Untracked 
|  84|0x0000000615000000, 0x0000000615000000, 0x0000000615400000|  0%| F|  |TAMS 0x0000000615000000, 0x0000000615000000| Untracked 
|  85|0x0000000615400000, 0x0000000615400000, 0x0000000615800000|  0%| F|  |TAMS 0x0000000615400000, 0x0000000615400000| Untracked 
|  86|0x0000000615800000, 0x0000000615800000, 0x0000000615c00000|  0%| F|  |TAMS 0x0000000615800000, 0x0000000615800000| Untracked 
|  87|0x0000000615c00000, 0x0000000615c00000, 0x0000000616000000|  0%| F|  |TAMS 0x0000000615c00000, 0x0000000615c00000| Untracked 
|  88|0x0000000616000000, 0x0000000616000000, 0x0000000616400000|  0%| F|  |TAMS 0x0000000616000000, 0x0000000616000000| Untracked 
|  89|0x0000000616400000, 0x0000000616400000, 0x0000000616800000|  0%| F|  |TAMS 0x0000000616400000, 0x0000000616400000| Untracked 
|  90|0x0000000616800000, 0x0000000616800000, 0x0000000616c00000|  0%| F|  |TAMS 0x0000000616800000, 0x0000000616800000| Untracked 
|  91|0x0000000616c00000, 0x0000000616c00000, 0x0000000617000000|  0%| F|  |TAMS 0x0000000616c00000, 0x0000000616c00000| Untracked 
|  92|0x0000000617000000, 0x0000000617000000, 0x0000000617400000|  0%| F|  |TAMS 0x0000000617000000, 0x0000000617000000| Untracked 
|  93|0x0000000617400000, 0x0000000617400000, 0x0000000617800000|  0%| F|  |TAMS 0x0000000617400000, 0x0000000617400000| Untracked 
|  94|0x0000000617800000, 0x0000000617800000, 0x0000000617c00000|  0%| F|  |TAMS 0x0000000617800000, 0x0000000617800000| Untracked 
|  95|0x0000000617c00000, 0x0000000617c00000, 0x0000000618000000|  0%| F|  |TAMS 0x0000000617c00000, 0x0000000617c00000| Untracked 
|  96|0x0000000618000000, 0x0000000618000000, 0x0000000618400000|  0%| F|  |TAMS 0x0000000618000000, 0x0000000618000000| Untracked 
|  97|0x0000000618400000, 0x0000000618400000, 0x0000000618800000|  0%| F|  |TAMS 0x0000000618400000, 0x0000000618400000| Untracked 
|  98|0x0000000618800000, 0x0000000618800000, 0x0000000618c00000|  0%| F|  |TAMS 0x0000000618800000, 0x0000000618800000| Untracked 
|  99|0x0000000618c00000, 0x0000000618c00000, 0x0000000619000000|  0%| F|  |TAMS 0x0000000618c00000, 0x0000000618c00000| Untracked 
| 100|0x0000000619000000, 0x0000000619000000, 0x0000000619400000|  0%| F|  |TAMS 0x0000000619000000, 0x0000000619000000| Untracked 
| 101|0x0000000619400000, 0x00000006196857c0, 0x0000000619800000| 63%| S|CS|TAMS 0x0000000619400000, 0x0000000619400000| Complete 
| 102|0x0000000619800000, 0x0000000619c00000, 0x0000000619c00000|100%| S|CS|TAMS 0x0000000619800000, 0x0000000619800000| Complete 
| 103|0x0000000619c00000, 0x0000000619c00000, 0x000000061a000000|  0%| F|  |TAMS 0x0000000619c00000, 0x0000000619c00000| Untracked 
| 104|0x000000061a000000, 0x000000061a000000, 0x000000061a400000|  0%| F|  |TAMS 0x000000061a000000, 0x000000061a000000| Untracked 
| 105|0x000000061a400000, 0x000000061a400000, 0x000000061a800000|  0%| F|  |TAMS 0x000000061a400000, 0x000000061a400000| Untracked 
| 106|0x000000061a800000, 0x000000061a800000, 0x000000061ac00000|  0%| F|  |TAMS 0x000000061a800000, 0x000000061a800000| Untracked 
| 107|0x000000061ac00000, 0x000000061ac00000, 0x000000061b000000|  0%| F|  |TAMS 0x000000061ac00000, 0x000000061ac00000| Untracked 
| 108|0x000000061b000000, 0x000000061b000000, 0x000000061b400000|  0%| F|  |TAMS 0x000000061b000000, 0x000000061b000000| Untracked 
| 109|0x000000061b400000, 0x000000061b400000, 0x000000061b800000|  0%| F|  |TAMS 0x000000061b400000, 0x000000061b400000| Untracked 
| 110|0x000000061b800000, 0x000000061b800000, 0x000000061bc00000|  0%| F|  |TAMS 0x000000061b800000, 0x000000061b800000| Untracked 
| 111|0x000000061bc00000, 0x000000061bc00000, 0x000000061c000000|  0%| F|  |TAMS 0x000000061bc00000, 0x000000061bc00000| Untracked 
| 112|0x000000061c000000, 0x000000061c000000, 0x000000061c400000|  0%| F|  |TAMS 0x000000061c000000, 0x000000061c000000| Untracked 
| 113|0x000000061c400000, 0x000000061c400000, 0x000000061c800000|  0%| F|  |TAMS 0x000000061c400000, 0x000000061c400000| Untracked 
| 114|0x000000061c800000, 0x000000061c800000, 0x000000061cc00000|  0%| F|  |TAMS 0x000000061c800000, 0x000000061c800000| Untracked 
| 115|0x000000061cc00000, 0x000000061cc00000, 0x000000061d000000|  0%| F|  |TAMS 0x000000061cc00000, 0x000000061cc00000| Untracked 
| 116|0x000000061d000000, 0x000000061d000000, 0x000000061d400000|  0%| F|  |TAMS 0x000000061d000000, 0x000000061d000000| Untracked 
| 117|0x000000061d400000, 0x000000061d400000, 0x000000061d800000|  0%| F|  |TAMS 0x000000061d400000, 0x000000061d400000| Untracked 
| 118|0x000000061d800000, 0x000000061d800000, 0x000000061dc00000|  0%| F|  |TAMS 0x000000061d800000, 0x000000061d800000| Untracked 
| 119|0x000000061dc00000, 0x000000061dc00000, 0x000000061e000000|  0%| F|  |TAMS 0x000000061dc00000, 0x000000061dc00000| Untracked 
| 120|0x000000061e000000, 0x000000061e000000, 0x000000061e400000|  0%| F|  |TAMS 0x000000061e000000, 0x000000061e000000| Untracked 
| 121|0x000000061e400000, 0x000000061e400000, 0x000000061e800000|  0%| F|  |TAMS 0x000000061e400000, 0x000000061e400000| Untracked 
| 122|0x000000061e800000, 0x000000061e800000, 0x000000061ec00000|  0%| F|  |TAMS 0x000000061e800000, 0x000000061e800000| Untracked 
| 123|0x000000061ec00000, 0x000000061ec00000, 0x000000061f000000|  0%| F|  |TAMS 0x000000061ec00000, 0x000000061ec00000| Untracked 
| 124|0x000000061f000000, 0x000000061f000000, 0x000000061f400000|  0%| F|  |TAMS 0x000000061f000000, 0x000000061f000000| Untracked 
| 125|0x000000061f400000, 0x000000061f400000, 0x000000061f800000|  0%| F|  |TAMS 0x000000061f400000, 0x000000061f400000| Untracked 
| 126|0x000000061f800000, 0x000000061f800000, 0x000000061fc00000|  0%| F|  |TAMS 0x000000061f800000, 0x000000061f800000| Untracked 
| 127|0x000000061fc00000, 0x000000061fc00000, 0x0000000620000000|  0%| F|  |TAMS 0x000000061fc00000, 0x000000061fc00000| Untracked 
| 128|0x0000000620000000, 0x0000000620000000, 0x0000000620400000|  0%| F|  |TAMS 0x0000000620000000, 0x0000000620000000| Untracked 
| 129|0x0000000620400000, 0x0000000620400000, 0x0000000620800000|  0%| F|  |TAMS 0x0000000620400000, 0x0000000620400000| Untracked 
| 130|0x0000000620800000, 0x0000000620800000, 0x0000000620c00000|  0%| F|  |TAMS 0x0000000620800000, 0x0000000620800000| Untracked 
| 131|0x0000000620c00000, 0x0000000620c00000, 0x0000000621000000|  0%| F|  |TAMS 0x0000000620c00000, 0x0000000620c00000| Untracked 
| 132|0x0000000621000000, 0x0000000621000000, 0x0000000621400000|  0%| F|  |TAMS 0x0000000621000000, 0x0000000621000000| Untracked 
| 133|0x0000000621400000, 0x0000000621400000, 0x0000000621800000|  0%| F|  |TAMS 0x0000000621400000, 0x0000000621400000| Untracked 

Card table byte_map: [0x000002b7570e0000,0x000002b7580e0000] _byte_map_base: 0x000002b7540e0000

Marking Bits (Prev, Next): (CMBitMap*) 0x000002b732bb5100, (CMBitMap*) 0x000002b732bb5140
 Prev Bits: [0x000002b7590e0000, 0x000002b7610e0000)
 Next Bits: [0x000002b7610e0000, 0x000002b7690e0000)

Polling page: 0x000002b7309f0000

Metaspace:

Usage:
  Non-class:    112.21 MB used.
      Class:     17.93 MB used.
       Both:    130.14 MB used.

Virtual space:
  Non-class space:      120.00 MB reserved,     112.75 MB ( 94%) committed,  15 nodes.
      Class space:        1.00 GB reserved,      18.38 MB (  2%) committed,  1 nodes.
             Both:        1.12 GB reserved,     131.12 MB ( 11%) committed. 

Chunk freelists:
   Non-Class:  2.98 MB
       Class:  1.55 MB
        Both:  4.53 MB

MaxMetaspaceSize: 4.00 GB
CompressedClassSpaceSize: 1.00 GB
Initial GC threshold: 21.00 MB
Current GC threshold: 214.31 MB
CDS: off
MetaspaceReclaimPolicy: balanced
 - commit_granule_bytes: 65536.
 - commit_granule_words: 8192.
 - virtual_space_node_default_size: 1048576.
 - enlarge_chunks_in_place: 1.
 - new_chunks_are_fully_committed: 0.
 - uncommit_free_chunks: 1.
 - use_allocation_guard: 0.
 - handle_deallocations: 1.


Internal statistics:

num_allocs_failed_limit: 15.
num_arena_births: 1442.
num_arena_deaths: 6.
num_vsnodes_births: 16.
num_vsnodes_deaths: 0.
num_space_committed: 2097.
num_space_uncommitted: 0.
num_chunks_returned_to_freelist: 23.
num_chunks_taken_from_freelist: 6818.
num_chunk_merges: 6.
num_chunk_splits: 4456.
num_chunks_enlarged: 3002.
num_purges: 2.
num_inconsistent_stats: 0.

CodeHeap 'non-profiled nmethods': size=259264Kb used=7394Kb max_used=7394Kb free=251869Kb
 bounds [0x000002b7462a0000, 0x000002b7469e0000, 0x000002b755fd0000]
CodeHeap 'profiled nmethods': size=259264Kb used=27033Kb max_used=27033Kb free=232230Kb
 bounds [0x000002b735fd0000, 0x000002b737a40000, 0x000002b745d00000]
CodeHeap 'non-nmethods': size=5760Kb used=2481Kb max_used=2546Kb free=3278Kb
 bounds [0x000002b745d00000, 0x000002b745f90000, 0x000002b7462a0000]
 total_blobs=14897 nmethods=13870 adapters=939
 compilation: enabled
              stopped_count=0, restarted_count=0
 full_count=0

Compilation events (20 events):
Event: 84.732 Thread 0x000002b76c046910 16576       3       com.android.tools.r8.shaking.r4::a (151 bytes)
Event: 84.734 Thread 0x000002b76c046910 nmethod 16576 0x000002b737a1f410 code [0x000002b737a1f720, 0x000002b737a20e58]
Event: 84.736 Thread 0x000002b76c046910 16577       2       com.android.tools.r8.shaking.W::hashCode (10 bytes)
Event: 84.737 Thread 0x000002b76c046910 nmethod 16577 0x000002b737a21690 code [0x000002b737a21820, 0x000002b737a21948]
Event: 84.741 Thread 0x000002b76c046910 16578       3       com.android.tools.r8.shaking.q4::a (115 bytes)
Event: 84.743 Thread 0x000002b76c046910 nmethod 16578 0x000002b737a21a10 code [0x000002b737a21ce0, 0x000002b737a22f68]
Event: 84.789 Thread 0x000002b76c046910 16579 %     3       com.android.tools.r8.shaking.q4::a @ 53 (123 bytes)
Event: 84.794 Thread 0x000002b76c046910 nmethod 16579% 0x000002b737a23610 code [0x000002b737a23a40, 0x000002b737a25be8]
Event: 84.794 Thread 0x000002b76c046910 16580       2       com.android.tools.r8.shaking.W::equals (38 bytes)
Event: 84.794 Thread 0x000002b76c046910 nmethod 16580 0x000002b737a26790 code [0x000002b737a26940, 0x000002b737a26b58]
Event: 84.796 Thread 0x000002b76c046910 16581 %     3       com.android.tools.r8.shaking.r4::a @ 0 (60 bytes)
Event: 84.798 Thread 0x000002b76c046910 nmethod 16581% 0x000002b737a26c10 code [0x000002b737a26f00, 0x000002b737a28138]
Event: 84.806 Thread 0x000002b76c046910 16582       3       com.android.tools.r8.shaking.q4::a (123 bytes)
Event: 84.811 Thread 0x000002b76c046910 nmethod 16582 0x000002b737a28790 code [0x000002b737a28bc0, 0x000002b737a2ac48]
Event: 84.811 Thread 0x000002b76c046910 16583 %     3       com.android.tools.r8.shaking.r4::b @ 40 (210 bytes)
Event: 84.817 Thread 0x000002b76c046910 nmethod 16583% 0x000002b737a2b710 code [0x000002b737a2bc60, 0x000002b737a2f1e8]
Event: 84.901 Thread 0x000002b76c046910 16586       3       com.android.tools.r8.shaking.r4::a (60 bytes)
Event: 84.903 Thread 0x000002b76c046910 nmethod 16586 0x000002b737a30410 code [0x000002b737a306e0, 0x000002b737a31798]
Event: 84.911 Thread 0x000002b76c046910 16588       3       com.android.tools.r8.shaking.r4::b (210 bytes)
Event: 84.918 Thread 0x000002b76c046910 nmethod 16588 0x000002b737a31e10 code [0x000002b737a32360, 0x000002b737a355c8]

GC Heap History (20 events):
Event: 56.423 GC heap after
{Heap after GC invocations=47 (full 0):
 garbage-first heap   total 290816K, used 144211K [0x0000000600000000, 0x0000000800000000)
  region size 4096K, 3 young (12288K), 3 survivors (12288K)
 Metaspace       used 107801K, committed 108672K, reserved 1146880K
  class space    used 14963K, committed 15360K, reserved 1048576K
}
Event: 60.141 GC heap before
{Heap before GC invocations=48 (full 0):
 garbage-first heap   total 290816K, used 230227K [0x0000000600000000, 0x0000000800000000)
  region size 4096K, 24 young (98304K), 3 survivors (12288K)
 Metaspace       used 114497K, committed 115392K, reserved 1155072K
  class space    used 15974K, committed 16384K, reserved 1048576K
}
Event: 60.184 GC heap after
{Heap after GC invocations=49 (full 0):
 garbage-first heap   total 290816K, used 150125K [0x0000000600000000, 0x0000000800000000)
  region size 4096K, 2 young (8192K), 2 survivors (8192K)
 Metaspace       used 114497K, committed 115392K, reserved 1155072K
  class space    used 15974K, committed 16384K, reserved 1048576K
}
Event: 62.410 GC heap before
{Heap before GC invocations=49 (full 0):
 garbage-first heap   total 290816K, used 232045K [0x0000000600000000, 0x0000000800000000)
  region size 4096K, 22 young (90112K), 2 survivors (8192K)
 Metaspace       used 119106K, committed 120064K, reserved 1155072K
  class space    used 16566K, committed 17024K, reserved 1048576K
}
Event: 62.434 GC heap after
{Heap after GC invocations=50 (full 0):
 garbage-first heap   total 352256K, used 154899K [0x0000000600000000, 0x0000000800000000)
  region size 4096K, 3 young (12288K), 3 survivors (12288K)
 Metaspace       used 119106K, committed 120064K, reserved 1155072K
  class space    used 16566K, committed 17024K, reserved 1048576K
}
Event: 67.176 GC heap before
{Heap before GC invocations=51 (full 0):
 garbage-first heap   total 352256K, used 277779K [0x0000000600000000, 0x0000000800000000)
  region size 4096K, 34 young (139264K), 3 survivors (12288K)
 Metaspace       used 122866K, committed 123840K, reserved 1163264K
  class space    used 16969K, committed 17408K, reserved 1048576K
}
Event: 67.211 GC heap after
{Heap after GC invocations=52 (full 0):
 garbage-first heap   total 352256K, used 159809K [0x0000000600000000, 0x0000000800000000)
  region size 4096K, 4 young (16384K), 4 survivors (16384K)
 Metaspace       used 122866K, committed 123840K, reserved 1163264K
  class space    used 16969K, committed 17408K, reserved 1048576K
}
Event: 70.382 GC heap before
{Heap before GC invocations=52 (full 0):
 garbage-first heap   total 352256K, used 286785K [0x0000000600000000, 0x0000000800000000)
  region size 4096K, 35 young (143360K), 4 survivors (16384K)
 Metaspace       used 125575K, committed 126528K, reserved 1163264K
  class space    used 17279K, committed 17728K, reserved 1048576K
}
Event: 70.481 GC heap after
{Heap after GC invocations=53 (full 0):
 garbage-first heap   total 352256K, used 175672K [0x0000000600000000, 0x0000000800000000)
  region size 4096K, 5 young (20480K), 5 survivors (20480K)
 Metaspace       used 125575K, committed 126528K, reserved 1163264K
  class space    used 17279K, committed 17728K, reserved 1048576K
}
Event: 72.952 GC heap before
{Heap before GC invocations=53 (full 0):
 garbage-first heap   total 352256K, used 278072K [0x0000000600000000, 0x0000000800000000)
  region size 4096K, 31 young (126976K), 5 survivors (20480K)
 Metaspace       used 130205K, committed 131200K, reserved 1163264K
  class space    used 17922K, committed 18368K, reserved 1048576K
}
Event: 73.070 GC heap after
{Heap after GC invocations=54 (full 0):
 garbage-first heap   total 352256K, used 196569K [0x0000000600000000, 0x0000000800000000)
  region size 4096K, 4 young (16384K), 4 survivors (16384K)
 Metaspace       used 130205K, committed 131200K, reserved 1163264K
  class space    used 17922K, committed 18368K, reserved 1048576K
}
Event: 74.243 GC heap before
{Heap before GC invocations=54 (full 0):
 garbage-first heap   total 352256K, used 282585K [0x0000000600000000, 0x0000000800000000)
  region size 4096K, 25 young (102400K), 4 survivors (16384K)
 Metaspace       used 130279K, committed 131200K, reserved 1163264K
  class space    used 17931K, committed 18368K, reserved 1048576K
}
Event: 74.370 GC heap after
{Heap after GC invocations=55 (full 0):
 garbage-first heap   total 352256K, used 216877K [0x0000000600000000, 0x0000000800000000)
  region size 4096K, 4 young (16384K), 4 survivors (16384K)
 Metaspace       used 130279K, committed 131200K, reserved 1163264K
  class space    used 17931K, committed 18368K, reserved 1048576K
}
Event: 76.030 GC heap before
{Heap before GC invocations=56 (full 0):
 garbage-first heap   total 438272K, used 274221K [0x0000000600000000, 0x0000000800000000)
  region size 4096K, 18 young (73728K), 4 survivors (16384K)
 Metaspace       used 130303K, committed 131264K, reserved 1163264K
  class space    used 17931K, committed 18368K, reserved 1048576K
}
Event: 76.228 GC heap after
{Heap after GC invocations=57 (full 0):
 garbage-first heap   total 438272K, used 233472K [0x0000000600000000, 0x0000000800000000)
  region size 4096K, 3 young (12288K), 3 survivors (12288K)
 Metaspace       used 130303K, committed 131264K, reserved 1163264K
  class space    used 17931K, committed 18368K, reserved 1048576K
}
Event: 79.218 GC heap before
{Heap before GC invocations=57 (full 0):
 garbage-first heap   total 438272K, used 335872K [0x0000000600000000, 0x0000000800000000)
  region size 4096K, 28 young (114688K), 3 survivors (12288K)
 Metaspace       used 130303K, committed 131264K, reserved 1163264K
  class space    used 17931K, committed 18368K, reserved 1048576K
}
Event: 79.324 GC heap after
{Heap after GC invocations=58 (full 0):
 garbage-first heap   total 438272K, used 261834K [0x0000000600000000, 0x0000000800000000)
  region size 4096K, 4 young (16384K), 4 survivors (16384K)
 Metaspace       used 130303K, committed 131264K, reserved 1163264K
  class space    used 17931K, committed 18368K, reserved 1048576K
}
Event: 81.813 GC heap before
{Heap before GC invocations=59 (full 0):
 garbage-first heap   total 548864K, used 335562K [0x0000000600000000, 0x0000000800000000)
  region size 4096K, 22 young (90112K), 4 survivors (16384K)
 Metaspace       used 131964K, committed 132928K, reserved 1163264K
  class space    used 18197K, committed 18624K, reserved 1048576K
}
Event: 81.969 GC heap after
{Heap after GC invocations=60 (full 0):
 garbage-first heap   total 548864K, used 277600K [0x0000000600000000, 0x0000000800000000)
  region size 4096K, 3 young (12288K), 3 survivors (12288K)
 Metaspace       used 131964K, committed 132928K, reserved 1163264K
  class space    used 18197K, committed 18624K, reserved 1048576K
}
Event: 84.925 GC heap before
{Heap before GC invocations=60 (full 0):
 garbage-first heap   total 548864K, used 392288K [0x0000000600000000, 0x0000000800000000)
  region size 4096K, 31 young (126976K), 3 survivors (12288K)
 Metaspace       used 133264K, committed 134272K, reserved 1171456K
  class space    used 18364K, committed 18816K, reserved 1048576K
}

Dll operation events (3 events):
Event: 0.023 Loaded shared library C:\Program Files\Android\Android Studio\jbr\bin\java.dll
Event: 0.359 Loaded shared library C:\Program Files\Android\Android Studio\jbr\bin\zip.dll
Event: 1.451 Loaded shared library C:\Program Files\Android\Android Studio\jbr\bin\verify.dll

Deoptimization events (20 events):
Event: 84.677 Thread 0x000002b7731c9a00 Uncommon trap: trap_request=0xffffff45 fr.pc=0x000002b7469cc840 relative=0x00000000000007c0
Event: 84.677 Thread 0x000002b7731c9a00 Uncommon trap: reason=unstable_if action=reinterpret pc=0x000002b7469cc840 method=com.android.tools.r8.shaking.r4.a(Ljava/util/List;Lcom/android/tools/r8/graph/o0;Lcom/android/tools/r8/graph/u0;Lcom/android/tools/r8/graph/p0;)Lcom/android/tools/r8/shaking
Event: 84.677 Thread 0x000002b7731c9a00 DEOPT PACKING pc=0x000002b7469cc840 sp=0x000000ec69efea50
Event: 84.678 Thread 0x000002b7731c9a00 DEOPT UNPACKING pc=0x000002b745d569a3 sp=0x000000ec69efe960 mode 2
Event: 84.722 Thread 0x000002b7731c9530 Uncommon trap: trap_request=0xffffffde fr.pc=0x000002b7469d4d14 relative=0x0000000000001ff4
Event: 84.722 Thread 0x000002b7731c9530 Uncommon trap: reason=class_check action=maybe_recompile pc=0x000002b7469d4d14 method=com.android.tools.r8.shaking.r4.a(Lcom/android/tools/r8/graph/H0;Ljava/util/Collection;Ljava/util/Set;Lcom/android/tools/r8/shaking/i3;Lcom/android/tools/r8/graph/E2;Lco
Event: 84.722 Thread 0x000002b7731c9530 DEOPT PACKING pc=0x000002b7469d4d14 sp=0x000000ec69dfea70
Event: 84.722 Thread 0x000002b7731c9530 DEOPT UNPACKING pc=0x000002b745d569a3 sp=0x000000ec69dfea48 mode 2
Event: 84.722 Thread 0x000002b7731c9530 Uncommon trap: trap_request=0xffffffde fr.pc=0x000002b7469d4d14 relative=0x0000000000001ff4
Event: 84.722 Thread 0x000002b7731c9530 Uncommon trap: reason=class_check action=maybe_recompile pc=0x000002b7469d4d14 method=com.android.tools.r8.shaking.r4.a(Lcom/android/tools/r8/graph/H0;Ljava/util/Collection;Ljava/util/Set;Lcom/android/tools/r8/shaking/i3;Lcom/android/tools/r8/graph/E2;Lco
Event: 84.722 Thread 0x000002b7731c9530 DEOPT PACKING pc=0x000002b7469d4d14 sp=0x000000ec69dfea70
Event: 84.722 Thread 0x000002b7731c9530 DEOPT UNPACKING pc=0x000002b745d569a3 sp=0x000000ec69dfea48 mode 2
Event: 84.722 Thread 0x000002b7731c9530 Uncommon trap: trap_request=0xffffffde fr.pc=0x000002b7469d4d14 relative=0x0000000000001ff4
Event: 84.722 Thread 0x000002b7731c9530 Uncommon trap: reason=class_check action=maybe_recompile pc=0x000002b7469d4d14 method=com.android.tools.r8.shaking.r4.a(Lcom/android/tools/r8/graph/H0;Ljava/util/Collection;Ljava/util/Set;Lcom/android/tools/r8/shaking/i3;Lcom/android/tools/r8/graph/E2;Lco
Event: 84.722 Thread 0x000002b7731c9530 DEOPT PACKING pc=0x000002b7469d4d14 sp=0x000000ec69dfea70
Event: 84.722 Thread 0x000002b7731c9530 DEOPT UNPACKING pc=0x000002b745d569a3 sp=0x000000ec69dfea48 mode 2
Event: 84.722 Thread 0x000002b7731c9530 Uncommon trap: trap_request=0xffffffde fr.pc=0x000002b7469d4d14 relative=0x0000000000001ff4
Event: 84.722 Thread 0x000002b7731c9530 Uncommon trap: reason=class_check action=maybe_recompile pc=0x000002b7469d4d14 method=com.android.tools.r8.shaking.r4.a(Lcom/android/tools/r8/graph/H0;Ljava/util/Collection;Ljava/util/Set;Lcom/android/tools/r8/shaking/i3;Lcom/android/tools/r8/graph/E2;Lco
Event: 84.722 Thread 0x000002b7731c9530 DEOPT PACKING pc=0x000002b7469d4d14 sp=0x000000ec69dfea70
Event: 84.722 Thread 0x000002b7731c9530 DEOPT UNPACKING pc=0x000002b745d569a3 sp=0x000000ec69dfea48 mode 2

Classes unloaded (3 events):
Event: 80.188 Thread 0x000002b76b4d99a0 Unloading class 0x00000008011f9000 'java/lang/invoke/LambdaForm$DMH+0x00000008011f9000'
Event: 80.188 Thread 0x000002b76b4d99a0 Unloading class 0x00000008011f8c00 'java/lang/invoke/LambdaForm$DMH+0x00000008011f8c00'
Event: 80.188 Thread 0x000002b76b4d99a0 Unloading class 0x00000008011f8400 'java/lang/invoke/LambdaForm$DMH+0x00000008011f8400'

Classes redefined (0 events):
No events

Internal exceptions (20 events):
Event: 71.488 Thread 0x000002b7731cebd0 Exception <a 'java/lang/NoSuchMethodError'{0x00000006137fc110}: 'java.lang.Object java.lang.invoke.DirectMethodHandle$Holder.invokeStaticInit(java.lang.Object, java.lang.Object, java.lang.Object, java.lang.Object, java.lang.Object, java.lang.Object, java.lang.Object, java.lang.Object, java.lang.Object, java.lang.Object, java.lang.Object, java.lang.Object, java.lang.Object, java.lang.Object, java.lang.Object, java.lang.Object, java.lang.Object, java.lang.Object, java.lang.Object, java.lang.Object, int, java
Event: 71.503 Thread 0x000002b7731c9530 Implicit null exception at 0x000002b7467a2375 to 0x000002b7467a3394
Event: 71.504 Thread 0x000002b7731c9530 Implicit null exception at 0x000002b74671e419 to 0x000002b74671ebec
Event: 71.537 Thread 0x000002b7731c9a00 Implicit null exception at 0x000002b7464b955d to 0x000002b7464b96e4
Event: 71.544 Thread 0x000002b7731c9a00 Exception <a 'java/lang/IncompatibleClassChangeError'{0x0000000613081ae0}: Found class java.lang.Object, but interface was expected> (0x0000000613081ae0) 
thrown [s\src\hotspot\share\interpreter\linkResolver.cpp, line 838]
Event: 71.544 Thread 0x000002b7731c9530 Exception <a 'java/lang/IncompatibleClassChangeError'{0x000000061320a3c0}: Found class java.lang.Object, but interface was expected> (0x000000061320a3c0) 
thrown [s\src\hotspot\share\interpreter\linkResolver.cpp, line 838]
Event: 71.649 Thread 0x000002b7731c9530 Exception <a 'java/lang/NoSuchMethodError'{0x0000000612dce748}: 'long java.lang.invoke.DirectMethodHandle$Holder.invokeStatic(java.lang.Object, java.lang.Object)'> (0x0000000612dce748) 
thrown [s\src\hotspot\share\interpreter\linkResolver.cpp, line 771]
Event: 71.649 Thread 0x000002b7731c9a00 Exception <a 'java/lang/NoSuchMethodError'{0x0000000612cbaf70}: 'long java.lang.invoke.DirectMethodHandle$Holder.invokeStatic(java.lang.Object, java.lang.Object)'> (0x0000000612cbaf70) 
thrown [s\src\hotspot\share\interpreter\linkResolver.cpp, line 771]
Event: 71.650 Thread 0x000002b7731c9530 Exception <a 'java/lang/NoSuchMethodError'{0x0000000612dd1d48}: 'long java.lang.invoke.DirectMethodHandle$Holder.invokeStaticInit(java.lang.Object, java.lang.Object)'> (0x0000000612dd1d48) 
thrown [s\src\hotspot\share\interpreter\linkResolver.cpp, line 771]
Event: 71.650 Thread 0x000002b7731c9a00 Exception <a 'java/lang/NoSuchMethodError'{0x0000000612cbe548}: 'long java.lang.invoke.DirectMethodHandle$Holder.invokeStaticInit(java.lang.Object, java.lang.Object)'> (0x0000000612cbe548) 
thrown [s\src\hotspot\share\interpreter\linkResolver.cpp, line 771]
Event: 81.562 Thread 0x000002b7731cebd0 Exception <a 'java/lang/IncompatibleClassChangeError'{0x0000000621181cd8}: Found class java.lang.Object, but interface was expected> (0x0000000621181cd8) 
thrown [s\src\hotspot\share\interpreter\linkResolver.cpp, line 838]
Event: 81.578 Thread 0x000002b7731cebd0 Exception <a 'java/lang/IncompatibleClassChangeError'{0x000000062119a708}: Found class java.lang.Object, but interface was expected> (0x000000062119a708) 
thrown [s\src\hotspot\share\interpreter\linkResolver.cpp, line 838]
Event: 81.579 Thread 0x000002b7731cebd0 Exception <a 'java/lang/IncompatibleClassChangeError'{0x000000062119eca8}: Found class java.lang.Object, but interface was expected> (0x000000062119eca8) 
thrown [s\src\hotspot\share\interpreter\linkResolver.cpp, line 838]
Event: 81.730 Thread 0x000002b7731cebd0 Implicit null exception at 0x000002b7462c797c to 0x000002b7462c808c
Event: 81.732 Thread 0x000002b7731cebd0 Implicit null exception at 0x000002b746376bfb to 0x000002b7463772cc
Event: 82.109 Thread 0x000002b7731cebd0 Exception <a 'java/lang/NoSuchMethodError'{0x0000000621551928}: 'void java.lang.invoke.DirectMethodHandle$Holder.invokeStatic(java.lang.Object, java.lang.Object, java.lang.Object, java.lang.Object, java.lang.Object, java.lang.Object, java.lang.Object, java.lang.Object, java.lang.Object)'> (0x0000000621551928) 
thrown [s\src\hotspot\share\interpreter\linkResolver.cpp, line 771]
Event: 82.114 Thread 0x000002b7731cebd0 Exception <a 'java/lang/IncompatibleClassChangeError'{0x0000000621564000}: Found class java.lang.Object, but interface was expected> (0x0000000621564000) 
thrown [s\src\hotspot\share\interpreter\linkResolver.cpp, line 838]
Event: 84.335 Thread 0x000002b7731c9a00 Exception <a 'java/lang/NoSuchMethodError'{0x000000061d06ea08}: 'void java.lang.invoke.DirectMethodHandle$Holder.invokeSpecial(java.lang.Object, java.lang.Object, java.lang.Object, java.lang.Object, java.lang.Object, java.lang.Object, java.lang.Object, java.lang.Object, java.lang.Object, java.lang.Object)'> (0x000000061d06ea08) 
thrown [s\src\hotspot\share\interpreter\linkResolver.cpp, line 771]
Event: 84.336 Thread 0x000002b7731c9a00 Exception <a 'java/lang/NoSuchMethodError'{0x000000061d079af8}: 'java.lang.Object java.lang.invoke.DirectMethodHandle$Holder.newInvokeSpecial(java.lang.Object, java.lang.Object, java.lang.Object, java.lang.Object, java.lang.Object, java.lang.Object, java.lang.Object, java.lang.Object, java.lang.Object)'> (0x000000061d079af8) 
thrown [s\src\hotspot\share\interpreter\linkResolver.cpp, line 771]
Event: 84.337 Thread 0x000002b7731c9a00 Exception <a 'java/lang/NoSuchMethodError'{0x000000061d07e390}: 'java.lang.Object java.lang.invoke.Invokers$Holder.linkToTargetMethod(java.lang.Object, java.lang.Object, java.lang.Object, java.lang.Object, java.lang.Object, java.lang.Object, java.lang.Object, java.lang.Object, java.lang.Object)'> (0x000000061d07e390) 
thrown [s\src\hotspot\share\interpreter\linkResolver.cpp, line 771]

VM Operations (20 events):
Event: 81.551 Executing VM operation: G1Concurrent done
Event: 81.625 Executing VM operation: HandshakeAllThreads
Event: 81.627 Executing VM operation: HandshakeAllThreads done
Event: 81.630 Executing VM operation: HandshakeAllThreads
Event: 81.631 Executing VM operation: HandshakeAllThreads done
Event: 81.812 Executing VM operation: G1CollectForAllocation
Event: 81.978 Executing VM operation: G1CollectForAllocation done
Event: 82.398 Executing VM operation: HandshakeAllThreads
Event: 82.399 Executing VM operation: HandshakeAllThreads done
Event: 83.403 Executing VM operation: Cleanup
Event: 83.404 Executing VM operation: Cleanup done
Event: 83.833 Executing VM operation: HandshakeAllThreads
Event: 83.833 Executing VM operation: HandshakeAllThreads done
Event: 83.846 Executing VM operation: HandshakeAllThreads
Event: 83.846 Executing VM operation: HandshakeAllThreads done
Event: 84.417 Executing VM operation: ICBufferFull
Event: 84.417 Executing VM operation: ICBufferFull done
Event: 84.548 Executing VM operation: HandshakeAllThreads
Event: 84.548 Executing VM operation: HandshakeAllThreads done
Event: 84.925 Executing VM operation: G1CollectForAllocation

Events (20 events):
Event: 70.025 loading class java/nio/file/FileTreeIterator
Event: 70.025 loading class java/nio/file/FileTreeIterator done
Event: 70.724 loading class java/io/UTFDataFormatException
Event: 70.724 loading class java/io/UTFDataFormatException done
Event: 71.497 loading class java/util/concurrent/ForkJoinTask$AdaptedCallable
Event: 71.498 loading class java/util/concurrent/ForkJoinTask$AdaptedCallable done
Event: 71.498 loading class java/util/concurrent/ForkJoinTask$Aux
Event: 71.499 loading class java/util/concurrent/ForkJoinTask$Aux done
Event: 71.499 loading class java/util/concurrent/ForkJoinPool$DefaultForkJoinWorkerThreadFactory$1
Event: 71.500 loading class java/util/concurrent/ForkJoinPool$DefaultForkJoinWorkerThreadFactory$1 done
Event: 71.500 Thread 0x000002b7731c9530 Thread added: 0x000002b7731c9530
Event: 71.501 Thread 0x000002b7731c9a00 Thread added: 0x000002b7731c9a00
Event: 75.676 Thread 0x000002b76c070db0 flushing nmethod 0x000002b74679c010
Event: 75.677 Thread 0x000002b76c070db0 flushing nmethod 0x000002b7467d8410
Event: 75.684 Thread 0x000002b76c070db0 flushing nmethod 0x000002b736545710
Event: 75.685 Thread 0x000002b76c070db0 flushing nmethod 0x000002b7365f7990
Event: 75.700 Thread 0x000002b76c070db0 flushing nmethod 0x000002b737225490
Event: 75.710 Thread 0x000002b76c070db0 flushing nmethod 0x000002b7377d5d10
Event: 80.006 loading class java/util/IdentityHashMap$EntrySet
Event: 80.025 loading class java/util/IdentityHashMap$EntrySet done


Dynamic libraries:
0x00007ff7527f0000 - 0x00007ff7527fa000 	C:\Program Files\Android\Android Studio\jbr\bin\java.exe
0x00007ffa57750000 - 0x00007ffa57948000 	C:\Windows\SYSTEM32\ntdll.dll
0x00007ffa56330000 - 0x00007ffa563f2000 	C:\Windows\System32\KERNEL32.DLL
0x00007ffa54ee0000 - 0x00007ffa551d6000 	C:\Windows\System32\KERNELBASE.dll
0x00007ffa555e0000 - 0x00007ffa556e0000 	C:\Windows\System32\ucrtbase.dll
0x00007ffa34640000 - 0x00007ffa34657000 	C:\Program Files\Android\Android Studio\jbr\bin\jli.dll
0x00007ffa2de30000 - 0x00007ffa2de4b000 	C:\Program Files\Android\Android Studio\jbr\bin\VCRUNTIME140.dll
0x00007ffa57570000 - 0x00007ffa5770d000 	C:\Windows\System32\USER32.dll
0x00007ffa553b0000 - 0x00007ffa553d2000 	C:\Windows\System32\win32u.dll
0x00007ffa55860000 - 0x00007ffa5588b000 	C:\Windows\System32\GDI32.dll
0x00007ffa55290000 - 0x00007ffa553aa000 	C:\Windows\System32\gdi32full.dll
0x00007ffa41f10000 - 0x00007ffa421aa000 	C:\Windows\WinSxS\amd64_microsoft.windows.common-controls_6595b64144ccf1df_6.0.19041.4355_none_60b8b9eb71f62e16\COMCTL32.dll
0x00007ffa570c0000 - 0x00007ffa5715e000 	C:\Windows\System32\msvcrt.dll
0x00007ffa553e0000 - 0x00007ffa5547d000 	C:\Windows\System32\msvcp_win.dll
0x00007ffa56760000 - 0x00007ffa5678f000 	C:\Windows\System32\IMM32.DLL
0x00007ffa490f0000 - 0x00007ffa490fc000 	C:\Program Files\Android\Android Studio\jbr\bin\vcruntime140_1.dll
0x00007ffa2d2b0000 - 0x00007ffa2d33d000 	C:\Program Files\Android\Android Studio\jbr\bin\msvcp140.dll
0x00007ffa0c440000 - 0x00007ffa0d0ae000 	C:\Program Files\Android\Android Studio\jbr\bin\server\jvm.dll
0x00007ffa57010000 - 0x00007ffa570bf000 	C:\Windows\System32\ADVAPI32.dll
0x00007ffa57340000 - 0x00007ffa573df000 	C:\Windows\System32\sechost.dll
0x00007ffa57210000 - 0x00007ffa57333000 	C:\Windows\System32\RPCRT4.dll
0x00007ffa54de0000 - 0x00007ffa54e07000 	C:\Windows\System32\bcrypt.dll
0x00007ffa384c0000 - 0x00007ffa384c9000 	C:\Windows\SYSTEM32\WSOCK32.dll
0x00007ffa43940000 - 0x00007ffa43967000 	C:\Windows\SYSTEM32\WINMM.dll
0x00007ffa56f70000 - 0x00007ffa56fdb000 	C:\Windows\System32\WS2_32.dll
0x00007ffa479c0000 - 0x00007ffa479ca000 	C:\Windows\SYSTEM32\VERSION.dll
0x00007ffa52c20000 - 0x00007ffa52c32000 	C:\Windows\SYSTEM32\kernel.appcore.dll
0x00007ffa4dcd0000 - 0x00007ffa4dcda000 	C:\Program Files\Android\Android Studio\jbr\bin\jimage.dll
0x00007ffa4c460000 - 0x00007ffa4c644000 	C:\Windows\SYSTEM32\DBGHELP.DLL
0x00007ffa4c420000 - 0x00007ffa4c454000 	C:\Windows\SYSTEM32\dbgcore.DLL
0x00007ffa556e0000 - 0x00007ffa55762000 	C:\Windows\System32\bcryptPrimitives.dll
0x00007ffa4e2e0000 - 0x00007ffa4e2ee000 	C:\Program Files\Android\Android Studio\jbr\bin\instrument.dll
0x00007ffa362b0000 - 0x00007ffa362d5000 	C:\Program Files\Android\Android Studio\jbr\bin\java.dll
0x00007ffa43bc0000 - 0x00007ffa43bd8000 	C:\Program Files\Android\Android Studio\jbr\bin\zip.dll
0x00007ffa559c0000 - 0x00007ffa5612f000 	C:\Windows\System32\SHELL32.dll
0x00007ffa52e20000 - 0x00007ffa535c3000 	C:\Windows\SYSTEM32\windows.storage.dll
0x00007ffa56400000 - 0x00007ffa56755000 	C:\Windows\System32\combase.dll
0x00007ffa54730000 - 0x00007ffa5475b000 	C:\Windows\SYSTEM32\Wldp.dll
0x00007ffa56ea0000 - 0x00007ffa56f6d000 	C:\Windows\System32\OLEAUT32.dll
0x00007ffa57160000 - 0x00007ffa5720d000 	C:\Windows\System32\SHCORE.dll
0x00007ffa56e40000 - 0x00007ffa56e95000 	C:\Windows\System32\shlwapi.dll
0x00007ffa54d10000 - 0x00007ffa54d35000 	C:\Windows\SYSTEM32\profapi.dll
0x00007ffa43ab0000 - 0x00007ffa43ac9000 	C:\Program Files\Android\Android Studio\jbr\bin\net.dll
0x00007ffa4ac30000 - 0x00007ffa4ad3a000 	C:\Windows\SYSTEM32\WINHTTP.dll
0x00007ffa54510000 - 0x00007ffa5457c000 	C:\Windows\system32\mswsock.dll
0x00007ffa43a10000 - 0x00007ffa43a26000 	C:\Program Files\Android\Android Studio\jbr\bin\nio.dll
0x00007ffa47460000 - 0x00007ffa47470000 	C:\Program Files\Android\Android Studio\jbr\bin\verify.dll
0x00007ffa34470000 - 0x00007ffa34497000 	C:\Users\user\.gradle\native\c067742578af261105cb4f569cf0c3c89f3d7b1fecec35dd04571415982c5e48\windows-amd64\native-platform.dll
0x00007ffa0e660000 - 0x00007ffa0e7a4000 	C:\Users\user\.gradle\native\100fb08df4bc3b14c8652ba06237920a3bd2aa13389f12d3474272988ae205f9\windows-amd64\native-platform-file-events.dll
0x00007ffa47350000 - 0x00007ffa47359000 	C:\Program Files\Android\Android Studio\jbr\bin\management.dll
0x00007ffa43b90000 - 0x00007ffa43b9b000 	C:\Program Files\Android\Android Studio\jbr\bin\management_ext.dll
0x00007ffa567a0000 - 0x00007ffa567a8000 	C:\Windows\System32\PSAPI.DLL
0x00007ffa54a80000 - 0x00007ffa54a98000 	C:\Windows\SYSTEM32\CRYPTSP.dll
0x00007ffa53de0000 - 0x00007ffa53e18000 	C:\Windows\system32\rsaenh.dll
0x00007ffa54c90000 - 0x00007ffa54cbe000 	C:\Windows\SYSTEM32\USERENV.dll
0x00007ffa546a0000 - 0x00007ffa546ac000 	C:\Windows\SYSTEM32\CRYPTBASE.dll
0x00007ffa541c0000 - 0x00007ffa541fb000 	C:\Windows\SYSTEM32\IPHLPAPI.DLL
0x00007ffa57000000 - 0x00007ffa57008000 	C:\Windows\System32\NSI.dll
0x00007ffa4b240000 - 0x00007ffa4b257000 	C:\Windows\SYSTEM32\dhcpcsvc6.DLL
0x00007ffa4d460000 - 0x00007ffa4d47d000 	C:\Windows\SYSTEM32\dhcpcsvc.DLL
0x00007ffa54200000 - 0x00007ffa542ca000 	C:\Windows\SYSTEM32\DNSAPI.dll
0x00007ffa4e030000 - 0x00007ffa4e037000 	C:\Windows\system32\wshunix.dll
0x00007ffa36360000 - 0x00007ffa36377000 	C:\Windows\system32\napinsp.dll
0x00007ffa36340000 - 0x00007ffa3635b000 	C:\Windows\system32\pnrpnsp.dll
0x00007ffa51590000 - 0x00007ffa515a5000 	C:\Windows\system32\wshbth.dll
0x00007ffa4eac0000 - 0x00007ffa4eadd000 	C:\Windows\system32\NLAapi.dll
0x00007ffa362e0000 - 0x00007ffa362f2000 	C:\Windows\System32\winrnr.dll
0x00007ffa4d6e0000 - 0x00007ffa4d6ea000 	C:\Windows\System32\rasadhlp.dll
0x00007ffa47280000 - 0x00007ffa47300000 	C:\Windows\System32\fwpuclnt.dll

dbghelp: loaded successfully - version: 4.0.5 - missing functions: none
symbol engine: initialized successfully - sym options: 0x614 - pdb path: .;C:\Program Files\Android\Android Studio\jbr\bin;C:\Windows\SYSTEM32;C:\Windows\WinSxS\amd64_microsoft.windows.common-controls_6595b64144ccf1df_6.0.19041.4355_none_60b8b9eb71f62e16;C:\Program Files\Android\Android Studio\jbr\bin\server;C:\Users\user\.gradle\native\c067742578af261105cb4f569cf0c3c89f3d7b1fecec35dd04571415982c5e48\windows-amd64;C:\Users\user\.gradle\native\100fb08df4bc3b14c8652ba06237920a3bd2aa13389f12d3474272988ae205f9\windows-amd64

VM Arguments:
jvm_args: -XX:MaxPermSize=512m -XX:MaxMetaspaceSize=4G -XX:ReservedCodeCacheSize=512m -XX:+HeapDumpOnOutOfMemoryError --add-opens=java.base/java.util=ALL-UNNAMED --add-opens=java.base/java.lang=ALL-UNNAMED --add-opens=java.base/java.lang.invoke=ALL-UNNAMED --add-opens=java.prefs/java.util.prefs=ALL-UNNAMED --add-exports=jdk.compiler/com.sun.tools.javac.api=ALL-UNNAMED --add-exports=jdk.compiler/com.sun.tools.javac.util=ALL-UNNAMED --add-opens=java.base/java.nio.charset=ALL-UNNAMED --add-opens=java.base/java.net=ALL-UNNAMED --add-opens=java.base/java.util.concurrent.atomic=ALL-UNNAMED -Xmx8G -Dfile.encoding=windows-1252 -Duser.country=US -Duser.language=en -Duser.variant -javaagent:C:\Users\user\.gradle\wrapper\dists\gradle-8.10.2-all\7iv73wktx1xtkvlq19urqw1wm\gradle-8.10.2\lib\agents\gradle-instrumentation-agent-8.10.2.jar 
java_command: org.gradle.launcher.daemon.bootstrap.GradleDaemon 8.10.2
java_class_path (initial): C:\Users\user\.gradle\wrapper\dists\gradle-8.10.2-all\7iv73wktx1xtkvlq19urqw1wm\gradle-8.10.2\lib\gradle-daemon-main-8.10.2.jar
Launcher Type: SUN_STANDARD

[Global flags]
     intx CICompilerCount                          = 3                                         {product} {ergonomic}
     uint ConcGCThreads                            = 1                                         {product} {ergonomic}
     uint G1ConcRefinementThreads                  = 4                                         {product} {ergonomic}
   size_t G1HeapRegionSize                         = 4194304                                   {product} {ergonomic}
    uintx GCDrainStackTargetSize                   = 64                                        {product} {ergonomic}
     bool HeapDumpOnOutOfMemoryError               = true                                   {manageable} {command line}
   size_t InitialHeapSize                          = 62914560                                  {product} {ergonomic}
   size_t MarkStackSize                            = 4194304                                   {product} {ergonomic}
   size_t MaxHeapSize                              = 8589934592                                {product} {command line}
   size_t MaxMetaspaceSize                         = 4294967296                                {product} {command line}
   size_t MaxNewSize                               = 5150605312                                {product} {ergonomic}
   size_t MinHeapDeltaBytes                        = 4194304                                   {product} {ergonomic}
   size_t MinHeapSize                              = 8388608                                   {product} {ergonomic}
    uintx NonNMethodCodeHeapSize                   = 5832780                                {pd product} {ergonomic}
    uintx NonProfiledCodeHeapSize                  = 265519066                              {pd product} {ergonomic}
    uintx ProfiledCodeHeapSize                     = 265519066                              {pd product} {ergonomic}
    uintx ReservedCodeCacheSize                    = 536870912                              {pd product} {command line}
     bool SegmentedCodeCache                       = true                                      {product} {ergonomic}
   size_t SoftMaxHeapSize                          = 8589934592                             {manageable} {ergonomic}
   double SweeperThreshold                         = 0.234375                                  {product} {ergonomic}
     bool UseCompressedClassPointers               = true                           {product lp64_product} {ergonomic}
     bool UseCompressedOops                        = true                           {product lp64_product} {ergonomic}
     bool UseG1GC                                  = true                                      {product} {ergonomic}
     bool UseLargePagesIndividualAllocation        = false                                  {pd product} {ergonomic}

Logging:
Log output configuration:
 #0: stdout all=warning uptime,level,tags
 #1: stderr all=off uptime,level,tags

Environment Variables:
JAVA_HOME=C:\Program Files\Android\Android Studio\jbr
CLASSPATH=C:\Users\user\flutter_projects\android\\gradle\wrapper\gradle-wrapper.jar
PATH=C:\Program Files\Android\Android Studio\jbr\bin;C:\App\db_home\bin;C:\Program Files (x86)\Common Files\Oracle\Java\javapath;C:\Windows\system32;C:\Windows;C:\Windows\System32\Wbem;C:\Windows\System32\WindowsPowerShell\v1.0\;C:\Windows\System32\OpenSSH\;C:\Program Files\nodejs\;C:\Python\Python;C:\Program Files\Python;C:\Scripts;C:\Python\Scripts;C:\Program Files\Java\jdk-20_windows-x64_bin\jdk-20.0.2\;C:\Gradle\gradle-8.8-bin\gradle-8.8\bin;C:\Program Files\Docker\Docker\resources\bin;C:\Users\user\FlutterSdk\flutter_windows\flutter\bin;C:\Python\Scripts\;C:\Python\;C:\Users\user\AppData\Local\Programs\Python\Launcher\;C:\Program Files (x86)\Common Files\Oracle\Java\javapath;C:\Windows\system32;C:\Windows;C:\Windows\System32\Wbem;C:\Windows\System32\WindowsPowerShell\v1.0\;C:\Windows\System32\OpenSSH\;C:\Program Files\nodejs\;C:\Users\user\AppData\Local\Microsoft\WindowsApps;C:\Users\user\AppData\Local\Programs\Microsoft VS Code\bin;C:\Users\user\AppData\Roaming\npm;C:\Python34\Scripts;;C:\Users\user\FlutterSdk\flutter_windows\flutter\bin\mingit\cmd
USERNAME=user
OS=Windows_NT
PROCESSOR_IDENTIFIER=Intel64 Family 6 Model 69 Stepping 1, GenuineIntel
TMP=C:\Users\user\AppData\Local\Temp
TEMP=C:\Users\user\AppData\Local\Temp


JNI global refs:
JNI global refs: 26, weak refs: 41

JNI global refs memory usage: 843, weak refs: 841


---------------  S Y S T E M  ---------------

OS:
 Windows 10 , 64 bit Build 19041 (10.0.19041.5678)
OS uptime: 1 days 16:52 hours
Hyper-V role detected

CPU: total 4 (initial active 4) (2 cores per cpu, 2 threads per core) family 6 model 69 stepping 1 microcode 0x25, cx8, cmov, fxsr, ht, mmx, sse, sse2, sse3, ssse3, sse4.1, sse4.2, popcnt, lzcnt, tsc, tscinvbit, avx, avx2, aes, erms, clmul, bmi1, bmi2, fma, vzeroupper, clflush, hv

Memory: 4k page, system-wide physical 3753M (236M free)
TotalPageFile size 15017M (AvailPageFile size 720M)
current process WorkingSet (physical memory assigned to process): 523M, peak: 547M
current process commit charge ("private bytes"): 888M, peak: 1898M

vm_info: OpenJDK 64-Bit Server VM (17.0.6+0-b2043.56-10027231) for windows-amd64 JRE (17.0.6+0-b2043.56-10027231), built on Apr 28 2023 00:43:19 by "androidbuild" with MS VC++ 16.10 / 16.11 (VS2019)

END.
