#
# There is insufficient memory for the Java Runtime Environment to continue.
# Native memory allocation (mmap) failed to map 297795584 bytes for G1 virtual space
# Possible reasons:
#   The system is out of physical RAM or swap space
#   The process is running with CompressedOops enabled, and the Java Heap may be blocking the growth of the native heap
# Possible solutions:
#   Reduce memory load on the system
#   Increase physical memory or swap space
#   Check if swap backing store is full
#   Decrease Java heap size (-Xmx/-Xms)
#   Decrease number of Java threads
#   Decrease Java thread stack sizes (-Xss)
#   Set larger code cache with -XX:ReservedCodeCacheSize=
#   JVM is running with Zero Based Compressed Oops mode in which the Java heap is
#     placed in the first 32GB address space. The Java Heap base address is the
#     maximum limit for the native heap growth. Please use -XX:HeapBaseMinAddress
#     to set the Java Heap base and to place the Java Heap above 32GB virtual address.
# This output file may be truncated or incomplete.
#
#  Out of Memory Error (os_windows.cpp:3769), pid=14596, tid=15232
#
# JRE version: OpenJDK Runtime Environment (17.0.6) (build 17.0.6+0-b2043.56-10027231)
# Java VM: OpenJDK 64-Bit Server VM (17.0.6+0-b2043.56-10027231, mixed mode, tiered, compressed oops, compressed class ptrs, g1 gc, windows-amd64)
# No core dump will be written. Minidumps are not enabled by default on client versions of Windows
#

---------------  S U M M A R Y ------------

Command Line: -XX:MaxMetaspaceSize=4G -XX:ReservedCodeCacheSize=512m -XX:+HeapDumpOnOutOfMemoryError --add-opens=java.base/java.util=ALL-UNNAMED --add-opens=java.base/java.lang=ALL-UNNAMED --add-opens=java.base/java.lang.invoke=ALL-UNNAMED --add-opens=java.prefs/java.util.prefs=ALL-UNNAMED --add-exports=jdk.compiler/com.sun.tools.javac.api=ALL-UNNAMED --add-exports=jdk.compiler/com.sun.tools.javac.util=ALL-UNNAMED --add-opens=java.base/java.nio.charset=ALL-UNNAMED --add-opens=java.base/java.net=ALL-UNNAMED --add-opens=java.base/java.util.concurrent.atomic=ALL-UNNAMED -Xmx8G -Dfile.encoding=windows-1252 -Duser.country=US -Duser.language=en -Duser.variant -javaagent:C:\Users\user\.gradle\wrapper\dists\gradle-8.10.2-all\7iv73wktx1xtkvlq19urqw1wm\gradle-8.10.2\lib\agents\gradle-instrumentation-agent-8.10.2.jar org.gradle.launcher.daemon.bootstrap.GradleDaemon 8.10.2

Host: Intel(R) Core(TM) i5-4310U CPU @ 2.00GHz, 4 cores, 3G,  Windows 10 , 64 bit Build 19041 (10.0.19041.5678)
Time: Sat Apr 12 07:37:37 2025 W. Central Africa Standard Time elapsed time: 165.486440 seconds (0d 0h 2m 45s)

---------------  T H R E A D  ---------------

Current thread (0x000002d5d4ff6fa0):  VMThread "VM Thread" [stack: 0x000000fd73500000,0x000000fd73600000] [id=15232]

Stack: [0x000000fd73500000,0x000000fd73600000]
Native frames: (J=compiled Java code, j=interpreted, Vv=VM code, C=native code)
V  [jvm.dll+0x683c9a]
V  [jvm.dll+0x8427a4]
V  [jvm.dll+0x843f9e]
V  [jvm.dll+0x844603]
V  [jvm.dll+0x249b75]
V  [jvm.dll+0x680b69]
V  [jvm.dll+0x67505a]
V  [jvm.dll+0x309acb]
V  [jvm.dll+0x310f86]
V  [jvm.dll+0x3608ee]
V  [jvm.dll+0x360b1f]
V  [jvm.dll+0x2dfbf8]
V  [jvm.dll+0x2ddec4]
V  [jvm.dll+0x2dd4cc]
V  [jvm.dll+0x321f3b]
V  [jvm.dll+0x848ccb]
V  [jvm.dll+0x849a04]
V  [jvm.dll+0x849f1d]
V  [jvm.dll+0x84a2f4]
V  [jvm.dll+0x84a3c0]
V  [jvm.dll+0x7f274a]
V  [jvm.dll+0x682ad5]
C  [ucrtbase.dll+0x21bb2]
C  [KERNEL32.DLL+0x17374]
C  [ntdll.dll+0x4cc91]

VM_Operation (0x000000fd782fe4a0): G1CollectForAllocation, mode: safepoint, requested by thread 0x000002d5d80e8130


---------------  P R O C E S S  ---------------

Threads class SMR info:
_java_thread_list=0x000002d5e066f1d0, length=92, elements={
0x000002d59a6258a0, 0x000002d5d5079620, 0x000002d5d5c01550, 0x000002d5d5c2a8f0,
0x000002d5d5c2e330, 0x000002d5d5c30c00, 0x000002d5d5c314c0, 0x000002d5d5c320b0,
0x000002d5d5c44010, 0x000002d5d5c450b0, 0x000002d5d5d0cfe0, 0x000002d5d5f67d90,
0x000002d5d71c1620, 0x000002d5d6e05dd0, 0x000002d5d8191010, 0x000002d5d6177f60,
0x000002d5d6a5e220, 0x000002d5d6062060, 0x000002d5d6064bb0, 0x000002d5d6065080,
0x000002d5d6064210, 0x000002d5d6065550, 0x000002d5d6062ed0, 0x000002d5d6065a20,
0x000002d5d6062530, 0x000002d5d60633a0, 0x000002d5d6063d40, 0x000002d5d60646e0,
0x000002d5d867a6f0, 0x000002d5d867ba30, 0x000002d5d8678540, 0x000002d5d867a220,
0x000002d5d86793b0, 0x000002d5d867b560, 0x000002d5d8678ee0, 0x000002d5d867b090,
0x000002d5d8678070, 0x000002d5d8678a10, 0x000002d5d8eb5b10, 0x000002d5d8eb9000,
0x000002d5d8eb94d0, 0x000002d5d8eb5fe0, 0x000002d5d8eb8b30, 0x000002d5d8eb6980,
0x000002d5d8eb6e50, 0x000002d5d6062a00, 0x000002d5de8d6550, 0x000002d5de8d3530,
0x000002d5de8d56e0, 0x000002d5de8d4d40, 0x000002d5de8d43a0, 0x000002d5de8d5bb0,
0x000002d5de8d6080, 0x000002d5de8d4870, 0x000002d5de8d5210, 0x000002d5de8d6a20,
0x000002d5de8d3a00, 0x000002d5dcc0da40, 0x000002d5dcc0e8b0, 0x000002d5dcc0bd60,
0x000002d5dcc07060, 0x000002d5dcc0df10, 0x000002d5dcc0cbd0, 0x000002d5dcc0b890,
0x000002d5dcc083a0, 0x000002d5dcc0aef0, 0x000002d5dcc0c230, 0x000002d5dcc07530,
0x000002d5dcc0c700, 0x000002d5dcc0a550, 0x000002d5dcc0d0a0, 0x000002d5dcc0aa20,
0x000002d5dcc0b3c0, 0x000002d5dcc09210, 0x000002d5dcc096e0, 0x000002d5dcc0a080,
0x000002d5d8eb64b0, 0x000002d5d83f0a40, 0x000002d5d83ef700, 0x000002d5d83f0570,
0x000002d5d83f00a0, 0x000002d5d83ed550, 0x000002d5d83ed080, 0x000002d5d83edef0,
0x000002d5d80e9940, 0x000002d5d80eb150, 0x000002d5d80e8600, 0x000002d5d80eb620,
0x000002d5d80ec960, 0x000002d5d80ea2e0, 0x000002d5d80e72c0, 0x000002d5d80e8130
}

Java Threads: ( => current thread )
  0x000002d59a6258a0 JavaThread "main" [_thread_blocked, id=10604, stack(0x000000fd72f00000,0x000000fd73000000)]
  0x000002d5d5079620 JavaThread "Reference Handler" daemon [_thread_blocked, id=7628, stack(0x000000fd73600000,0x000000fd73700000)]
  0x000002d5d5c01550 JavaThread "Finalizer" daemon [_thread_blocked, id=14620, stack(0x000000fd73700000,0x000000fd73800000)]
  0x000002d5d5c2a8f0 JavaThread "Signal Dispatcher" daemon [_thread_blocked, id=9712, stack(0x000000fd73800000,0x000000fd73900000)]
  0x000002d5d5c2e330 JavaThread "Attach Listener" daemon [_thread_blocked, id=14988, stack(0x000000fd73900000,0x000000fd73a00000)]
  0x000002d5d5c30c00 JavaThread "Service Thread" daemon [_thread_blocked, id=4776, stack(0x000000fd73a00000,0x000000fd73b00000)]
  0x000002d5d5c314c0 JavaThread "Monitor Deflation Thread" daemon [_thread_blocked, id=8968, stack(0x000000fd73b00000,0x000000fd73c00000)]
  0x000002d5d5c320b0 JavaThread "C2 CompilerThread0" daemon [_thread_blocked, id=12420, stack(0x000000fd73c00000,0x000000fd73d00000)]
  0x000002d5d5c44010 JavaThread "C1 CompilerThread0" daemon [_thread_blocked, id=5864, stack(0x000000fd73d00000,0x000000fd73e00000)]
  0x000002d5d5c450b0 JavaThread "Sweeper thread" daemon [_thread_blocked, id=13644, stack(0x000000fd73e00000,0x000000fd73f00000)]
  0x000002d5d5d0cfe0 JavaThread "Common-Cleaner" daemon [_thread_blocked, id=2736, stack(0x000000fd73f00000,0x000000fd74000000)]
  0x000002d5d5f67d90 JavaThread "Notification Thread" daemon [_thread_blocked, id=5020, stack(0x000000fd74000000,0x000000fd74100000)]
  0x000002d5d71c1620 JavaThread "Daemon health stats" [_thread_blocked, id=13780, stack(0x000000fd74500000,0x000000fd74600000)]
  0x000002d5d6e05dd0 JavaThread "Incoming local TCP Connector on port 65117" [_thread_in_native, id=13996, stack(0x000000fd74600000,0x000000fd74700000)]
  0x000002d5d8191010 JavaThread "Daemon periodic checks" [_thread_blocked, id=15416, stack(0x000000fd74700000,0x000000fd74800000)]
  0x000002d5d6177f60 JavaThread "Daemon" [_thread_blocked, id=4012, stack(0x000000fd74800000,0x000000fd74900000)]
  0x000002d5d6a5e220 JavaThread "Handler for socket connection from /127.0.0.1:65117 to /127.0.0.1:65118" [_thread_in_native, id=11564, stack(0x000000fd74900000,0x000000fd74a00000)]
  0x000002d5d6062060 JavaThread "Cancel handler" [_thread_blocked, id=8496, stack(0x000000fd74a00000,0x000000fd74b00000)]
  0x000002d5d6064bb0 JavaThread "Daemon worker" [_thread_blocked, id=13008, stack(0x000000fd74b00000,0x000000fd74c00000)]
  0x000002d5d6065080 JavaThread "Asynchronous log dispatcher for DefaultDaemonConnection: socket connection from /127.0.0.1:65117 to /127.0.0.1:65118" [_thread_blocked, id=5988, stack(0x000000fd74c00000,0x000000fd74d00000)]
  0x000002d5d6064210 JavaThread "Stdin handler" [_thread_blocked, id=12192, stack(0x000000fd74d00000,0x000000fd74e00000)]
  0x000002d5d6065550 JavaThread "Daemon client event forwarder" [_thread_blocked, id=16716, stack(0x000000fd74e00000,0x000000fd74f00000)]
  0x000002d5d6062ed0 JavaThread "Cache worker for journal cache (C:\Users\user\.gradle\caches\journal-1)" [_thread_blocked, id=13828, stack(0x000000fd74f00000,0x000000fd75000000)]
  0x000002d5d6065a20 JavaThread "File lock request listener" [_thread_in_native, id=7192, stack(0x000000fd75000000,0x000000fd75100000)]
  0x000002d5d6062530 JavaThread "Cache worker for file hash cache (C:\Users\user\.gradle\caches\8.10.2\fileHashes)" [_thread_blocked, id=16564, stack(0x000000fd75100000,0x000000fd75200000)]
  0x000002d5d60633a0 JavaThread "Cache worker for file hash cache (C:\Users\user\flutter_projects\android\.gradle\8.10.2\fileHashes)" [_thread_blocked, id=16948, stack(0x000000fd75200000,0x000000fd75300000)]
  0x000002d5d6063d40 JavaThread "Cache worker for Build Output Cleanup Cache (C:\Users\user\flutter_projects\android\.gradle\buildOutputCleanup)" [_thread_blocked, id=2468, stack(0x000000fd75300000,0x000000fd75400000)]
  0x000002d5d60646e0 JavaThread "File watcher server" daemon [_thread_blocked, id=6800, stack(0x000000fd75400000,0x000000fd75500000)]
  0x000002d5d867a6f0 JavaThread "File watcher consumer" daemon [_thread_blocked, id=13272, stack(0x000000fd75500000,0x000000fd75600000)]
  0x000002d5d867ba30 JavaThread "Cache worker for checksums cache (C:\Users\user\flutter_projects\android\.gradle\8.10.2\checksums)" [_thread_blocked, id=12816, stack(0x000000fd75600000,0x000000fd75700000)]
  0x000002d5d8678540 JavaThread "Cache worker for file content cache (C:\Users\user\.gradle\caches\8.10.2\fileContent)" [_thread_blocked, id=15032, stack(0x000000fd75700000,0x000000fd75800000)]
  0x000002d5d867a220 JavaThread "Cache worker for cache directory md-rule (C:\Users\user\.gradle\caches\8.10.2\md-rule)" [_thread_blocked, id=15680, stack(0x000000fd75800000,0x000000fd75900000)]
  0x000002d5d86793b0 JavaThread "Cache worker for cache directory md-supplier (C:\Users\user\.gradle\caches\8.10.2\md-supplier)" [_thread_blocked, id=10828, stack(0x000000fd75900000,0x000000fd75a00000)]
  0x000002d5d867b560 JavaThread "Cache worker for Build Output Cleanup Cache (C:\Users\user\FlutterSdk\flutter_windows\flutter\packages\flutter_tools\gradle\.gradle\buildOutputCleanup)" [_thread_blocked, id=12448, stack(0x000000fd75a00000,0x000000fd75b00000)]
  0x000002d5d8678ee0 JavaThread "Unconstrained build operations" [_thread_blocked, id=14396, stack(0x000000fd75b00000,0x000000fd75c00000)]
  0x000002d5d867b090 JavaThread "Unconstrained build operations Thread 2" [_thread_blocked, id=13600, stack(0x000000fd75c00000,0x000000fd75d00000)]
  0x000002d5d8678070 JavaThread "Unconstrained build operations Thread 3" [_thread_blocked, id=3784, stack(0x000000fd75d00000,0x000000fd75e00000)]
  0x000002d5d8678a10 JavaThread "Unconstrained build operations Thread 4" [_thread_blocked, id=16632, stack(0x000000fd75e00000,0x000000fd75f00000)]
  0x000002d5d8eb5b10 JavaThread "Unconstrained build operations Thread 5" [_thread_blocked, id=9540, stack(0x000000fd75f00000,0x000000fd76000000)]
  0x000002d5d8eb9000 JavaThread "Unconstrained build operations Thread 6" [_thread_blocked, id=17120, stack(0x000000fd76000000,0x000000fd76100000)]
  0x000002d5d8eb94d0 JavaThread "Unconstrained build operations Thread 7" [_thread_blocked, id=11332, stack(0x000000fd76100000,0x000000fd76200000)]
  0x000002d5d8eb5fe0 JavaThread "Unconstrained build operations Thread 8" [_thread_blocked, id=16824, stack(0x000000fd76200000,0x000000fd76300000)]
  0x000002d5d8eb8b30 JavaThread "Unconstrained build operations Thread 9" [_thread_blocked, id=17348, stack(0x000000fd76300000,0x000000fd76400000)]
  0x000002d5d8eb6980 JavaThread "Memory manager" [_thread_blocked, id=5348, stack(0x000000fd76400000,0x000000fd76500000)]
  0x000002d5d8eb6e50 JavaThread "build event listener" [_thread_blocked, id=11008, stack(0x000000fd76600000,0x000000fd76700000)]
  0x000002d5d6062a00 JavaThread "included builds" [_thread_blocked, id=876, stack(0x000000fd76700000,0x000000fd76800000)]
  0x000002d5de8d6550 JavaThread "Execution worker" [_thread_blocked, id=12652, stack(0x000000fd76800000,0x000000fd76900000)]
  0x000002d5de8d3530 JavaThread "Execution worker Thread 2" [_thread_blocked, id=10668, stack(0x000000fd76900000,0x000000fd76a00000)]
  0x000002d5de8d56e0 JavaThread "Execution worker Thread 3" [_thread_blocked, id=1656, stack(0x000000fd76a00000,0x000000fd76b00000)]
  0x000002d5de8d4d40 JavaThread "Cache worker for execution history cache (C:\Users\user\FlutterSdk\flutter_windows\flutter\packages\flutter_tools\gradle\.gradle\8.10.2\executionHistory)" [_thread_blocked, id=11240, stack(0x000000fd76b00000,0x000000fd76c00000)]
  0x000002d5de8d43a0 JavaThread "Unconstrained build operations Thread 10" [_thread_blocked, id=15456, stack(0x000000fd76c00000,0x000000fd76d00000)]
  0x000002d5de8d5bb0 JavaThread "Unconstrained build operations Thread 11" [_thread_blocked, id=9936, stack(0x000000fd76d00000,0x000000fd76e00000)]
  0x000002d5de8d6080 JavaThread "Unconstrained build operations Thread 12" [_thread_blocked, id=10856, stack(0x000000fd76e00000,0x000000fd76f00000)]
  0x000002d5de8d4870 JavaThread "Unconstrained build operations Thread 13" [_thread_blocked, id=13300, stack(0x000000fd76f00000,0x000000fd77000000)]
  0x000002d5de8d5210 JavaThread "Unconstrained build operations Thread 14" [_thread_blocked, id=7752, stack(0x000000fd77000000,0x000000fd77100000)]
  0x000002d5de8d6a20 JavaThread "Unconstrained build operations Thread 15" [_thread_blocked, id=7520, stack(0x000000fd77100000,0x000000fd77200000)]
  0x000002d5de8d3a00 JavaThread "Unconstrained build operations Thread 16" [_thread_blocked, id=2088, stack(0x000000fd77200000,0x000000fd77300000)]
  0x000002d5dcc0da40 JavaThread "Unconstrained build operations Thread 17" [_thread_blocked, id=1660, stack(0x000000fd77300000,0x000000fd77400000)]
  0x000002d5dcc0e8b0 JavaThread "Unconstrained build operations Thread 18" [_thread_blocked, id=15540, stack(0x000000fd77400000,0x000000fd77500000)]
  0x000002d5dcc0bd60 JavaThread "Unconstrained build operations Thread 19" [_thread_blocked, id=7604, stack(0x000000fd77500000,0x000000fd77600000)]
  0x000002d5dcc07060 JavaThread "Unconstrained build operations Thread 20" [_thread_blocked, id=11400, stack(0x000000fd77600000,0x000000fd77700000)]
  0x000002d5dcc0df10 JavaThread "Unconstrained build operations Thread 21" [_thread_blocked, id=14252, stack(0x000000fd77700000,0x000000fd77800000)]
  0x000002d5dcc0cbd0 JavaThread "Unconstrained build operations Thread 22" [_thread_blocked, id=13540, stack(0x000000fd76500000,0x000000fd76600000)]
  0x000002d5dcc0b890 JavaThread "Unconstrained build operations Thread 23" [_thread_blocked, id=13280, stack(0x000000fd77800000,0x000000fd77900000)]
  0x000002d5dcc083a0 JavaThread "Unconstrained build operations Thread 24" [_thread_blocked, id=16464, stack(0x000000fd77900000,0x000000fd77a00000)]
  0x000002d5dcc0aef0 JavaThread "Unconstrained build operations Thread 25" [_thread_blocked, id=17144, stack(0x000000fd77a00000,0x000000fd77b00000)]
  0x000002d5dcc0c230 JavaThread "Unconstrained build operations Thread 26" [_thread_blocked, id=16960, stack(0x000000fd77b00000,0x000000fd77c00000)]
  0x000002d5dcc07530 JavaThread "Unconstrained build operations Thread 27" [_thread_blocked, id=6972, stack(0x000000fd77c00000,0x000000fd77d00000)]
  0x000002d5dcc0c700 JavaThread "Unconstrained build operations Thread 28" [_thread_blocked, id=11480, stack(0x000000fd77e00000,0x000000fd77f00000)]
  0x000002d5dcc0a550 JavaThread "Unconstrained build operations Thread 29" [_thread_blocked, id=4380, stack(0x000000fd77f00000,0x000000fd78000000)]
  0x000002d5dcc0d0a0 JavaThread "Unconstrained build operations Thread 30" [_thread_blocked, id=7112, stack(0x000000fd78000000,0x000000fd78100000)]
  0x000002d5dcc0aa20 JavaThread "jar transforms" [_thread_blocked, id=14552, stack(0x000000fd77d00000,0x000000fd77e00000)]
  0x000002d5dcc0b3c0 JavaThread "jar transforms Thread 2" [_thread_blocked, id=16012, stack(0x000000fd78300000,0x000000fd78400000)]
  0x000002d5dcc09210 JavaThread "jar transforms Thread 3" [_thread_blocked, id=8428, stack(0x000000fd78400000,0x000000fd78500000)]
  0x000002d5dcc096e0 JavaThread "jar transforms Thread 4" [_thread_blocked, id=6428, stack(0x000000fd78500000,0x000000fd78600000)]
  0x000002d5dcc0a080 JavaThread "Unconstrained build operations Thread 31" [_thread_blocked, id=6628, stack(0x000000fd78600000,0x000000fd78700000)]
  0x000002d5d8eb64b0 JavaThread "Unconstrained build operations Thread 32" [_thread_blocked, id=4936, stack(0x000000fd78700000,0x000000fd78800000)]
  0x000002d5d83f0a40 JavaThread "Unconstrained build operations Thread 33" [_thread_blocked, id=7760, stack(0x000000fd78800000,0x000000fd78900000)]
  0x000002d5d83ef700 JavaThread "Unconstrained build operations Thread 34" [_thread_blocked, id=2504, stack(0x000000fd78900000,0x000000fd78a00000)]
  0x000002d5d83f0570 JavaThread "Unconstrained build operations Thread 35" [_thread_blocked, id=16840, stack(0x000000fd78a00000,0x000000fd78b00000)]
  0x000002d5d83f00a0 JavaThread "Unconstrained build operations Thread 36" [_thread_blocked, id=15136, stack(0x000000fd78b00000,0x000000fd78c00000)]
  0x000002d5d83ed550 JavaThread "Unconstrained build operations Thread 37" [_thread_blocked, id=12992, stack(0x000000fd78c00000,0x000000fd78d00000)]
  0x000002d5d83ed080 JavaThread "Unconstrained build operations Thread 38" [_thread_blocked, id=17272, stack(0x000000fd78d00000,0x000000fd78e00000)]
  0x000002d5d83edef0 JavaThread "Unconstrained build operations Thread 39" [_thread_blocked, id=1152, stack(0x000000fd78e00000,0x000000fd78f00000)]
  0x000002d5d80e9940 JavaThread "Cache worker for execution history cache (C:\Users\user\flutter_projects\android\.gradle\8.10.2\executionHistory)" [_thread_blocked, id=16476, stack(0x000000fd78f00000,0x000000fd79000000)]
  0x000002d5d80eb150 JavaThread "Unconstrained build operations Thread 40" [_thread_blocked, id=14420, stack(0x000000fd72e00000,0x000000fd72f00000)]
  0x000002d5d80e8600 JavaThread "WorkerExecutor Queue" [_thread_blocked, id=16560, stack(0x000000fd72d00000,0x000000fd72e00000)]
  0x000002d5d80eb620 JavaThread "WorkerExecutor Queue Thread 2" [_thread_blocked, id=16120, stack(0x000000fd79300000,0x000000fd79400000)]
  0x000002d5d80ec960 JavaThread "WorkerExecutor Queue Thread 3" [_thread_blocked, id=14236, stack(0x000000fd79500000,0x000000fd79600000)]
  0x000002d5d80ea2e0 JavaThread "WorkerExecutor Queue Thread 4" [_thread_blocked, id=12324, stack(0x000000fd79600000,0x000000fd79700000)]
  0x000002d5d80e72c0 JavaThread "ForkJoinPool-1-worker-1" daemon [_thread_blocked, id=15376, stack(0x000000fd78100000,0x000000fd78200000)]
  0x000002d5d80e8130 JavaThread "ForkJoinPool-1-worker-2" daemon [_thread_blocked, id=6220, stack(0x000000fd78200000,0x000000fd78300000)]

Other Threads:
=>0x000002d5d4ff6fa0 VMThread "VM Thread" [stack: 0x000000fd73500000,0x000000fd73600000] [id=15232]
  0x000002d5d5e5fd20 WatcherThread [stack: 0x000000fd74100000,0x000000fd74200000] [id=2640]
  0x000002d59a6d29e0 GCTaskThread "GC Thread#0" [stack: 0x000000fd73000000,0x000000fd73100000] [id=14460]
  0x000002d5d5f75540 GCTaskThread "GC Thread#1" [stack: 0x000000fd74200000,0x000000fd74300000] [id=1136]
  0x000002d5d6013640 GCTaskThread "GC Thread#2" [stack: 0x000000fd74300000,0x000000fd74400000] [id=5256]
  0x000002d5d67cb3b0 GCTaskThread "GC Thread#3" [stack: 0x000000fd74400000,0x000000fd74500000] [id=5092]
  0x000002d59a6e4840 ConcurrentGCThread "G1 Main Marker" [stack: 0x000000fd73100000,0x000000fd73200000] [id=15792]
  0x000002d59a6e5160 ConcurrentGCThread "G1 Conc#0" [stack: 0x000000fd73200000,0x000000fd73300000] [id=12596]
  0x000002d5d4ea65f0 ConcurrentGCThread "G1 Refine#0" [stack: 0x000000fd73300000,0x000000fd73400000] [id=16536]
  0x000002d5e3751c40 ConcurrentGCThread "G1 Refine#1" [stack: 0x000000fd79000000,0x000000fd79100000] [id=2484]
  0x000002d5e3751f20 ConcurrentGCThread "G1 Refine#2" [stack: 0x000000fd79100000,0x000000fd79200000] [id=14920]
  0x000002d5ea121620 ConcurrentGCThread "G1 Refine#3" [stack: 0x000000fd79200000,0x000000fd79300000] [id=11308]
  0x000002d5d4ea6f20 ConcurrentGCThread "G1 Service" [stack: 0x000000fd73400000,0x000000fd73500000] [id=3004]

Threads with active compile tasks:
C2 CompilerThread0   165607 27556       4       com.android.tools.r8.internal.u9::a (1719 bytes)

VM state: at safepoint (normal execution)

VM Mutex/Monitor currently owned by a thread:  ([mutex/lock_event])
[0x000002d59a6221a0] Threads_lock - owner thread: 0x000002d5d4ff6fa0
[0x000002d59a621f60] Heap_lock - owner thread: 0x000002d5d80e8130

Heap address: 0x0000000600000000, size: 8192 MB, Compressed Oops mode: Zero based, Oop shift amount: 3

CDS archive(s) not mapped
Compressed class space mapped at: 0x0000000800000000-0x0000000840000000, reserved size: 1073741824
Narrow klass base: 0x0000000800000000, Narrow klass shift: 0, Narrow klass range: 0x40000000

GC Precious Log:
 CPUs: 4 total, 4 available
 Memory: 3753M
 Large Page Support: Disabled
 NUMA Support: Disabled
 Compressed Oops: Enabled (Zero based)
 Heap Region Size: 4M
 Heap Min Capacity: 8M
 Heap Initial Capacity: 60M
 Heap Max Capacity: 8G
 Pre-touch: Disabled
 Parallel Workers: 4
 Concurrent Workers: 1
 Concurrent Refinement Workers: 4
 Periodic GC: Disabled

Heap:
 garbage-first heap   total 942080K, used 424863K [0x0000000600000000, 0x0000000800000000)
  region size 4096K, 9 young (36864K), 9 survivors (36864K)
 Metaspace       used 218462K, committed 219776K, reserved 1245184K
  class space    used 29149K, committed 29760K, reserved 1048576K

Heap Regions: E=young(eden), S=young(survivor), O=old, HS=humongous(starts), HC=humongous(continues), CS=collection set, F=free, OA=open archive, CA=closed archive, TAMS=top-at-mark-start (previous, next)
|   0|0x0000000600000000, 0x0000000600400000, 0x0000000600400000|100%|HS|  |TAMS 0x0000000600400000, 0x0000000600000000| Complete 
|   1|0x0000000600400000, 0x0000000600800000, 0x0000000600800000|100%| O|  |TAMS 0x0000000600800000, 0x0000000600400000| Untracked 
|   2|0x0000000600800000, 0x0000000600c00000, 0x0000000600c00000|100%| O|  |TAMS 0x0000000600c00000, 0x0000000600800000| Untracked 
|   3|0x0000000600c00000, 0x0000000601000000, 0x0000000601000000|100%| O|  |TAMS 0x0000000601000000, 0x0000000600c00000| Untracked 
|   4|0x0000000601000000, 0x0000000601400000, 0x0000000601400000|100%| O|  |TAMS 0x0000000601400000, 0x0000000601000000| Untracked 
|   5|0x0000000601400000, 0x0000000601800000, 0x0000000601800000|100%| O|  |TAMS 0x0000000601800000, 0x0000000601400000| Untracked 
|   6|0x0000000601800000, 0x0000000601c00000, 0x0000000601c00000|100%| O|  |TAMS 0x0000000601c00000, 0x0000000601800000| Untracked 
|   7|0x0000000601c00000, 0x0000000602000000, 0x0000000602000000|100%| O|  |TAMS 0x0000000602000000, 0x0000000601c00000| Untracked 
|   8|0x0000000602000000, 0x0000000602400000, 0x0000000602400000|100%| O|  |TAMS 0x0000000602400000, 0x0000000602000000| Untracked 
|   9|0x0000000602400000, 0x0000000602800000, 0x0000000602800000|100%| O|  |TAMS 0x0000000602800000, 0x0000000602400000| Untracked 
|  10|0x0000000602800000, 0x0000000602c00000, 0x0000000602c00000|100%| O|  |TAMS 0x0000000602c00000, 0x0000000602800000| Untracked 
|  11|0x0000000602c00000, 0x0000000603000000, 0x0000000603000000|100%|HS|  |TAMS 0x0000000603000000, 0x0000000602c00000| Complete 
|  12|0x0000000603000000, 0x0000000603400000, 0x0000000603400000|100%|HS|  |TAMS 0x0000000603400000, 0x0000000603000000| Complete 
|  13|0x0000000603400000, 0x0000000603800000, 0x0000000603800000|100%| O|  |TAMS 0x0000000603800000, 0x0000000603400000| Untracked 
|  14|0x0000000603800000, 0x0000000603c00000, 0x0000000603c00000|100%| O|  |TAMS 0x0000000603c00000, 0x0000000603800000| Untracked 
|  15|0x0000000603c00000, 0x0000000604000000, 0x0000000604000000|100%| O|  |TAMS 0x0000000604000000, 0x0000000603c00000| Untracked 
|  16|0x0000000604000000, 0x0000000604400000, 0x0000000604400000|100%| O|  |TAMS 0x0000000604400000, 0x0000000604000000| Untracked 
|  17|0x0000000604400000, 0x0000000604800000, 0x0000000604800000|100%|HS|  |TAMS 0x0000000604800000, 0x0000000604400000| Complete 
|  18|0x0000000604800000, 0x0000000604c00000, 0x0000000604c00000|100%| O|  |TAMS 0x0000000604c00000, 0x0000000604800000| Untracked 
|  19|0x0000000604c00000, 0x0000000605000000, 0x0000000605000000|100%| O|  |TAMS 0x0000000605000000, 0x0000000604c00000| Untracked 
|  20|0x0000000605000000, 0x0000000605400000, 0x0000000605400000|100%| O|  |TAMS 0x0000000605400000, 0x0000000605000000| Untracked 
|  21|0x0000000605400000, 0x0000000605800000, 0x0000000605800000|100%| O|  |TAMS 0x0000000605800000, 0x0000000605400000| Untracked 
|  22|0x0000000605800000, 0x0000000605c00000, 0x0000000605c00000|100%| O|  |TAMS 0x0000000605c00000, 0x0000000605800000| Untracked 
|  23|0x0000000605c00000, 0x0000000606000000, 0x0000000606000000|100%| O|  |TAMS 0x0000000606000000, 0x0000000605c00000| Untracked 
|  24|0x0000000606000000, 0x0000000606400000, 0x0000000606400000|100%|HS|  |TAMS 0x0000000606400000, 0x0000000606000000| Complete 
|  25|0x0000000606400000, 0x0000000606800000, 0x0000000606800000|100%| O|  |TAMS 0x0000000606800000, 0x0000000606400000| Untracked 
|  26|0x0000000606800000, 0x0000000606c00000, 0x0000000606c00000|100%| O|  |TAMS 0x0000000606c00000, 0x0000000606800000| Untracked 
|  27|0x0000000606c00000, 0x0000000607000000, 0x0000000607000000|100%| O|  |TAMS 0x0000000607000000, 0x0000000606c00000| Untracked 
|  28|0x0000000607000000, 0x0000000607400000, 0x0000000607400000|100%|HS|  |TAMS 0x0000000607400000, 0x0000000607000000| Complete 
|  29|0x0000000607400000, 0x0000000607800000, 0x0000000607800000|100%| O|  |TAMS 0x0000000607800000, 0x0000000607400000| Untracked 
|  30|0x0000000607800000, 0x0000000607c00000, 0x0000000607c00000|100%| O|  |TAMS 0x0000000607c00000, 0x0000000607800000| Untracked 
|  31|0x0000000607c00000, 0x0000000608000000, 0x0000000608000000|100%| O|  |TAMS 0x0000000608000000, 0x0000000607c00000| Untracked 
|  32|0x0000000608000000, 0x0000000608400000, 0x0000000608400000|100%| O|  |TAMS 0x0000000608400000, 0x0000000608000000| Untracked 
|  33|0x0000000608400000, 0x0000000608800000, 0x0000000608800000|100%| O|  |TAMS 0x0000000608800000, 0x0000000608400000| Untracked 
|  34|0x0000000608800000, 0x0000000608c00000, 0x0000000608c00000|100%| O|  |TAMS 0x0000000608c00000, 0x0000000608800000| Untracked 
|  35|0x0000000608c00000, 0x0000000609000000, 0x0000000609000000|100%| O|  |TAMS 0x0000000609000000, 0x0000000608c00000| Untracked 
|  36|0x0000000609000000, 0x0000000609400000, 0x0000000609400000|100%| O|  |TAMS 0x0000000609400000, 0x0000000609000000| Untracked 
|  37|0x0000000609400000, 0x0000000609800000, 0x0000000609800000|100%| O|  |TAMS 0x0000000609800000, 0x0000000609400000| Untracked 
|  38|0x0000000609800000, 0x0000000609c00000, 0x0000000609c00000|100%| O|  |TAMS 0x0000000609c00000, 0x0000000609800000| Untracked 
|  39|0x0000000609c00000, 0x000000060a000000, 0x000000060a000000|100%|HS|  |TAMS 0x000000060a000000, 0x0000000609c00000| Complete 
|  40|0x000000060a000000, 0x000000060a400000, 0x000000060a400000|100%|HS|  |TAMS 0x000000060a400000, 0x000000060a000000| Complete 
|  41|0x000000060a400000, 0x000000060a800000, 0x000000060a800000|100%| O|  |TAMS 0x000000060a800000, 0x000000060a400000| Untracked 
|  42|0x000000060a800000, 0x000000060ac00000, 0x000000060ac00000|100%| O|  |TAMS 0x000000060ac00000, 0x000000060a800000| Untracked 
|  43|0x000000060ac00000, 0x000000060b000000, 0x000000060b000000|100%| O|  |TAMS 0x000000060b000000, 0x000000060ac00000| Untracked 
|  44|0x000000060b000000, 0x000000060b400000, 0x000000060b400000|100%| O|  |TAMS 0x000000060b400000, 0x000000060b000000| Untracked 
|  45|0x000000060b400000, 0x000000060b800000, 0x000000060b800000|100%| O|  |TAMS 0x000000060b800000, 0x000000060b400000| Untracked 
|  46|0x000000060b800000, 0x000000060bc00000, 0x000000060bc00000|100%| O|  |TAMS 0x000000060bc00000, 0x000000060b800000| Untracked 
|  47|0x000000060bc00000, 0x000000060c000000, 0x000000060c000000|100%| O|  |TAMS 0x000000060c000000, 0x000000060bc00000| Untracked 
|  48|0x000000060c000000, 0x000000060c400000, 0x000000060c400000|100%| O|  |TAMS 0x000000060c400000, 0x000000060c000000| Untracked 
|  49|0x000000060c400000, 0x000000060c800000, 0x000000060c800000|100%| O|  |TAMS 0x000000060c800000, 0x000000060c400000| Untracked 
|  50|0x000000060c800000, 0x000000060cc00000, 0x000000060cc00000|100%| O|  |TAMS 0x000000060cc00000, 0x000000060c800000| Untracked 
|  51|0x000000060cc00000, 0x000000060d000000, 0x000000060d000000|100%| O|  |TAMS 0x000000060d000000, 0x000000060cc00000| Untracked 
|  52|0x000000060d000000, 0x000000060d400000, 0x000000060d400000|100%| O|  |TAMS 0x000000060d400000, 0x000000060d000000| Untracked 
|  53|0x000000060d400000, 0x000000060d800000, 0x000000060d800000|100%| O|  |TAMS 0x000000060d800000, 0x000000060d400000| Untracked 
|  54|0x000000060d800000, 0x000000060dc00000, 0x000000060dc00000|100%| O|  |TAMS 0x000000060dc00000, 0x000000060d800000| Untracked 
|  55|0x000000060dc00000, 0x000000060e000000, 0x000000060e000000|100%| O|  |TAMS 0x000000060e000000, 0x000000060dc00000| Untracked 
|  56|0x000000060e000000, 0x000000060e400000, 0x000000060e400000|100%| O|  |TAMS 0x000000060e400000, 0x000000060e000000| Untracked 
|  57|0x000000060e400000, 0x000000060e800000, 0x000000060e800000|100%| O|  |TAMS 0x000000060e800000, 0x000000060e400000| Untracked 
|  58|0x000000060e800000, 0x000000060ec00000, 0x000000060ec00000|100%| O|  |TAMS 0x000000060ec00000, 0x000000060e800000| Untracked 
|  59|0x000000060ec00000, 0x000000060f000000, 0x000000060f000000|100%| O|  |TAMS 0x000000060f000000, 0x000000060ec00000| Untracked 
|  60|0x000000060f000000, 0x000000060f400000, 0x000000060f400000|100%| O|  |TAMS 0x000000060f400000, 0x000000060f000000| Untracked 
|  61|0x000000060f400000, 0x000000060f800000, 0x000000060f800000|100%| O|  |TAMS 0x000000060f800000, 0x000000060f400000| Untracked 
|  62|0x000000060f800000, 0x000000060fc00000, 0x000000060fc00000|100%| O|  |TAMS 0x000000060fc00000, 0x000000060f800000| Untracked 
|  63|0x000000060fc00000, 0x0000000610000000, 0x0000000610000000|100%| O|  |TAMS 0x0000000610000000, 0x000000060fc00000| Untracked 
|  64|0x0000000610000000, 0x0000000610400000, 0x0000000610400000|100%| O|  |TAMS 0x0000000610000000, 0x0000000610000000| Untracked 
|  65|0x0000000610400000, 0x0000000610800000, 0x0000000610800000|100%| O|  |TAMS 0x0000000610400000, 0x0000000610400000| Untracked 
|  66|0x0000000610800000, 0x0000000610c00000, 0x0000000610c00000|100%| O|  |TAMS 0x0000000610800000, 0x0000000610800000| Untracked 
|  67|0x0000000610c00000, 0x0000000611000000, 0x0000000611000000|100%| O|  |TAMS 0x0000000610c00000, 0x0000000610c00000| Untracked 
|  68|0x0000000611000000, 0x0000000611400000, 0x0000000611400000|100%| O|  |TAMS 0x0000000611000000, 0x0000000611000000| Untracked 
|  69|0x0000000611400000, 0x0000000611800000, 0x0000000611800000|100%| O|  |TAMS 0x0000000611400000, 0x0000000611400000| Untracked 
|  70|0x0000000611800000, 0x0000000611c00000, 0x0000000611c00000|100%| O|  |TAMS 0x0000000611800000, 0x0000000611800000| Untracked 
|  71|0x0000000611c00000, 0x0000000612000000, 0x0000000612000000|100%| O|  |TAMS 0x0000000611c00000, 0x0000000611c00000| Untracked 
|  72|0x0000000612000000, 0x0000000612400000, 0x0000000612400000|100%| O|  |TAMS 0x0000000612000000, 0x0000000612000000| Untracked 
|  73|0x0000000612400000, 0x0000000612800000, 0x0000000612800000|100%| O|  |TAMS 0x0000000612400000, 0x0000000612400000| Untracked 
|  74|0x0000000612800000, 0x0000000612c00000, 0x0000000612c00000|100%| O|  |TAMS 0x0000000612800000, 0x0000000612800000| Untracked 
|  75|0x0000000612c00000, 0x0000000613000000, 0x0000000613000000|100%| O|  |TAMS 0x0000000612c00000, 0x0000000612c00000| Untracked 
|  76|0x0000000613000000, 0x0000000613400000, 0x0000000613400000|100%| O|  |TAMS 0x0000000613000000, 0x0000000613000000| Untracked 
|  77|0x0000000613400000, 0x0000000613800000, 0x0000000613800000|100%| O|  |TAMS 0x0000000613400000, 0x0000000613400000| Untracked 
|  78|0x0000000613800000, 0x0000000613c00000, 0x0000000613c00000|100%| O|  |TAMS 0x0000000613800000, 0x0000000613800000| Untracked 
|  79|0x0000000613c00000, 0x0000000614000000, 0x0000000614000000|100%| O|  |TAMS 0x0000000613c00000, 0x0000000613c00000| Untracked 
|  80|0x0000000614000000, 0x0000000614400000, 0x0000000614400000|100%| O|  |TAMS 0x0000000614000000, 0x0000000614000000| Untracked 
|  81|0x0000000614400000, 0x0000000614800000, 0x0000000614800000|100%| O|  |TAMS 0x0000000614400000, 0x0000000614400000| Untracked 
|  82|0x0000000614800000, 0x0000000614c00000, 0x0000000614c00000|100%| O|  |TAMS 0x0000000614800000, 0x0000000614800000| Untracked 
|  83|0x0000000614c00000, 0x0000000615000000, 0x0000000615000000|100%| O|  |TAMS 0x0000000614c00000, 0x0000000614c00000| Untracked 
|  84|0x0000000615000000, 0x0000000615400000, 0x0000000615400000|100%| O|  |TAMS 0x0000000615000000, 0x0000000615000000| Untracked 
|  85|0x0000000615400000, 0x0000000615800000, 0x0000000615800000|100%| O|  |TAMS 0x0000000615400000, 0x0000000615400000| Untracked 
|  86|0x0000000615800000, 0x0000000615c00000, 0x0000000615c00000|100%| O|  |TAMS 0x0000000615800000, 0x0000000615800000| Untracked 
|  87|0x0000000615c00000, 0x0000000616000000, 0x0000000616000000|100%| O|  |TAMS 0x0000000615c00000, 0x0000000615c00000| Untracked 
|  88|0x0000000616000000, 0x0000000616400000, 0x0000000616400000|100%| O|  |TAMS 0x0000000616000000, 0x0000000616000000| Untracked 
|  89|0x0000000616400000, 0x0000000616800000, 0x0000000616800000|100%| O|  |TAMS 0x0000000616400000, 0x0000000616400000| Untracked 
|  90|0x0000000616800000, 0x0000000616c00000, 0x0000000616c00000|100%| O|  |TAMS 0x0000000616800000, 0x0000000616800000| Untracked 
|  91|0x0000000616c00000, 0x0000000617000000, 0x0000000617000000|100%|HS|  |TAMS 0x0000000616c00000, 0x0000000616c00000| Complete 
|  92|0x0000000617000000, 0x0000000617400000, 0x0000000617400000|100%|HC|  |TAMS 0x0000000617000000, 0x0000000617000000| Complete 
|  93|0x0000000617400000, 0x0000000617800000, 0x0000000617800000|100%| O|  |TAMS 0x0000000617400000, 0x0000000617400000| Untracked 
|  94|0x0000000617800000, 0x0000000617c00000, 0x0000000617c00000|100%| O|  |TAMS 0x0000000617800000, 0x0000000617800000| Untracked 
|  95|0x0000000617c00000, 0x0000000617c6b400, 0x0000000618000000| 10%| O|  |TAMS 0x0000000617c00000, 0x0000000617c00000| Untracked 
|  96|0x0000000618000000, 0x0000000618000000, 0x0000000618400000|  0%| F|  |TAMS 0x0000000618000000, 0x0000000618000000| Untracked 
|  97|0x0000000618400000, 0x0000000618400000, 0x0000000618800000|  0%| F|  |TAMS 0x0000000618400000, 0x0000000618400000| Untracked 
|  98|0x0000000618800000, 0x0000000618800000, 0x0000000618c00000|  0%| F|  |TAMS 0x0000000618800000, 0x0000000618800000| Untracked 
|  99|0x0000000618c00000, 0x0000000618c00000, 0x0000000619000000|  0%| F|  |TAMS 0x0000000618c00000, 0x0000000618c00000| Untracked 
| 100|0x0000000619000000, 0x0000000619000000, 0x0000000619400000|  0%| F|  |TAMS 0x0000000619000000, 0x0000000619000000| Untracked 
| 101|0x0000000619400000, 0x0000000619400000, 0x0000000619800000|  0%| F|  |TAMS 0x0000000619400000, 0x0000000619400000| Untracked 
| 102|0x0000000619800000, 0x0000000619800000, 0x0000000619c00000|  0%| F|  |TAMS 0x0000000619800000, 0x0000000619800000| Untracked 
| 103|0x0000000619c00000, 0x0000000619c00000, 0x000000061a000000|  0%| F|  |TAMS 0x0000000619c00000, 0x0000000619c00000| Untracked 
| 104|0x000000061a000000, 0x000000061a000000, 0x000000061a400000|  0%| F|  |TAMS 0x000000061a000000, 0x000000061a000000| Untracked 
| 105|0x000000061a400000, 0x000000061a400000, 0x000000061a800000|  0%| F|  |TAMS 0x000000061a400000, 0x000000061a400000| Untracked 
| 106|0x000000061a800000, 0x000000061a800000, 0x000000061ac00000|  0%| F|  |TAMS 0x000000061a800000, 0x000000061a800000| Untracked 
| 107|0x000000061ac00000, 0x000000061ac00000, 0x000000061b000000|  0%| F|  |TAMS 0x000000061ac00000, 0x000000061ac00000| Untracked 
| 108|0x000000061b000000, 0x000000061b000000, 0x000000061b400000|  0%| F|  |TAMS 0x000000061b000000, 0x000000061b000000| Untracked 
| 109|0x000000061b400000, 0x000000061b400000, 0x000000061b800000|  0%| F|  |TAMS 0x000000061b400000, 0x000000061b400000| Untracked 
| 110|0x000000061b800000, 0x000000061b800000, 0x000000061bc00000|  0%| F|  |TAMS 0x000000061b800000, 0x000000061b800000| Untracked 
| 111|0x000000061bc00000, 0x000000061bc00000, 0x000000061c000000|  0%| F|  |TAMS 0x000000061bc00000, 0x000000061bc00000| Untracked 
| 112|0x000000061c000000, 0x000000061c000000, 0x000000061c400000|  0%| F|  |TAMS 0x000000061c000000, 0x000000061c000000| Untracked 
| 113|0x000000061c400000, 0x000000061c400000, 0x000000061c800000|  0%| F|  |TAMS 0x000000061c400000, 0x000000061c400000| Untracked 
| 114|0x000000061c800000, 0x000000061c800000, 0x000000061cc00000|  0%| F|  |TAMS 0x000000061c800000, 0x000000061c800000| Untracked 
| 115|0x000000061cc00000, 0x000000061cc00000, 0x000000061d000000|  0%| F|  |TAMS 0x000000061cc00000, 0x000000061cc00000| Untracked 
| 116|0x000000061d000000, 0x000000061d000000, 0x000000061d400000|  0%| F|  |TAMS 0x000000061d000000, 0x000000061d000000| Untracked 
| 117|0x000000061d400000, 0x000000061d400000, 0x000000061d800000|  0%| F|  |TAMS 0x000000061d400000, 0x000000061d400000| Untracked 
| 118|0x000000061d800000, 0x000000061d800000, 0x000000061dc00000|  0%| F|  |TAMS 0x000000061d800000, 0x000000061d800000| Untracked 
| 119|0x000000061dc00000, 0x000000061dc00000, 0x000000061e000000|  0%| F|  |TAMS 0x000000061dc00000, 0x000000061dc00000| Untracked 
| 120|0x000000061e000000, 0x000000061e000000, 0x000000061e400000|  0%| F|  |TAMS 0x000000061e000000, 0x000000061e000000| Untracked 
| 121|0x000000061e400000, 0x000000061e400000, 0x000000061e800000|  0%| F|  |TAMS 0x000000061e400000, 0x000000061e400000| Untracked 
| 122|0x000000061e800000, 0x000000061e800000, 0x000000061ec00000|  0%| F|  |TAMS 0x000000061e800000, 0x000000061e800000| Untracked 
| 123|0x000000061ec00000, 0x000000061ec00000, 0x000000061f000000|  0%| F|  |TAMS 0x000000061ec00000, 0x000000061ec00000| Untracked 
| 124|0x000000061f000000, 0x000000061f000000, 0x000000061f400000|  0%| F|  |TAMS 0x000000061f000000, 0x000000061f000000| Untracked 
| 125|0x000000061f400000, 0x000000061f400000, 0x000000061f800000|  0%| F|  |TAMS 0x000000061f400000, 0x000000061f400000| Untracked 
| 126|0x000000061f800000, 0x000000061f800000, 0x000000061fc00000|  0%| F|  |TAMS 0x000000061f800000, 0x000000061f800000| Untracked 
| 127|0x000000061fc00000, 0x000000061fc00000, 0x0000000620000000|  0%| F|  |TAMS 0x000000061fc00000, 0x000000061fc00000| Untracked 
| 128|0x0000000620000000, 0x0000000620000000, 0x0000000620400000|  0%| F|  |TAMS 0x0000000620000000, 0x0000000620000000| Untracked 
| 129|0x0000000620400000, 0x0000000620400000, 0x0000000620800000|  0%| F|  |TAMS 0x0000000620400000, 0x0000000620400000| Untracked 
| 130|0x0000000620800000, 0x0000000620800000, 0x0000000620c00000|  0%| F|  |TAMS 0x0000000620800000, 0x0000000620800000| Untracked 
| 131|0x0000000620c00000, 0x0000000620c00000, 0x0000000621000000|  0%| F|  |TAMS 0x0000000620c00000, 0x0000000620c00000| Untracked 
| 132|0x0000000621000000, 0x0000000621000000, 0x0000000621400000|  0%| F|  |TAMS 0x0000000621000000, 0x0000000621000000| Untracked 
| 133|0x0000000621400000, 0x0000000621400000, 0x0000000621800000|  0%| F|  |TAMS 0x0000000621400000, 0x0000000621400000| Untracked 
| 134|0x0000000621800000, 0x0000000621800000, 0x0000000621c00000|  0%| F|  |TAMS 0x0000000621800000, 0x0000000621800000| Untracked 
| 135|0x0000000621c00000, 0x0000000621c00000, 0x0000000622000000|  0%| F|  |TAMS 0x0000000621c00000, 0x0000000621c00000| Untracked 
| 136|0x0000000622000000, 0x0000000622000000, 0x0000000622400000|  0%| F|  |TAMS 0x0000000622000000, 0x0000000622000000| Untracked 
| 137|0x0000000622400000, 0x0000000622400000, 0x0000000622800000|  0%| F|  |TAMS 0x0000000622400000, 0x0000000622400000| Untracked 
| 138|0x0000000622800000, 0x0000000622800000, 0x0000000622c00000|  0%| F|  |TAMS 0x0000000622800000, 0x0000000622800000| Untracked 
| 139|0x0000000622c00000, 0x0000000622c00000, 0x0000000623000000|  0%| F|  |TAMS 0x0000000622c00000, 0x0000000622c00000| Untracked 
| 140|0x0000000623000000, 0x0000000623000000, 0x0000000623400000|  0%| F|  |TAMS 0x0000000623000000, 0x0000000623000000| Untracked 
| 141|0x0000000623400000, 0x0000000623400000, 0x0000000623800000|  0%| F|  |TAMS 0x0000000623400000, 0x0000000623400000| Untracked 
| 142|0x0000000623800000, 0x0000000623800000, 0x0000000623c00000|  0%| F|  |TAMS 0x0000000623800000, 0x0000000623800000| Untracked 
| 143|0x0000000623c00000, 0x0000000623c00000, 0x0000000624000000|  0%| F|  |TAMS 0x0000000623c00000, 0x0000000623c00000| Untracked 
| 144|0x0000000624000000, 0x0000000624000000, 0x0000000624400000|  0%| F|  |TAMS 0x0000000624000000, 0x0000000624000000| Untracked 
| 145|0x0000000624400000, 0x0000000624400000, 0x0000000624800000|  0%| F|  |TAMS 0x0000000624400000, 0x0000000624400000| Untracked 
| 146|0x0000000624800000, 0x0000000624800000, 0x0000000624c00000|  0%| F|  |TAMS 0x0000000624800000, 0x0000000624800000| Untracked 
| 147|0x0000000624c00000, 0x0000000624e7c870, 0x0000000625000000| 62%| S|CS|TAMS 0x0000000624c00000, 0x0000000624c00000| Complete 
| 148|0x0000000625000000, 0x0000000625400000, 0x0000000625400000|100%| S|CS|TAMS 0x0000000625000000, 0x0000000625000000| Complete 
| 149|0x0000000625400000, 0x0000000625800000, 0x0000000625800000|100%| S|CS|TAMS 0x0000000625400000, 0x0000000625400000| Complete 
| 150|0x0000000625800000, 0x0000000625c00000, 0x0000000625c00000|100%| S|CS|TAMS 0x0000000625800000, 0x0000000625800000| Complete 
| 151|0x0000000625c00000, 0x0000000626000000, 0x0000000626000000|100%| S|CS|TAMS 0x0000000625c00000, 0x0000000625c00000| Complete 
| 152|0x0000000626000000, 0x0000000626400000, 0x0000000626400000|100%| S|CS|TAMS 0x0000000626000000, 0x0000000626000000| Complete 
| 153|0x0000000626400000, 0x0000000626800000, 0x0000000626800000|100%| S|CS|TAMS 0x0000000626400000, 0x0000000626400000| Complete 
| 154|0x0000000626800000, 0x0000000626c00000, 0x0000000626c00000|100%| S|CS|TAMS 0x0000000626800000, 0x0000000626800000| Complete 
| 155|0x0000000626c00000, 0x0000000627000000, 0x0000000627000000|100%| S|CS|TAMS 0x0000000626c00000, 0x0000000626c00000| Complete 
| 156|0x0000000627000000, 0x0000000627000000, 0x0000000627400000|  0%| F|  |TAMS 0x0000000627000000, 0x0000000627000000| Untracked 
| 157|0x0000000627400000, 0x0000000627400000, 0x0000000627800000|  0%| F|  |TAMS 0x0000000627400000, 0x0000000627400000| Untracked 
| 158|0x0000000627800000, 0x0000000627800000, 0x0000000627c00000|  0%| F|  |TAMS 0x0000000627800000, 0x0000000627800000| Untracked 
| 159|0x0000000627c00000, 0x0000000627c00000, 0x0000000628000000|  0%| F|  |TAMS 0x0000000627c00000, 0x0000000627c00000| Untracked 
| 160|0x0000000628000000, 0x0000000628000000, 0x0000000628400000|  0%| F|  |TAMS 0x0000000628000000, 0x0000000628000000| Untracked 
| 161|0x0000000628400000, 0x0000000628400000, 0x0000000628800000|  0%| F|  |TAMS 0x0000000628400000, 0x0000000628400000| Untracked 
| 162|0x0000000628800000, 0x0000000628800000, 0x0000000628c00000|  0%| F|  |TAMS 0x0000000628800000, 0x0000000628800000| Untracked 
| 163|0x0000000628c00000, 0x0000000628c00000, 0x0000000629000000|  0%| F|  |TAMS 0x0000000628c00000, 0x0000000628c00000| Untracked 
| 164|0x0000000629000000, 0x0000000629000000, 0x0000000629400000|  0%| F|  |TAMS 0x0000000629000000, 0x0000000629000000| Untracked 
| 165|0x0000000629400000, 0x0000000629400000, 0x0000000629800000|  0%| F|  |TAMS 0x0000000629400000, 0x0000000629400000| Untracked 
| 166|0x0000000629800000, 0x0000000629800000, 0x0000000629c00000|  0%| F|  |TAMS 0x0000000629800000, 0x0000000629800000| Untracked 
| 167|0x0000000629c00000, 0x0000000629c00000, 0x000000062a000000|  0%| F|  |TAMS 0x0000000629c00000, 0x0000000629c00000| Untracked 
| 168|0x000000062a000000, 0x000000062a000000, 0x000000062a400000|  0%| F|  |TAMS 0x000000062a000000, 0x000000062a000000| Untracked 
| 169|0x000000062a400000, 0x000000062a400000, 0x000000062a800000|  0%| F|  |TAMS 0x000000062a400000, 0x000000062a400000| Untracked 
| 170|0x000000062a800000, 0x000000062a800000, 0x000000062ac00000|  0%| F|  |TAMS 0x000000062a800000, 0x000000062a800000| Untracked 
| 171|0x000000062ac00000, 0x000000062ac00000, 0x000000062b000000|  0%| F|  |TAMS 0x000000062ac00000, 0x000000062ac00000| Untracked 
| 172|0x000000062b000000, 0x000000062b000000, 0x000000062b400000|  0%| F|  |TAMS 0x000000062b000000, 0x000000062b000000| Untracked 
| 173|0x000000062b400000, 0x000000062b400000, 0x000000062b800000|  0%| F|  |TAMS 0x000000062b400000, 0x000000062b400000| Untracked 
| 174|0x000000062b800000, 0x000000062b800000, 0x000000062bc00000|  0%| F|  |TAMS 0x000000062b800000, 0x000000062b800000| Untracked 
| 175|0x000000062bc00000, 0x000000062bc00000, 0x000000062c000000|  0%| F|  |TAMS 0x000000062bc00000, 0x000000062bc00000| Untracked 
| 176|0x000000062c000000, 0x000000062c000000, 0x000000062c400000|  0%| F|  |TAMS 0x000000062c000000, 0x000000062c000000| Untracked 
| 177|0x000000062c400000, 0x000000062c400000, 0x000000062c800000|  0%| F|  |TAMS 0x000000062c400000, 0x000000062c400000| Untracked 
| 178|0x000000062c800000, 0x000000062c800000, 0x000000062cc00000|  0%| F|  |TAMS 0x000000062c800000, 0x000000062c800000| Untracked 
| 179|0x000000062cc00000, 0x000000062cc00000, 0x000000062d000000|  0%| F|  |TAMS 0x000000062cc00000, 0x000000062cc00000| Untracked 
| 180|0x000000062d000000, 0x000000062d000000, 0x000000062d400000|  0%| F|  |TAMS 0x000000062d000000, 0x000000062d000000| Untracked 
| 181|0x000000062d400000, 0x000000062d400000, 0x000000062d800000|  0%| F|  |TAMS 0x000000062d400000, 0x000000062d400000| Untracked 
| 182|0x000000062d800000, 0x000000062d800000, 0x000000062dc00000|  0%| F|  |TAMS 0x000000062d800000, 0x000000062d800000| Untracked 
| 183|0x000000062dc00000, 0x000000062dc00000, 0x000000062e000000|  0%| F|  |TAMS 0x000000062dc00000, 0x000000062dc00000| Untracked 
| 184|0x000000062e000000, 0x000000062e000000, 0x000000062e400000|  0%| F|  |TAMS 0x000000062e000000, 0x000000062e000000| Untracked 
| 185|0x000000062e400000, 0x000000062e400000, 0x000000062e800000|  0%| F|  |TAMS 0x000000062e400000, 0x000000062e400000| Untracked 
| 186|0x000000062e800000, 0x000000062e800000, 0x000000062ec00000|  0%| F|  |TAMS 0x000000062e800000, 0x000000062e800000| Untracked 
| 187|0x000000062ec00000, 0x000000062ec00000, 0x000000062f000000|  0%| F|  |TAMS 0x000000062ec00000, 0x000000062ec00000| Untracked 
| 188|0x000000062f000000, 0x000000062f000000, 0x000000062f400000|  0%| F|  |TAMS 0x000000062f000000, 0x000000062f000000| Untracked 
| 189|0x000000062f400000, 0x000000062f400000, 0x000000062f800000|  0%| F|  |TAMS 0x000000062f400000, 0x000000062f400000| Untracked 
| 190|0x000000062f800000, 0x000000062f800000, 0x000000062fc00000|  0%| F|  |TAMS 0x000000062f800000, 0x000000062f800000| Untracked 
| 191|0x000000062fc00000, 0x000000062fc00000, 0x0000000630000000|  0%| F|  |TAMS 0x000000062fc00000, 0x000000062fc00000| Untracked 
| 192|0x0000000630000000, 0x0000000630000000, 0x0000000630400000|  0%| F|  |TAMS 0x0000000630000000, 0x0000000630000000| Untracked 
| 193|0x0000000630400000, 0x0000000630400000, 0x0000000630800000|  0%| F|  |TAMS 0x0000000630400000, 0x0000000630400000| Untracked 
| 194|0x0000000630800000, 0x0000000630800000, 0x0000000630c00000|  0%| F|  |TAMS 0x0000000630800000, 0x0000000630800000| Untracked 
| 195|0x0000000630c00000, 0x0000000630c00000, 0x0000000631000000|  0%| F|  |TAMS 0x0000000630c00000, 0x0000000630c00000| Untracked 
| 196|0x0000000631000000, 0x0000000631000000, 0x0000000631400000|  0%| F|  |TAMS 0x0000000631000000, 0x0000000631000000| Untracked 
| 197|0x0000000631400000, 0x0000000631400000, 0x0000000631800000|  0%| F|  |TAMS 0x0000000631400000, 0x0000000631400000| Untracked 
| 198|0x0000000631800000, 0x0000000631800000, 0x0000000631c00000|  0%| F|  |TAMS 0x0000000631800000, 0x0000000631800000| Untracked 
| 199|0x0000000631c00000, 0x0000000631c00000, 0x0000000632000000|  0%| F|  |TAMS 0x0000000631c00000, 0x0000000631c00000| Untracked 
| 200|0x0000000632000000, 0x0000000632000000, 0x0000000632400000|  0%| F|  |TAMS 0x0000000632000000, 0x0000000632000000| Untracked 
| 201|0x0000000632400000, 0x0000000632400000, 0x0000000632800000|  0%| F|  |TAMS 0x0000000632400000, 0x0000000632400000| Untracked 
| 202|0x0000000632800000, 0x0000000632800000, 0x0000000632c00000|  0%| F|  |TAMS 0x0000000632800000, 0x0000000632800000| Untracked 
| 203|0x0000000632c00000, 0x0000000632c00000, 0x0000000633000000|  0%| F|  |TAMS 0x0000000632c00000, 0x0000000632c00000| Untracked 
| 204|0x0000000633000000, 0x0000000633000000, 0x0000000633400000|  0%| F|  |TAMS 0x0000000633000000, 0x0000000633000000| Untracked 
| 205|0x0000000633400000, 0x0000000633400000, 0x0000000633800000|  0%| F|  |TAMS 0x0000000633400000, 0x0000000633400000| Untracked 
| 206|0x0000000633800000, 0x0000000633800000, 0x0000000633c00000|  0%| F|  |TAMS 0x0000000633800000, 0x0000000633800000| Untracked 
| 207|0x0000000633c00000, 0x0000000633c00000, 0x0000000634000000|  0%| F|  |TAMS 0x0000000633c00000, 0x0000000633c00000| Untracked 
| 208|0x0000000634000000, 0x0000000634000000, 0x0000000634400000|  0%| F|  |TAMS 0x0000000634000000, 0x0000000634000000| Untracked 
| 209|0x0000000634400000, 0x0000000634400000, 0x0000000634800000|  0%| F|  |TAMS 0x0000000634400000, 0x0000000634400000| Untracked 
| 210|0x0000000634800000, 0x0000000634800000, 0x0000000634c00000|  0%| F|  |TAMS 0x0000000634800000, 0x0000000634800000| Untracked 
| 211|0x0000000634c00000, 0x0000000634c00000, 0x0000000635000000|  0%| F|  |TAMS 0x0000000634c00000, 0x0000000634c00000| Untracked 
| 212|0x0000000635000000, 0x0000000635000000, 0x0000000635400000|  0%| F|  |TAMS 0x0000000635000000, 0x0000000635000000| Untracked 
| 213|0x0000000635400000, 0x0000000635400000, 0x0000000635800000|  0%| F|  |TAMS 0x0000000635400000, 0x0000000635400000| Untracked 
| 214|0x0000000635800000, 0x0000000635800000, 0x0000000635c00000|  0%| F|  |TAMS 0x0000000635800000, 0x0000000635800000| Untracked 
| 215|0x0000000635c00000, 0x0000000635c00000, 0x0000000636000000|  0%| F|  |TAMS 0x0000000635c00000, 0x0000000635c00000| Untracked 
| 216|0x0000000636000000, 0x0000000636000000, 0x0000000636400000|  0%| F|  |TAMS 0x0000000636000000, 0x0000000636000000| Untracked 
| 217|0x0000000636400000, 0x0000000636400000, 0x0000000636800000|  0%| F|  |TAMS 0x0000000636400000, 0x0000000636400000| Untracked 
| 218|0x0000000636800000, 0x0000000636800000, 0x0000000636c00000|  0%| F|  |TAMS 0x0000000636800000, 0x0000000636800000| Untracked 
| 219|0x0000000636c00000, 0x0000000636c00000, 0x0000000637000000|  0%| F|  |TAMS 0x0000000636c00000, 0x0000000636c00000| Untracked 
| 220|0x0000000637000000, 0x0000000637000000, 0x0000000637400000|  0%| F|  |TAMS 0x0000000637000000, 0x0000000637000000| Untracked 
| 221|0x0000000637400000, 0x0000000637400000, 0x0000000637800000|  0%| F|  |TAMS 0x0000000637400000, 0x0000000637400000| Untracked 
| 222|0x0000000637800000, 0x0000000637800000, 0x0000000637c00000|  0%| F|  |TAMS 0x0000000637800000, 0x0000000637800000| Untracked 
| 223|0x0000000637c00000, 0x0000000637c00000, 0x0000000638000000|  0%| F|  |TAMS 0x0000000637c00000, 0x0000000637c00000| Untracked 
| 224|0x0000000638000000, 0x0000000638000000, 0x0000000638400000|  0%| F|  |TAMS 0x0000000638000000, 0x0000000638000000| Untracked 
| 225|0x0000000638400000, 0x0000000638400000, 0x0000000638800000|  0%| F|  |TAMS 0x0000000638400000, 0x0000000638400000| Untracked 
| 226|0x0000000638800000, 0x0000000638800000, 0x0000000638c00000|  0%| F|  |TAMS 0x0000000638800000, 0x0000000638800000| Untracked 
| 227|0x0000000638c00000, 0x0000000638c00000, 0x0000000639000000|  0%| F|  |TAMS 0x0000000638c00000, 0x0000000638c00000| Untracked 
| 228|0x0000000639000000, 0x0000000639000000, 0x0000000639400000|  0%| F|  |TAMS 0x0000000639000000, 0x0000000639000000| Untracked 
| 229|0x0000000639400000, 0x0000000639400000, 0x0000000639800000|  0%| F|  |TAMS 0x0000000639400000, 0x0000000639400000| Untracked 

Card table byte_map: [0x000002d5c0b00000,0x000002d5c1b00000] _byte_map_base: 0x000002d5bdb00000

Marking Bits (Prev, Next): (CMBitMap*) 0x000002d59a6d3f10, (CMBitMap*) 0x000002d59a6d3f50
 Prev Bits: [0x000002d5c2b00000, 0x000002d5cab00000)
 Next Bits: [0x000002d5cab00000, 0x000002d5d2b00000)

Polling page: 0x000002d59a410000

Metaspace:

Usage:
  Non-class:    184.88 MB used.
      Class:     28.47 MB used.
       Both:    213.34 MB used.

Virtual space:
  Non-class space:      192.00 MB reserved,     185.56 MB ( 97%) committed,  24 nodes.
      Class space:        1.00 GB reserved,      29.06 MB (  3%) committed,  1 nodes.
             Both:        1.19 GB reserved,     214.62 MB ( 18%) committed. 

Chunk freelists:
   Non-Class:  2.09 MB
       Class:  2.89 MB
        Both:  4.98 MB

MaxMetaspaceSize: 4.00 GB
CompressedClassSpaceSize: 1.00 GB
Initial GC threshold: 21.00 MB
Current GC threshold: 291.19 MB
CDS: off
MetaspaceReclaimPolicy: balanced
 - commit_granule_bytes: 65536.
 - commit_granule_words: 8192.
 - virtual_space_node_default_size: 1048576.
 - enlarge_chunks_in_place: 1.
 - new_chunks_are_fully_committed: 0.
 - uncommit_free_chunks: 1.
 - use_allocation_guard: 0.
 - handle_deallocations: 1.


Internal statistics:

num_allocs_failed_limit: 6.
num_arena_births: 1842.
num_arena_deaths: 0.
num_vsnodes_births: 25.
num_vsnodes_deaths: 0.
num_space_committed: 3431.
num_space_uncommitted: 0.
num_chunks_returned_to_freelist: 6.
num_chunks_taken_from_freelist: 10704.
num_chunk_merges: 6.
num_chunk_splits: 7235.
num_chunks_enlarged: 4942.
num_purges: 0.
num_inconsistent_stats: 0.

CodeHeap 'non-profiled nmethods': size=259264Kb used=11008Kb max_used=11008Kb free=248255Kb
 bounds [0x000002d5af580000, 0x000002d5b0050000, 0x000002d5bf2b0000]
CodeHeap 'profiled nmethods': size=259264Kb used=42155Kb max_used=42155Kb free=217108Kb
 bounds [0x000002d59f2b0000, 0x000002d5a1be0000, 0x000002d5aefe0000]
CodeHeap 'non-nmethods': size=5760Kb used=2642Kb max_used=2711Kb free=3117Kb
 bounds [0x000002d5aefe0000, 0x000002d5af2a0000, 0x000002d5af580000]
 total_blobs=23252 nmethods=22038 adapters=1124
 compilation: enabled
              stopped_count=0, restarted_count=0
 full_count=0

Compilation events (20 events):
Event: 165.080 Thread 0x000002d5d5c44010 27547       2       com.android.tools.r8.internal.pa::a (36 bytes)
Event: 165.080 Thread 0x000002d5d5c44010 nmethod 27547 0x000002d5a1bdb610 code [0x000002d5a1bdb7e0, 0x000002d5a1bdba58]
Event: 165.081 Thread 0x000002d5d5c44010 27548       2       com.android.tools.r8.internal.pa$$Lambda$4606/0x0000000801d12cd8::accept (12 bytes)
Event: 165.081 Thread 0x000002d5d5c44010 nmethod 27548 0x000002d5a1bdbc10 code [0x000002d5a1bdbdc0, 0x000002d5a1bdbf48]
Event: 165.095 Thread 0x000002d5d5c44010 27549       1       com.android.tools.r8.internal.G9::y (2 bytes)
Event: 165.095 Thread 0x000002d5d5c44010 nmethod 27549 0x000002d5b0038190 code [0x000002d5b0038320, 0x000002d5b00383f8]
Event: 165.106 Thread 0x000002d5d5c44010 27552       2       com.android.tools.r8.internal.ik0::l (2 bytes)
Event: 165.107 Thread 0x000002d5d5c44010 nmethod 27552 0x000002d5a1bdc010 code [0x000002d5a1bdc1a0, 0x000002d5a1bdc2b8]
Event: 165.123 Thread 0x000002d5d5c44010 27553       1       com.android.tools.r8.internal.CG::J (2 bytes)
Event: 165.123 Thread 0x000002d5d5c44010 nmethod 27553 0x000002d5b0038490 code [0x000002d5b0038620, 0x000002d5b00386f8]
Event: 165.129 Thread 0x000002d5d5c320b0 nmethod 27461% 0x000002d5b0038790 code [0x000002d5b0038ca0, 0x000002d5b003c530]
Event: 165.129 Thread 0x000002d5d5c320b0 27550       4       com.android.tools.r8.internal.N8::a (342 bytes)
Event: 165.135 Thread 0x000002d5d5c44010 27557       2       com.android.tools.r8.internal.nZ::h (2 bytes)
Event: 165.136 Thread 0x000002d5d5c44010 nmethod 27557 0x000002d5a1bdc390 code [0x000002d5a1bdc520, 0x000002d5a1bdc638]
Event: 165.139 Thread 0x000002d5d5c320b0 nmethod 27550 0x000002d5b003f610 code [0x000002d5b003f840, 0x000002d5b003fdc8]
Event: 165.139 Thread 0x000002d5d5c320b0 27556       4       com.android.tools.r8.internal.u9::a (1719 bytes)
Event: 165.167 Thread 0x000002d5d5c44010 27558       2       com.android.tools.r8.internal.Ew::a (5 bytes)
Event: 165.167 Thread 0x000002d5d5c44010 nmethod 27558 0x000002d5a1bdc710 code [0x000002d5a1bdc8a0, 0x000002d5a1bdc9b8]
Event: 165.167 Thread 0x000002d5d5c44010 27559       2       com.android.tools.r8.internal.qs::a (5 bytes)
Event: 165.167 Thread 0x000002d5d5c44010 nmethod 27559 0x000002d5a1bdca90 code [0x000002d5a1bdcc20, 0x000002d5a1bdcd38]

GC Heap History (20 events):
Event: 128.735 GC heap after
{Heap after GC invocations=92 (full 0):
 garbage-first heap   total 454656K, used 186024K [0x0000000600000000, 0x0000000800000000)
  region size 4096K, 5 young (20480K), 5 survivors (20480K)
 Metaspace       used 157452K, committed 158656K, reserved 1187840K
  class space    used 21230K, committed 21824K, reserved 1048576K
}
Event: 131.463 GC heap before
{Heap before GC invocations=92 (full 0):
 garbage-first heap   total 454656K, used 382632K [0x0000000600000000, 0x0000000800000000)
  region size 4096K, 53 young (217088K), 5 survivors (20480K)
 Metaspace       used 160515K, committed 161664K, reserved 1196032K
  class space    used 21765K, committed 22336K, reserved 1048576K
}
Event: 131.535 GC heap after
{Heap after GC invocations=93 (full 0):
 garbage-first heap   total 454656K, used 200967K [0x0000000600000000, 0x0000000800000000)
  region size 4096K, 7 young (28672K), 7 survivors (28672K)
 Metaspace       used 160515K, committed 161664K, reserved 1196032K
  class space    used 21765K, committed 22336K, reserved 1048576K
}
Event: 133.011 GC heap before
{Heap before GC invocations=93 (full 0):
 garbage-first heap   total 454656K, used 364807K [0x0000000600000000, 0x0000000800000000)
  region size 4096K, 48 young (196608K), 7 survivors (28672K)
 Metaspace       used 162029K, committed 163200K, reserved 1196032K
  class space    used 21984K, committed 22528K, reserved 1048576K
}
Event: 133.164 GC heap after
{Heap after GC invocations=94 (full 0):
 garbage-first heap   total 454656K, used 233320K [0x0000000600000000, 0x0000000800000000)
  region size 4096K, 6 young (24576K), 6 survivors (24576K)
 Metaspace       used 162029K, committed 163200K, reserved 1196032K
  class space    used 21984K, committed 22528K, reserved 1048576K
}
Event: 136.222 GC heap before
{Heap before GC invocations=94 (full 0):
 garbage-first heap   total 454656K, used 364392K [0x0000000600000000, 0x0000000800000000)
  region size 4096K, 38 young (155648K), 6 survivors (24576K)
 Metaspace       used 170051K, committed 171200K, reserved 1204224K
  class space    used 22996K, committed 23552K, reserved 1048576K
}
Event: 136.294 GC heap after
{Heap after GC invocations=95 (full 0):
 garbage-first heap   total 454656K, used 256579K [0x0000000600000000, 0x0000000800000000)
  region size 4096K, 5 young (20480K), 5 survivors (20480K)
 Metaspace       used 170051K, committed 171200K, reserved 1204224K
  class space    used 22996K, committed 23552K, reserved 1048576K
}
Event: 138.895 GC heap before
{Heap before GC invocations=96 (full 0):
 garbage-first heap   total 507904K, used 363075K [0x0000000600000000, 0x0000000800000000)
  region size 4096K, 31 young (126976K), 5 survivors (20480K)
 Metaspace       used 170952K, committed 172160K, reserved 1204224K
  class space    used 23103K, committed 23680K, reserved 1048576K
}
Event: 139.026 GC heap after
{Heap after GC invocations=97 (full 0):
 garbage-first heap   total 507904K, used 278528K [0x0000000600000000, 0x0000000800000000)
  region size 4096K, 4 young (16384K), 4 survivors (16384K)
 Metaspace       used 170952K, committed 172160K, reserved 1204224K
  class space    used 23103K, committed 23680K, reserved 1048576K
}
Event: 141.155 GC heap before
{Heap before GC invocations=97 (full 0):
 garbage-first heap   total 507904K, used 397312K [0x0000000600000000, 0x0000000800000000)
  region size 4096K, 34 young (139264K), 4 survivors (16384K)
 Metaspace       used 176049K, committed 177216K, reserved 1204224K
  class space    used 23653K, committed 24192K, reserved 1048576K
}
Event: 141.275 GC heap after
{Heap after GC invocations=98 (full 0):
 garbage-first heap   total 942080K, used 307200K [0x0000000600000000, 0x0000000800000000)
  region size 4096K, 5 young (20480K), 5 survivors (20480K)
 Metaspace       used 176049K, committed 177216K, reserved 1204224K
  class space    used 23653K, committed 24192K, reserved 1048576K
}
Event: 148.468 GC heap before
{Heap before GC invocations=99 (full 0):
 garbage-first heap   total 942080K, used 565248K [0x0000000600000000, 0x0000000800000000)
  region size 4096K, 68 young (278528K), 5 survivors (20480K)
 Metaspace       used 190505K, committed 191744K, reserved 1220608K
  class space    used 25341K, committed 25920K, reserved 1048576K
}
Event: 148.793 GC heap after
{Heap after GC invocations=100 (full 0):
 garbage-first heap   total 942080K, used 355711K [0x0000000600000000, 0x0000000800000000)
  region size 4096K, 9 young (36864K), 9 survivors (36864K)
 Metaspace       used 190505K, committed 191744K, reserved 1220608K
  class space    used 25341K, committed 25920K, reserved 1048576K
}
Event: 151.418 GC heap before
{Heap before GC invocations=100 (full 0):
 garbage-first heap   total 942080K, used 445823K [0x0000000600000000, 0x0000000800000000)
  region size 4096K, 31 young (126976K), 9 survivors (36864K)
 Metaspace       used 193922K, committed 195136K, reserved 1220608K
  class space    used 25778K, committed 26368K, reserved 1048576K
}
Event: 151.570 GC heap after
{Heap after GC invocations=101 (full 0):
 garbage-first heap   total 942080K, used 367488K [0x0000000600000000, 0x0000000800000000)
  region size 4096K, 3 young (12288K), 3 survivors (12288K)
 Metaspace       used 193922K, committed 195136K, reserved 1220608K
  class space    used 25778K, committed 26368K, reserved 1048576K
}
Event: 155.974 GC heap before
{Heap before GC invocations=101 (full 0):
 garbage-first heap   total 942080K, used 596864K [0x0000000600000000, 0x0000000800000000)
  region size 4096K, 55 young (225280K), 3 survivors (12288K)
 Metaspace       used 202647K, committed 203840K, reserved 1228800K
  class space    used 26761K, committed 27328K, reserved 1048576K
}
Event: 156.067 GC heap after
{Heap after GC invocations=102 (full 0):
 garbage-first heap   total 942080K, used 391118K [0x0000000600000000, 0x0000000800000000)
  region size 4096K, 7 young (28672K), 7 survivors (28672K)
 Metaspace       used 202647K, committed 203840K, reserved 1228800K
  class space    used 26761K, committed 27328K, reserved 1048576K
}
Event: 158.517 GC heap before
{Heap before GC invocations=102 (full 0):
 garbage-first heap   total 942080K, used 567246K [0x0000000600000000, 0x0000000800000000)
  region size 4096K, 50 young (204800K), 7 survivors (28672K)
 Metaspace       used 214626K, committed 215872K, reserved 1236992K
  class space    used 28625K, committed 29184K, reserved 1048576K
}
Event: 158.618 GC heap after
{Heap after GC invocations=103 (full 0):
 garbage-first heap   total 942080K, used 408064K [0x0000000600000000, 0x0000000800000000)
  region size 4096K, 5 young (20480K), 5 survivors (20480K)
 Metaspace       used 214626K, committed 215872K, reserved 1236992K
  class space    used 28625K, committed 29184K, reserved 1048576K
}
Event: 165.192 GC heap before
{Heap before GC invocations=103 (full 0):
 garbage-first heap   total 942080K, used 690688K [0x0000000600000000, 0x0000000800000000)
  region size 4096K, 74 young (303104K), 5 survivors (20480K)
 Metaspace       used 218462K, committed 219776K, reserved 1245184K
  class space    used 29149K, committed 29760K, reserved 1048576K
}

Dll operation events (3 events):
Event: 0.037 Loaded shared library C:\Program Files\Android\Android Studio\jbr\bin\java.dll
Event: 0.350 Loaded shared library C:\Program Files\Android\Android Studio\jbr\bin\zip.dll
Event: 1.452 Loaded shared library C:\Program Files\Android\Android Studio\jbr\bin\verify.dll

Deoptimization events (20 events):
Event: 165.096 Thread 0x000002d5d80e8130 Uncommon trap: trap_request=0xffffffde fr.pc=0x000002d5b0037ab8 relative=0x0000000000000498
Event: 165.096 Thread 0x000002d5d80e8130 Uncommon trap: reason=class_check action=maybe_recompile pc=0x000002d5b0037ab8 method=com.android.tools.r8.internal.N8.a(Lcom/android/tools/r8/internal/hx;Lcom/android/tools/r8/internal/hx;)Z @ 149 c2
Event: 165.096 Thread 0x000002d5d80e8130 DEOPT PACKING pc=0x000002d5b0037ab8 sp=0x000000fd782fe850
Event: 165.096 Thread 0x000002d5d80e8130 DEOPT UNPACKING pc=0x000002d5af0369a3 sp=0x000000fd782fe7d8 mode 2
Event: 165.096 Thread 0x000002d5d80e8130 Uncommon trap: trap_request=0xffffffde fr.pc=0x000002d5b0037ab8 relative=0x0000000000000498
Event: 165.096 Thread 0x000002d5d80e8130 Uncommon trap: reason=class_check action=maybe_recompile pc=0x000002d5b0037ab8 method=com.android.tools.r8.internal.N8.a(Lcom/android/tools/r8/internal/hx;Lcom/android/tools/r8/internal/hx;)Z @ 149 c2
Event: 165.096 Thread 0x000002d5d80e8130 DEOPT PACKING pc=0x000002d5b0037ab8 sp=0x000000fd782fe850
Event: 165.096 Thread 0x000002d5d80e8130 DEOPT UNPACKING pc=0x000002d5af0369a3 sp=0x000000fd782fe7d8 mode 2
Event: 165.096 Thread 0x000002d5d80e8130 Uncommon trap: trap_request=0xffffffde fr.pc=0x000002d5b0037ab8 relative=0x0000000000000498
Event: 165.096 Thread 0x000002d5d80e8130 Uncommon trap: reason=class_check action=maybe_recompile pc=0x000002d5b0037ab8 method=com.android.tools.r8.internal.N8.a(Lcom/android/tools/r8/internal/hx;Lcom/android/tools/r8/internal/hx;)Z @ 149 c2
Event: 165.096 Thread 0x000002d5d80e8130 DEOPT PACKING pc=0x000002d5b0037ab8 sp=0x000000fd782fe850
Event: 165.096 Thread 0x000002d5d80e8130 DEOPT UNPACKING pc=0x000002d5af0369a3 sp=0x000000fd782fe7d8 mode 2
Event: 165.096 Thread 0x000002d5d80e8130 Uncommon trap: trap_request=0xffffffde fr.pc=0x000002d5b0037ab8 relative=0x0000000000000498
Event: 165.096 Thread 0x000002d5d80e8130 Uncommon trap: reason=class_check action=maybe_recompile pc=0x000002d5b0037ab8 method=com.android.tools.r8.internal.N8.a(Lcom/android/tools/r8/internal/hx;Lcom/android/tools/r8/internal/hx;)Z @ 149 c2
Event: 165.096 Thread 0x000002d5d80e8130 DEOPT PACKING pc=0x000002d5b0037ab8 sp=0x000000fd782fe850
Event: 165.096 Thread 0x000002d5d80e8130 DEOPT UNPACKING pc=0x000002d5af0369a3 sp=0x000000fd782fe7d8 mode 2
Event: 165.132 Thread 0x000002d5d80e72c0 DEOPT PACKING pc=0x000002d5a1b657f6 sp=0x000000fd781fe7c0
Event: 165.132 Thread 0x000002d5d80e72c0 DEOPT UNPACKING pc=0x000002d5af037143 sp=0x000000fd781fde50 mode 0
Event: 165.168 Thread 0x000002d5d80e8130 DEOPT PACKING pc=0x000002d5a1b657f6 sp=0x000000fd782febc0
Event: 165.168 Thread 0x000002d5d80e8130 DEOPT UNPACKING pc=0x000002d5af037143 sp=0x000000fd782fe250 mode 0

Classes unloaded (0 events):
No events

Classes redefined (0 events):
No events

Internal exceptions (20 events):
Event: 159.733 Thread 0x000002d5de8d56e0 Exception <a 'sun/nio/fs/WindowsException'{0x00000006376f24e0}> (0x00000006376f24e0) 
thrown [s\src\hotspot\share\prims\jni.cpp, line 517]
Event: 159.734 Thread 0x000002d5de8d56e0 Exception <a 'sun/nio/fs/WindowsException'{0x00000006376f2980}> (0x00000006376f2980) 
thrown [s\src\hotspot\share\prims\jni.cpp, line 517]
Event: 159.735 Thread 0x000002d5de8d56e0 Exception <a 'sun/nio/fs/WindowsException'{0x00000006376f47f8}> (0x00000006376f47f8) 
thrown [s\src\hotspot\share\prims\jni.cpp, line 517]
Event: 159.735 Thread 0x000002d5de8d56e0 Exception <a 'sun/nio/fs/WindowsException'{0x00000006376f56c0}> (0x00000006376f56c0) 
thrown [s\src\hotspot\share\prims\jni.cpp, line 517]
Event: 159.735 Thread 0x000002d5de8d56e0 Exception <a 'sun/nio/fs/WindowsException'{0x00000006376f5750}> (0x00000006376f5750) 
thrown [s\src\hotspot\share\prims\jni.cpp, line 517]
Event: 159.735 Thread 0x000002d5de8d56e0 Exception <a 'sun/nio/fs/WindowsException'{0x00000006376f5ba0}> (0x00000006376f5ba0) 
thrown [s\src\hotspot\share\prims\jni.cpp, line 517]
Event: 159.795 Thread 0x000002d5de8d56e0 Exception <a 'sun/nio/fs/WindowsException'{0x0000000637770248}> (0x0000000637770248) 
thrown [s\src\hotspot\share\prims\jni.cpp, line 517]
Event: 159.795 Thread 0x000002d5de8d56e0 Exception <a 'sun/nio/fs/WindowsException'{0x0000000637770618}> (0x0000000637770618) 
thrown [s\src\hotspot\share\prims\jni.cpp, line 517]
Event: 159.795 Thread 0x000002d5de8d56e0 Exception <a 'sun/nio/fs/WindowsException'{0x0000000637772250}> (0x0000000637772250) 
thrown [s\src\hotspot\share\prims\jni.cpp, line 517]
Event: 159.796 Thread 0x000002d5de8d56e0 Exception <a 'sun/nio/fs/WindowsException'{0x00000006377730b8}> (0x00000006377730b8) 
thrown [s\src\hotspot\share\prims\jni.cpp, line 517]
Event: 159.796 Thread 0x000002d5de8d56e0 Exception <a 'sun/nio/fs/WindowsException'{0x0000000637773148}> (0x0000000637773148) 
thrown [s\src\hotspot\share\prims\jni.cpp, line 517]
Event: 159.796 Thread 0x000002d5de8d56e0 Exception <a 'sun/nio/fs/WindowsException'{0x0000000637773490}> (0x0000000637773490) 
thrown [s\src\hotspot\share\prims\jni.cpp, line 517]
Event: 161.941 Thread 0x000002d5d80ea2e0 Implicit null exception at 0x000002d5afe58dc8 to 0x000002d5afe59dcc
Event: 162.596 Thread 0x000002d5d80ea2e0 Implicit null exception at 0x000002d5afbbde4f to 0x000002d5afbbdf78
Event: 163.016 Thread 0x000002d5d80ea2e0 Exception <a 'java/lang/ClassCastException'{0x000000062b446fb8}: class kotlin.reflect.jvm.internal.ReflectionFactoryImpl cannot be cast to class com.android.tools.r8.internal.Vb0 (kotlin.reflect.jvm.internal.ReflectionFactoryImpl is in unnamed module of loader org.gradle.internal.classloader.VisitableURLClassLoader @610694f1; com.android.tools.r8.internal.Vb0 is in unnamed module of loader org.gradle.internal.classloader.VisitableURLClassLoader$InstrumentingVisitableURLClassLoader @5365469)> (0x000000062b4
Event: 163.364 Thread 0x000002d5d80ea2e0 Exception <a 'java/lang/IncompatibleClassChangeError'{0x000000062b3851e0}: Found class java.lang.Object, but interface was expected> (0x000000062b3851e0) 
thrown [s\src\hotspot\share\interpreter\linkResolver.cpp, line 838]
Event: 163.407 Thread 0x000002d5d80ea2e0 Exception <a 'java/lang/IncompatibleClassChangeError'{0x000000062acbba88}: Found class java.lang.Object, but interface was expected> (0x000000062acbba88) 
thrown [s\src\hotspot\share\interpreter\linkResolver.cpp, line 838]
Event: 164.227 Thread 0x000002d5d80e72c0 Exception <a 'java/lang/IncompatibleClassChangeError'{0x000000062c8691f0}: Found class java.lang.Object, but interface was expected> (0x000000062c8691f0) 
thrown [s\src\hotspot\share\interpreter\linkResolver.cpp, line 838]
Event: 164.233 Thread 0x000002d5d80e72c0 Exception <a 'java/lang/IncompatibleClassChangeError'{0x000000062c8a1d50}: Found class java.lang.Object, but interface was expected> (0x000000062c8a1d50) 
thrown [s\src\hotspot\share\interpreter\linkResolver.cpp, line 838]
Event: 164.235 Thread 0x000002d5d80e8130 Exception <a 'java/lang/IncompatibleClassChangeError'{0x000000063008b4c8}: Found class java.lang.Object, but interface was expected> (0x000000063008b4c8) 
thrown [s\src\hotspot\share\interpreter\linkResolver.cpp, line 838]

VM Operations (20 events):
Event: 164.599 Executing VM operation: HandshakeAllThreads done
Event: 164.644 Executing VM operation: HandshakeAllThreads
Event: 164.644 Executing VM operation: HandshakeAllThreads done
Event: 164.651 Executing VM operation: HandshakeAllThreads
Event: 164.651 Executing VM operation: HandshakeAllThreads done
Event: 164.663 Executing VM operation: HandshakeAllThreads
Event: 164.663 Executing VM operation: HandshakeAllThreads done
Event: 164.667 Executing VM operation: HandshakeAllThreads
Event: 164.668 Executing VM operation: HandshakeAllThreads done
Event: 164.674 Executing VM operation: HandshakeAllThreads
Event: 164.674 Executing VM operation: HandshakeAllThreads done
Event: 164.694 Executing VM operation: ICBufferFull
Event: 164.694 Executing VM operation: ICBufferFull done
Event: 164.859 Executing VM operation: ICBufferFull
Event: 164.859 Executing VM operation: ICBufferFull done
Event: 164.859 Executing VM operation: ICBufferFull
Event: 164.859 Executing VM operation: ICBufferFull done
Event: 165.142 Executing VM operation: ICBufferFull
Event: 165.161 Executing VM operation: ICBufferFull done
Event: 165.189 Executing VM operation: G1CollectForAllocation

Events (20 events):
Event: 163.364 Thread 0x000002d5d5c450b0 flushing nmethod 0x000002d5a17b8310
Event: 163.364 Thread 0x000002d5d5c450b0 flushing nmethod 0x000002d5a180ba10
Event: 163.365 Thread 0x000002d5d5c450b0 flushing nmethod 0x000002d5a1849010
Event: 163.365 Thread 0x000002d5d5c450b0 flushing nmethod 0x000002d5a188b790
Event: 163.366 Thread 0x000002d5d5c450b0 flushing nmethod 0x000002d5a18fae10
Event: 163.366 Thread 0x000002d5d5c450b0 flushing nmethod 0x000002d5a1906390
Event: 163.366 Thread 0x000002d5d5c450b0 flushing nmethod 0x000002d5a1915a90
Event: 163.366 Thread 0x000002d5d5c450b0 flushing nmethod 0x000002d5a191d110
Event: 163.366 Thread 0x000002d5d5c450b0 flushing nmethod 0x000002d5a1930410
Event: 163.366 Thread 0x000002d5d5c450b0 flushing nmethod 0x000002d5a1937a10
Event: 163.367 Thread 0x000002d5d5c450b0 flushing nmethod 0x000002d5a1981710
Event: 163.368 Thread 0x000002d5d5c450b0 flushing nmethod 0x000002d5a19c2c90
Event: 163.368 Thread 0x000002d5d5c450b0 flushing nmethod 0x000002d5a1a0d490
Event: 163.368 Thread 0x000002d5d5c450b0 flushing nmethod 0x000002d5a1a0e310
Event: 163.368 Thread 0x000002d5d5c450b0 flushing nmethod 0x000002d5a1a17790
Event: 163.368 Thread 0x000002d5d5c450b0 flushing nmethod 0x000002d5a1a35b90
Event: 163.368 Thread 0x000002d5d5c450b0 flushing nmethod 0x000002d5a1a4ab10
Event: 163.368 Thread 0x000002d5d5c450b0 flushing nmethod 0x000002d5a1a4d190
Event: 164.664 loading class java/util/ArrayDeque$DescendingIterator
Event: 164.665 loading class java/util/ArrayDeque$DescendingIterator done


Dynamic libraries:
0x00007ff7527f0000 - 0x00007ff7527fa000 	C:\Program Files\Android\Android Studio\jbr\bin\java.exe
0x00007ffa57750000 - 0x00007ffa57948000 	C:\Windows\SYSTEM32\ntdll.dll
0x00007ffa56330000 - 0x00007ffa563f2000 	C:\Windows\System32\KERNEL32.DLL
0x00007ffa54ee0000 - 0x00007ffa551d6000 	C:\Windows\System32\KERNELBASE.dll
0x00007ffa555e0000 - 0x00007ffa556e0000 	C:\Windows\System32\ucrtbase.dll
0x00007ffa34640000 - 0x00007ffa34657000 	C:\Program Files\Android\Android Studio\jbr\bin\jli.dll
0x00007ffa57570000 - 0x00007ffa5770d000 	C:\Windows\System32\USER32.dll
0x00007ffa553b0000 - 0x00007ffa553d2000 	C:\Windows\System32\win32u.dll
0x00007ffa55860000 - 0x00007ffa5588b000 	C:\Windows\System32\GDI32.dll
0x00007ffa55290000 - 0x00007ffa553aa000 	C:\Windows\System32\gdi32full.dll
0x00007ffa553e0000 - 0x00007ffa5547d000 	C:\Windows\System32\msvcp_win.dll
0x00007ffa2de30000 - 0x00007ffa2de4b000 	C:\Program Files\Android\Android Studio\jbr\bin\VCRUNTIME140.dll
0x00007ffa41f10000 - 0x00007ffa421aa000 	C:\Windows\WinSxS\amd64_microsoft.windows.common-controls_6595b64144ccf1df_6.0.19041.4355_none_60b8b9eb71f62e16\COMCTL32.dll
0x00007ffa570c0000 - 0x00007ffa5715e000 	C:\Windows\System32\msvcrt.dll
0x00007ffa56760000 - 0x00007ffa5678f000 	C:\Windows\System32\IMM32.DLL
0x00007ffa490f0000 - 0x00007ffa490fc000 	C:\Program Files\Android\Android Studio\jbr\bin\vcruntime140_1.dll
0x00007ffa2d2b0000 - 0x00007ffa2d33d000 	C:\Program Files\Android\Android Studio\jbr\bin\msvcp140.dll
0x00007ffa0c440000 - 0x00007ffa0d0ae000 	C:\Program Files\Android\Android Studio\jbr\bin\server\jvm.dll
0x00007ffa57010000 - 0x00007ffa570bf000 	C:\Windows\System32\ADVAPI32.dll
0x00007ffa57340000 - 0x00007ffa573df000 	C:\Windows\System32\sechost.dll
0x00007ffa57210000 - 0x00007ffa57333000 	C:\Windows\System32\RPCRT4.dll
0x00007ffa54de0000 - 0x00007ffa54e07000 	C:\Windows\System32\bcrypt.dll
0x00007ffa384c0000 - 0x00007ffa384c9000 	C:\Windows\SYSTEM32\WSOCK32.dll
0x00007ffa56f70000 - 0x00007ffa56fdb000 	C:\Windows\System32\WS2_32.dll
0x00007ffa43940000 - 0x00007ffa43967000 	C:\Windows\SYSTEM32\WINMM.dll
0x00007ffa479c0000 - 0x00007ffa479ca000 	C:\Windows\SYSTEM32\VERSION.dll
0x00007ffa52c20000 - 0x00007ffa52c32000 	C:\Windows\SYSTEM32\kernel.appcore.dll
0x00007ffa4dcd0000 - 0x00007ffa4dcda000 	C:\Program Files\Android\Android Studio\jbr\bin\jimage.dll
0x00007ffa4c460000 - 0x00007ffa4c644000 	C:\Windows\SYSTEM32\DBGHELP.DLL
0x00007ffa4c420000 - 0x00007ffa4c454000 	C:\Windows\SYSTEM32\dbgcore.DLL
0x00007ffa556e0000 - 0x00007ffa55762000 	C:\Windows\System32\bcryptPrimitives.dll
0x00007ffa4e2e0000 - 0x00007ffa4e2ee000 	C:\Program Files\Android\Android Studio\jbr\bin\instrument.dll
0x00007ffa362b0000 - 0x00007ffa362d5000 	C:\Program Files\Android\Android Studio\jbr\bin\java.dll
0x00007ffa43bc0000 - 0x00007ffa43bd8000 	C:\Program Files\Android\Android Studio\jbr\bin\zip.dll
0x00007ffa559c0000 - 0x00007ffa5612f000 	C:\Windows\System32\SHELL32.dll
0x00007ffa52e20000 - 0x00007ffa535c3000 	C:\Windows\SYSTEM32\windows.storage.dll
0x00007ffa56400000 - 0x00007ffa56755000 	C:\Windows\System32\combase.dll
0x00007ffa54730000 - 0x00007ffa5475b000 	C:\Windows\SYSTEM32\Wldp.dll
0x00007ffa56ea0000 - 0x00007ffa56f6d000 	C:\Windows\System32\OLEAUT32.dll
0x00007ffa57160000 - 0x00007ffa5720d000 	C:\Windows\System32\SHCORE.dll
0x00007ffa56e40000 - 0x00007ffa56e95000 	C:\Windows\System32\shlwapi.dll
0x00007ffa54d10000 - 0x00007ffa54d35000 	C:\Windows\SYSTEM32\profapi.dll
0x00007ffa43ab0000 - 0x00007ffa43ac9000 	C:\Program Files\Android\Android Studio\jbr\bin\net.dll
0x00007ffa4ac30000 - 0x00007ffa4ad3a000 	C:\Windows\SYSTEM32\WINHTTP.dll
0x00007ffa54510000 - 0x00007ffa5457c000 	C:\Windows\system32\mswsock.dll
0x00007ffa43a10000 - 0x00007ffa43a26000 	C:\Program Files\Android\Android Studio\jbr\bin\nio.dll
0x00007ffa47460000 - 0x00007ffa47470000 	C:\Program Files\Android\Android Studio\jbr\bin\verify.dll
0x00007ffa34470000 - 0x00007ffa34497000 	C:\Users\user\.gradle\native\c067742578af261105cb4f569cf0c3c89f3d7b1fecec35dd04571415982c5e48\windows-amd64\native-platform.dll
0x00007ffa0d770000 - 0x00007ffa0d8b4000 	C:\Users\user\.gradle\native\100fb08df4bc3b14c8652ba06237920a3bd2aa13389f12d3474272988ae205f9\windows-amd64\native-platform-file-events.dll
0x00007ffa47350000 - 0x00007ffa47359000 	C:\Program Files\Android\Android Studio\jbr\bin\management.dll
0x00007ffa43b90000 - 0x00007ffa43b9b000 	C:\Program Files\Android\Android Studio\jbr\bin\management_ext.dll
0x00007ffa567a0000 - 0x00007ffa567a8000 	C:\Windows\System32\PSAPI.DLL
0x00007ffa54a80000 - 0x00007ffa54a98000 	C:\Windows\SYSTEM32\CRYPTSP.dll
0x00007ffa53de0000 - 0x00007ffa53e18000 	C:\Windows\system32\rsaenh.dll
0x00007ffa54c90000 - 0x00007ffa54cbe000 	C:\Windows\SYSTEM32\USERENV.dll
0x00007ffa546a0000 - 0x00007ffa546ac000 	C:\Windows\SYSTEM32\CRYPTBASE.dll
0x00007ffa541c0000 - 0x00007ffa541fb000 	C:\Windows\SYSTEM32\IPHLPAPI.DLL
0x00007ffa57000000 - 0x00007ffa57008000 	C:\Windows\System32\NSI.dll
0x00007ffa4b240000 - 0x00007ffa4b257000 	C:\Windows\SYSTEM32\dhcpcsvc6.DLL
0x00007ffa4d460000 - 0x00007ffa4d47d000 	C:\Windows\SYSTEM32\dhcpcsvc.DLL
0x00007ffa54200000 - 0x00007ffa542ca000 	C:\Windows\SYSTEM32\DNSAPI.dll
0x00007ffa4e030000 - 0x00007ffa4e037000 	C:\Windows\system32\wshunix.dll
0x00007ffa36360000 - 0x00007ffa36377000 	C:\Windows\system32\napinsp.dll
0x00007ffa36340000 - 0x00007ffa3635b000 	C:\Windows\system32\pnrpnsp.dll
0x00007ffa51590000 - 0x00007ffa515a5000 	C:\Windows\system32\wshbth.dll
0x00007ffa4eac0000 - 0x00007ffa4eadd000 	C:\Windows\system32\NLAapi.dll
0x00007ffa362e0000 - 0x00007ffa362f2000 	C:\Windows\System32\winrnr.dll
0x00007ffa4d6e0000 - 0x00007ffa4d6ea000 	C:\Windows\System32\rasadhlp.dll
0x00007ffa47280000 - 0x00007ffa47300000 	C:\Windows\System32\fwpuclnt.dll

dbghelp: loaded successfully - version: 4.0.5 - missing functions: none
symbol engine: initialized successfully - sym options: 0x614 - pdb path: .;C:\Program Files\Android\Android Studio\jbr\bin;C:\Windows\SYSTEM32;C:\Windows\WinSxS\amd64_microsoft.windows.common-controls_6595b64144ccf1df_6.0.19041.4355_none_60b8b9eb71f62e16;C:\Program Files\Android\Android Studio\jbr\bin\server;C:\Users\user\.gradle\native\c067742578af261105cb4f569cf0c3c89f3d7b1fecec35dd04571415982c5e48\windows-amd64;C:\Users\user\.gradle\native\100fb08df4bc3b14c8652ba06237920a3bd2aa13389f12d3474272988ae205f9\windows-amd64

VM Arguments:
jvm_args: -XX:MaxMetaspaceSize=4G -XX:ReservedCodeCacheSize=512m -XX:+HeapDumpOnOutOfMemoryError --add-opens=java.base/java.util=ALL-UNNAMED --add-opens=java.base/java.lang=ALL-UNNAMED --add-opens=java.base/java.lang.invoke=ALL-UNNAMED --add-opens=java.prefs/java.util.prefs=ALL-UNNAMED --add-exports=jdk.compiler/com.sun.tools.javac.api=ALL-UNNAMED --add-exports=jdk.compiler/com.sun.tools.javac.util=ALL-UNNAMED --add-opens=java.base/java.nio.charset=ALL-UNNAMED --add-opens=java.base/java.net=ALL-UNNAMED --add-opens=java.base/java.util.concurrent.atomic=ALL-UNNAMED -Xmx8G -Dfile.encoding=windows-1252 -Duser.country=US -Duser.language=en -Duser.variant -javaagent:C:\Users\user\.gradle\wrapper\dists\gradle-8.10.2-all\7iv73wktx1xtkvlq19urqw1wm\gradle-8.10.2\lib\agents\gradle-instrumentation-agent-8.10.2.jar 
java_command: org.gradle.launcher.daemon.bootstrap.GradleDaemon 8.10.2
java_class_path (initial): C:\Users\user\.gradle\wrapper\dists\gradle-8.10.2-all\7iv73wktx1xtkvlq19urqw1wm\gradle-8.10.2\lib\gradle-daemon-main-8.10.2.jar
Launcher Type: SUN_STANDARD

[Global flags]
     intx CICompilerCount                          = 3                                         {product} {ergonomic}
     uint ConcGCThreads                            = 1                                         {product} {ergonomic}
     uint G1ConcRefinementThreads                  = 4                                         {product} {ergonomic}
   size_t G1HeapRegionSize                         = 4194304                                   {product} {ergonomic}
    uintx GCDrainStackTargetSize                   = 64                                        {product} {ergonomic}
     bool HeapDumpOnOutOfMemoryError               = true                                   {manageable} {command line}
   size_t InitialHeapSize                          = 62914560                                  {product} {ergonomic}
   size_t MarkStackSize                            = 4194304                                   {product} {ergonomic}
   size_t MaxHeapSize                              = 8589934592                                {product} {command line}
   size_t MaxMetaspaceSize                         = 4294967296                                {product} {command line}
   size_t MaxNewSize                               = 5150605312                                {product} {ergonomic}
   size_t MinHeapDeltaBytes                        = 4194304                                   {product} {ergonomic}
   size_t MinHeapSize                              = 8388608                                   {product} {ergonomic}
    uintx NonNMethodCodeHeapSize                   = 5832780                                {pd product} {ergonomic}
    uintx NonProfiledCodeHeapSize                  = 265519066                              {pd product} {ergonomic}
    uintx ProfiledCodeHeapSize                     = 265519066                              {pd product} {ergonomic}
    uintx ReservedCodeCacheSize                    = 536870912                              {pd product} {command line}
     bool SegmentedCodeCache                       = true                                      {product} {ergonomic}
   size_t SoftMaxHeapSize                          = 8589934592                             {manageable} {ergonomic}
   double SweeperThreshold                         = 0.234375                                  {product} {ergonomic}
     bool UseCompressedClassPointers               = true                           {product lp64_product} {ergonomic}
     bool UseCompressedOops                        = true                           {product lp64_product} {ergonomic}
     bool UseG1GC                                  = true                                      {product} {ergonomic}
     bool UseLargePagesIndividualAllocation        = false                                  {pd product} {ergonomic}

Logging:
Log output configuration:
 #0: stdout all=warning uptime,level,tags
 #1: stderr all=off uptime,level,tags

Environment Variables:
JAVA_HOME=C:\Program Files\Android\Android Studio\jbr
CLASSPATH=C:\Users\user\flutter_projects\android\\gradle\wrapper\gradle-wrapper.jar
PATH=C:\Program Files\Android\Android Studio\jbr\bin;C:\App\db_home\bin;C:\Program Files (x86)\Common Files\Oracle\Java\javapath;C:\Windows\system32;C:\Windows;C:\Windows\System32\Wbem;C:\Windows\System32\WindowsPowerShell\v1.0\;C:\Windows\System32\OpenSSH\;C:\Program Files\nodejs\;C:\Python\Python;C:\Program Files\Python;C:\Scripts;C:\Python\Scripts;C:\Program Files\Java\jdk-20_windows-x64_bin\jdk-20.0.2\;C:\Gradle\gradle-8.8-bin\gradle-8.8\bin;C:\Program Files\Docker\Docker\resources\bin;C:\Users\user\FlutterSdk\flutter_windows\flutter\bin;C:\Python\Scripts\;C:\Python\;C:\Users\user\AppData\Local\Programs\Python\Launcher\;C:\Program Files (x86)\Common Files\Oracle\Java\javapath;C:\Windows\system32;C:\Windows;C:\Windows\System32\Wbem;C:\Windows\System32\WindowsPowerShell\v1.0\;C:\Windows\System32\OpenSSH\;C:\Program Files\nodejs\;C:\Users\user\AppData\Local\Microsoft\WindowsApps;C:\Users\user\AppData\Local\Programs\Microsoft VS Code\bin;C:\Users\user\AppData\Roaming\npm;C:\Python34\Scripts;;C:\Users\user\FlutterSdk\flutter_windows\flutter\bin\mingit\cmd
USERNAME=user
OS=Windows_NT
PROCESSOR_IDENTIFIER=Intel64 Family 6 Model 69 Stepping 1, GenuineIntel
TMP=C:\Users\user\AppData\Local\Temp
TEMP=C:\Users\user\AppData\Local\Temp


JNI global refs:
JNI global refs: 27, weak refs: 18

JNI global refs memory usage: 843, weak refs: 841


---------------  S Y S T E M  ---------------

OS:
 Windows 10 , 64 bit Build 19041 (10.0.19041.5678)
OS uptime: 1 days 16:42 hours
Hyper-V role detected

CPU: total 4 (initial active 4) (2 cores per cpu, 2 threads per core) family 6 model 69 stepping 1 microcode 0x25, cx8, cmov, fxsr, ht, mmx, sse, sse2, sse3, ssse3, sse4.1, sse4.2, popcnt, lzcnt, tsc, tscinvbit, avx, avx2, aes, erms, clmul, bmi1, bmi2, fma, vzeroupper, clflush, hv

Memory: 4k page, system-wide physical 3753M (171M free)
TotalPageFile size 15017M (AvailPageFile size 244M)
current process WorkingSet (physical memory assigned to process): 315M, peak: 797M
current process commit charge ("private bytes"): 1431M, peak: 1715M

vm_info: OpenJDK 64-Bit Server VM (17.0.6+0-b2043.56-10027231) for windows-amd64 JRE (17.0.6+0-b2043.56-10027231), built on Apr 28 2023 00:43:19 by "androidbuild" with MS VC++ 16.10 / 16.11 (VS2019)

END.
