#
# There is insufficient memory for the Java Runtime Environment to continue.
# Native memory allocation (malloc) failed to allocate 131088 bytes for Chunk::new
# Possible reasons:
#   The system is out of physical RAM or swap space
#   The process is running with CompressedOops enabled, and the Java Heap may be blocking the growth of the native heap
# Possible solutions:
#   Reduce memory load on the system
#   Increase physical memory or swap space
#   Check if swap backing store is full
#   Decrease Java heap size (-Xmx/-Xms)
#   Decrease number of Java threads
#   Decrease Java thread stack sizes (-Xss)
#   Set larger code cache with -XX:ReservedCodeCacheSize=
#   JVM is running with Unscaled Compressed Oops mode in which the Java heap is
#     placed in the first 4GB address space. The Java Heap base address is the
#     maximum limit for the native heap growth. Please use -XX:HeapBaseMinAddress
#     to set the Java Heap base and to place the Java Heap above 4GB virtual address.
# This output file may be truncated or incomplete.
#
#  Out of Memory Error (arena.cpp:189), pid=9524, tid=1616
#
# JRE version: OpenJDK Runtime Environment (17.0.6) (build 17.0.6+0-b2043.56-10027231)
# Java VM: OpenJDK 64-Bit Server VM (17.0.6+0-b2043.56-10027231, mixed mode, tiered, compressed oops, compressed class ptrs, g1 gc, windows-amd64)
# No core dump will be written. Minidumps are not enabled by default on client versions of Windows
#

---------------  S U M M A R Y ------------

Command Line: org.jetbrains.kotlin.cli.jvm.K2JVMCompiler @C:\Users\user\FlutterSdk\flutter_windows\flutter\packages\flutter_tools\gradle\build\20250410_15871455163445627576.compiler.options

Host: Intel(R) Core(TM) i5-4310U CPU @ 2.00GHz, 4 cores, 3G,  Windows 10 , 64 bit Build 19041 (10.0.19041.5678)
Time: Thu Apr 10 16:26:52 2025 W. Central Africa Standard Time elapsed time: 21.182838 seconds (0d 0h 0m 21s)

---------------  T H R E A D  ---------------

Current thread (0x00000229988d5160):  JavaThread "C2 CompilerThread0" daemon [_thread_in_native, id=1616, stack(0x000000fb71a00000,0x000000fb71b00000)]


Current CompileTask:
C2:  21182 4190       4       jdk.internal.loader.BuiltinClassLoader::loadClassOrNull (7 bytes)

Stack: [0x000000fb71a00000,0x000000fb71b00000]
Native frames: (J=compiled Java code, j=interpreted, Vv=VM code, C=native code)
V  [jvm.dll+0x683c9a]
V  [jvm.dll+0x8427a4]
V  [jvm.dll+0x843f9e]
V  [jvm.dll+0x844603]
V  [jvm.dll+0x249b75]
V  [jvm.dll+0xabcac]
V  [jvm.dll+0xac27c]
V  [jvm.dll+0xabdbb]
V  [jvm.dll+0x660dec]
V  [jvm.dll+0x5964da]
V  [jvm.dll+0x580209]
V  [jvm.dll+0x5837c7]
V  [jvm.dll+0x582f1d]
V  [jvm.dll+0x582e00]
V  [jvm.dll+0x582f89]
V  [jvm.dll+0x58ab1d]
V  [jvm.dll+0x2243b2]
V  [jvm.dll+0x22478f]
V  [jvm.dll+0x21e055]
V  [jvm.dll+0x21b51b]
V  [jvm.dll+0x1a4fdd]
V  [jvm.dll+0x22b098]
V  [jvm.dll+0x229159]
V  [jvm.dll+0x7f81ec]
V  [jvm.dll+0x7f274a]
V  [jvm.dll+0x682ad5]
C  [ucrtbase.dll+0x21bb2]
C  [KERNEL32.DLL+0x17374]
C  [ntdll.dll+0x4cc91]


---------------  P R O C E S S  ---------------

Threads class SMR info:
_java_thread_list=0x00000229995071f0, length=12, elements={
0x00000229ffbe40d0, 0x000002299887c520, 0x000002299887f1b0, 0x00000229988cf910,
0x00000229988d13e0, 0x00000229988d3cb0, 0x00000229988d4570, 0x00000229988d5160,
0x00000229988d6dd0, 0x000002299891d7b0, 0x000002299952b160, 0x00000229995318e0
}

Java Threads: ( => current thread )
  0x00000229ffbe40d0 JavaThread "main" [_thread_in_native, id=13560, stack(0x000000fb70d00000,0x000000fb70e00000)]
  0x000002299887c520 JavaThread "Reference Handler" daemon [_thread_blocked, id=15144, stack(0x000000fb71400000,0x000000fb71500000)]
  0x000002299887f1b0 JavaThread "Finalizer" daemon [_thread_blocked, id=11544, stack(0x000000fb71500000,0x000000fb71600000)]
  0x00000229988cf910 JavaThread "Signal Dispatcher" daemon [_thread_blocked, id=14260, stack(0x000000fb71600000,0x000000fb71700000)]
  0x00000229988d13e0 JavaThread "Attach Listener" daemon [_thread_blocked, id=15172, stack(0x000000fb71700000,0x000000fb71800000)]
  0x00000229988d3cb0 JavaThread "Service Thread" daemon [_thread_blocked, id=5444, stack(0x000000fb71800000,0x000000fb71900000)]
  0x00000229988d4570 JavaThread "Monitor Deflation Thread" daemon [_thread_blocked, id=13140, stack(0x000000fb71900000,0x000000fb71a00000)]
=>0x00000229988d5160 JavaThread "C2 CompilerThread0" daemon [_thread_in_native, id=1616, stack(0x000000fb71a00000,0x000000fb71b00000)]
  0x00000229988d6dd0 JavaThread "C1 CompilerThread0" daemon [_thread_blocked, id=9048, stack(0x000000fb71b00000,0x000000fb71c00000)]
  0x000002299891d7b0 JavaThread "Sweeper thread" daemon [_thread_blocked, id=13648, stack(0x000000fb71c00000,0x000000fb71d00000)]
  0x000002299952b160 JavaThread "Notification Thread" daemon [_thread_blocked, id=10628, stack(0x000000fb71d00000,0x000000fb71e00000)]
  0x00000229995318e0 JavaThread "Common-Cleaner" daemon [_thread_blocked, id=12488, stack(0x000000fb71f00000,0x000000fb72000000)]

Other Threads:
  0x00000229ffca3310 VMThread "VM Thread" [stack: 0x000000fb71300000,0x000000fb71400000] [id=2436]
  0x000002299952b630 WatcherThread [stack: 0x000000fb71e00000,0x000000fb71f00000] [id=14592]
  0x00000229ffc1e8f0 GCTaskThread "GC Thread#0" [stack: 0x000000fb70e00000,0x000000fb70f00000] [id=15012]
  0x0000022999a02a20 GCTaskThread "GC Thread#1" [stack: 0x000000fb72000000,0x000000fb72100000] [id=10664]
  0x0000022999a08010 GCTaskThread "GC Thread#2" [stack: 0x000000fb72100000,0x000000fb72200000] [id=13912]
  0x0000022999a0a2d0 GCTaskThread "GC Thread#3" [stack: 0x000000fb72200000,0x000000fb72300000] [id=14420]
  0x00000229ffc26cc0 ConcurrentGCThread "G1 Main Marker" [stack: 0x000000fb70f00000,0x000000fb71000000] [id=12680]
  0x00000229ffc275e0 ConcurrentGCThread "G1 Conc#0" [stack: 0x000000fb71000000,0x000000fb71100000] [id=13644]
  0x00000229ffc64580 ConcurrentGCThread "G1 Refine#0" [stack: 0x000000fb71100000,0x000000fb71200000] [id=12968]
  0x000002299b37ab40 ConcurrentGCThread "G1 Refine#1" [stack: 0x000000fb72300000,0x000000fb72400000] [id=13048]
  0x000002299b37a360 ConcurrentGCThread "G1 Refine#2" [stack: 0x000000fb72400000,0x000000fb72500000] [id=5984]
  0x000002299b360f90 ConcurrentGCThread "G1 Refine#3" [stack: 0x000000fb72500000,0x000000fb72600000] [id=2288]
  0x00000229ffc64eb0 ConcurrentGCThread "G1 Service" [stack: 0x000000fb71200000,0x000000fb71300000] [id=13928]

Threads with active compile tasks:
C2 CompilerThread0    21248 4190       4       jdk.internal.loader.BuiltinClassLoader::loadClassOrNull (7 bytes)

VM state: not at safepoint (normal execution)

VM Mutex/Monitor currently owned by a thread: None

Heap address: 0x00000000c5400000, size: 940 MB, Compressed Oops mode: 32-bit

CDS archive(s) not mapped
Compressed class space mapped at: 0x0000000100000000-0x0000000140000000, reserved size: 1073741824
Narrow klass base: 0x0000000000000000, Narrow klass shift: 3, Narrow klass range: 0x140000000

GC Precious Log:
 CPUs: 4 total, 4 available
 Memory: 3753M
 Large Page Support: Disabled
 NUMA Support: Disabled
 Compressed Oops: Enabled (32-bit)
 Heap Region Size: 1M
 Heap Min Capacity: 8M
 Heap Initial Capacity: 60M
 Heap Max Capacity: 940M
 Pre-touch: Disabled
 Parallel Workers: 4
 Concurrent Workers: 1
 Concurrent Refinement Workers: 4
 Periodic GC: Disabled

Heap:
 garbage-first heap   total 116736K, used 59394K [0x00000000c5400000, 0x0000000100000000)
  region size 1024K, 9 young (9216K), 1 survivors (1024K)
 Metaspace       used 62127K, committed 62400K, reserved 1105920K
  class space    used 7367K, committed 7488K, reserved 1048576K

Heap Regions: E=young(eden), S=young(survivor), O=old, HS=humongous(starts), HC=humongous(continues), CS=collection set, F=free, OA=open archive, CA=closed archive, TAMS=top-at-mark-start (previous, next)
|   0|0x00000000c5400000, 0x00000000c5500000, 0x00000000c5500000|100%|HS|  |TAMS 0x00000000c5500000, 0x00000000c5400000| Complete 
|   1|0x00000000c5500000, 0x00000000c5600000, 0x00000000c5600000|100%|HC|  |TAMS 0x00000000c5600000, 0x00000000c5500000| Complete 
|   2|0x00000000c5600000, 0x00000000c5700000, 0x00000000c5700000|100%|HC|  |TAMS 0x00000000c5700000, 0x00000000c5600000| Complete 
|   3|0x00000000c5700000, 0x00000000c5800000, 0x00000000c5800000|100%|HC|  |TAMS 0x00000000c5800000, 0x00000000c5700000| Complete 
|   4|0x00000000c5800000, 0x00000000c5900000, 0x00000000c5900000|100%| O|  |TAMS 0x00000000c5900000, 0x00000000c5800000| Untracked 
|   5|0x00000000c5900000, 0x00000000c5a00000, 0x00000000c5a00000|100%| O|  |TAMS 0x00000000c5a00000, 0x00000000c5900000| Untracked 
|   6|0x00000000c5a00000, 0x00000000c5a5ae00, 0x00000000c5b00000| 35%| O|  |TAMS 0x00000000c5a5ae00, 0x00000000c5a00000| Untracked 
|   7|0x00000000c5b00000, 0x00000000c5c00000, 0x00000000c5c00000|100%| O|  |TAMS 0x00000000c5c00000, 0x00000000c5b00000| Untracked 
|   8|0x00000000c5c00000, 0x00000000c5d00000, 0x00000000c5d00000|100%| O|  |TAMS 0x00000000c5d00000, 0x00000000c5c00000| Untracked 
|   9|0x00000000c5d00000, 0x00000000c5e00000, 0x00000000c5e00000|100%| O|  |TAMS 0x00000000c5e00000, 0x00000000c5d00000| Untracked 
|  10|0x00000000c5e00000, 0x00000000c5f00000, 0x00000000c5f00000|100%| O|  |TAMS 0x00000000c5f00000, 0x00000000c5e00000| Untracked 
|  11|0x00000000c5f00000, 0x00000000c6000000, 0x00000000c6000000|100%| O|  |TAMS 0x00000000c6000000, 0x00000000c5f00000| Untracked 
|  12|0x00000000c6000000, 0x00000000c6100000, 0x00000000c6100000|100%| O|  |TAMS 0x00000000c6100000, 0x00000000c6000000| Untracked 
|  13|0x00000000c6100000, 0x00000000c6200000, 0x00000000c6200000|100%|HS|  |TAMS 0x00000000c6200000, 0x00000000c6100000| Complete 
|  14|0x00000000c6200000, 0x00000000c6300000, 0x00000000c6300000|100%| O|  |TAMS 0x00000000c6300000, 0x00000000c6200000| Untracked 
|  15|0x00000000c6300000, 0x00000000c6400000, 0x00000000c6400000|100%| O|  |TAMS 0x00000000c6400000, 0x00000000c6300000| Untracked 
|  16|0x00000000c6400000, 0x00000000c6500000, 0x00000000c6500000|100%| O|  |TAMS 0x00000000c6500000, 0x00000000c6400000| Untracked 
|  17|0x00000000c6500000, 0x00000000c6600000, 0x00000000c6600000|100%| O|  |TAMS 0x00000000c6600000, 0x00000000c6500000| Untracked 
|  18|0x00000000c6600000, 0x00000000c6700000, 0x00000000c6700000|100%| O|  |TAMS 0x00000000c6700000, 0x00000000c6600000| Untracked 
|  19|0x00000000c6700000, 0x00000000c6800000, 0x00000000c6800000|100%| O|  |TAMS 0x00000000c6800000, 0x00000000c6700000| Untracked 
|  20|0x00000000c6800000, 0x00000000c6900000, 0x00000000c6900000|100%| O|  |TAMS 0x00000000c6900000, 0x00000000c6800000| Untracked 
|  21|0x00000000c6900000, 0x00000000c6a00000, 0x00000000c6a00000|100%| O|  |TAMS 0x00000000c6a00000, 0x00000000c6900000| Untracked 
|  22|0x00000000c6a00000, 0x00000000c6b00000, 0x00000000c6b00000|100%| O|  |TAMS 0x00000000c6b00000, 0x00000000c6a00000| Untracked 
|  23|0x00000000c6b00000, 0x00000000c6c00000, 0x00000000c6c00000|100%| O|  |TAMS 0x00000000c6c00000, 0x00000000c6b00000| Untracked 
|  24|0x00000000c6c00000, 0x00000000c6d00000, 0x00000000c6d00000|100%| O|  |TAMS 0x00000000c6c00000, 0x00000000c6c00000| Untracked 
|  25|0x00000000c6d00000, 0x00000000c6e00000, 0x00000000c6e00000|100%| O|  |TAMS 0x00000000c6e00000, 0x00000000c6d00000| Untracked 
|  26|0x00000000c6e00000, 0x00000000c6e00000, 0x00000000c6f00000|  0%| F|  |TAMS 0x00000000c6e00000, 0x00000000c6e00000| Untracked 
|  27|0x00000000c6f00000, 0x00000000c7000000, 0x00000000c7000000|100%| O|  |TAMS 0x00000000c7000000, 0x00000000c6f00000| Untracked 
|  28|0x00000000c7000000, 0x00000000c7100000, 0x00000000c7100000|100%| O|  |TAMS 0x00000000c7100000, 0x00000000c7000000| Untracked 
|  29|0x00000000c7100000, 0x00000000c7200000, 0x00000000c7200000|100%|HS|  |TAMS 0x00000000c7200000, 0x00000000c7100000| Complete 
|  30|0x00000000c7200000, 0x00000000c7300000, 0x00000000c7300000|100%|HC|  |TAMS 0x00000000c7300000, 0x00000000c7200000| Complete 
|  31|0x00000000c7300000, 0x00000000c7400000, 0x00000000c7400000|100%|HC|  |TAMS 0x00000000c7400000, 0x00000000c7300000| Complete 
|  32|0x00000000c7400000, 0x00000000c7500000, 0x00000000c7500000|100%|HC|  |TAMS 0x00000000c7500000, 0x00000000c7400000| Complete 
|  33|0x00000000c7500000, 0x00000000c7600000, 0x00000000c7600000|100%|HC|  |TAMS 0x00000000c7600000, 0x00000000c7500000| Complete 
|  34|0x00000000c7600000, 0x00000000c7700000, 0x00000000c7700000|100%|HC|  |TAMS 0x00000000c7700000, 0x00000000c7600000| Complete 
|  35|0x00000000c7700000, 0x00000000c7800000, 0x00000000c7800000|100%|HS|  |TAMS 0x00000000c7800000, 0x00000000c7700000| Complete 
|  36|0x00000000c7800000, 0x00000000c7900000, 0x00000000c7900000|100%|HS|  |TAMS 0x00000000c7900000, 0x00000000c7800000| Complete 
|  37|0x00000000c7900000, 0x00000000c7a00000, 0x00000000c7a00000|100%| O|  |TAMS 0x00000000c7a00000, 0x00000000c7900000| Untracked 
|  38|0x00000000c7a00000, 0x00000000c7b00000, 0x00000000c7b00000|100%| O|  |TAMS 0x00000000c7b00000, 0x00000000c7a00000| Untracked 
|  39|0x00000000c7b00000, 0x00000000c7c00000, 0x00000000c7c00000|100%| O|  |TAMS 0x00000000c7c00000, 0x00000000c7b00000| Untracked 
|  40|0x00000000c7c00000, 0x00000000c7d00000, 0x00000000c7d00000|100%| O|  |TAMS 0x00000000c7d00000, 0x00000000c7c00000| Untracked 
|  41|0x00000000c7d00000, 0x00000000c7e00000, 0x00000000c7e00000|100%| O|  |TAMS 0x00000000c7e00000, 0x00000000c7d00000| Untracked 
|  42|0x00000000c7e00000, 0x00000000c7f00000, 0x00000000c7f00000|100%| O|  |TAMS 0x00000000c7f00000, 0x00000000c7e00000| Untracked 
|  43|0x00000000c7f00000, 0x00000000c8000000, 0x00000000c8000000|100%| O|  |TAMS 0x00000000c8000000, 0x00000000c7f00000| Untracked 
|  44|0x00000000c8000000, 0x00000000c8100000, 0x00000000c8100000|100%| O|  |TAMS 0x00000000c8100000, 0x00000000c8000000| Untracked 
|  45|0x00000000c8100000, 0x00000000c8200000, 0x00000000c8200000|100%| O|  |TAMS 0x00000000c8196000, 0x00000000c8100000| Untracked 
|  46|0x00000000c8200000, 0x00000000c8300000, 0x00000000c8300000|100%| O|  |TAMS 0x00000000c8200000, 0x00000000c8200000| Untracked 
|  47|0x00000000c8300000, 0x00000000c8400000, 0x00000000c8400000|100%| O|  |TAMS 0x00000000c8300000, 0x00000000c8300000| Untracked 
|  48|0x00000000c8400000, 0x00000000c8500000, 0x00000000c8500000|100%| O|  |TAMS 0x00000000c8400000, 0x00000000c8400000| Untracked 
|  49|0x00000000c8500000, 0x00000000c8600000, 0x00000000c8600000|100%| O|  |TAMS 0x00000000c8500000, 0x00000000c8500000| Untracked 
|  50|0x00000000c8600000, 0x00000000c8700000, 0x00000000c8700000|100%| O|  |TAMS 0x00000000c8600000, 0x00000000c8600000| Untracked 
|  51|0x00000000c8700000, 0x00000000c8800000, 0x00000000c8800000|100%| O|  |TAMS 0x00000000c8700000, 0x00000000c8700000| Untracked 
|  52|0x00000000c8800000, 0x00000000c8800000, 0x00000000c8900000|  0%| F|  |TAMS 0x00000000c8800000, 0x00000000c8800000| Untracked 
|  53|0x00000000c8900000, 0x00000000c8900000, 0x00000000c8a00000|  0%| F|  |TAMS 0x00000000c8900000, 0x00000000c8900000| Untracked 
|  54|0x00000000c8a00000, 0x00000000c8a00000, 0x00000000c8b00000|  0%| F|  |TAMS 0x00000000c8a00000, 0x00000000c8a00000| Untracked 
|  55|0x00000000c8b00000, 0x00000000c8b00000, 0x00000000c8c00000|  0%| F|  |TAMS 0x00000000c8b00000, 0x00000000c8b00000| Untracked 
|  56|0x00000000c8c00000, 0x00000000c8c00000, 0x00000000c8d00000|  0%| F|  |TAMS 0x00000000c8c00000, 0x00000000c8c00000| Untracked 
|  57|0x00000000c8d00000, 0x00000000c8d00000, 0x00000000c8e00000|  0%| F|  |TAMS 0x00000000c8d00000, 0x00000000c8d00000| Untracked 
|  58|0x00000000c8e00000, 0x00000000c8e00000, 0x00000000c8f00000|  0%| F|  |TAMS 0x00000000c8e00000, 0x00000000c8e00000| Untracked 
|  59|0x00000000c8f00000, 0x00000000c8f00000, 0x00000000c9000000|  0%| F|  |TAMS 0x00000000c8f00000, 0x00000000c8f00000| Untracked 
|  60|0x00000000c9000000, 0x00000000c9000000, 0x00000000c9100000|  0%| F|  |TAMS 0x00000000c9000000, 0x00000000c9000000| Untracked 
|  61|0x00000000c9100000, 0x00000000c9100000, 0x00000000c9200000|  0%| F|  |TAMS 0x00000000c9100000, 0x00000000c9100000| Untracked 
|  62|0x00000000c9200000, 0x00000000c9200000, 0x00000000c9300000|  0%| F|  |TAMS 0x00000000c9200000, 0x00000000c9200000| Untracked 
|  63|0x00000000c9300000, 0x00000000c9300000, 0x00000000c9400000|  0%| F|  |TAMS 0x00000000c9300000, 0x00000000c9300000| Untracked 
|  64|0x00000000c9400000, 0x00000000c9400000, 0x00000000c9500000|  0%| F|  |TAMS 0x00000000c9400000, 0x00000000c9400000| Untracked 
|  65|0x00000000c9500000, 0x00000000c9500000, 0x00000000c9600000|  0%| F|  |TAMS 0x00000000c9500000, 0x00000000c9500000| Untracked 
|  66|0x00000000c9600000, 0x00000000c9600000, 0x00000000c9700000|  0%| F|  |TAMS 0x00000000c9600000, 0x00000000c9600000| Untracked 
|  67|0x00000000c9700000, 0x00000000c9700000, 0x00000000c9800000|  0%| F|  |TAMS 0x00000000c9700000, 0x00000000c9700000| Untracked 
|  68|0x00000000c9800000, 0x00000000c9800000, 0x00000000c9900000|  0%| F|  |TAMS 0x00000000c9800000, 0x00000000c9800000| Untracked 
|  69|0x00000000c9900000, 0x00000000c9900000, 0x00000000c9a00000|  0%| F|  |TAMS 0x00000000c9900000, 0x00000000c9900000| Untracked 
|  70|0x00000000c9a00000, 0x00000000c9a00000, 0x00000000c9b00000|  0%| F|  |TAMS 0x00000000c9a00000, 0x00000000c9a00000| Untracked 
|  71|0x00000000c9b00000, 0x00000000c9b00000, 0x00000000c9c00000|  0%| F|  |TAMS 0x00000000c9b00000, 0x00000000c9b00000| Untracked 
|  72|0x00000000c9c00000, 0x00000000c9c00000, 0x00000000c9d00000|  0%| F|  |TAMS 0x00000000c9c00000, 0x00000000c9c00000| Untracked 
|  73|0x00000000c9d00000, 0x00000000c9d00000, 0x00000000c9e00000|  0%| F|  |TAMS 0x00000000c9d00000, 0x00000000c9d00000| Untracked 
|  74|0x00000000c9e00000, 0x00000000c9e00000, 0x00000000c9f00000|  0%| F|  |TAMS 0x00000000c9e00000, 0x00000000c9e00000| Untracked 
|  75|0x00000000c9f00000, 0x00000000c9f00000, 0x00000000ca000000|  0%| F|  |TAMS 0x00000000c9f00000, 0x00000000c9f00000| Untracked 
|  76|0x00000000ca000000, 0x00000000ca000000, 0x00000000ca100000|  0%| F|  |TAMS 0x00000000ca000000, 0x00000000ca000000| Untracked 
|  77|0x00000000ca100000, 0x00000000ca100000, 0x00000000ca200000|  0%| F|  |TAMS 0x00000000ca100000, 0x00000000ca100000| Untracked 
|  78|0x00000000ca200000, 0x00000000ca200000, 0x00000000ca300000|  0%| F|  |TAMS 0x00000000ca200000, 0x00000000ca200000| Untracked 
|  79|0x00000000ca300000, 0x00000000ca300000, 0x00000000ca400000|  0%| F|  |TAMS 0x00000000ca300000, 0x00000000ca300000| Untracked 
|  80|0x00000000ca400000, 0x00000000ca400000, 0x00000000ca500000|  0%| F|  |TAMS 0x00000000ca400000, 0x00000000ca400000| Untracked 
|  81|0x00000000ca500000, 0x00000000ca500000, 0x00000000ca600000|  0%| F|  |TAMS 0x00000000ca500000, 0x00000000ca500000| Untracked 
|  82|0x00000000ca600000, 0x00000000ca600000, 0x00000000ca700000|  0%| F|  |TAMS 0x00000000ca600000, 0x00000000ca600000| Untracked 
|  83|0x00000000ca700000, 0x00000000ca700000, 0x00000000ca800000|  0%| F|  |TAMS 0x00000000ca700000, 0x00000000ca700000| Untracked 
|  84|0x00000000ca800000, 0x00000000ca800000, 0x00000000ca900000|  0%| F|  |TAMS 0x00000000ca800000, 0x00000000ca800000| Untracked 
|  85|0x00000000ca900000, 0x00000000ca900000, 0x00000000caa00000|  0%| F|  |TAMS 0x00000000ca900000, 0x00000000ca900000| Untracked 
|  86|0x00000000caa00000, 0x00000000caa00000, 0x00000000cab00000|  0%| F|  |TAMS 0x00000000caa00000, 0x00000000caa00000| Untracked 
|  87|0x00000000cab00000, 0x00000000cab00000, 0x00000000cac00000|  0%| F|  |TAMS 0x00000000cab00000, 0x00000000cab00000| Untracked 
|  88|0x00000000cac00000, 0x00000000cac00000, 0x00000000cad00000|  0%| F|  |TAMS 0x00000000cac00000, 0x00000000cac00000| Untracked 
|  89|0x00000000cad00000, 0x00000000cad00000, 0x00000000cae00000|  0%| F|  |TAMS 0x00000000cad00000, 0x00000000cad00000| Untracked 
|  90|0x00000000cae00000, 0x00000000cae00000, 0x00000000caf00000|  0%| F|  |TAMS 0x00000000cae00000, 0x00000000cae00000| Untracked 
|  91|0x00000000caf00000, 0x00000000caf00000, 0x00000000cb000000|  0%| F|  |TAMS 0x00000000caf00000, 0x00000000caf00000| Untracked 
|  92|0x00000000cb000000, 0x00000000cb000000, 0x00000000cb100000|  0%| F|  |TAMS 0x00000000cb000000, 0x00000000cb000000| Untracked 
|  93|0x00000000cb100000, 0x00000000cb100000, 0x00000000cb200000|  0%| F|  |TAMS 0x00000000cb100000, 0x00000000cb100000| Untracked 
|  94|0x00000000cb200000, 0x00000000cb200000, 0x00000000cb300000|  0%| F|  |TAMS 0x00000000cb200000, 0x00000000cb200000| Untracked 
|  95|0x00000000cb300000, 0x00000000cb300000, 0x00000000cb400000|  0%| F|  |TAMS 0x00000000cb300000, 0x00000000cb300000| Untracked 
|  96|0x00000000cb400000, 0x00000000cb400000, 0x00000000cb500000|  0%| F|  |TAMS 0x00000000cb400000, 0x00000000cb400000| Untracked 
|  97|0x00000000cb500000, 0x00000000cb500000, 0x00000000cb600000|  0%| F|  |TAMS 0x00000000cb500000, 0x00000000cb500000| Untracked 
|  98|0x00000000cb600000, 0x00000000cb600000, 0x00000000cb700000|  0%| F|  |TAMS 0x00000000cb600000, 0x00000000cb600000| Untracked 
|  99|0x00000000cb700000, 0x00000000cb700000, 0x00000000cb800000|  0%| F|  |TAMS 0x00000000cb700000, 0x00000000cb700000| Untracked 
| 100|0x00000000cb800000, 0x00000000cb800000, 0x00000000cb900000|  0%| F|  |TAMS 0x00000000cb800000, 0x00000000cb800000| Untracked 
| 101|0x00000000cb900000, 0x00000000cb900000, 0x00000000cba00000|  0%| F|  |TAMS 0x00000000cb900000, 0x00000000cb900000| Untracked 
| 102|0x00000000cba00000, 0x00000000cba00000, 0x00000000cbb00000|  0%| F|  |TAMS 0x00000000cba00000, 0x00000000cba00000| Untracked 
| 103|0x00000000cbb00000, 0x00000000cbb00000, 0x00000000cbc00000|  0%| F|  |TAMS 0x00000000cbb00000, 0x00000000cbb00000| Untracked 
| 104|0x00000000cbc00000, 0x00000000cbc00000, 0x00000000cbd00000|  0%| F|  |TAMS 0x00000000cbc00000, 0x00000000cbc00000| Untracked 
| 105|0x00000000cbd00000, 0x00000000cbd8dfd8, 0x00000000cbe00000| 55%| E|  |TAMS 0x00000000cbd00000, 0x00000000cbd00000| Complete 
| 106|0x00000000cbe00000, 0x00000000cbf00000, 0x00000000cbf00000|100%| E|CS|TAMS 0x00000000cbe00000, 0x00000000cbe00000| Complete 
| 107|0x00000000cbf00000, 0x00000000cc000000, 0x00000000cc000000|100%| E|CS|TAMS 0x00000000cbf00000, 0x00000000cbf00000| Complete 
| 108|0x00000000cc000000, 0x00000000cc100000, 0x00000000cc100000|100%| E|CS|TAMS 0x00000000cc000000, 0x00000000cc000000| Complete 
| 109|0x00000000cc100000, 0x00000000cc200000, 0x00000000cc200000|100%| E|CS|TAMS 0x00000000cc100000, 0x00000000cc100000| Complete 
| 110|0x00000000cc200000, 0x00000000cc300000, 0x00000000cc300000|100%| E|CS|TAMS 0x00000000cc200000, 0x00000000cc200000| Complete 
| 111|0x00000000cc300000, 0x00000000cc400000, 0x00000000cc400000|100%| E|CS|TAMS 0x00000000cc300000, 0x00000000cc300000| Complete 
| 112|0x00000000cc400000, 0x00000000cc4a5af0, 0x00000000cc500000| 64%| S|CS|TAMS 0x00000000cc400000, 0x00000000cc400000| Complete 
| 113|0x00000000cc500000, 0x00000000cc600000, 0x00000000cc600000|100%| E|CS|TAMS 0x00000000cc500000, 0x00000000cc500000| Complete 

Card table byte_map: [0x00000229941c0000,0x00000229943a0000] _byte_map_base: 0x0000022993b96000

Marking Bits (Prev, Next): (CMBitMap*) 0x00000229ffc1ee50, (CMBitMap*) 0x00000229ffc1ee10
 Prev Bits: [0x0000022995430000, 0x00000229962e0000)
 Next Bits: [0x0000022994580000, 0x0000022995430000)

Polling page: 0x00000229ffcb0000

Metaspace:

Usage:
  Non-class:     53.52 MB used.
      Class:      7.21 MB used.
       Both:     60.72 MB used.

Virtual space:
  Non-class space:       56.00 MB reserved,      53.69 MB ( 96%) committed,  7 nodes.
      Class space:        1.00 GB reserved,       7.31 MB ( <1%) committed,  1 nodes.
             Both:        1.05 GB reserved,      61.00 MB (  6%) committed. 

Chunk freelists:
   Non-Class:  2.16 MB
       Class:  720.00 KB
        Both:  2.86 MB

MaxMetaspaceSize: unlimited
CompressedClassSpaceSize: 1.00 GB
Initial GC threshold: 21.00 MB
Current GC threshold: 84.69 MB
CDS: off
MetaspaceReclaimPolicy: balanced
 - commit_granule_bytes: 65536.
 - commit_granule_words: 8192.
 - virtual_space_node_default_size: 1048576.
 - enlarge_chunks_in_place: 1.
 - new_chunks_are_fully_committed: 0.
 - uncommit_free_chunks: 1.
 - use_allocation_guard: 0.
 - handle_deallocations: 1.


Internal statistics:

num_allocs_failed_limit: 9.
num_arena_births: 204.
num_arena_deaths: 0.
num_vsnodes_births: 8.
num_vsnodes_deaths: 0.
num_space_committed: 974.
num_space_uncommitted: 0.
num_chunks_returned_to_freelist: 9.
num_chunks_taken_from_freelist: 2047.
num_chunk_merges: 9.
num_chunk_splits: 1752.
num_chunks_enlarged: 1610.
num_purges: 0.
num_inconsistent_stats: 0.

CodeHeap 'non-profiled nmethods': size=120000Kb used=2090Kb max_used=2090Kb free=117910Kb
 bounds [0x000002298c470000, 0x000002298c6e0000, 0x00000229939a0000]
CodeHeap 'profiled nmethods': size=120000Kb used=8097Kb max_used=8097Kb free=111902Kb
 bounds [0x00000229849a0000, 0x0000022985190000, 0x000002298bed0000]
CodeHeap 'non-nmethods': size=5760Kb used=1369Kb max_used=1427Kb free=4390Kb
 bounds [0x000002298bed0000, 0x000002298c140000, 0x000002298c470000]
 total_blobs=5006 nmethods=4300 adapters=617
 compilation: enabled
              stopped_count=0, restarted_count=0
 full_count=0

Compilation events (20 events):
Event: 21.055 Thread 0x00000229988d6dd0 4401       1       org.jetbrains.kotlin.ir.declarations.impl.IrFunctionImpl::setDispatchReceiverParameter (6 bytes)
Event: 21.055 Thread 0x00000229988d6dd0 nmethod 4401 0x000002298c678a10 code [0x000002298c678ba0, 0x000002298c678cb8]
Event: 21.055 Thread 0x00000229988d6dd0 4402       3       org.jetbrains.kotlin.ir.expressions.IrExpression::transform (25 bytes)
Event: 21.056 Thread 0x00000229988d6dd0 nmethod 4402 0x0000022985181290 code [0x0000022985181520, 0x00000229851821d8]
Event: 21.056 Thread 0x00000229988d6dd0 4403       3       org.jetbrains.kotlin.ir.declarations.impl.IrFunctionImpl::setValueParameters (13 bytes)
Event: 21.057 Thread 0x00000229988d6dd0 nmethod 4403 0x0000022985182610 code [0x0000022985182820, 0x0000022985182e18]
Event: 21.062 Thread 0x00000229988d6dd0 4404       3       org.jetbrains.kotlin.ir.visitors.IrElementVisitorVoid$DefaultImpls::visitExpression (17 bytes)
Event: 21.063 Thread 0x00000229988d6dd0 nmethod 4404 0x0000022985183090 code [0x00000229851832a0, 0x00000229851838e8]
Event: 21.087 Thread 0x00000229988d6dd0 4405       1       org.jetbrains.kotlin.ir.declarations.impl.IrFunctionImpl::getTypeParameters (5 bytes)
Event: 21.088 Thread 0x00000229988d6dd0 nmethod 4405 0x000002298c678d10 code [0x000002298c678ea0, 0x000002298c678f78]
Event: 21.124 Thread 0x00000229988d6dd0 4406       1       org.jetbrains.kotlin.ir.declarations.impl.IrFunctionImpl::getDispatchReceiverParameter (5 bytes)
Event: 21.125 Thread 0x00000229988d6dd0 nmethod 4406 0x000002298c679010 code [0x000002298c6791a0, 0x000002298c679278]
Event: 21.125 Thread 0x00000229988d6dd0 4407       1       org.jetbrains.kotlin.ir.declarations.impl.IrFunctionImpl::getBody (5 bytes)
Event: 21.125 Thread 0x00000229988d6dd0 nmethod 4407 0x000002298c679310 code [0x000002298c6794a0, 0x000002298c679578]
Event: 21.125 Thread 0x00000229988d6dd0 4408       3       org.jetbrains.kotlin.ir.expressions.IrCall::accept (15 bytes)
Event: 21.126 Thread 0x00000229988d6dd0 nmethod 4408 0x0000022985183b90 code [0x0000022985183da0, 0x0000022985184428]
Event: 21.127 Thread 0x00000229988d6dd0 4409       1       org.jetbrains.kotlin.ir.declarations.impl.IrFunctionImpl::getExtensionReceiverParameter (5 bytes)
Event: 21.128 Thread 0x00000229988d6dd0 nmethod 4409 0x000002298c679610 code [0x000002298c6797a0, 0x000002298c679878]
Event: 21.131 Thread 0x00000229988d6dd0 4410       3       org.jetbrains.kotlin.ir.visitors.IrElementTransformerVoid::visitExpression (18 bytes)
Event: 21.132 Thread 0x00000229988d6dd0 nmethod 4410 0x0000022985184690 code [0x00000229851848a0, 0x0000022985184f08]

GC Heap History (20 events):
Event: 9.086 GC heap before
{Heap before GC invocations=13 (full 0):
 garbage-first heap   total 65536K, used 41019K [0x00000000c5400000, 0x0000000100000000)
  region size 1024K, 17 young (17408K), 3 survivors (3072K)
 Metaspace       used 29458K, committed 29696K, reserved 1081344K
  class space    used 3747K, committed 3840K, reserved 1048576K
}
Event: 9.100 GC heap after
{Heap after GC invocations=14 (full 0):
 garbage-first heap   total 65536K, used 28929K [0x00000000c5400000, 0x0000000100000000)
  region size 1024K, 1 young (1024K), 1 survivors (1024K)
 Metaspace       used 29458K, committed 29696K, reserved 1081344K
  class space    used 3747K, committed 3840K, reserved 1048576K
}
Event: 9.427 GC heap before
{Heap before GC invocations=14 (full 0):
 garbage-first heap   total 65536K, used 33025K [0x00000000c5400000, 0x0000000100000000)
  region size 1024K, 6 young (6144K), 1 survivors (1024K)
 Metaspace       used 30301K, committed 30528K, reserved 1081344K
  class space    used 3842K, committed 3904K, reserved 1048576K
}
Event: 9.433 GC heap after
{Heap after GC invocations=15 (full 0):
 garbage-first heap   total 65536K, used 29389K [0x00000000c5400000, 0x0000000100000000)
  region size 1024K, 2 young (2048K), 2 survivors (2048K)
 Metaspace       used 30301K, committed 30528K, reserved 1081344K
  class space    used 3842K, committed 3904K, reserved 1048576K
}
Event: 9.464 GC heap before
{Heap before GC invocations=15 (full 0):
 garbage-first heap   total 65536K, used 35533K [0x00000000c5400000, 0x0000000100000000)
  region size 1024K, 2 young (2048K), 2 survivors (2048K)
 Metaspace       used 30301K, committed 30528K, reserved 1081344K
  class space    used 3842K, committed 3904K, reserved 1048576K
}
Event: 9.471 GC heap after
{Heap after GC invocations=16 (full 0):
 garbage-first heap   total 116736K, used 35621K [0x00000000c5400000, 0x0000000100000000)
  region size 1024K, 2 young (2048K), 2 survivors (2048K)
 Metaspace       used 30301K, committed 30528K, reserved 1081344K
  class space    used 3842K, committed 3904K, reserved 1048576K
}
Event: 12.910 GC heap before
{Heap before GC invocations=16 (full 0):
 garbage-first heap   total 116736K, used 76581K [0x00000000c5400000, 0x0000000100000000)
  region size 1024K, 39 young (39936K), 2 survivors (2048K)
 Metaspace       used 37300K, committed 37568K, reserved 1089536K
  class space    used 4522K, committed 4672K, reserved 1048576K
}
Event: 12.931 GC heap after
{Heap after GC invocations=17 (full 0):
 garbage-first heap   total 116736K, used 42500K [0x00000000c5400000, 0x0000000100000000)
  region size 1024K, 5 young (5120K), 5 survivors (5120K)
 Metaspace       used 37300K, committed 37568K, reserved 1089536K
  class space    used 4522K, committed 4672K, reserved 1048576K
}
Event: 14.251 GC heap before
{Heap before GC invocations=17 (full 0):
 garbage-first heap   total 116736K, used 60932K [0x00000000c5400000, 0x0000000100000000)
  region size 1024K, 24 young (24576K), 5 survivors (5120K)
 Metaspace       used 41675K, committed 41920K, reserved 1089536K
  class space    used 5061K, committed 5184K, reserved 1048576K
}
Event: 14.273 GC heap after
{Heap after GC invocations=18 (full 0):
 garbage-first heap   total 116736K, used 44199K [0x00000000c5400000, 0x0000000100000000)
  region size 1024K, 2 young (2048K), 2 survivors (2048K)
 Metaspace       used 41675K, committed 41920K, reserved 1089536K
  class space    used 5061K, committed 5184K, reserved 1048576K
}
Event: 15.407 GC heap before
{Heap before GC invocations=19 (full 0):
 garbage-first heap   total 116736K, used 83111K [0x00000000c5400000, 0x0000000100000000)
  region size 1024K, 39 young (39936K), 2 survivors (2048K)
 Metaspace       used 43383K, committed 43648K, reserved 1089536K
  class space    used 5245K, committed 5376K, reserved 1048576K
}
Event: 15.422 GC heap after
{Heap after GC invocations=20 (full 0):
 garbage-first heap   total 116736K, used 45935K [0x00000000c5400000, 0x0000000100000000)
  region size 1024K, 4 young (4096K), 4 survivors (4096K)
 Metaspace       used 43383K, committed 43648K, reserved 1089536K
  class space    used 5245K, committed 5376K, reserved 1048576K
}
Event: 15.463 GC heap before
{Heap before GC invocations=20 (full 0):
 garbage-first heap   total 116736K, used 46959K [0x00000000c5400000, 0x0000000100000000)
  region size 1024K, 5 young (5120K), 4 survivors (4096K)
 Metaspace       used 43615K, committed 43904K, reserved 1089536K
  class space    used 5265K, committed 5376K, reserved 1048576K
}
Event: 15.475 GC heap after
{Heap after GC invocations=21 (full 0):
 garbage-first heap   total 116736K, used 45595K [0x00000000c5400000, 0x0000000100000000)
  region size 1024K, 1 young (1024K), 1 survivors (1024K)
 Metaspace       used 43615K, committed 43904K, reserved 1089536K
  class space    used 5265K, committed 5376K, reserved 1048576K
}
Event: 18.323 GC heap before
{Heap before GC invocations=21 (full 0):
 garbage-first heap   total 116736K, used 85531K [0x00000000c5400000, 0x0000000100000000)
  region size 1024K, 40 young (40960K), 1 survivors (1024K)
 Metaspace       used 51780K, committed 52032K, reserved 1097728K
  class space    used 6305K, committed 6400K, reserved 1048576K
}
Event: 18.346 GC heap after
{Heap after GC invocations=22 (full 0):
 garbage-first heap   total 116736K, used 48915K [0x00000000c5400000, 0x0000000100000000)
  region size 1024K, 4 young (4096K), 4 survivors (4096K)
 Metaspace       used 51780K, committed 52032K, reserved 1097728K
  class space    used 6305K, committed 6400K, reserved 1048576K
}
Event: 20.739 GC heap before
{Heap before GC invocations=23 (full 0):
 garbage-first heap   total 116736K, used 88851K [0x00000000c5400000, 0x0000000100000000)
  region size 1024K, 43 young (44032K), 4 survivors (4096K)
 Metaspace       used 59739K, committed 60032K, reserved 1105920K
  class space    used 7166K, committed 7296K, reserved 1048576K
}
Event: 20.770 GC heap after
{Heap after GC invocations=24 (full 0):
 garbage-first heap   total 116736K, used 52501K [0x00000000c5400000, 0x0000000100000000)
  region size 1024K, 4 young (4096K), 4 survivors (4096K)
 Metaspace       used 59739K, committed 60032K, reserved 1105920K
  class space    used 7166K, committed 7296K, reserved 1048576K
}
Event: 20.814 GC heap before
{Heap before GC invocations=24 (full 0):
 garbage-first heap   total 116736K, used 52501K [0x00000000c5400000, 0x0000000100000000)
  region size 1024K, 5 young (5120K), 4 survivors (4096K)
 Metaspace       used 60019K, committed 60288K, reserved 1105920K
  class space    used 7197K, committed 7296K, reserved 1048576K
}
Event: 20.829 GC heap after
{Heap after GC invocations=25 (full 0):
 garbage-first heap   total 116736K, used 52226K [0x00000000c5400000, 0x0000000100000000)
  region size 1024K, 1 young (1024K), 1 survivors (1024K)
 Metaspace       used 60019K, committed 60288K, reserved 1105920K
  class space    used 7197K, committed 7296K, reserved 1048576K
}

Dll operation events (2 events):
Event: 0.025 Loaded shared library C:\Program Files\Android\Android Studio\jbr\bin\java.dll
Event: 4.770 Loaded shared library C:\Program Files\Android\Android Studio\jbr\bin\verify.dll

Deoptimization events (20 events):
Event: 19.617 Thread 0x00000229ffbe40d0 Uncommon trap: trap_request=0xffffffde fr.pc=0x000002298c60e3ac relative=0x000000000000042c
Event: 19.617 Thread 0x00000229ffbe40d0 Uncommon trap: reason=class_check action=maybe_recompile pc=0x000002298c60e3ac method=org.jetbrains.kotlin.storage.LockBasedStorageManager$LockBasedLazyValue.invoke()Ljava/lang/Object; @ 24 c2
Event: 19.617 Thread 0x00000229ffbe40d0 DEOPT PACKING pc=0x000002298c60e3ac sp=0x000000fb70dfda40
Event: 19.617 Thread 0x00000229ffbe40d0 DEOPT UNPACKING pc=0x000002298bf269a3 sp=0x000000fb70dfd970 mode 2
Event: 19.624 Thread 0x00000229ffbe40d0 Uncommon trap: trap_request=0xffffffde fr.pc=0x000002298c6171b0 relative=0x0000000000000430
Event: 19.624 Thread 0x00000229ffbe40d0 Uncommon trap: reason=class_check action=maybe_recompile pc=0x000002298c6171b0 method=org.jetbrains.kotlin.storage.LockBasedStorageManager$LockBasedLazyValue.invoke()Ljava/lang/Object; @ 24 c2
Event: 19.624 Thread 0x00000229ffbe40d0 DEOPT PACKING pc=0x000002298c6171b0 sp=0x000000fb70dfd7c0
Event: 19.624 Thread 0x00000229ffbe40d0 DEOPT UNPACKING pc=0x000002298bf269a3 sp=0x000000fb70dfd758 mode 2
Event: 19.648 Thread 0x00000229ffbe40d0 Uncommon trap: trap_request=0xffffffc6 fr.pc=0x000002298c641c98 relative=0x0000000000000078
Event: 19.648 Thread 0x00000229ffbe40d0 Uncommon trap: reason=bimorphic_or_optimized_type_check action=maybe_recompile pc=0x000002298c641c98 method=java.util.Collections$UnmodifiableCollection.size()I @ 4 c2
Event: 19.648 Thread 0x00000229ffbe40d0 DEOPT PACKING pc=0x000002298c641c98 sp=0x000000fb70dfd2d0
Event: 19.648 Thread 0x00000229ffbe40d0 DEOPT UNPACKING pc=0x000002298bf269a3 sp=0x000000fb70dfd258 mode 2
Event: 19.648 Thread 0x00000229ffbe40d0 Uncommon trap: trap_request=0xffffffc6 fr.pc=0x000002298c641c98 relative=0x0000000000000078
Event: 19.648 Thread 0x00000229ffbe40d0 Uncommon trap: reason=bimorphic_or_optimized_type_check action=maybe_recompile pc=0x000002298c641c98 method=java.util.Collections$UnmodifiableCollection.size()I @ 4 c2
Event: 19.648 Thread 0x00000229ffbe40d0 DEOPT PACKING pc=0x000002298c641c98 sp=0x000000fb70dfd610
Event: 19.648 Thread 0x00000229ffbe40d0 DEOPT UNPACKING pc=0x000002298bf269a3 sp=0x000000fb70dfd598 mode 2
Event: 19.655 Thread 0x00000229ffbe40d0 Uncommon trap: trap_request=0xffffffc6 fr.pc=0x000002298c641c98 relative=0x0000000000000078
Event: 19.655 Thread 0x00000229ffbe40d0 Uncommon trap: reason=bimorphic_or_optimized_type_check action=maybe_recompile pc=0x000002298c641c98 method=java.util.Collections$UnmodifiableCollection.size()I @ 4 c2
Event: 19.655 Thread 0x00000229ffbe40d0 DEOPT PACKING pc=0x000002298c641c98 sp=0x000000fb70dfd100
Event: 19.655 Thread 0x00000229ffbe40d0 DEOPT UNPACKING pc=0x000002298bf269a3 sp=0x000000fb70dfd088 mode 2

Classes unloaded (0 events):
No events

Classes redefined (0 events):
No events

Internal exceptions (20 events):
Event: 13.517 Thread 0x00000229ffbe40d0 Exception <a 'java/lang/NoSuchMethodError'{0x00000000cbdbe0f8}: 'java.lang.Object java.lang.invoke.DirectMethodHandle$Holder.newInvokeSpecial(java.lang.Object, java.lang.Object, java.lang.Object, int)'> (0x00000000cbdbe0f8) 
thrown [s\src\hotspot\share\interpreter\linkResolver.cpp, line 771]
Event: 13.518 Thread 0x00000229ffbe40d0 Exception <a 'java/lang/NoSuchMethodError'{0x00000000cbdc2780}: 'java.lang.Object java.lang.invoke.DirectMethodHandle$Holder.invokeSpecial(java.lang.Object, java.lang.Object, java.lang.Object, java.lang.Object, int)'> (0x00000000cbdc2780) 
thrown [s\src\hotspot\share\interpreter\linkResolver.cpp, line 771]
Event: 13.518 Thread 0x00000229ffbe40d0 Exception <a 'java/lang/NoSuchMethodError'{0x00000000cbdc65f0}: 'java.lang.Object java.lang.invoke.Invokers$Holder.linkToTargetMethod(java.lang.Object, java.lang.Object, int, java.lang.Object)'> (0x00000000cbdc65f0) 
thrown [s\src\hotspot\share\interpreter\linkResolver.cpp, line 771]
Event: 13.599 Thread 0x00000229ffbe40d0 Implicit null exception at 0x000002298c5530d5 to 0x000002298c5531a4
Event: 15.436 Thread 0x00000229ffbe40d0 Exception <a 'java/lang/NoSuchMethodError'{0x00000000cc55e6e0}: 'java.lang.Object java.lang.invoke.DirectMethodHandle$Holder.newInvokeSpecial(java.lang.Object, java.lang.Object, java.lang.Object, java.lang.Object, java.lang.Object)'> (0x00000000cc55e6e0) 
thrown [s\src\hotspot\share\interpreter\linkResolver.cpp, line 771]
Event: 15.700 Thread 0x00000229ffbe40d0 Exception <a 'java/lang/NoSuchMethodError'{0x00000000cc17da08}: 'java.lang.Object java.lang.invoke.DirectMethodHandle$Holder.newInvokeSpecial(java.lang.Object, java.lang.Object, java.lang.Object, java.lang.Object, java.lang.Object, java.lang.Object)'> (0x00000000cc17da08) 
thrown [s\src\hotspot\share\interpreter\linkResolver.cpp, line 771]
Event: 15.926 Thread 0x00000229ffbe40d0 Exception <a 'java/lang/NoSuchMethodError'{0x00000000cbd07dc0}: 'java.lang.Object java.lang.invoke.DirectMethodHandle$Holder.newInvokeSpecial(java.lang.Object, java.lang.Object, java.lang.Object, java.lang.Object, java.lang.Object, java.lang.Object, java.lang.Object)'> (0x00000000cbd07dc0) 
thrown [s\src\hotspot\share\interpreter\linkResolver.cpp, line 771]
Event: 15.927 Thread 0x00000229ffbe40d0 Exception <a 'java/lang/NoSuchMethodError'{0x00000000cbd0c978}: 'java.lang.Object java.lang.invoke.Invokers$Holder.linkToTargetMethod(java.lang.Object, java.lang.Object, java.lang.Object, java.lang.Object, java.lang.Object, java.lang.Object, java.lang.Object)'> (0x00000000cbd0c978) 
thrown [s\src\hotspot\share\interpreter\linkResolver.cpp, line 771]
Event: 16.624 Thread 0x00000229ffbe40d0 Exception <a 'java/lang/NoSuchMethodError'{0x00000000cb420150}: 'java.lang.Object java.lang.invoke.DirectMethodHandle$Holder.invokeStatic(java.lang.Object, java.lang.Object, java.lang.Object, java.lang.Object, int)'> (0x00000000cb420150) 
thrown [s\src\hotspot\share\interpreter\linkResolver.cpp, line 771]
Event: 16.625 Thread 0x00000229ffbe40d0 Exception <a 'java/lang/NoSuchMethodError'{0x00000000cb42a0e0}: 'java.lang.Object java.lang.invoke.DirectMethodHandle$Holder.newInvokeSpecial(java.lang.Object, java.lang.Object, java.lang.Object, java.lang.Object, int)'> (0x00000000cb42a0e0) 
thrown [s\src\hotspot\share\interpreter\linkResolver.cpp, line 771]
Event: 16.627 Thread 0x00000229ffbe40d0 Exception <a 'java/lang/NoSuchMethodError'{0x00000000cb432458}: 'java.lang.Object java.lang.invoke.Invokers$Holder.linkToTargetMethod(java.lang.Object, java.lang.Object, java.lang.Object, int, java.lang.Object)'> (0x00000000cb432458) 
thrown [s\src\hotspot\share\interpreter\linkResolver.cpp, line 771]
Event: 17.844 Thread 0x00000229ffbe40d0 Exception <a 'java/lang/NoSuchMethodError'{0x00000000ca4c0c18}: 'java.lang.Object java.lang.invoke.DirectMethodHandle$Holder.invokeInterface(java.lang.Object, java.lang.Object, java.lang.Object)'> (0x00000000ca4c0c18) 
thrown [s\src\hotspot\share\interpreter\linkResolver.cpp, line 771]
Event: 17.845 Thread 0x00000229ffbe40d0 Exception <a 'java/lang/IncompatibleClassChangeError'{0x00000000ca4c4588}: Found class java.lang.Object, but interface was expected> (0x00000000ca4c4588) 
thrown [s\src\hotspot\share\interpreter\linkResolver.cpp, line 838]
Event: 17.871 Thread 0x00000229ffbe40d0 Implicit null exception at 0x000002298c5f8b0c to 0x000002298c5f8ee4
Event: 17.893 Thread 0x00000229ffbe40d0 Implicit null exception at 0x000002298c54cf8f to 0x000002298c54d005
Event: 17.964 Thread 0x00000229ffbe40d0 Implicit null exception at 0x000002298c60bdf4 to 0x000002298c60c154
Event: 17.975 Thread 0x00000229ffbe40d0 Exception <a 'java/lang/NoSuchMethodError'{0x00000000ca23c9b0}: 'java.lang.Object java.lang.invoke.DirectMethodHandle$Holder.invokeSpecial(java.lang.Object, java.lang.Object, java.lang.Object, java.lang.Object, java.lang.Object, java.lang.Object, java.lang.Object, java.lang.Object, java.lang.Object)'> (0x00000000ca23c9b0) 
thrown [s\src\hotspot\share\interpreter\linkResolver.cpp, line 771]
Event: 17.977 Thread 0x00000229ffbe40d0 Exception <a 'java/lang/NoSuchMethodError'{0x00000000ca249450}: 'java.lang.Object java.lang.invoke.DirectMethodHandle$Holder.newInvokeSpecial(java.lang.Object, java.lang.Object, java.lang.Object, java.lang.Object, java.lang.Object, java.lang.Object, java.lang.Object, java.lang.Object)'> (0x00000000ca249450) 
thrown [s\src\hotspot\share\interpreter\linkResolver.cpp, line 771]
Event: 17.978 Thread 0x00000229ffbe40d0 Exception <a 'java/lang/NoSuchMethodError'{0x00000000ca24e790}: 'java.lang.Object java.lang.invoke.Invokers$Holder.linkToTargetMethod(java.lang.Object, java.lang.Object, java.lang.Object, java.lang.Object, java.lang.Object, java.lang.Object, java.lang.Object, java.lang.Object)'> (0x00000000ca24e790) 
thrown [s\src\hotspot\share\interpreter\linkResolver.cpp, line 771]
Event: 18.881 Thread 0x00000229ffbe40d0 Implicit null exception at 0x000002298c4ece8f to 0x000002298c4ed208

VM Operations (20 events):
Event: 18.553 Executing VM operation: G1Concurrent
Event: 18.555 Executing VM operation: G1Concurrent done
Event: 18.604 Executing VM operation: HandshakeAllThreads
Event: 18.604 Executing VM operation: HandshakeAllThreads done
Event: 19.618 Executing VM operation: Cleanup
Event: 19.618 Executing VM operation: Cleanup done
Event: 20.394 Executing VM operation: HandshakeAllThreads
Event: 20.394 Executing VM operation: HandshakeAllThreads done
Event: 20.571 Executing VM operation: HandshakeAllThreads
Event: 20.571 Executing VM operation: HandshakeAllThreads done
Event: 20.732 Executing VM operation: HandshakeAllThreads
Event: 20.732 Executing VM operation: HandshakeAllThreads done
Event: 20.732 Executing VM operation: Cleanup
Event: 20.733 Executing VM operation: Cleanup done
Event: 20.734 Executing VM operation: HandshakeAllThreads
Event: 20.734 Executing VM operation: HandshakeAllThreads done
Event: 20.739 Executing VM operation: G1CollectForAllocation
Event: 20.771 Executing VM operation: G1CollectForAllocation done
Event: 20.814 Executing VM operation: G1CollectForAllocation
Event: 20.829 Executing VM operation: G1CollectForAllocation done

Events (20 events):
Event: 14.195 loading class java/util/stream/Sink$ChainedInt done
Event: 14.195 loading class java/util/stream/IntPipeline$1$1 done
Event: 14.289 loading class java/io/InvalidObjectException
Event: 14.289 loading class java/io/InvalidObjectException done
Event: 14.311 loading class java/util/AbstractList$SubList$1
Event: 14.312 loading class java/util/AbstractList$SubList$1 done
Event: 14.354 loading class java/text/StringCharacterIterator
Event: 14.355 loading class java/text/CharacterIterator
Event: 14.355 loading class java/text/CharacterIterator done
Event: 14.355 loading class java/text/StringCharacterIterator done
Event: 14.529 loading class java/util/ArrayList$SubList$1
Event: 14.529 loading class java/util/ArrayList$SubList$1 done
Event: 15.705 loading class java/util/RegularEnumSet$EnumSetIterator
Event: 15.705 loading class java/util/RegularEnumSet$EnumSetIterator done
Event: 16.305 loading class java/security/CodeSigner
Event: 16.305 loading class java/security/CodeSigner done
Event: 16.535 loading class java/util/function/ToIntFunction
Event: 16.535 loading class java/util/function/ToIntFunction done
Event: 17.972 loading class java/util/Collections$2
Event: 17.973 loading class java/util/Collections$2 done


Dynamic libraries:
0x00007ff7a9010000 - 0x00007ff7a901a000 	C:\Program Files\Android\Android Studio\jbr\bin\java.exe
0x00007ffa57750000 - 0x00007ffa57948000 	C:\Windows\SYSTEM32\ntdll.dll
0x00007ffa56330000 - 0x00007ffa563f2000 	C:\Windows\System32\KERNEL32.DLL
0x00007ffa54ee0000 - 0x00007ffa551d6000 	C:\Windows\System32\KERNELBASE.dll
0x00007ffa555e0000 - 0x00007ffa556e0000 	C:\Windows\System32\ucrtbase.dll
0x00007ffa43af0000 - 0x00007ffa43b07000 	C:\Program Files\Android\Android Studio\jbr\bin\jli.dll
0x00007ffa57570000 - 0x00007ffa5770d000 	C:\Windows\System32\USER32.dll
0x00007ffa553b0000 - 0x00007ffa553d2000 	C:\Windows\System32\win32u.dll
0x00007ffa55860000 - 0x00007ffa5588b000 	C:\Windows\System32\GDI32.dll
0x00007ffa55290000 - 0x00007ffa553aa000 	C:\Windows\System32\gdi32full.dll
0x00007ffa553e0000 - 0x00007ffa5547d000 	C:\Windows\System32\msvcp_win.dll
0x00007ffa1de50000 - 0x00007ffa1de6b000 	C:\Program Files\Android\Android Studio\jbr\bin\VCRUNTIME140.dll
0x00007ffa41f10000 - 0x00007ffa421aa000 	C:\Windows\WinSxS\amd64_microsoft.windows.common-controls_6595b64144ccf1df_6.0.19041.4355_none_60b8b9eb71f62e16\COMCTL32.dll
0x00007ffa570c0000 - 0x00007ffa5715e000 	C:\Windows\System32\msvcrt.dll
0x00007ffa56760000 - 0x00007ffa5678f000 	C:\Windows\System32\IMM32.DLL
0x00007ffa320c0000 - 0x00007ffa320cc000 	C:\Program Files\Android\Android Studio\jbr\bin\vcruntime140_1.dll
0x00007ffa004f0000 - 0x00007ffa0057d000 	C:\Program Files\Android\Android Studio\jbr\bin\msvcp140.dll
0x00007ff9ff780000 - 0x00007ffa003ee000 	C:\Program Files\Android\Android Studio\jbr\bin\server\jvm.dll
0x00007ffa57010000 - 0x00007ffa570bf000 	C:\Windows\System32\ADVAPI32.dll
0x00007ffa57340000 - 0x00007ffa573df000 	C:\Windows\System32\sechost.dll
0x00007ffa57210000 - 0x00007ffa57333000 	C:\Windows\System32\RPCRT4.dll
0x00007ffa54de0000 - 0x00007ffa54e07000 	C:\Windows\System32\bcrypt.dll
0x00007ffa384c0000 - 0x00007ffa384c9000 	C:\Windows\SYSTEM32\WSOCK32.dll
0x00007ffa56f70000 - 0x00007ffa56fdb000 	C:\Windows\System32\WS2_32.dll
0x00007ffa43940000 - 0x00007ffa43967000 	C:\Windows\SYSTEM32\WINMM.dll
0x00007ffa479c0000 - 0x00007ffa479ca000 	C:\Windows\SYSTEM32\VERSION.dll
0x00007ffa52c20000 - 0x00007ffa52c32000 	C:\Windows\SYSTEM32\kernel.appcore.dll
0x00007ffa4c710000 - 0x00007ffa4c71a000 	C:\Program Files\Android\Android Studio\jbr\bin\jimage.dll
0x00007ffa4c460000 - 0x00007ffa4c644000 	C:\Windows\SYSTEM32\DBGHELP.DLL
0x00007ffa4c420000 - 0x00007ffa4c454000 	C:\Windows\SYSTEM32\dbgcore.DLL
0x00007ffa556e0000 - 0x00007ffa55762000 	C:\Windows\System32\bcryptPrimitives.dll
0x00007ffa43b20000 - 0x00007ffa43b45000 	C:\Program Files\Android\Android Studio\jbr\bin\java.dll
0x00007ffa490f0000 - 0x00007ffa49108000 	C:\Program Files\Android\Android Studio\jbr\bin\zip.dll
0x00007ffa559c0000 - 0x00007ffa5612f000 	C:\Windows\System32\SHELL32.dll
0x00007ffa52e20000 - 0x00007ffa535c3000 	C:\Windows\SYSTEM32\windows.storage.dll
0x00007ffa56400000 - 0x00007ffa56755000 	C:\Windows\System32\combase.dll
0x00007ffa54730000 - 0x00007ffa5475b000 	C:\Windows\SYSTEM32\Wldp.dll
0x00007ffa56ea0000 - 0x00007ffa56f6d000 	C:\Windows\System32\OLEAUT32.dll
0x00007ffa57160000 - 0x00007ffa5720d000 	C:\Windows\System32\SHCORE.dll
0x00007ffa56e40000 - 0x00007ffa56e95000 	C:\Windows\System32\shlwapi.dll
0x00007ffa54d10000 - 0x00007ffa54d35000 	C:\Windows\SYSTEM32\profapi.dll
0x00007ffa47130000 - 0x00007ffa47149000 	C:\Program Files\Android\Android Studio\jbr\bin\net.dll
0x00007ffa4ac30000 - 0x00007ffa4ad3a000 	C:\Windows\SYSTEM32\WINHTTP.dll
0x00007ffa54510000 - 0x00007ffa5457c000 	C:\Windows\system32\mswsock.dll
0x00007ffa43c20000 - 0x00007ffa43c36000 	C:\Program Files\Android\Android Studio\jbr\bin\nio.dll
0x00007ffa48f60000 - 0x00007ffa48f70000 	C:\Program Files\Android\Android Studio\jbr\bin\verify.dll

dbghelp: loaded successfully - version: 4.0.5 - missing functions: none
symbol engine: initialized successfully - sym options: 0x614 - pdb path: .;C:\Program Files\Android\Android Studio\jbr\bin;C:\Windows\SYSTEM32;C:\Windows\WinSxS\amd64_microsoft.windows.common-controls_6595b64144ccf1df_6.0.19041.4355_none_60b8b9eb71f62e16;C:\Program Files\Android\Android Studio\jbr\bin\server

VM Arguments:
java_command: org.jetbrains.kotlin.cli.jvm.K2JVMCompiler @C:\Users\user\FlutterSdk\flutter_windows\flutter\packages\flutter_tools\gradle\build\20250410_15871455163445627576.compiler.options
java_class_path (initial): C:\Users\user\.gradle\caches\modules-2\files-2.1\org.jetbrains.kotlin\kotlin-compiler-embeddable\1.9.24\78dab849090e6c5e2eadb6e59a11cdc28fb67a08\kotlin-compiler-embeddable-1.9.24.jar;C:\Users\user\.gradle\caches\modules-2\files-2.1\org.jetbrains.kotlin\kotlin-stdlib\1.9.24\9928532f12c66ad816a625b3f9984f8368ca6d2b\kotlin-stdlib-1.9.24.jar;C:\Users\user\.gradle\caches\modules-2\files-2.1\org.jetbrains.kotlin\kotlin-script-runtime\1.9.24\96771497da90fbc5af1c90fce148db2595a62502\kotlin-script-runtime-1.9.24.jar;C:\Users\user\.gradle\caches\modules-2\files-2.1\org.jetbrains.kotlin\kotlin-reflect\1.6.10\1cbe9c92c12a94eea200d23c2bbaedaf3daf5132\kotlin-reflect-1.6.10.jar;C:\Users\user\.gradle\caches\modules-2\files-2.1\org.jetbrains.kotlin\kotlin-daemon-embeddable\1.9.24\86685b9c5e8d170925bd9ddbdc263374a6a73281\kotlin-daemon-embeddable-1.9.24.jar;C:\Users\user\.gradle\caches\modules-2\files-2.1\org.jetbrains.intellij.deps\trove4j\1.0.20200330\3afb14d5f9ceb459d724e907a21145e8ff394f02\trove4j-1.0.20200330.jar;C:\Users\user\.gradle\caches\modules-2\files-2.1\org.jetbrains\annotations\13.0\919f0dfe192fb4e063e7dacadee7f8bb9a2672a9\annotations-13.0.jar
Launcher Type: SUN_STANDARD

[Global flags]
     intx CICompilerCount                          = 3                                         {product} {ergonomic}
     uint ConcGCThreads                            = 1                                         {product} {ergonomic}
     uint G1ConcRefinementThreads                  = 4                                         {product} {ergonomic}
   size_t G1HeapRegionSize                         = 1048576                                   {product} {ergonomic}
    uintx GCDrainStackTargetSize                   = 64                                        {product} {ergonomic}
   size_t InitialHeapSize                          = 62914560                                  {product} {ergonomic}
   size_t MarkStackSize                            = 4194304                                   {product} {ergonomic}
   size_t MaxHeapSize                              = 985661440                                 {product} {ergonomic}
   size_t MaxNewSize                               = 591396864                                 {product} {ergonomic}
   size_t MinHeapDeltaBytes                        = 1048576                                   {product} {ergonomic}
   size_t MinHeapSize                              = 8388608                                   {product} {ergonomic}
    uintx NonNMethodCodeHeapSize                   = 5832780                                {pd product} {ergonomic}
    uintx NonProfiledCodeHeapSize                  = 122912730                              {pd product} {ergonomic}
    uintx ProfiledCodeHeapSize                     = 122912730                              {pd product} {ergonomic}
    uintx ReservedCodeCacheSize                    = 251658240                              {pd product} {ergonomic}
     bool SegmentedCodeCache                       = true                                      {product} {ergonomic}
   size_t SoftMaxHeapSize                          = 985661440                              {manageable} {ergonomic}
     bool UseCompressedClassPointers               = true                           {product lp64_product} {ergonomic}
     bool UseCompressedOops                        = true                           {product lp64_product} {ergonomic}
     bool UseG1GC                                  = true                                      {product} {ergonomic}
     bool UseLargePagesIndividualAllocation        = false                                  {pd product} {ergonomic}

Logging:
Log output configuration:
 #0: stdout all=warning uptime,level,tags
 #1: stderr all=off uptime,level,tags

Environment Variables:
JAVA_HOME=C:\Program Files\Android\Android Studio\jbr
CLASSPATH=C:\Users\user\flutter_projects\android\\gradle\wrapper\gradle-wrapper.jar
PATH=C:\Program Files\Android\Android Studio\jbr\bin;C:\App\db_home\bin;C:\Program Files (x86)\Common Files\Oracle\Java\javapath;C:\Windows\system32;C:\Windows;C:\Windows\System32\Wbem;C:\Windows\System32\WindowsPowerShell\v1.0\;C:\Windows\System32\OpenSSH\;C:\Program Files\nodejs\;C:\Python\Python;C:\Program Files\Python;C:\Scripts;C:\Python\Scripts;C:\Program Files\Java\jdk-20_windows-x64_bin\jdk-20.0.2\;C:\Gradle\gradle-8.8-bin\gradle-8.8\bin;C:\Program Files\Docker\Docker\resources\bin;C:\Users\user\FlutterSdk\flutter_windows\flutter\bin;C:\Python\Scripts\;C:\Python\;C:\Users\user\AppData\Local\Programs\Python\Launcher\;C:\Program Files (x86)\Common Files\Oracle\Java\javapath;C:\Windows\system32;C:\Windows;C:\Windows\System32\Wbem;C:\Windows\System32\WindowsPowerShell\v1.0\;C:\Windows\System32\OpenSSH\;C:\Program Files\nodejs\;C:\Users\user\AppData\Local\Microsoft\WindowsApps;C:\Users\user\AppData\Local\Programs\Microsoft VS Code\bin;C:\Users\user\AppData\Roaming\npm;C:\Python34\Scripts;;C:\Users\user\FlutterSdk\flutter_windows\flutter\bin\mingit\cmd
USERNAME=user
OS=Windows_NT
PROCESSOR_IDENTIFIER=Intel64 Family 6 Model 69 Stepping 1, GenuineIntel
TMP=C:\Users\user\AppData\Local\Temp
TEMP=C:\Users\user\AppData\Local\Temp


JNI global refs:
JNI global refs: 7, weak refs: 5

JNI global refs memory usage: 843, weak refs: 841


---------------  S Y S T E M  ---------------

OS:
 Windows 10 , 64 bit Build 19041 (10.0.19041.5678)
OS uptime: 0 days 1:31 hours
Hyper-V role detected

CPU: total 4 (initial active 4) (2 cores per cpu, 2 threads per core) family 6 model 69 stepping 1 microcode 0x25, cx8, cmov, fxsr, ht, mmx, sse, sse2, sse3, ssse3, sse4.1, sse4.2, popcnt, lzcnt, tsc, tscinvbit, avx, avx2, aes, erms, clmul, bmi1, bmi2, fma, vzeroupper, clflush, hv

Memory: 4k page, system-wide physical 3753M (201M free)
TotalPageFile size 15017M (AvailPageFile size 2M)
current process WorkingSet (physical memory assigned to process): 203M, peak: 231M
current process commit charge ("private bytes"): 286M, peak: 293M

vm_info: OpenJDK 64-Bit Server VM (17.0.6+0-b2043.56-10027231) for windows-amd64 JRE (17.0.6+0-b2043.56-10027231), built on Apr 28 2023 00:43:19 by "androidbuild" with MS VC++ 16.10 / 16.11 (VS2019)

END.
