#
# There is insufficient memory for the Java Runtime Environment to continue.
# Native memory allocation (mmap) failed to map 926941184 bytes for G1 virtual space
# Possible reasons:
#   The system is out of physical RAM or swap space
#   The process is running with CompressedOops enabled, and the Java Heap may be blocking the growth of the native heap
# Possible solutions:
#   Reduce memory load on the system
#   Increase physical memory or swap space
#   Check if swap backing store is full
#   Decrease Java heap size (-Xmx/-Xms)
#   Decrease number of Java threads
#   Decrease Java thread stack sizes (-Xss)
#   Set larger code cache with -XX:ReservedCodeCacheSize=
#   JVM is running with Zero Based Compressed Oops mode in which the Java heap is
#     placed in the first 32GB address space. The Java Heap base address is the
#     maximum limit for the native heap growth. Please use -XX:HeapBaseMinAddress
#     to set the Java Heap base and to place the Java Heap above 32GB virtual address.
# This output file may be truncated or incomplete.
#
#  Out of Memory Error (os_windows.cpp:3769), pid=25340, tid=43444
#
# JRE version: OpenJDK Runtime Environment (17.0.6) (build 17.0.6+0-b2043.56-10027231)
# Java VM: OpenJDK 64-Bit Server VM (17.0.6+0-b2043.56-10027231, mixed mode, tiered, compressed oops, compressed class ptrs, g1 gc, windows-amd64)
# No core dump will be written. Minidumps are not enabled by default on client versions of Windows
#

---------------  S U M M A R Y ------------

Command Line: -XX:MaxPermSize=512m -XX:MaxMetaspaceSize=4G -XX:ReservedCodeCacheSize=512m -XX:+HeapDumpOnOutOfMemoryError --add-opens=java.base/java.util=ALL-UNNAMED --add-opens=java.base/java.lang=ALL-UNNAMED --add-opens=java.base/java.lang.invoke=ALL-UNNAMED --add-opens=java.prefs/java.util.prefs=ALL-UNNAMED --add-exports=jdk.compiler/com.sun.tools.javac.api=ALL-UNNAMED --add-exports=jdk.compiler/com.sun.tools.javac.util=ALL-UNNAMED --add-opens=java.base/java.nio.charset=ALL-UNNAMED --add-opens=java.base/java.net=ALL-UNNAMED --add-opens=java.base/java.util.concurrent.atomic=ALL-UNNAMED -Xmx8G -Dfile.encoding=windows-1252 -Duser.country=US -Duser.language=en -Duser.variant -javaagent:C:\Users\user\.gradle\wrapper\dists\gradle-8.10.2-all\7iv73wktx1xtkvlq19urqw1wm\gradle-8.10.2\lib\agents\gradle-instrumentation-agent-8.10.2.jar org.gradle.launcher.daemon.bootstrap.GradleDaemon 8.10.2

Host: Intel(R) Core(TM) i5-4310U CPU @ 2.00GHz, 4 cores, 3G,  Windows 10 , 64 bit Build 19041 (10.0.19041.5678)
Time: Fri Apr 18 10:18:26 2025 W. Central Africa Standard Time elapsed time: 274.429742 seconds (0d 0h 4m 34s)

---------------  T H R E A D  ---------------

Current thread (0x00000131f7ab8150):  VMThread "VM Thread" [stack: 0x0000001a63200000,0x0000001a63300000] [id=43444]

Stack: [0x0000001a63200000,0x0000001a63300000]
Native frames: (J=compiled Java code, j=interpreted, Vv=VM code, C=native code)
V  [jvm.dll+0x683c9a]
V  [jvm.dll+0x8427a4]
V  [jvm.dll+0x843f9e]
V  [jvm.dll+0x844603]
V  [jvm.dll+0x249b75]
V  [jvm.dll+0x680b69]
V  [jvm.dll+0x67505a]
V  [jvm.dll+0x309acb]
V  [jvm.dll+0x310f86]
V  [jvm.dll+0x3608ee]
V  [jvm.dll+0x360b1f]
V  [jvm.dll+0x2dfbf8]
V  [jvm.dll+0x2ddec4]
V  [jvm.dll+0x2dd4cc]
V  [jvm.dll+0x321f3b]
V  [jvm.dll+0x848ccb]
V  [jvm.dll+0x849a04]
V  [jvm.dll+0x849f1d]
V  [jvm.dll+0x84a2f4]
V  [jvm.dll+0x84a3c0]
V  [jvm.dll+0x7f274a]
V  [jvm.dll+0x682ad5]
C  [ucrtbase.dll+0x21bb2]
C  [KERNEL32.DLL+0x17374]
C  [ntdll.dll+0x4cc91]

VM_Operation (0x0000001a691fdd80): G1CollectForAllocation, mode: safepoint, requested by thread 0x000001318914d400


---------------  P R O C E S S  ---------------

Threads class SMR info:
_java_thread_list=0x00000131861f2f10, length=95, elements={
0x00000131bd174c00, 0x00000131f7ada260, 0x00000131f7adc790, 0x00000131f7ac4b60,
0x00000131f7ac7430, 0x00000131f8851020, 0x00000131f8852080, 0x00000131f88557d0,
0x00000131f8856a20, 0x00000131f883a020, 0x00000131f8917880, 0x00000131f8ab51d0,
0x00000131fa026ea0, 0x00000131f91dd3a0, 0x00000131fa3bdb70, 0x00000131fafa3ee0,
0x00000131fafa3070, 0x00000131fafa3540, 0x00000131faf0bf70, 0x00000131faf0b100,
0x00000131faf098f0, 0x00000131faf085b0, 0x00000131fea6d1c0, 0x00000131fea6eea0,
0x00000131fea6f370, 0x00000131fea736d0, 0x00000131fd085160, 0x00000131fd088650,
0x00000131fd085630, 0x00000131fd082140, 0x00000131fd084c90, 0x00000131fd083e20,
0x00000131fd085b00, 0x00000131fd085fd0, 0x00000131fd088180, 0x00000131fd0864a0,
0x00000131fd0894c0, 0x00000131fd086970, 0x00000131fd0842f0, 0x00000131fd0877e0,
0x00000131fd082fb0, 0x00000131fd086e40, 0x00000131fd088ff0, 0x00000131fd082610,
0x00000131fd082ae0, 0x00000131fd083480, 0x00000131fd083950, 0x00000131fd0847c0,
0x00000131fd087310, 0x00000131fdb671f0, 0x00000131fdb68ed0, 0x00000131fdb66d20,
0x00000131fdb676c0, 0x00000131fdb65eb0, 0x00000131fdb693a0, 0x00000131fdb63830,
0x00000131fdb68530, 0x00000131fdb63360, 0x00000131fdb646a0, 0x00000131fdb659e0,
0x00000131fdb624f0, 0x00000131fdb64b70, 0x00000131fdb66380, 0x00000131fdb66850,
0x00000131fdb69870, 0x00000131fdb62e90, 0x00000131fdb63d00, 0x00000131fdb65040,
0x00000131faf06400, 0x00000131faf0baa0, 0x00000131faf068d0, 0x00000131faf06da0,
0x00000131faf07270, 0x00000131faf09420, 0x00000131faf09dc0, 0x00000131faf0b5d0,
0x00000131faf0a290, 0x00000131faf08a80, 0x00000131faf07740, 0x00000131faf0a760,
0x00000131faf0c910, 0x00000131fea6e030, 0x00000131fea6e500, 0x00000131fea701e0,
0x00000131fea706b0, 0x00000131fea71ec0, 0x00000131fea74540, 0x00000131fea6e9d0,
0x00000131fafa43b0, 0x00000131fafa3a10, 0x00000131faf05590, 0x000001318914c590,
0x00000131891508f0, 0x000001318914d400, 0x000001318914d8d0
}

Java Threads: ( => current thread )
  0x00000131bd174c00 JavaThread "main" [_thread_blocked, id=45900, stack(0x0000001a62c00000,0x0000001a62d00000)]
  0x00000131f7ada260 JavaThread "Reference Handler" daemon [_thread_blocked, id=30460, stack(0x0000001a63300000,0x0000001a63400000)]
  0x00000131f7adc790 JavaThread "Finalizer" daemon [_thread_blocked, id=41860, stack(0x0000001a63400000,0x0000001a63500000)]
  0x00000131f7ac4b60 JavaThread "Signal Dispatcher" daemon [_thread_blocked, id=41456, stack(0x0000001a63500000,0x0000001a63600000)]
  0x00000131f7ac7430 JavaThread "Attach Listener" daemon [_thread_blocked, id=42740, stack(0x0000001a63600000,0x0000001a63700000)]
  0x00000131f8851020 JavaThread "Service Thread" daemon [_thread_blocked, id=35532, stack(0x0000001a63700000,0x0000001a63800000)]
  0x00000131f8852080 JavaThread "Monitor Deflation Thread" daemon [_thread_blocked, id=7452, stack(0x0000001a63800000,0x0000001a63900000)]
  0x00000131f88557d0 JavaThread "C2 CompilerThread0" daemon [_thread_blocked, id=38144, stack(0x0000001a63900000,0x0000001a63a00000)]
  0x00000131f8856a20 JavaThread "C1 CompilerThread0" daemon [_thread_blocked, id=31604, stack(0x0000001a63a00000,0x0000001a63b00000)]
  0x00000131f883a020 JavaThread "Sweeper thread" daemon [_thread_blocked, id=39920, stack(0x0000001a63b00000,0x0000001a63c00000)]
  0x00000131f8917880 JavaThread "Common-Cleaner" daemon [_thread_blocked, id=43760, stack(0x0000001a63c00000,0x0000001a63d00000)]
  0x00000131f8ab51d0 JavaThread "Notification Thread" daemon [_thread_blocked, id=12220, stack(0x0000001a63d00000,0x0000001a63e00000)]
  0x00000131fa026ea0 JavaThread "Daemon health stats" [_thread_blocked, id=52580, stack(0x0000001a64200000,0x0000001a64300000)]
  0x00000131f91dd3a0 JavaThread "Incoming local TCP Connector on port 63442" [_thread_in_native, id=51984, stack(0x0000001a64300000,0x0000001a64400000)]
  0x00000131fa3bdb70 JavaThread "Daemon periodic checks" [_thread_blocked, id=52212, stack(0x0000001a64400000,0x0000001a64500000)]
  0x00000131fafa3ee0 JavaThread "Cache worker for journal cache (C:\Users\user\.gradle\caches\journal-1)" [_thread_blocked, id=41644, stack(0x0000001a64c00000,0x0000001a64d00000)]
  0x00000131fafa3070 JavaThread "File lock request listener" [_thread_in_native, id=39912, stack(0x0000001a64d00000,0x0000001a64e00000)]
  0x00000131fafa3540 JavaThread "Cache worker for file hash cache (C:\Users\user\.gradle\caches\8.10.2\fileHashes)" [_thread_blocked, id=31616, stack(0x0000001a64e00000,0x0000001a64f00000)]
  0x00000131faf0bf70 JavaThread "File watcher server" daemon [_thread_blocked, id=53684, stack(0x0000001a65100000,0x0000001a65200000)]
  0x00000131faf0b100 JavaThread "File watcher consumer" daemon [_thread_blocked, id=13084, stack(0x0000001a65200000,0x0000001a65300000)]
  0x00000131faf098f0 JavaThread "Cache worker for file content cache (C:\Users\user\.gradle\caches\8.10.2\fileContent)" [_thread_blocked, id=35592, stack(0x0000001a65400000,0x0000001a65500000)]
  0x00000131faf085b0 JavaThread "Memory manager" [_thread_blocked, id=38088, stack(0x0000001a66200000,0x0000001a66300000)]
  0x00000131fea6d1c0 JavaThread "jar transforms" [_thread_blocked, id=40796, stack(0x0000001a66400000,0x0000001a66500000)]
  0x00000131fea6eea0 JavaThread "jar transforms Thread 2" [_thread_blocked, id=37140, stack(0x0000001a67f00000,0x0000001a68000000)]
  0x00000131fea6f370 JavaThread "jar transforms Thread 3" [_thread_blocked, id=47012, stack(0x0000001a68200000,0x0000001a68300000)]
  0x00000131fea736d0 JavaThread "jar transforms Thread 4" [_thread_blocked, id=45528, stack(0x0000001a68300000,0x0000001a68400000)]
  0x00000131fd085160 JavaThread "Daemon Thread 2" [_thread_blocked, id=43584, stack(0x0000001a62900000,0x0000001a62a00000)]
  0x00000131fd088650 JavaThread "Handler for socket connection from /127.0.0.1:63442 to /127.0.0.1:63547" [_thread_in_native, id=50208, stack(0x0000001a62a00000,0x0000001a62b00000)]
  0x00000131fd085630 JavaThread "Cancel handler" [_thread_blocked, id=39168, stack(0x0000001a62b00000,0x0000001a62c00000)]
  0x00000131fd082140 JavaThread "Daemon worker Thread 2" [_thread_blocked, id=45336, stack(0x0000001a64500000,0x0000001a64600000)]
  0x00000131fd084c90 JavaThread "Asynchronous log dispatcher for DefaultDaemonConnection: socket connection from /127.0.0.1:63442 to /127.0.0.1:63547" [_thread_blocked, id=45948, stack(0x0000001a64600000,0x0000001a64700000)]
  0x00000131fd083e20 JavaThread "Stdin handler" [_thread_blocked, id=36476, stack(0x0000001a64700000,0x0000001a64800000)]
  0x00000131fd085b00 JavaThread "Daemon client event forwarder" [_thread_blocked, id=50340, stack(0x0000001a64800000,0x0000001a64900000)]
  0x00000131fd085fd0 JavaThread "Cache worker for file hash cache (C:\Users\user\flutter_projects\Lolu\android\.gradle\8.10.2\fileHashes)" [_thread_blocked, id=41148, stack(0x0000001a64900000,0x0000001a64a00000)]
  0x00000131fd088180 JavaThread "Cache worker for Build Output Cleanup Cache (C:\Users\user\flutter_projects\Lolu\android\.gradle\buildOutputCleanup)" [_thread_blocked, id=51156, stack(0x0000001a64a00000,0x0000001a64b00000)]
  0x00000131fd0864a0 JavaThread "Cache worker for checksums cache (C:\Users\user\flutter_projects\Lolu\android\.gradle\8.10.2\checksums)" [_thread_blocked, id=45268, stack(0x0000001a64b00000,0x0000001a64c00000)]
  0x00000131fd0894c0 JavaThread "Cache worker for cache directory md-rule (C:\Users\user\.gradle\caches\8.10.2\md-rule)" [_thread_blocked, id=45324, stack(0x0000001a64f00000,0x0000001a65000000)]
  0x00000131fd086970 JavaThread "Cache worker for cache directory md-supplier (C:\Users\user\.gradle\caches\8.10.2\md-supplier)" [_thread_blocked, id=40548, stack(0x0000001a65000000,0x0000001a65100000)]
  0x00000131fd0842f0 JavaThread "Cache worker for Build Output Cleanup Cache (C:\Users\user\FlutterSdk\flutter_windows\flutter\packages\flutter_tools\gradle\.gradle\buildOutputCleanup)" [_thread_blocked, id=46040, stack(0x0000001a65300000,0x0000001a65400000)]
  0x00000131fd0877e0 JavaThread "Unconstrained build operations" [_thread_blocked, id=45020, stack(0x0000001a65500000,0x0000001a65600000)]
  0x00000131fd082fb0 JavaThread "Unconstrained build operations Thread 2" [_thread_blocked, id=46412, stack(0x0000001a65600000,0x0000001a65700000)]
  0x00000131fd086e40 JavaThread "Unconstrained build operations Thread 3" [_thread_blocked, id=47748, stack(0x0000001a65800000,0x0000001a65900000)]
  0x00000131fd088ff0 JavaThread "Unconstrained build operations Thread 4" [_thread_blocked, id=46712, stack(0x0000001a65900000,0x0000001a65a00000)]
  0x00000131fd082610 JavaThread "Unconstrained build operations Thread 5" [_thread_blocked, id=20516, stack(0x0000001a65a00000,0x0000001a65b00000)]
  0x00000131fd082ae0 JavaThread "Unconstrained build operations Thread 6" [_thread_blocked, id=30984, stack(0x0000001a65b00000,0x0000001a65c00000)]
  0x00000131fd083480 JavaThread "build event listener" [_thread_blocked, id=49520, stack(0x0000001a65c00000,0x0000001a65d00000)]
  0x00000131fd083950 JavaThread "included builds" [_thread_blocked, id=54008, stack(0x0000001a65d00000,0x0000001a65e00000)]
  0x00000131fd0847c0 JavaThread "Execution worker" [_thread_blocked, id=46724, stack(0x0000001a65e00000,0x0000001a65f00000)]
  0x00000131fd087310 JavaThread "Execution worker Thread 2" [_thread_blocked, id=46180, stack(0x0000001a65f00000,0x0000001a66000000)]
  0x00000131fdb671f0 JavaThread "Execution worker Thread 3" [_thread_blocked, id=48072, stack(0x0000001a66000000,0x0000001a66100000)]
  0x00000131fdb68ed0 JavaThread "Cache worker for execution history cache (C:\Users\user\FlutterSdk\flutter_windows\flutter\packages\flutter_tools\gradle\.gradle\8.10.2\executionHistory)" [_thread_blocked, id=49540, stack(0x0000001a66100000,0x0000001a66200000)]
  0x00000131fdb66d20 JavaThread "Unconstrained build operations Thread 7" [_thread_blocked, id=48844, stack(0x0000001a66300000,0x0000001a66400000)]
  0x00000131fdb676c0 JavaThread "Unconstrained build operations Thread 8" [_thread_blocked, id=48632, stack(0x0000001a66500000,0x0000001a66600000)]
  0x00000131fdb65eb0 JavaThread "Unconstrained build operations Thread 9" [_thread_blocked, id=35408, stack(0x0000001a66600000,0x0000001a66700000)]
  0x00000131fdb693a0 JavaThread "Unconstrained build operations Thread 10" [_thread_blocked, id=38956, stack(0x0000001a66700000,0x0000001a66800000)]
  0x00000131fdb63830 JavaThread "Unconstrained build operations Thread 11" [_thread_blocked, id=35700, stack(0x0000001a66800000,0x0000001a66900000)]
  0x00000131fdb68530 JavaThread "Unconstrained build operations Thread 12" [_thread_blocked, id=43768, stack(0x0000001a66900000,0x0000001a66a00000)]
  0x00000131fdb63360 JavaThread "Unconstrained build operations Thread 13" [_thread_blocked, id=47660, stack(0x0000001a66a00000,0x0000001a66b00000)]
  0x00000131fdb646a0 JavaThread "Unconstrained build operations Thread 14" [_thread_blocked, id=46020, stack(0x0000001a66b00000,0x0000001a66c00000)]
  0x00000131fdb659e0 JavaThread "Unconstrained build operations Thread 15" [_thread_blocked, id=14056, stack(0x0000001a66c00000,0x0000001a66d00000)]
  0x00000131fdb624f0 JavaThread "Unconstrained build operations Thread 16" [_thread_blocked, id=42088, stack(0x0000001a66d00000,0x0000001a66e00000)]
  0x00000131fdb64b70 JavaThread "Unconstrained build operations Thread 17" [_thread_blocked, id=40172, stack(0x0000001a66e00000,0x0000001a66f00000)]
  0x00000131fdb66380 JavaThread "Unconstrained build operations Thread 18" [_thread_blocked, id=44192, stack(0x0000001a66f00000,0x0000001a67000000)]
  0x00000131fdb66850 JavaThread "Unconstrained build operations Thread 19" [_thread_blocked, id=34916, stack(0x0000001a67000000,0x0000001a67100000)]
  0x00000131fdb69870 JavaThread "Unconstrained build operations Thread 20" [_thread_blocked, id=10412, stack(0x0000001a67100000,0x0000001a67200000)]
  0x00000131fdb62e90 JavaThread "Unconstrained build operations Thread 21" [_thread_blocked, id=46384, stack(0x0000001a67200000,0x0000001a67300000)]
  0x00000131fdb63d00 JavaThread "Unconstrained build operations Thread 22" [_thread_blocked, id=45132, stack(0x0000001a67300000,0x0000001a67400000)]
  0x00000131fdb65040 JavaThread "Unconstrained build operations Thread 23" [_thread_blocked, id=50352, stack(0x0000001a67400000,0x0000001a67500000)]
  0x00000131faf06400 JavaThread "Unconstrained build operations Thread 24" [_thread_blocked, id=14912, stack(0x0000001a67500000,0x0000001a67600000)]
  0x00000131faf0baa0 JavaThread "Unconstrained build operations Thread 25" [_thread_blocked, id=45076, stack(0x0000001a67600000,0x0000001a67700000)]
  0x00000131faf068d0 JavaThread "Unconstrained build operations Thread 26" [_thread_blocked, id=41576, stack(0x0000001a67700000,0x0000001a67800000)]
  0x00000131faf06da0 JavaThread "Unconstrained build operations Thread 27" [_thread_blocked, id=44608, stack(0x0000001a67800000,0x0000001a67900000)]
  0x00000131faf07270 JavaThread "Unconstrained build operations Thread 28" [_thread_blocked, id=43484, stack(0x0000001a67900000,0x0000001a67a00000)]
  0x00000131faf09420 JavaThread "Unconstrained build operations Thread 29" [_thread_blocked, id=47604, stack(0x0000001a67a00000,0x0000001a67b00000)]
  0x00000131faf09dc0 JavaThread "Unconstrained build operations Thread 30" [_thread_blocked, id=43060, stack(0x0000001a67b00000,0x0000001a67c00000)]
  0x00000131faf0b5d0 JavaThread "Unconstrained build operations Thread 31" [_thread_blocked, id=37644, stack(0x0000001a67c00000,0x0000001a67d00000)]
  0x00000131faf0a290 JavaThread "Unconstrained build operations Thread 32" [_thread_blocked, id=45012, stack(0x0000001a67d00000,0x0000001a67e00000)]
  0x00000131faf08a80 JavaThread "Unconstrained build operations Thread 33" [_thread_blocked, id=48744, stack(0x0000001a67e00000,0x0000001a67f00000)]
  0x00000131faf07740 JavaThread "Unconstrained build operations Thread 34" [_thread_blocked, id=51660, stack(0x0000001a68000000,0x0000001a68100000)]
  0x00000131faf0a760 JavaThread "Unconstrained build operations Thread 35" [_thread_blocked, id=42228, stack(0x0000001a68100000,0x0000001a68200000)]
  0x00000131faf0c910 JavaThread "Unconstrained build operations Thread 36" [_thread_blocked, id=45452, stack(0x0000001a68400000,0x0000001a68500000)]
  0x00000131fea6e030 JavaThread "Unconstrained build operations Thread 37" [_thread_blocked, id=42988, stack(0x0000001a68600000,0x0000001a68700000)]
  0x00000131fea6e500 JavaThread "Unconstrained build operations Thread 38" [_thread_blocked, id=43272, stack(0x0000001a68700000,0x0000001a68800000)]
  0x00000131fea701e0 JavaThread "Unconstrained build operations Thread 39" [_thread_blocked, id=42428, stack(0x0000001a68800000,0x0000001a68900000)]
  0x00000131fea706b0 JavaThread "Unconstrained build operations Thread 40" [_thread_blocked, id=44864, stack(0x0000001a68900000,0x0000001a68a00000)]
  0x00000131fea71ec0 JavaThread "Cache worker for execution history cache (C:\Users\user\flutter_projects\Lolu\android\.gradle\8.10.2\executionHistory)" [_thread_blocked, id=48008, stack(0x0000001a68500000,0x0000001a68600000)]
  0x00000131fea74540 JavaThread "Exec process" [_thread_blocked, id=53012, stack(0x0000001a68a00000,0x0000001a68b00000)]
  0x00000131fea6e9d0 JavaThread "Exec process Thread 2" [_thread_blocked, id=51428, stack(0x0000001a68b00000,0x0000001a68c00000)]
  0x00000131fafa43b0 JavaThread "Exec process Thread 3" [_thread_blocked, id=35220, stack(0x0000001a68c00000,0x0000001a68d00000)]
  0x00000131fafa3a10 JavaThread "WorkerExecutor Queue" [_thread_blocked, id=22068, stack(0x0000001a68d00000,0x0000001a68e00000)]
  0x00000131faf05590 JavaThread "WorkerExecutor Queue Thread 2" [_thread_blocked, id=47544, stack(0x0000001a68e00000,0x0000001a68f00000)]
  0x000001318914c590 JavaThread "WorkerExecutor Queue Thread 3" [_thread_blocked, id=38928, stack(0x0000001a69000000,0x0000001a69100000)]
  0x00000131891508f0 JavaThread "WorkerExecutor Queue Thread 4" [_thread_blocked, id=54208, stack(0x0000001a68f00000,0x0000001a69000000)]
  0x000001318914d400 JavaThread "ForkJoinPool-1-worker-1" daemon [_thread_blocked, id=18284, stack(0x0000001a69100000,0x0000001a69200000)]
  0x000001318914d8d0 JavaThread "ForkJoinPool-1-worker-2" daemon [_thread_blocked, id=17816, stack(0x0000001a69200000,0x0000001a69300000)]

Other Threads:
=>0x00000131f7ab8150 VMThread "VM Thread" [stack: 0x0000001a63200000,0x0000001a63300000] [id=43444]
  0x00000131bd23d410 WatcherThread [stack: 0x0000001a63e00000,0x0000001a63f00000] [id=35884]
  0x00000131bd222d50 GCTaskThread "GC Thread#0" [stack: 0x0000001a62d00000,0x0000001a62e00000] [id=39024]
  0x00000131f8bfca80 GCTaskThread "GC Thread#1" [stack: 0x0000001a63f00000,0x0000001a64000000] [id=38352]
  0x00000131f8c2dad0 GCTaskThread "GC Thread#2" [stack: 0x0000001a64000000,0x0000001a64100000] [id=34288]
  0x00000131f9942a90 GCTaskThread "GC Thread#3" [stack: 0x0000001a64100000,0x0000001a64200000] [id=39068]
  0x00000131bd233ba0 ConcurrentGCThread "G1 Main Marker" [stack: 0x0000001a62e00000,0x0000001a62f00000] [id=39672]
  0x00000131bd234c60 ConcurrentGCThread "G1 Conc#0" [stack: 0x0000001a62f00000,0x0000001a63000000] [id=39520]
  0x00000131f7908c00 ConcurrentGCThread "G1 Refine#0" [stack: 0x0000001a63000000,0x0000001a63100000] [id=34060]
  0x00000131f95e93c0 ConcurrentGCThread "G1 Refine#1" [stack: 0x0000001a65700000,0x0000001a65800000] [id=39596]
  0x00000131f7909530 ConcurrentGCThread "G1 Service" [stack: 0x0000001a63100000,0x0000001a63200000] [id=35696]

Threads with active compile tasks:
C2 CompilerThread0   274519 20940       4       com.android.tools.r8.internal.Nk::e (301 bytes)

VM state: at safepoint (normal execution)

VM Mutex/Monitor currently owned by a thread:  ([mutex/lock_event])
[0x00000131bd171860] Threads_lock - owner thread: 0x00000131f7ab8150
[0x00000131bd171ce0] Heap_lock - owner thread: 0x000001318914d400

Heap address: 0x0000000600000000, size: 8192 MB, Compressed Oops mode: Zero based, Oop shift amount: 3

CDS archive(s) not mapped
Compressed class space mapped at: 0x0000000800000000-0x0000000840000000, reserved size: 1073741824
Narrow klass base: 0x0000000800000000, Narrow klass shift: 0, Narrow klass range: 0x40000000

GC Precious Log:
 CPUs: 4 total, 4 available
 Memory: 3753M
 Large Page Support: Disabled
 NUMA Support: Disabled
 Compressed Oops: Enabled (Zero based)
 Heap Region Size: 4M
 Heap Min Capacity: 8M
 Heap Initial Capacity: 60M
 Heap Max Capacity: 8G
 Pre-touch: Disabled
 Parallel Workers: 4
 Concurrent Workers: 1
 Concurrent Refinement Workers: 4
 Periodic GC: Disabled

Heap:
 garbage-first heap   total 1212416K, used 341406K [0x0000000600000000, 0x0000000800000000)
  region size 4096K, 4 young (16384K), 4 survivors (16384K)
 Metaspace       used 160632K, committed 162176K, reserved 1196032K
  class space    used 21411K, committed 22144K, reserved 1048576K

Heap Regions: E=young(eden), S=young(survivor), O=old, HS=humongous(starts), HC=humongous(continues), CS=collection set, F=free, OA=open archive, CA=closed archive, TAMS=top-at-mark-start (previous, next)
|   0|0x0000000600000000, 0x0000000600400000, 0x0000000600400000|100%|HS|  |TAMS 0x0000000600400000, 0x0000000600000000| Complete 
|   1|0x0000000600400000, 0x0000000600800000, 0x0000000600800000|100%| O|  |TAMS 0x0000000600800000, 0x0000000600400000| Untracked 
|   2|0x0000000600800000, 0x0000000600c00000, 0x0000000600c00000|100%| O|  |TAMS 0x0000000600c00000, 0x0000000600800000| Untracked 
|   3|0x0000000600c00000, 0x0000000601000000, 0x0000000601000000|100%| O|  |TAMS 0x0000000601000000, 0x0000000600c00000| Untracked 
|   4|0x0000000601000000, 0x0000000601400000, 0x0000000601400000|100%| O|  |TAMS 0x0000000601400000, 0x0000000601000000| Untracked 
|   5|0x0000000601400000, 0x0000000601800000, 0x0000000601800000|100%| O|  |TAMS 0x0000000601800000, 0x0000000601400000| Untracked 
|   6|0x0000000601800000, 0x0000000601c00000, 0x0000000601c00000|100%| O|  |TAMS 0x0000000601c00000, 0x0000000601800000| Untracked 
|   7|0x0000000601c00000, 0x0000000602000000, 0x0000000602000000|100%| O|  |TAMS 0x0000000602000000, 0x0000000601c00000| Untracked 
|   8|0x0000000602000000, 0x0000000602400000, 0x0000000602400000|100%| O|  |TAMS 0x0000000602400000, 0x0000000602000000| Untracked 
|   9|0x0000000602400000, 0x0000000602800000, 0x0000000602800000|100%| O|  |TAMS 0x0000000602800000, 0x0000000602400000| Untracked 
|  10|0x0000000602800000, 0x0000000602c00000, 0x0000000602c00000|100%|HS|  |TAMS 0x0000000602c00000, 0x0000000602800000| Complete 
|  11|0x0000000602c00000, 0x0000000603000000, 0x0000000603000000|100%|HS|  |TAMS 0x0000000603000000, 0x0000000602c00000| Complete 
|  12|0x0000000603000000, 0x0000000603400000, 0x0000000603400000|100%| O|  |TAMS 0x0000000603400000, 0x0000000603000000| Untracked 
|  13|0x0000000603400000, 0x0000000603800000, 0x0000000603800000|100%| O|  |TAMS 0x0000000603800000, 0x0000000603400000| Untracked 
|  14|0x0000000603800000, 0x0000000603c00000, 0x0000000603c00000|100%| O|  |TAMS 0x0000000603c00000, 0x0000000603800000| Untracked 
|  15|0x0000000603c00000, 0x0000000604000000, 0x0000000604000000|100%|HS|  |TAMS 0x0000000603c00000, 0x0000000603c00000| Complete 
|  16|0x0000000604000000, 0x0000000604400000, 0x0000000604400000|100%| O|  |TAMS 0x0000000604000000, 0x0000000604000000| Untracked 
|  17|0x0000000604400000, 0x0000000604800000, 0x0000000604800000|100%| O|  |TAMS 0x0000000604800000, 0x0000000604400000| Untracked 
|  18|0x0000000604800000, 0x0000000604c00000, 0x0000000604c00000|100%|HS|  |TAMS 0x0000000604c00000, 0x0000000604800000| Complete 
|  19|0x0000000604c00000, 0x0000000605000000, 0x0000000605000000|100%| O|  |TAMS 0x0000000605000000, 0x0000000604c00000| Untracked 
|  20|0x0000000605000000, 0x0000000605400000, 0x0000000605400000|100%| O|  |TAMS 0x0000000605400000, 0x0000000605000000| Untracked 
|  21|0x0000000605400000, 0x0000000605800000, 0x0000000605800000|100%| O|  |TAMS 0x0000000605800000, 0x0000000605400000| Untracked 
|  22|0x0000000605800000, 0x0000000605c00000, 0x0000000605c00000|100%| O|  |TAMS 0x0000000605c00000, 0x0000000605800000| Untracked 
|  23|0x0000000605c00000, 0x0000000606000000, 0x0000000606000000|100%| O|  |TAMS 0x0000000606000000, 0x0000000605c00000| Untracked 
|  24|0x0000000606000000, 0x0000000606400000, 0x0000000606400000|100%| O|  |TAMS 0x0000000606400000, 0x0000000606000000| Untracked 
|  25|0x0000000606400000, 0x0000000606800000, 0x0000000606800000|100%|HS|  |TAMS 0x0000000606800000, 0x0000000606400000| Complete 
|  26|0x0000000606800000, 0x0000000606c00000, 0x0000000606c00000|100%| O|  |TAMS 0x0000000606c00000, 0x0000000606800000| Untracked 
|  27|0x0000000606c00000, 0x0000000607000000, 0x0000000607000000|100%| O|  |TAMS 0x0000000607000000, 0x0000000606c00000| Untracked 
|  28|0x0000000607000000, 0x0000000607400000, 0x0000000607400000|100%|HS|  |TAMS 0x0000000607400000, 0x0000000607000000| Complete 
|  29|0x0000000607400000, 0x0000000607800000, 0x0000000607800000|100%| O|  |TAMS 0x0000000607800000, 0x0000000607400000| Untracked 
|  30|0x0000000607800000, 0x0000000607c00000, 0x0000000607c00000|100%| O|  |TAMS 0x0000000607c00000, 0x0000000607800000| Untracked 
|  31|0x0000000607c00000, 0x0000000608000000, 0x0000000608000000|100%| O|  |TAMS 0x0000000608000000, 0x0000000607c00000| Untracked 
|  32|0x0000000608000000, 0x0000000608400000, 0x0000000608400000|100%| O|  |TAMS 0x0000000608400000, 0x0000000608000000| Untracked 
|  33|0x0000000608400000, 0x0000000608800000, 0x0000000608800000|100%| O|  |TAMS 0x0000000608800000, 0x0000000608400000| Untracked 
|  34|0x0000000608800000, 0x0000000608c00000, 0x0000000608c00000|100%| O|  |TAMS 0x0000000608c00000, 0x0000000608800000| Untracked 
|  35|0x0000000608c00000, 0x0000000609000000, 0x0000000609000000|100%| O|  |TAMS 0x0000000609000000, 0x0000000608c00000| Untracked 
|  36|0x0000000609000000, 0x0000000609400000, 0x0000000609400000|100%| O|  |TAMS 0x0000000609400000, 0x0000000609000000| Untracked 
|  37|0x0000000609400000, 0x0000000609800000, 0x0000000609800000|100%| O|  |TAMS 0x0000000609800000, 0x0000000609400000| Untracked 
|  38|0x0000000609800000, 0x0000000609c00000, 0x0000000609c00000|100%| O|  |TAMS 0x0000000609c00000, 0x0000000609800000| Untracked 
|  39|0x0000000609c00000, 0x000000060a000000, 0x000000060a000000|100%| O|  |TAMS 0x000000060a000000, 0x0000000609c00000| Untracked 
|  40|0x000000060a000000, 0x000000060a400000, 0x000000060a400000|100%| O|  |TAMS 0x000000060a0ebe00, 0x000000060a000000| Untracked 
|  41|0x000000060a400000, 0x000000060a800000, 0x000000060a800000|100%| O|  |TAMS 0x000000060a400000, 0x000000060a400000| Untracked 
|  42|0x000000060a800000, 0x000000060ac00000, 0x000000060ac00000|100%| O|  |TAMS 0x000000060a800000, 0x000000060a800000| Untracked 
|  43|0x000000060ac00000, 0x000000060b000000, 0x000000060b000000|100%| O|  |TAMS 0x000000060ac00000, 0x000000060ac00000| Untracked 
|  44|0x000000060b000000, 0x000000060b400000, 0x000000060b400000|100%| O|  |TAMS 0x000000060b000000, 0x000000060b000000| Untracked 
|  45|0x000000060b400000, 0x000000060b800000, 0x000000060b800000|100%| O|  |TAMS 0x000000060b400000, 0x000000060b400000| Untracked 
|  46|0x000000060b800000, 0x000000060bc00000, 0x000000060bc00000|100%| O|  |TAMS 0x000000060b800000, 0x000000060b800000| Untracked 
|  47|0x000000060bc00000, 0x000000060c000000, 0x000000060c000000|100%| O|  |TAMS 0x000000060bc00000, 0x000000060bc00000| Untracked 
|  48|0x000000060c000000, 0x000000060c400000, 0x000000060c400000|100%| O|  |TAMS 0x000000060c000000, 0x000000060c000000| Untracked 
|  49|0x000000060c400000, 0x000000060c800000, 0x000000060c800000|100%| O|  |TAMS 0x000000060c400000, 0x000000060c400000| Untracked 
|  50|0x000000060c800000, 0x000000060cc00000, 0x000000060cc00000|100%|HS|  |TAMS 0x000000060c800000, 0x000000060c800000| Complete 
|  51|0x000000060cc00000, 0x000000060d000000, 0x000000060d000000|100%| O|  |TAMS 0x000000060cc00000, 0x000000060cc00000| Untracked 
|  52|0x000000060d000000, 0x000000060d400000, 0x000000060d400000|100%| O|  |TAMS 0x000000060d000000, 0x000000060d000000| Untracked 
|  53|0x000000060d400000, 0x000000060d800000, 0x000000060d800000|100%| O|  |TAMS 0x000000060d400000, 0x000000060d400000| Untracked 
|  54|0x000000060d800000, 0x000000060dc00000, 0x000000060dc00000|100%| O|  |TAMS 0x000000060d800000, 0x000000060d800000| Untracked 
|  55|0x000000060dc00000, 0x000000060e000000, 0x000000060e000000|100%| O|  |TAMS 0x000000060dc00000, 0x000000060dc00000| Untracked 
|  56|0x000000060e000000, 0x000000060e400000, 0x000000060e400000|100%| O|  |TAMS 0x000000060e000000, 0x000000060e000000| Untracked 
|  57|0x000000060e400000, 0x000000060e800000, 0x000000060e800000|100%| O|  |TAMS 0x000000060e400000, 0x000000060e400000| Untracked 
|  58|0x000000060e800000, 0x000000060ec00000, 0x000000060ec00000|100%| O|  |TAMS 0x000000060e800000, 0x000000060e800000| Untracked 
|  59|0x000000060ec00000, 0x000000060f000000, 0x000000060f000000|100%| O|  |TAMS 0x000000060ec00000, 0x000000060ec00000| Untracked 
|  60|0x000000060f000000, 0x000000060f400000, 0x000000060f400000|100%| O|  |TAMS 0x000000060f000000, 0x000000060f000000| Untracked 
|  61|0x000000060f400000, 0x000000060f800000, 0x000000060f800000|100%| O|  |TAMS 0x000000060f400000, 0x000000060f400000| Untracked 
|  62|0x000000060f800000, 0x000000060fc00000, 0x000000060fc00000|100%| O|  |TAMS 0x000000060f800000, 0x000000060f800000| Untracked 
|  63|0x000000060fc00000, 0x0000000610000000, 0x0000000610000000|100%| O|  |TAMS 0x000000060fc00000, 0x000000060fc00000| Untracked 
|  64|0x0000000610000000, 0x0000000610400000, 0x0000000610400000|100%| O|  |TAMS 0x0000000610000000, 0x0000000610000000| Untracked 
|  65|0x0000000610400000, 0x0000000610800000, 0x0000000610800000|100%| O|  |TAMS 0x0000000610400000, 0x0000000610400000| Untracked 
|  66|0x0000000610800000, 0x0000000610c00000, 0x0000000610c00000|100%| O|  |TAMS 0x0000000610800000, 0x0000000610800000| Untracked 
|  67|0x0000000610c00000, 0x0000000611000000, 0x0000000611000000|100%| O|  |TAMS 0x0000000610c00000, 0x0000000610c00000| Untracked 
|  68|0x0000000611000000, 0x0000000611400000, 0x0000000611400000|100%| O|  |TAMS 0x0000000611000000, 0x0000000611000000| Untracked 
|  69|0x0000000611400000, 0x0000000611800000, 0x0000000611800000|100%| O|  |TAMS 0x0000000611400000, 0x0000000611400000| Untracked 
|  70|0x0000000611800000, 0x0000000611c00000, 0x0000000611c00000|100%| O|  |TAMS 0x0000000611800000, 0x0000000611800000| Untracked 
|  71|0x0000000611c00000, 0x0000000612000000, 0x0000000612000000|100%| O|  |TAMS 0x0000000611c00000, 0x0000000611c00000| Untracked 
|  72|0x0000000612000000, 0x0000000612400000, 0x0000000612400000|100%| O|  |TAMS 0x0000000612000000, 0x0000000612000000| Untracked 
|  73|0x0000000612400000, 0x0000000612800000, 0x0000000612800000|100%| O|  |TAMS 0x0000000612400000, 0x0000000612400000| Untracked 
|  74|0x0000000612800000, 0x0000000612c00000, 0x0000000612c00000|100%| O|  |TAMS 0x0000000612800000, 0x0000000612800000| Untracked 
|  75|0x0000000612c00000, 0x0000000613000000, 0x0000000613000000|100%| O|  |TAMS 0x0000000612c00000, 0x0000000612c00000| Untracked 
|  76|0x0000000613000000, 0x0000000613400000, 0x0000000613400000|100%| O|  |TAMS 0x0000000613000000, 0x0000000613000000| Untracked 
|  77|0x0000000613400000, 0x0000000613800000, 0x0000000613800000|100%| O|  |TAMS 0x0000000613400000, 0x0000000613400000| Untracked 
|  78|0x0000000613800000, 0x0000000613c00000, 0x0000000613c00000|100%| O|  |TAMS 0x0000000613800000, 0x0000000613800000| Untracked 
|  79|0x0000000613c00000, 0x0000000613d67800, 0x0000000614000000| 35%| O|  |TAMS 0x0000000613c00000, 0x0000000613c00000| Untracked 
|  80|0x0000000614000000, 0x0000000614000000, 0x0000000614400000|  0%| F|  |TAMS 0x0000000614000000, 0x0000000614000000| Untracked 
|  81|0x0000000614400000, 0x0000000614400000, 0x0000000614800000|  0%| F|  |TAMS 0x0000000614400000, 0x0000000614400000| Untracked 
|  82|0x0000000614800000, 0x0000000614800000, 0x0000000614c00000|  0%| F|  |TAMS 0x0000000614800000, 0x0000000614800000| Untracked 
|  83|0x0000000614c00000, 0x0000000614c00000, 0x0000000615000000|  0%| F|  |TAMS 0x0000000614c00000, 0x0000000614c00000| Untracked 
|  84|0x0000000615000000, 0x0000000615000000, 0x0000000615400000|  0%| F|  |TAMS 0x0000000615000000, 0x0000000615000000| Untracked 
|  85|0x0000000615400000, 0x0000000615400000, 0x0000000615800000|  0%| F|  |TAMS 0x0000000615400000, 0x0000000615400000| Untracked 
|  86|0x0000000615800000, 0x0000000615800000, 0x0000000615c00000|  0%| F|  |TAMS 0x0000000615800000, 0x0000000615800000| Untracked 
|  87|0x0000000615c00000, 0x0000000615c00000, 0x0000000616000000|  0%| F|  |TAMS 0x0000000615c00000, 0x0000000615c00000| Untracked 
|  88|0x0000000616000000, 0x0000000616000000, 0x0000000616400000|  0%| F|  |TAMS 0x0000000616000000, 0x0000000616000000| Untracked 
|  89|0x0000000616400000, 0x0000000616400000, 0x0000000616800000|  0%| F|  |TAMS 0x0000000616400000, 0x0000000616400000| Untracked 
|  90|0x0000000616800000, 0x0000000616800000, 0x0000000616c00000|  0%| F|  |TAMS 0x0000000616800000, 0x0000000616800000| Untracked 
|  91|0x0000000616c00000, 0x0000000616c00000, 0x0000000617000000|  0%| F|  |TAMS 0x0000000616c00000, 0x0000000616c00000| Untracked 
|  92|0x0000000617000000, 0x0000000617000000, 0x0000000617400000|  0%| F|  |TAMS 0x0000000617000000, 0x0000000617000000| Untracked 
|  93|0x0000000617400000, 0x0000000617400000, 0x0000000617800000|  0%| F|  |TAMS 0x0000000617400000, 0x0000000617400000| Untracked 
|  94|0x0000000617800000, 0x0000000617800000, 0x0000000617c00000|  0%| F|  |TAMS 0x0000000617800000, 0x0000000617800000| Untracked 
|  95|0x0000000617c00000, 0x0000000617c00000, 0x0000000618000000|  0%| F|  |TAMS 0x0000000617c00000, 0x0000000617c00000| Untracked 
|  96|0x0000000618000000, 0x0000000618000000, 0x0000000618400000|  0%| F|  |TAMS 0x0000000618000000, 0x0000000618000000| Untracked 
|  97|0x0000000618400000, 0x0000000618400000, 0x0000000618800000|  0%| F|  |TAMS 0x0000000618400000, 0x0000000618400000| Untracked 
|  98|0x0000000618800000, 0x0000000618800000, 0x0000000618c00000|  0%| F|  |TAMS 0x0000000618800000, 0x0000000618800000| Untracked 
|  99|0x0000000618c00000, 0x0000000618c00000, 0x0000000619000000|  0%| F|  |TAMS 0x0000000618c00000, 0x0000000618c00000| Untracked 
| 100|0x0000000619000000, 0x0000000619000000, 0x0000000619400000|  0%| F|  |TAMS 0x0000000619000000, 0x0000000619000000| Untracked 
| 101|0x0000000619400000, 0x0000000619400000, 0x0000000619800000|  0%| F|  |TAMS 0x0000000619400000, 0x0000000619400000| Untracked 
| 102|0x0000000619800000, 0x0000000619800000, 0x0000000619c00000|  0%| F|  |TAMS 0x0000000619800000, 0x0000000619800000| Untracked 
| 103|0x0000000619c00000, 0x0000000619c00000, 0x000000061a000000|  0%| F|  |TAMS 0x0000000619c00000, 0x0000000619c00000| Untracked 
| 104|0x000000061a000000, 0x000000061a000000, 0x000000061a400000|  0%| F|  |TAMS 0x000000061a000000, 0x000000061a000000| Untracked 
| 105|0x000000061a400000, 0x000000061a400000, 0x000000061a800000|  0%| F|  |TAMS 0x000000061a400000, 0x000000061a400000| Untracked 
| 106|0x000000061a800000, 0x000000061a800000, 0x000000061ac00000|  0%| F|  |TAMS 0x000000061a800000, 0x000000061a800000| Untracked 
| 107|0x000000061ac00000, 0x000000061ac00000, 0x000000061b000000|  0%| F|  |TAMS 0x000000061ac00000, 0x000000061ac00000| Untracked 
| 108|0x000000061b000000, 0x000000061b000000, 0x000000061b400000|  0%| F|  |TAMS 0x000000061b000000, 0x000000061b000000| Untracked 
| 109|0x000000061b400000, 0x000000061b400000, 0x000000061b800000|  0%| F|  |TAMS 0x000000061b400000, 0x000000061b400000| Untracked 
| 110|0x000000061b800000, 0x000000061b800000, 0x000000061bc00000|  0%| F|  |TAMS 0x000000061b800000, 0x000000061b800000| Untracked 
| 111|0x000000061bc00000, 0x000000061bc00000, 0x000000061c000000|  0%| F|  |TAMS 0x000000061bc00000, 0x000000061bc00000| Untracked 
| 112|0x000000061c000000, 0x000000061c000000, 0x000000061c400000|  0%| F|  |TAMS 0x000000061c000000, 0x000000061c000000| Untracked 
| 113|0x000000061c400000, 0x000000061c400000, 0x000000061c800000|  0%| F|  |TAMS 0x000000061c400000, 0x000000061c400000| Untracked 
| 114|0x000000061c800000, 0x000000061c800000, 0x000000061cc00000|  0%| F|  |TAMS 0x000000061c800000, 0x000000061c800000| Untracked 
| 115|0x000000061cc00000, 0x000000061cc00000, 0x000000061d000000|  0%| F|  |TAMS 0x000000061cc00000, 0x000000061cc00000| Untracked 
| 116|0x000000061d000000, 0x000000061d000000, 0x000000061d400000|  0%| F|  |TAMS 0x000000061d000000, 0x000000061d000000| Untracked 
| 117|0x000000061d400000, 0x000000061d400000, 0x000000061d800000|  0%| F|  |TAMS 0x000000061d400000, 0x000000061d400000| Untracked 
| 118|0x000000061d800000, 0x000000061d800000, 0x000000061dc00000|  0%| F|  |TAMS 0x000000061d800000, 0x000000061d800000| Untracked 
| 119|0x000000061dc00000, 0x000000061dc00000, 0x000000061e000000|  0%| F|  |TAMS 0x000000061dc00000, 0x000000061dc00000| Untracked 
| 120|0x000000061e000000, 0x000000061e000000, 0x000000061e400000|  0%| F|  |TAMS 0x000000061e000000, 0x000000061e000000| Untracked 
| 121|0x000000061e400000, 0x000000061e400000, 0x000000061e800000|  0%| F|  |TAMS 0x000000061e400000, 0x000000061e400000| Untracked 
| 122|0x000000061e800000, 0x000000061e800000, 0x000000061ec00000|  0%| F|  |TAMS 0x000000061e800000, 0x000000061e800000| Untracked 
| 123|0x000000061ec00000, 0x000000061ec00000, 0x000000061f000000|  0%| F|  |TAMS 0x000000061ec00000, 0x000000061ec00000| Untracked 
| 124|0x000000061f000000, 0x000000061f000000, 0x000000061f400000|  0%| F|  |TAMS 0x000000061f000000, 0x000000061f000000| Untracked 
| 125|0x000000061f400000, 0x000000061f400000, 0x000000061f800000|  0%| F|  |TAMS 0x000000061f400000, 0x000000061f400000| Untracked 
| 126|0x000000061f800000, 0x000000061f800000, 0x000000061fc00000|  0%| F|  |TAMS 0x000000061f800000, 0x000000061f800000| Untracked 
| 127|0x000000061fc00000, 0x000000061fc00000, 0x0000000620000000|  0%| F|  |TAMS 0x000000061fc00000, 0x000000061fc00000| Untracked 
| 128|0x0000000620000000, 0x0000000620000000, 0x0000000620400000|  0%| F|  |TAMS 0x0000000620000000, 0x0000000620000000| Untracked 
| 129|0x0000000620400000, 0x0000000620400000, 0x0000000620800000|  0%| F|  |TAMS 0x0000000620400000, 0x0000000620400000| Untracked 
| 130|0x0000000620800000, 0x0000000620800000, 0x0000000620c00000|  0%| F|  |TAMS 0x0000000620800000, 0x0000000620800000| Untracked 
| 131|0x0000000620c00000, 0x0000000620c00000, 0x0000000621000000|  0%| F|  |TAMS 0x0000000620c00000, 0x0000000620c00000| Untracked 
| 132|0x0000000621000000, 0x0000000621000000, 0x0000000621400000|  0%| F|  |TAMS 0x0000000621000000, 0x0000000621000000| Untracked 
| 133|0x0000000621400000, 0x0000000621400000, 0x0000000621800000|  0%| F|  |TAMS 0x0000000621400000, 0x0000000621400000| Untracked 
| 134|0x0000000621800000, 0x0000000621800000, 0x0000000621c00000|  0%| F|  |TAMS 0x0000000621800000, 0x0000000621800000| Untracked 
| 135|0x0000000621c00000, 0x0000000621c00000, 0x0000000622000000|  0%| F|  |TAMS 0x0000000621c00000, 0x0000000621c00000| Untracked 
| 136|0x0000000622000000, 0x0000000622000000, 0x0000000622400000|  0%| F|  |TAMS 0x0000000622000000, 0x0000000622000000| Untracked 
| 137|0x0000000622400000, 0x0000000622400000, 0x0000000622800000|  0%| F|  |TAMS 0x0000000622400000, 0x0000000622400000| Untracked 
| 138|0x0000000622800000, 0x0000000622800000, 0x0000000622c00000|  0%| F|  |TAMS 0x0000000622800000, 0x0000000622800000| Untracked 
| 139|0x0000000622c00000, 0x0000000622c00000, 0x0000000623000000|  0%| F|  |TAMS 0x0000000622c00000, 0x0000000622c00000| Untracked 
| 140|0x0000000623000000, 0x0000000623000000, 0x0000000623400000|  0%| F|  |TAMS 0x0000000623000000, 0x0000000623000000| Untracked 
| 141|0x0000000623400000, 0x0000000623400000, 0x0000000623800000|  0%| F|  |TAMS 0x0000000623400000, 0x0000000623400000| Untracked 
| 142|0x0000000623800000, 0x0000000623800000, 0x0000000623c00000|  0%| F|  |TAMS 0x0000000623800000, 0x0000000623800000| Untracked 
| 143|0x0000000623c00000, 0x0000000623c00000, 0x0000000624000000|  0%| F|  |TAMS 0x0000000623c00000, 0x0000000623c00000| Untracked 
| 144|0x0000000624000000, 0x0000000624000000, 0x0000000624400000|  0%| F|  |TAMS 0x0000000624000000, 0x0000000624000000| Untracked 
| 145|0x0000000624400000, 0x0000000624400000, 0x0000000624800000|  0%| F|  |TAMS 0x0000000624400000, 0x0000000624400000| Untracked 
| 146|0x0000000624800000, 0x0000000624800000, 0x0000000624c00000|  0%| F|  |TAMS 0x0000000624800000, 0x0000000624800000| Untracked 
| 147|0x0000000624c00000, 0x0000000624c00000, 0x0000000625000000|  0%| F|  |TAMS 0x0000000624c00000, 0x0000000624c00000| Untracked 
| 148|0x0000000625000000, 0x0000000625000000, 0x0000000625400000|  0%| F|  |TAMS 0x0000000625000000, 0x0000000625000000| Untracked 
| 149|0x0000000625400000, 0x0000000625400000, 0x0000000625800000|  0%| F|  |TAMS 0x0000000625400000, 0x0000000625400000| Untracked 
| 150|0x0000000625800000, 0x0000000625800000, 0x0000000625c00000|  0%| F|  |TAMS 0x0000000625800000, 0x0000000625800000| Untracked 
| 151|0x0000000625c00000, 0x0000000625c00000, 0x0000000626000000|  0%| F|  |TAMS 0x0000000625c00000, 0x0000000625c00000| Untracked 
| 152|0x0000000626000000, 0x0000000626000000, 0x0000000626400000|  0%| F|  |TAMS 0x0000000626000000, 0x0000000626000000| Untracked 
| 153|0x0000000626400000, 0x0000000626400000, 0x0000000626800000|  0%| F|  |TAMS 0x0000000626400000, 0x0000000626400000| Untracked 
| 154|0x0000000626800000, 0x0000000626800000, 0x0000000626c00000|  0%| F|  |TAMS 0x0000000626800000, 0x0000000626800000| Untracked 
| 155|0x0000000626c00000, 0x0000000626c00000, 0x0000000627000000|  0%| F|  |TAMS 0x0000000626c00000, 0x0000000626c00000| Untracked 
| 156|0x0000000627000000, 0x0000000627000000, 0x0000000627400000|  0%| F|  |TAMS 0x0000000627000000, 0x0000000627000000| Untracked 
| 157|0x0000000627400000, 0x0000000627400000, 0x0000000627800000|  0%| F|  |TAMS 0x0000000627400000, 0x0000000627400000| Untracked 
| 158|0x0000000627800000, 0x0000000627800000, 0x0000000627c00000|  0%| F|  |TAMS 0x0000000627800000, 0x0000000627800000| Untracked 
| 159|0x0000000627c00000, 0x0000000627c00000, 0x0000000628000000|  0%| F|  |TAMS 0x0000000627c00000, 0x0000000627c00000| Untracked 
| 160|0x0000000628000000, 0x0000000628000000, 0x0000000628400000|  0%| F|  |TAMS 0x0000000628000000, 0x0000000628000000| Untracked 
| 161|0x0000000628400000, 0x0000000628400000, 0x0000000628800000|  0%| F|  |TAMS 0x0000000628400000, 0x0000000628400000| Untracked 
| 162|0x0000000628800000, 0x0000000628800000, 0x0000000628c00000|  0%| F|  |TAMS 0x0000000628800000, 0x0000000628800000| Untracked 
| 163|0x0000000628c00000, 0x0000000628c00000, 0x0000000629000000|  0%| F|  |TAMS 0x0000000628c00000, 0x0000000628c00000| Untracked 
| 164|0x0000000629000000, 0x0000000629000000, 0x0000000629400000|  0%| F|  |TAMS 0x0000000629000000, 0x0000000629000000| Untracked 
| 165|0x0000000629400000, 0x0000000629400000, 0x0000000629800000|  0%| F|  |TAMS 0x0000000629400000, 0x0000000629400000| Untracked 
| 166|0x0000000629800000, 0x0000000629800000, 0x0000000629c00000|  0%| F|  |TAMS 0x0000000629800000, 0x0000000629800000| Untracked 
| 167|0x0000000629c00000, 0x0000000629c00000, 0x000000062a000000|  0%| F|  |TAMS 0x0000000629c00000, 0x0000000629c00000| Untracked 
| 168|0x000000062a000000, 0x000000062a000000, 0x000000062a400000|  0%| F|  |TAMS 0x000000062a000000, 0x000000062a000000| Untracked 
| 169|0x000000062a400000, 0x000000062a400000, 0x000000062a800000|  0%| F|  |TAMS 0x000000062a400000, 0x000000062a400000| Untracked 
| 170|0x000000062a800000, 0x000000062a800000, 0x000000062ac00000|  0%| F|  |TAMS 0x000000062a800000, 0x000000062a800000| Untracked 
| 171|0x000000062ac00000, 0x000000062ac00000, 0x000000062b000000|  0%| F|  |TAMS 0x000000062ac00000, 0x000000062ac00000| Untracked 
| 172|0x000000062b000000, 0x000000062b000000, 0x000000062b400000|  0%| F|  |TAMS 0x000000062b000000, 0x000000062b000000| Untracked 
| 173|0x000000062b400000, 0x000000062b400000, 0x000000062b800000|  0%| F|  |TAMS 0x000000062b400000, 0x000000062b400000| Untracked 
| 174|0x000000062b800000, 0x000000062b800000, 0x000000062bc00000|  0%| F|  |TAMS 0x000000062b800000, 0x000000062b800000| Untracked 
| 175|0x000000062bc00000, 0x000000062bc00000, 0x000000062c000000|  0%| F|  |TAMS 0x000000062bc00000, 0x000000062bc00000| Untracked 
| 176|0x000000062c000000, 0x000000062c000000, 0x000000062c400000|  0%| F|  |TAMS 0x000000062c000000, 0x000000062c000000| Untracked 
| 177|0x000000062c400000, 0x000000062c400000, 0x000000062c800000|  0%| F|  |TAMS 0x000000062c400000, 0x000000062c400000| Untracked 
| 178|0x000000062c800000, 0x000000062c800000, 0x000000062cc00000|  0%| F|  |TAMS 0x000000062c800000, 0x000000062c800000| Untracked 
| 179|0x000000062cc00000, 0x000000062cc00000, 0x000000062d000000|  0%| F|  |TAMS 0x000000062cc00000, 0x000000062cc00000| Untracked 
| 180|0x000000062d000000, 0x000000062d000000, 0x000000062d400000|  0%| F|  |TAMS 0x000000062d000000, 0x000000062d000000| Untracked 
| 181|0x000000062d400000, 0x000000062d400000, 0x000000062d800000|  0%| F|  |TAMS 0x000000062d400000, 0x000000062d400000| Untracked 
| 182|0x000000062d800000, 0x000000062d800000, 0x000000062dc00000|  0%| F|  |TAMS 0x000000062d800000, 0x000000062d800000| Untracked 
| 183|0x000000062dc00000, 0x000000062dc00000, 0x000000062e000000|  0%| F|  |TAMS 0x000000062dc00000, 0x000000062dc00000| Untracked 
| 184|0x000000062e000000, 0x000000062e000000, 0x000000062e400000|  0%| F|  |TAMS 0x000000062e000000, 0x000000062e000000| Untracked 
| 185|0x000000062e400000, 0x000000062e400000, 0x000000062e800000|  0%| F|  |TAMS 0x000000062e400000, 0x000000062e400000| Untracked 
| 186|0x000000062e800000, 0x000000062e800000, 0x000000062ec00000|  0%| F|  |TAMS 0x000000062e800000, 0x000000062e800000| Untracked 
| 187|0x000000062ec00000, 0x000000062ec00000, 0x000000062f000000|  0%| F|  |TAMS 0x000000062ec00000, 0x000000062ec00000| Untracked 
| 188|0x000000062f000000, 0x000000062f000000, 0x000000062f400000|  0%| F|  |TAMS 0x000000062f000000, 0x000000062f000000| Untracked 
| 189|0x000000062f400000, 0x000000062f400000, 0x000000062f800000|  0%| F|  |TAMS 0x000000062f400000, 0x000000062f400000| Untracked 
| 190|0x000000062f800000, 0x000000062f800000, 0x000000062fc00000|  0%| F|  |TAMS 0x000000062f800000, 0x000000062f800000| Untracked 
| 191|0x000000062fc00000, 0x000000062fc00000, 0x0000000630000000|  0%| F|  |TAMS 0x000000062fc00000, 0x000000062fc00000| Untracked 
| 192|0x0000000630000000, 0x0000000630000000, 0x0000000630400000|  0%| F|  |TAMS 0x0000000630000000, 0x0000000630000000| Untracked 
| 193|0x0000000630400000, 0x0000000630400000, 0x0000000630800000|  0%| F|  |TAMS 0x0000000630400000, 0x0000000630400000| Untracked 
| 194|0x0000000630800000, 0x0000000630800000, 0x0000000630c00000|  0%| F|  |TAMS 0x0000000630800000, 0x0000000630800000| Untracked 
| 195|0x0000000630c00000, 0x0000000630c00000, 0x0000000631000000|  0%| F|  |TAMS 0x0000000630c00000, 0x0000000630c00000| Untracked 
| 196|0x0000000631000000, 0x0000000631000000, 0x0000000631400000|  0%| F|  |TAMS 0x0000000631000000, 0x0000000631000000| Untracked 
| 197|0x0000000631400000, 0x0000000631400000, 0x0000000631800000|  0%| F|  |TAMS 0x0000000631400000, 0x0000000631400000| Untracked 
| 198|0x0000000631800000, 0x0000000631800000, 0x0000000631c00000|  0%| F|  |TAMS 0x0000000631800000, 0x0000000631800000| Untracked 
| 199|0x0000000631c00000, 0x0000000631c00000, 0x0000000632000000|  0%| F|  |TAMS 0x0000000631c00000, 0x0000000631c00000| Untracked 
| 200|0x0000000632000000, 0x0000000632000000, 0x0000000632400000|  0%| F|  |TAMS 0x0000000632000000, 0x0000000632000000| Untracked 
| 201|0x0000000632400000, 0x0000000632400000, 0x0000000632800000|  0%| F|  |TAMS 0x0000000632400000, 0x0000000632400000| Untracked 
| 202|0x0000000632800000, 0x0000000632800000, 0x0000000632c00000|  0%| F|  |TAMS 0x0000000632800000, 0x0000000632800000| Untracked 
| 203|0x0000000632c00000, 0x0000000632c00000, 0x0000000633000000|  0%| F|  |TAMS 0x0000000632c00000, 0x0000000632c00000| Untracked 
| 204|0x0000000633000000, 0x0000000633000000, 0x0000000633400000|  0%| F|  |TAMS 0x0000000633000000, 0x0000000633000000| Untracked 
| 205|0x0000000633400000, 0x0000000633400000, 0x0000000633800000|  0%| F|  |TAMS 0x0000000633400000, 0x0000000633400000| Untracked 
| 206|0x0000000633800000, 0x0000000633800000, 0x0000000633c00000|  0%| F|  |TAMS 0x0000000633800000, 0x0000000633800000| Untracked 
| 207|0x0000000633c00000, 0x0000000633c00000, 0x0000000634000000|  0%| F|  |TAMS 0x0000000633c00000, 0x0000000633c00000| Untracked 
| 208|0x0000000634000000, 0x0000000634000000, 0x0000000634400000|  0%| F|  |TAMS 0x0000000634000000, 0x0000000634000000| Untracked 
| 209|0x0000000634400000, 0x0000000634400000, 0x0000000634800000|  0%| F|  |TAMS 0x0000000634400000, 0x0000000634400000| Untracked 
| 210|0x0000000634800000, 0x0000000634800000, 0x0000000634c00000|  0%| F|  |TAMS 0x0000000634800000, 0x0000000634800000| Untracked 
| 211|0x0000000634c00000, 0x0000000634c00000, 0x0000000635000000|  0%| F|  |TAMS 0x0000000634c00000, 0x0000000634c00000| Untracked 
| 212|0x0000000635000000, 0x0000000635000000, 0x0000000635400000|  0%| F|  |TAMS 0x0000000635000000, 0x0000000635000000| Untracked 
| 213|0x0000000635400000, 0x0000000635400000, 0x0000000635800000|  0%| F|  |TAMS 0x0000000635400000, 0x0000000635400000| Untracked 
| 214|0x0000000635800000, 0x0000000635800000, 0x0000000635c00000|  0%| F|  |TAMS 0x0000000635800000, 0x0000000635800000| Untracked 
| 215|0x0000000635c00000, 0x0000000635c00000, 0x0000000636000000|  0%| F|  |TAMS 0x0000000635c00000, 0x0000000635c00000| Untracked 
| 216|0x0000000636000000, 0x0000000636000000, 0x0000000636400000|  0%| F|  |TAMS 0x0000000636000000, 0x0000000636000000| Untracked 
| 217|0x0000000636400000, 0x0000000636400000, 0x0000000636800000|  0%| F|  |TAMS 0x0000000636400000, 0x0000000636400000| Untracked 
| 218|0x0000000636800000, 0x0000000636800000, 0x0000000636c00000|  0%| F|  |TAMS 0x0000000636800000, 0x0000000636800000| Untracked 
| 219|0x0000000636c00000, 0x0000000636c00000, 0x0000000637000000|  0%| F|  |TAMS 0x0000000636c00000, 0x0000000636c00000| Untracked 
| 220|0x0000000637000000, 0x0000000637000000, 0x0000000637400000|  0%| F|  |TAMS 0x0000000637000000, 0x0000000637000000| Untracked 
| 221|0x0000000637400000, 0x0000000637400000, 0x0000000637800000|  0%| F|  |TAMS 0x0000000637400000, 0x0000000637400000| Untracked 
| 222|0x0000000637800000, 0x0000000637800000, 0x0000000637c00000|  0%| F|  |TAMS 0x0000000637800000, 0x0000000637800000| Untracked 
| 223|0x0000000637c00000, 0x0000000637c00000, 0x0000000638000000|  0%| F|  |TAMS 0x0000000637c00000, 0x0000000637c00000| Untracked 
| 224|0x0000000638000000, 0x0000000638000000, 0x0000000638400000|  0%| F|  |TAMS 0x0000000638000000, 0x0000000638000000| Untracked 
| 225|0x0000000638400000, 0x0000000638400000, 0x0000000638800000|  0%| F|  |TAMS 0x0000000638400000, 0x0000000638400000| Untracked 
| 226|0x0000000638800000, 0x0000000638800000, 0x0000000638c00000|  0%| F|  |TAMS 0x0000000638800000, 0x0000000638800000| Untracked 
| 227|0x0000000638c00000, 0x0000000638c00000, 0x0000000639000000|  0%| F|  |TAMS 0x0000000638c00000, 0x0000000638c00000| Untracked 
| 228|0x0000000639000000, 0x0000000639000000, 0x0000000639400000|  0%| F|  |TAMS 0x0000000639000000, 0x0000000639000000| Untracked 
| 229|0x0000000639400000, 0x0000000639400000, 0x0000000639800000|  0%| F|  |TAMS 0x0000000639400000, 0x0000000639400000| Untracked 
| 230|0x0000000639800000, 0x0000000639800000, 0x0000000639c00000|  0%| F|  |TAMS 0x0000000639800000, 0x0000000639800000| Untracked 
| 231|0x0000000639c00000, 0x0000000639c00000, 0x000000063a000000|  0%| F|  |TAMS 0x0000000639c00000, 0x0000000639c00000| Untracked 
| 232|0x000000063a000000, 0x000000063a000000, 0x000000063a400000|  0%| F|  |TAMS 0x000000063a000000, 0x000000063a000000| Untracked 
| 233|0x000000063a400000, 0x000000063a400000, 0x000000063a800000|  0%| F|  |TAMS 0x000000063a400000, 0x000000063a400000| Untracked 
| 234|0x000000063a800000, 0x000000063a800000, 0x000000063ac00000|  0%| F|  |TAMS 0x000000063a800000, 0x000000063a800000| Untracked 
| 235|0x000000063ac00000, 0x000000063ac00000, 0x000000063b000000|  0%| F|  |TAMS 0x000000063ac00000, 0x000000063ac00000| Untracked 
| 236|0x000000063b000000, 0x000000063b000000, 0x000000063b400000|  0%| F|  |TAMS 0x000000063b000000, 0x000000063b000000| Untracked 
| 237|0x000000063b400000, 0x000000063b400000, 0x000000063b800000|  0%| F|  |TAMS 0x000000063b400000, 0x000000063b400000| Untracked 
| 238|0x000000063b800000, 0x000000063b800000, 0x000000063bc00000|  0%| F|  |TAMS 0x000000063b800000, 0x000000063b800000| Untracked 
| 239|0x000000063bc00000, 0x000000063bc00000, 0x000000063c000000|  0%| F|  |TAMS 0x000000063bc00000, 0x000000063bc00000| Untracked 
| 240|0x000000063c000000, 0x000000063c000000, 0x000000063c400000|  0%| F|  |TAMS 0x000000063c000000, 0x000000063c000000| Untracked 
| 241|0x000000063c400000, 0x000000063c400000, 0x000000063c800000|  0%| F|  |TAMS 0x000000063c400000, 0x000000063c400000| Untracked 
| 242|0x000000063c800000, 0x000000063c800000, 0x000000063cc00000|  0%| F|  |TAMS 0x000000063c800000, 0x000000063c800000| Untracked 
| 243|0x000000063cc00000, 0x000000063cc00000, 0x000000063d000000|  0%| F|  |TAMS 0x000000063cc00000, 0x000000063cc00000| Untracked 
| 244|0x000000063d000000, 0x000000063d000000, 0x000000063d400000|  0%| F|  |TAMS 0x000000063d000000, 0x000000063d000000| Untracked 
| 245|0x000000063d400000, 0x000000063d400000, 0x000000063d800000|  0%| F|  |TAMS 0x000000063d400000, 0x000000063d400000| Untracked 
| 246|0x000000063d800000, 0x000000063d800000, 0x000000063dc00000|  0%| F|  |TAMS 0x000000063d800000, 0x000000063d800000| Untracked 
| 247|0x000000063dc00000, 0x000000063dc00000, 0x000000063e000000|  0%| F|  |TAMS 0x000000063dc00000, 0x000000063dc00000| Untracked 
| 248|0x000000063e000000, 0x000000063e000000, 0x000000063e400000|  0%| F|  |TAMS 0x000000063e000000, 0x000000063e000000| Untracked 
| 249|0x000000063e400000, 0x000000063e400000, 0x000000063e800000|  0%| F|  |TAMS 0x000000063e400000, 0x000000063e400000| Untracked 
| 250|0x000000063e800000, 0x000000063e800000, 0x000000063ec00000|  0%| F|  |TAMS 0x000000063e800000, 0x000000063e800000| Untracked 
| 251|0x000000063ec00000, 0x000000063ec00000, 0x000000063f000000|  0%| F|  |TAMS 0x000000063ec00000, 0x000000063ec00000| Untracked 
| 252|0x000000063f000000, 0x000000063f000000, 0x000000063f400000|  0%| F|  |TAMS 0x000000063f000000, 0x000000063f000000| Untracked 
| 253|0x000000063f400000, 0x000000063f400000, 0x000000063f800000|  0%| F|  |TAMS 0x000000063f400000, 0x000000063f400000| Untracked 
| 254|0x000000063f800000, 0x000000063f800000, 0x000000063fc00000|  0%| F|  |TAMS 0x000000063f800000, 0x000000063f800000| Untracked 
| 255|0x000000063fc00000, 0x000000063fc00000, 0x0000000640000000|  0%| F|  |TAMS 0x000000063fc00000, 0x000000063fc00000| Untracked 
| 256|0x0000000640000000, 0x0000000640000000, 0x0000000640400000|  0%| F|  |TAMS 0x0000000640000000, 0x0000000640000000| Untracked 
| 257|0x0000000640400000, 0x0000000640400000, 0x0000000640800000|  0%| F|  |TAMS 0x0000000640400000, 0x0000000640400000| Untracked 
| 258|0x0000000640800000, 0x0000000640800000, 0x0000000640c00000|  0%| F|  |TAMS 0x0000000640800000, 0x0000000640800000| Untracked 
| 259|0x0000000640c00000, 0x0000000640c00000, 0x0000000641000000|  0%| F|  |TAMS 0x0000000640c00000, 0x0000000640c00000| Untracked 
| 260|0x0000000641000000, 0x0000000641000000, 0x0000000641400000|  0%| F|  |TAMS 0x0000000641000000, 0x0000000641000000| Untracked 
| 261|0x0000000641400000, 0x0000000641400000, 0x0000000641800000|  0%| F|  |TAMS 0x0000000641400000, 0x0000000641400000| Untracked 
| 262|0x0000000641800000, 0x0000000641800000, 0x0000000641c00000|  0%| F|  |TAMS 0x0000000641800000, 0x0000000641800000| Untracked 
| 263|0x0000000641c00000, 0x0000000641c00000, 0x0000000642000000|  0%| F|  |TAMS 0x0000000641c00000, 0x0000000641c00000| Untracked 
| 264|0x0000000642000000, 0x0000000642000000, 0x0000000642400000|  0%| F|  |TAMS 0x0000000642000000, 0x0000000642000000| Untracked 
| 265|0x0000000642400000, 0x0000000642800000, 0x0000000642800000|100%| S|CS|TAMS 0x0000000642400000, 0x0000000642400000| Complete 
| 266|0x0000000642800000, 0x0000000642c00000, 0x0000000642c00000|100%| S|CS|TAMS 0x0000000642800000, 0x0000000642800000| Complete 
| 267|0x0000000642c00000, 0x0000000643000000, 0x0000000643000000|100%| S|CS|TAMS 0x0000000642c00000, 0x0000000642c00000| Complete 
| 268|0x0000000643000000, 0x0000000643400000, 0x0000000643400000|100%| S|CS|TAMS 0x0000000643000000, 0x0000000643000000| Complete 
| 269|0x0000000643400000, 0x0000000643400000, 0x0000000643800000|  0%| F|  |TAMS 0x0000000643400000, 0x0000000643400000| Untracked 
| 270|0x0000000643800000, 0x0000000643800000, 0x0000000643c00000|  0%| F|  |TAMS 0x0000000643800000, 0x0000000643800000| Untracked 
| 271|0x0000000643c00000, 0x0000000643c00000, 0x0000000644000000|  0%| F|  |TAMS 0x0000000643c00000, 0x0000000643c00000| Untracked 
| 272|0x0000000644000000, 0x0000000644000000, 0x0000000644400000|  0%| F|  |TAMS 0x0000000644000000, 0x0000000644000000| Untracked 
| 273|0x0000000644400000, 0x0000000644400000, 0x0000000644800000|  0%| F|  |TAMS 0x0000000644400000, 0x0000000644400000| Untracked 
| 274|0x0000000644800000, 0x0000000644800000, 0x0000000644c00000|  0%| F|  |TAMS 0x0000000644800000, 0x0000000644800000| Untracked 
| 275|0x0000000644c00000, 0x0000000644c00000, 0x0000000645000000|  0%| F|  |TAMS 0x0000000644c00000, 0x0000000644c00000| Untracked 
| 276|0x0000000645000000, 0x0000000645000000, 0x0000000645400000|  0%| F|  |TAMS 0x0000000645000000, 0x0000000645000000| Untracked 
| 277|0x0000000645400000, 0x0000000645400000, 0x0000000645800000|  0%| F|  |TAMS 0x0000000645400000, 0x0000000645400000| Untracked 
| 278|0x0000000645800000, 0x0000000645800000, 0x0000000645c00000|  0%| F|  |TAMS 0x0000000645800000, 0x0000000645800000| Untracked 
| 279|0x0000000645c00000, 0x0000000645c00000, 0x0000000646000000|  0%| F|  |TAMS 0x0000000645c00000, 0x0000000645c00000| Untracked 
| 280|0x0000000646000000, 0x0000000646000000, 0x0000000646400000|  0%| F|  |TAMS 0x0000000646000000, 0x0000000646000000| Untracked 
| 281|0x0000000646400000, 0x0000000646400000, 0x0000000646800000|  0%| F|  |TAMS 0x0000000646400000, 0x0000000646400000| Untracked 
| 282|0x0000000646800000, 0x0000000646800000, 0x0000000646c00000|  0%| F|  |TAMS 0x0000000646800000, 0x0000000646800000| Untracked 
| 283|0x0000000646c00000, 0x0000000646c00000, 0x0000000647000000|  0%| F|  |TAMS 0x0000000646c00000, 0x0000000646c00000| Untracked 
| 284|0x0000000647000000, 0x0000000647000000, 0x0000000647400000|  0%| F|  |TAMS 0x0000000647000000, 0x0000000647000000| Untracked 
| 285|0x0000000647400000, 0x0000000647400000, 0x0000000647800000|  0%| F|  |TAMS 0x0000000647400000, 0x0000000647400000| Untracked 
| 286|0x0000000647800000, 0x0000000647800000, 0x0000000647c00000|  0%| F|  |TAMS 0x0000000647800000, 0x0000000647800000| Untracked 
| 287|0x0000000647c00000, 0x0000000647c00000, 0x0000000648000000|  0%| F|  |TAMS 0x0000000647c00000, 0x0000000647c00000| Untracked 
| 288|0x0000000648000000, 0x0000000648000000, 0x0000000648400000|  0%| F|  |TAMS 0x0000000648000000, 0x0000000648000000| Untracked 
| 289|0x0000000648400000, 0x0000000648400000, 0x0000000648800000|  0%| F|  |TAMS 0x0000000648400000, 0x0000000648400000| Untracked 
| 290|0x0000000648800000, 0x0000000648800000, 0x0000000648c00000|  0%| F|  |TAMS 0x0000000648800000, 0x0000000648800000| Untracked 
| 291|0x0000000648c00000, 0x0000000648c00000, 0x0000000649000000|  0%| F|  |TAMS 0x0000000648c00000, 0x0000000648c00000| Untracked 
| 292|0x0000000649000000, 0x0000000649000000, 0x0000000649400000|  0%| F|  |TAMS 0x0000000649000000, 0x0000000649000000| Untracked 
| 293|0x0000000649400000, 0x0000000649400000, 0x0000000649800000|  0%| F|  |TAMS 0x0000000649400000, 0x0000000649400000| Untracked 
| 294|0x0000000649800000, 0x0000000649800000, 0x0000000649c00000|  0%| F|  |TAMS 0x0000000649800000, 0x0000000649800000| Untracked 
| 295|0x0000000649c00000, 0x0000000649c00000, 0x000000064a000000|  0%| F|  |TAMS 0x0000000649c00000, 0x0000000649c00000| Untracked 

Card table byte_map: [0x00000131e3670000,0x00000131e4670000] _byte_map_base: 0x00000131e0670000

Marking Bits (Prev, Next): (CMBitMap*) 0x00000131bd2232b0, (CMBitMap*) 0x00000131bd223270
 Prev Bits: [0x00000131ed670000, 0x00000131f5670000)
 Next Bits: [0x00000131e5670000, 0x00000131ed670000)

Polling page: 0x00000131c1df0000

Metaspace:

Usage:
  Non-class:    135.96 MB used.
      Class:     20.91 MB used.
       Both:    156.87 MB used.

Virtual space:
  Non-class space:      144.00 MB reserved,     136.75 MB ( 95%) committed,  18 nodes.
      Class space:        1.00 GB reserved,      21.62 MB (  2%) committed,  1 nodes.
             Both:        1.14 GB reserved,     158.38 MB ( 14%) committed. 

Chunk freelists:
   Non-Class:  2.94 MB
       Class:  2.35 MB
        Both:  5.28 MB

MaxMetaspaceSize: 4.00 GB
CompressedClassSpaceSize: 1.00 GB
Initial GC threshold: 21.00 MB
Current GC threshold: 184.69 MB
CDS: off
MetaspaceReclaimPolicy: balanced
 - commit_granule_bytes: 65536.
 - commit_granule_words: 8192.
 - virtual_space_node_default_size: 1048576.
 - enlarge_chunks_in_place: 1.
 - new_chunks_are_fully_committed: 0.
 - uncommit_free_chunks: 1.
 - use_allocation_guard: 0.
 - handle_deallocations: 1.


Internal statistics:

num_allocs_failed_limit: 15.
num_arena_births: 2318.
num_arena_deaths: 0.
num_vsnodes_births: 19.
num_vsnodes_deaths: 0.
num_space_committed: 2531.
num_space_uncommitted: 0.
num_chunks_returned_to_freelist: 15.
num_chunks_taken_from_freelist: 9151.
num_chunk_merges: 6.
num_chunk_splits: 5857.
num_chunks_enlarged: 3636.
num_purges: 0.
num_inconsistent_stats: 0.

CodeHeap 'non-profiled nmethods': size=259264Kb used=12382Kb max_used=12507Kb free=246882Kb
 bounds [0x00000131d20e0000, 0x00000131d2d20000, 0x00000131e1e10000]
CodeHeap 'profiled nmethods': size=259264Kb used=33054Kb max_used=33054Kb free=226210Kb
 bounds [0x00000131c1e10000, 0x00000131c3e60000, 0x00000131d1b40000]
CodeHeap 'non-nmethods': size=5760Kb used=2549Kb max_used=2589Kb free=3210Kb
 bounds [0x00000131d1b40000, 0x00000131d1de0000, 0x00000131d20e0000]
 total_blobs=17979 nmethods=16875 adapters=1015
 compilation: enabled
              stopped_count=0, restarted_count=0
 full_count=0

Compilation events (20 events):
Event: 274.232 Thread 0x00000131f8856a20 20956       2       com.android.ide.common.blame.SourceFile::<init> (18 bytes)
Event: 274.232 Thread 0x00000131f8856a20 nmethod 20956 0x00000131c3e53a90 code [0x00000131c3e53c40, 0x00000131c3e53e48]
Event: 274.232 Thread 0x00000131f8856a20 20959       2       com.sun.org.apache.xerces.internal.dom.AttrImpl::normalize (124 bytes)
Event: 274.233 Thread 0x00000131f8856a20 nmethod 20959 0x00000131c3e53f90 code [0x00000131c3e541c0, 0x00000131c3e54698]
Event: 274.233 Thread 0x00000131f8856a20 20960       3       com.android.tools.r8.internal.vd::a (157 bytes)
Event: 274.234 Thread 0x00000131f8856a20 nmethod 20960 0x00000131c3e54990 code [0x00000131c3e54b80, 0x00000131c3e55088]
Event: 274.234 Thread 0x00000131f8856a20 20961       2       java.lang.String::<init> (14 bytes)
Event: 274.234 Thread 0x00000131f8856a20 nmethod 20961 0x00000131c3e55390 code [0x00000131c3e55540, 0x00000131c3e556d8]
Event: 274.234 Thread 0x00000131f8856a20 20962       2       com.android.tools.r8.graph.I2::<init> (21 bytes)
Event: 274.235 Thread 0x00000131f8856a20 nmethod 20962 0x00000131c3e55810 code [0x00000131c3e559c0, 0x00000131c3e55b88]
Event: 274.251 Thread 0x00000131f88557d0 nmethod 20914 0x00000131d2834990 code [0x00000131d2834ba0, 0x00000131d28360c8]
Event: 274.251 Thread 0x00000131f88557d0 20940       4       com.android.tools.r8.internal.Nk::e (301 bytes)
Event: 274.253 Thread 0x00000131f8856a20 20964       2       com.sun.org.apache.xerces.internal.dom.ElementImpl::normalize (169 bytes)
Event: 274.254 Thread 0x00000131f8856a20 nmethod 20964 0x00000131c3e55c90 code [0x00000131c3e55f20, 0x00000131c3e56568]
Event: 274.255 Thread 0x00000131f8856a20 20965       1       com.google.common.cache.LocalCache$StrongEntry::setValueReference (6 bytes)
Event: 274.255 Thread 0x00000131f8856a20 nmethod 20965 0x00000131d2834690 code [0x00000131d2834820, 0x00000131d2834938]
Event: 274.274 Thread 0x00000131f8856a20 20967       2       com.android.tools.r8.internal.vd::b (25 bytes)
Event: 274.275 Thread 0x00000131f8856a20 nmethod 20967 0x00000131c3e56990 code [0x00000131c3e56b40, 0x00000131c3e56cd8]
Event: 274.279 Thread 0x00000131f8856a20 20968 %     3       com.android.tools.r8.graph.E0::S0 @ 10 (44 bytes)
Event: 274.279 Thread 0x00000131f8856a20 nmethod 20968% 0x00000131c3e56d90 code [0x00000131c3e56f80, 0x00000131c3e57648]

GC Heap History (20 events):
Event: 241.298 GC heap after
{Heap after GC invocations=69 (full 0):
 garbage-first heap   total 606208K, used 203036K [0x0000000600000000, 0x0000000800000000)
  region size 4096K, 1 young (4096K), 1 survivors (4096K)
 Metaspace       used 125474K, committed 126656K, reserved 1163264K
  class space    used 17448K, committed 17984K, reserved 1048576K
}
Event: 251.101 GC heap before
{Heap before GC invocations=69 (full 0):
 garbage-first heap   total 606208K, used 268572K [0x0000000600000000, 0x0000000800000000)
  region size 4096K, 18 young (73728K), 1 survivors (4096K)
 Metaspace       used 127501K, committed 128768K, reserved 1163264K
  class space    used 17622K, committed 18240K, reserved 1048576K
}
Event: 251.120 GC heap after
{Heap after GC invocations=70 (full 0):
 garbage-first heap   total 606208K, used 204324K [0x0000000600000000, 0x0000000800000000)
  region size 4096K, 2 young (8192K), 2 survivors (8192K)
 Metaspace       used 127501K, committed 128768K, reserved 1163264K
  class space    used 17622K, committed 18240K, reserved 1048576K
}
Event: 256.494 GC heap before
{Heap before GC invocations=70 (full 0):
 garbage-first heap   total 606208K, used 282148K [0x0000000600000000, 0x0000000800000000)
  region size 4096K, 22 young (90112K), 2 survivors (8192K)
 Metaspace       used 127814K, committed 129152K, reserved 1163264K
  class space    used 17651K, committed 18304K, reserved 1048576K
}
Event: 256.529 GC heap after
{Heap after GC invocations=71 (full 0):
 garbage-first heap   total 606208K, used 208151K [0x0000000600000000, 0x0000000800000000)
  region size 4096K, 3 young (12288K), 3 survivors (12288K)
 Metaspace       used 127814K, committed 129152K, reserved 1163264K
  class space    used 17651K, committed 18304K, reserved 1048576K
}
Event: 259.282 GC heap before
{Heap before GC invocations=71 (full 0):
 garbage-first heap   total 606208K, used 302359K [0x0000000600000000, 0x0000000800000000)
  region size 4096K, 25 young (102400K), 3 survivors (12288K)
 Metaspace       used 130660K, committed 132096K, reserved 1163264K
  class space    used 18001K, committed 18688K, reserved 1048576K
}
Event: 259.354 GC heap after
{Heap after GC invocations=72 (full 0):
 garbage-first heap   total 606208K, used 222397K [0x0000000600000000, 0x0000000800000000)
  region size 4096K, 4 young (16384K), 4 survivors (16384K)
 Metaspace       used 130660K, committed 132096K, reserved 1163264K
  class space    used 18001K, committed 18688K, reserved 1048576K
}
Event: 261.775 GC heap before
{Heap before GC invocations=72 (full 0):
 garbage-first heap   total 606208K, used 300221K [0x0000000600000000, 0x0000000800000000)
  region size 4096K, 24 young (98304K), 4 survivors (16384K)
 Metaspace       used 140547K, committed 142016K, reserved 1171456K
  class space    used 18994K, committed 19648K, reserved 1048576K
}
Event: 261.814 GC heap after
{Heap after GC invocations=73 (full 0):
 garbage-first heap   total 606208K, used 225078K [0x0000000600000000, 0x0000000800000000)
  region size 4096K, 3 young (12288K), 3 survivors (12288K)
 Metaspace       used 140547K, committed 142016K, reserved 1171456K
  class space    used 18994K, committed 19648K, reserved 1048576K
}
Event: 265.859 GC heap before
{Heap before GC invocations=73 (full 0):
 garbage-first heap   total 606208K, used 405302K [0x0000000600000000, 0x0000000800000000)
  region size 4096K, 48 young (196608K), 3 survivors (12288K)
 Metaspace       used 151652K, committed 153152K, reserved 1187840K
  class space    used 20332K, committed 20992K, reserved 1048576K
}
Event: 265.926 GC heap after
{Heap after GC invocations=74 (full 0):
 garbage-first heap   total 1212416K, used 246638K [0x0000000600000000, 0x0000000800000000)
  region size 4096K, 6 young (24576K), 6 survivors (24576K)
 Metaspace       used 151652K, committed 153152K, reserved 1187840K
  class space    used 20332K, committed 20992K, reserved 1048576K
}
Event: 267.058 GC heap before
{Heap before GC invocations=74 (full 0):
 garbage-first heap   total 1212416K, used 308078K [0x0000000600000000, 0x0000000800000000)
  region size 4096K, 22 young (90112K), 6 survivors (24576K)
 Metaspace       used 152585K, committed 154112K, reserved 1187840K
  class space    used 20413K, committed 21120K, reserved 1048576K
}
Event: 267.265 GC heap after
{Heap after GC invocations=75 (full 0):
 garbage-first heap   total 1212416K, used 267331K [0x0000000600000000, 0x0000000800000000)
  region size 4096K, 3 young (12288K), 3 survivors (12288K)
 Metaspace       used 152585K, committed 154112K, reserved 1187840K
  class space    used 20413K, committed 21120K, reserved 1048576K
}
Event: 269.776 GC heap before
{Heap before GC invocations=75 (full 0):
 garbage-first heap   total 1212416K, used 357443K [0x0000000600000000, 0x0000000800000000)
  region size 4096K, 26 young (106496K), 3 survivors (12288K)
 Metaspace       used 155456K, committed 156928K, reserved 1187840K
  class space    used 20784K, committed 21440K, reserved 1048576K
}
Event: 269.846 GC heap after
{Heap after GC invocations=76 (full 0):
 garbage-first heap   total 1212416K, used 283785K [0x0000000600000000, 0x0000000800000000)
  region size 4096K, 4 young (16384K), 4 survivors (16384K)
 Metaspace       used 155456K, committed 156928K, reserved 1187840K
  class space    used 20784K, committed 21440K, reserved 1048576K
}
Event: 271.778 GC heap before
{Heap before GC invocations=76 (full 0):
 garbage-first heap   total 1212416K, used 382089K [0x0000000600000000, 0x0000000800000000)
  region size 4096K, 28 young (114688K), 4 survivors (16384K)
 Metaspace       used 159194K, committed 160768K, reserved 1187840K
  class space    used 21266K, committed 22016K, reserved 1048576K
}
Event: 271.866 GC heap after
{Heap after GC invocations=77 (full 0):
 garbage-first heap   total 1212416K, used 296930K [0x0000000600000000, 0x0000000800000000)
  region size 4096K, 3 young (12288K), 3 survivors (12288K)
 Metaspace       used 159194K, committed 160768K, reserved 1187840K
  class space    used 21266K, committed 22016K, reserved 1048576K
}
Event: 273.157 GC heap before
{Heap before GC invocations=77 (full 0):
 garbage-first heap   total 1212416K, used 440290K [0x0000000600000000, 0x0000000800000000)
  region size 4096K, 38 young (155648K), 3 survivors (12288K)
 Metaspace       used 160594K, committed 162176K, reserved 1196032K
  class space    used 21410K, committed 22144K, reserved 1048576K
}
Event: 273.288 GC heap after
{Heap after GC invocations=78 (full 0):
 garbage-first heap   total 1212416K, used 320230K [0x0000000600000000, 0x0000000800000000)
  region size 4096K, 5 young (20480K), 5 survivors (20480K)
 Metaspace       used 160594K, committed 162176K, reserved 1196032K
  class space    used 21410K, committed 22144K, reserved 1048576K
}
Event: 274.285 GC heap before
{Heap before GC invocations=78 (full 0):
 garbage-first heap   total 1212416K, used 430822K [0x0000000600000000, 0x0000000800000000)
  region size 4096K, 32 young (131072K), 5 survivors (20480K)
 Metaspace       used 160632K, committed 162176K, reserved 1196032K
  class space    used 21411K, committed 22144K, reserved 1048576K
}

Dll operation events (3 events):
Event: 0.015 Loaded shared library C:\Program Files\Android\Android Studio\jbr\bin\java.dll
Event: 0.180 Loaded shared library C:\Program Files\Android\Android Studio\jbr\bin\zip.dll
Event: 0.992 Loaded shared library C:\Program Files\Android\Android Studio\jbr\bin\verify.dll

Deoptimization events (20 events):
Event: 273.981 Thread 0x000001318914d8d0 DEOPT PACKING pc=0x00000131d2638c24 sp=0x0000001a692fdfc0
Event: 273.981 Thread 0x000001318914d8d0 DEOPT UNPACKING pc=0x00000131d1b969a3 sp=0x0000001a692fdf90 mode 2
Event: 274.230 Thread 0x00000131fd0847c0 DEOPT PACKING pc=0x00000131c3b44b9b sp=0x0000001a65efa6a0
Event: 274.230 Thread 0x00000131fd0847c0 DEOPT UNPACKING pc=0x00000131d1b97143 sp=0x0000001a65ef9b48 mode 0
Event: 274.230 Thread 0x000001318914d8d0 Uncommon trap: trap_request=0xffffff45 fr.pc=0x00000131d295c958 relative=0x0000000000000918
Event: 274.231 Thread 0x000001318914d8d0 Uncommon trap: reason=unstable_if action=reinterpret pc=0x00000131d295c958 method=com.android.tools.r8.internal.vd.a([CII)Ljava/lang/String; @ 66 c2
Event: 274.231 Thread 0x000001318914d8d0 DEOPT PACKING pc=0x00000131d295c958 sp=0x0000001a692fe2e0
Event: 274.231 Thread 0x000001318914d8d0 DEOPT UNPACKING pc=0x00000131d1b969a3 sp=0x0000001a692fe290 mode 2
Event: 274.231 Thread 0x000001318914d8d0 Uncommon trap: trap_request=0xffffff45 fr.pc=0x00000131d234a140 relative=0x00000000000004a0
Event: 274.231 Thread 0x000001318914d8d0 Uncommon trap: reason=unstable_if action=reinterpret pc=0x00000131d234a140 method=java.lang.StringUTF16.compress([CII)[B @ 13 c2
Event: 274.231 Thread 0x000001318914d8d0 DEOPT PACKING pc=0x00000131d234a140 sp=0x0000001a692fe220
Event: 274.231 Thread 0x000001318914d8d0 DEOPT UNPACKING pc=0x00000131d1b969a3 sp=0x0000001a692fe108 mode 2
Event: 274.231 Thread 0x000001318914d8d0 Uncommon trap: trap_request=0xffffff45 fr.pc=0x00000131d28c35bc relative=0x000000000000099c
Event: 274.231 Thread 0x000001318914d8d0 Uncommon trap: reason=unstable_if action=reinterpret pc=0x00000131d28c35bc method=com.android.tools.r8.graph.I2.a(Ljava/lang/String;)[B @ 36 c2
Event: 274.231 Thread 0x000001318914d8d0 DEOPT PACKING pc=0x00000131d28c35bc sp=0x0000001a692fe180
Event: 274.231 Thread 0x000001318914d8d0 DEOPT UNPACKING pc=0x00000131d1b969a3 sp=0x0000001a692fe0e8 mode 2
Event: 274.231 Thread 0x000001318914d8d0 Uncommon trap: trap_request=0xffffff45 fr.pc=0x00000131d28c6e24 relative=0x0000000000000104
Event: 274.231 Thread 0x000001318914d8d0 Uncommon trap: reason=unstable_if action=reinterpret pc=0x00000131d28c6e24 method=com.android.tools.r8.graph.I2.a(C[BI)I @ 27 c2
Event: 274.231 Thread 0x000001318914d8d0 DEOPT PACKING pc=0x00000131d28c6e24 sp=0x0000001a692fe0c0
Event: 274.231 Thread 0x000001318914d8d0 DEOPT UNPACKING pc=0x00000131d1b969a3 sp=0x0000001a692fe068 mode 2

Classes unloaded (0 events):
No events

Classes redefined (0 events):
No events

Internal exceptions (20 events):
Event: 270.010 Thread 0x00000131faf05590 Exception <a 'sun/nio/fs/WindowsException'{0x00000006498bb5e0}> (0x00000006498bb5e0) 
thrown [s\src\hotspot\share\prims\jni.cpp, line 517]
Event: 271.384 Thread 0x00000131fafa3a10 Exception <a 'java/lang/NoSuchMethodError'{0x0000000645a8d6b8}: 'java.lang.Object java.lang.invoke.DirectMethodHandle$Holder.invokeStaticInit(java.lang.Object, java.lang.Object, java.lang.Object, java.lang.Object, java.lang.Object, java.lang.Object, java.lang.Object, java.lang.Object, java.lang.Object, java.lang.Object, java.lang.Object, java.lang.Object, java.lang.Object, java.lang.Object, java.lang.Object, java.lang.Object, java.lang.Object, java.lang.Object, java.lang.Object, java.lang.Object, int, java
Event: 271.450 Thread 0x000001318914d8d0 Implicit null exception at 0x00000131d2caddd9 to 0x00000131d2caf280
Event: 271.590 Thread 0x000001318914d8d0 Exception <a 'java/lang/IncompatibleClassChangeError'{0x0000000644a0fc20}: Found class java.lang.Object, but interface was expected> (0x0000000644a0fc20) 
thrown [s\src\hotspot\share\interpreter\linkResolver.cpp, line 838]
Event: 271.964 Thread 0x000001318914d400 Implicit null exception at 0x00000131d2cbe1c9 to 0x00000131d2cbeb88
Event: 271.978 Thread 0x000001318914d400 Exception <a 'java/lang/NoSuchMethodError'{0x00000006497bd098}: 'long java.lang.invoke.DirectMethodHandle$Holder.invokeStatic(java.lang.Object, java.lang.Object)'> (0x00000006497bd098) 
thrown [s\src\hotspot\share\interpreter\linkResolver.cpp, line 771]
Event: 271.978 Thread 0x000001318914d8d0 Exception <a 'java/lang/NoSuchMethodError'{0x000000064979c468}: 'long java.lang.invoke.DirectMethodHandle$Holder.invokeStatic(java.lang.Object, java.lang.Object)'> (0x000000064979c468) 
thrown [s\src\hotspot\share\interpreter\linkResolver.cpp, line 771]
Event: 271.979 Thread 0x000001318914d8d0 Exception <a 'java/lang/NoSuchMethodError'{0x000000064979fa68}: 'long java.lang.invoke.DirectMethodHandle$Holder.invokeStaticInit(java.lang.Object, java.lang.Object)'> (0x000000064979fa68) 
thrown [s\src\hotspot\share\interpreter\linkResolver.cpp, line 771]
Event: 271.979 Thread 0x000001318914d400 Exception <a 'java/lang/NoSuchMethodError'{0x00000006497c0670}: 'long java.lang.invoke.DirectMethodHandle$Holder.invokeStaticInit(java.lang.Object, java.lang.Object)'> (0x00000006497c0670) 
thrown [s\src\hotspot\share\interpreter\linkResolver.cpp, line 771]
Event: 273.082 Thread 0x00000131fd0847c0 Exception <a 'sun/nio/fs/WindowsException'{0x0000000642ef39b8}> (0x0000000642ef39b8) 
thrown [s\src\hotspot\share\prims\jni.cpp, line 517]
Event: 273.155 Thread 0x00000131fd0847c0 Exception <a 'sun/nio/fs/WindowsException'{0x0000000640a78bc8}> (0x0000000640a78bc8) 
thrown [s\src\hotspot\share\prims\jni.cpp, line 517]
Event: 273.854 Thread 0x00000131fd0847c0 Exception <a 'sun/nio/fs/WindowsException'{0x0000000649e52468}> (0x0000000649e52468) 
thrown [s\src\hotspot\share\prims\jni.cpp, line 517]
Event: 274.001 Thread 0x00000131fd0847c0 Exception <a 'sun/nio/fs/WindowsException'{0x0000000649e61250}> (0x0000000649e61250) 
thrown [s\src\hotspot\share\prims\jni.cpp, line 517]
Event: 274.024 Thread 0x00000131fd0847c0 Exception <a 'sun/nio/fs/WindowsException'{0x0000000645c7e840}> (0x0000000645c7e840) 
thrown [s\src\hotspot\share\prims\jni.cpp, line 517]
Event: 274.094 Thread 0x00000131fd0847c0 Exception <a 'sun/nio/fs/WindowsException'{0x0000000645c8d790}> (0x0000000645c8d790) 
thrown [s\src\hotspot\share\prims\jni.cpp, line 517]
Event: 274.108 Thread 0x00000131fd0847c0 Exception <a 'sun/nio/fs/WindowsException'{0x0000000645c9c5d8}> (0x0000000645c9c5d8) 
thrown [s\src\hotspot\share\prims\jni.cpp, line 517]
Event: 274.126 Thread 0x00000131fd0847c0 Exception <a 'sun/nio/fs/WindowsException'{0x0000000644a23dc8}> (0x0000000644a23dc8) 
thrown [s\src\hotspot\share\prims\jni.cpp, line 517]
Event: 274.151 Thread 0x00000131fd0847c0 Exception <a 'sun/nio/fs/WindowsException'{0x0000000644a32cd8}> (0x0000000644a32cd8) 
thrown [s\src\hotspot\share\prims\jni.cpp, line 517]
Event: 274.207 Thread 0x00000131fd0847c0 Exception <a 'sun/nio/fs/WindowsException'{0x000000064424eee0}> (0x000000064424eee0) 
thrown [s\src\hotspot\share\prims\jni.cpp, line 517]
Event: 274.245 Thread 0x00000131fd0847c0 Exception <a 'sun/nio/fs/WindowsException'{0x000000064425df48}> (0x000000064425df48) 
thrown [s\src\hotspot\share\prims\jni.cpp, line 517]

VM Operations (20 events):
Event: 268.568 Executing VM operation: Cleanup done
Event: 268.572 Executing VM operation: HandshakeAllThreads
Event: 268.573 Executing VM operation: HandshakeAllThreads done
Event: 268.622 Executing VM operation: HandshakeAllThreads
Event: 268.622 Executing VM operation: HandshakeAllThreads done
Event: 268.760 Executing VM operation: HandshakeAllThreads
Event: 268.761 Executing VM operation: HandshakeAllThreads done
Event: 269.767 Executing VM operation: Cleanup
Event: 269.768 Executing VM operation: Cleanup done
Event: 269.776 Executing VM operation: G1CollectForAllocation
Event: 269.852 Executing VM operation: G1CollectForAllocation done
Event: 270.468 Executing VM operation: HandshakeAllThreads
Event: 270.479 Executing VM operation: HandshakeAllThreads done
Event: 271.491 Executing VM operation: Cleanup
Event: 271.498 Executing VM operation: Cleanup done
Event: 271.778 Executing VM operation: G1CollectForAllocation
Event: 271.867 Executing VM operation: G1CollectForAllocation done
Event: 273.157 Executing VM operation: G1CollectForAllocation
Event: 273.634 Executing VM operation: G1CollectForAllocation done
Event: 274.285 Executing VM operation: G1CollectForAllocation

Events (20 events):
Event: 271.400 Thread 0x000001318914d400 Thread added: 0x000001318914d400
Event: 271.402 Thread 0x000001318914d8d0 Thread added: 0x000001318914d8d0
Event: 272.630 loading class java/util/concurrent/ConcurrentLinkedDeque
Event: 272.632 loading class java/util/concurrent/ConcurrentLinkedDeque done
Event: 272.632 loading class java/util/concurrent/ConcurrentLinkedDeque$Node
Event: 272.633 loading class java/util/concurrent/ConcurrentLinkedDeque$Node done
Event: 272.771 loading class com/sun/org/apache/xerces/internal/dom/DOMImplementationImpl
Event: 272.773 loading class org/w3c/dom/DOMImplementation
Event: 272.773 loading class org/w3c/dom/DOMImplementation done
Event: 272.774 loading class com/sun/org/apache/xerces/internal/dom/CoreDOMImplementationImpl
Event: 272.777 loading class org/w3c/dom/ls/DOMImplementationLS
Event: 272.778 loading class org/w3c/dom/ls/DOMImplementationLS done
Event: 272.778 loading class com/sun/org/apache/xerces/internal/dom/CoreDOMImplementationImpl done
Event: 272.778 loading class com/sun/org/apache/xerces/internal/dom/DOMImplementationImpl done
Event: 272.778 loading class com/sun/org/apache/xerces/internal/dom/DeferredDOMImplementationImpl
Event: 272.779 loading class com/sun/org/apache/xerces/internal/dom/DeferredDOMImplementationImpl done
Event: 272.836 loading class java/nio/file/StandardCopyOption
Event: 272.837 loading class java/nio/file/StandardCopyOption done
Event: 272.837 loading class sun/nio/fs/WindowsFileCopy
Event: 272.927 loading class sun/nio/fs/WindowsFileCopy done


Dynamic libraries:
0x00007ff6e6e60000 - 0x00007ff6e6e6a000 	C:\Program Files\Android\Android Studio\jbr\bin\java.exe
0x00007ffa344d0000 - 0x00007ffa346c8000 	C:\Windows\SYSTEM32\ntdll.dll
0x00007ffa339d0000 - 0x00007ffa33a92000 	C:\Windows\System32\KERNEL32.DLL
0x00007ffa31f50000 - 0x00007ffa32246000 	C:\Windows\System32\KERNELBASE.dll
0x00007ffa322a0000 - 0x00007ffa323a0000 	C:\Windows\System32\ucrtbase.dll
0x00007ff9fc7d0000 - 0x00007ff9fc7e7000 	C:\Program Files\Android\Android Studio\jbr\bin\jli.dll
0x00007ffa070d0000 - 0x00007ffa070eb000 	C:\Program Files\Android\Android Studio\jbr\bin\VCRUNTIME140.dll
0x00007ffa33b30000 - 0x00007ffa33ccd000 	C:\Windows\System32\USER32.dll
0x00007ffa324c0000 - 0x00007ffa324e2000 	C:\Windows\System32\win32u.dll
0x00007ffa22d60000 - 0x00007ffa22ffa000 	C:\Windows\WinSxS\amd64_microsoft.windows.common-controls_6595b64144ccf1df_6.0.19041.4355_none_60b8b9eb71f62e16\COMCTL32.dll
0x00007ffa34430000 - 0x00007ffa3445b000 	C:\Windows\System32\GDI32.dll
0x00007ffa32ed0000 - 0x00007ffa32f6e000 	C:\Windows\System32\msvcrt.dll
0x00007ffa323a0000 - 0x00007ffa324ba000 	C:\Windows\System32\gdi32full.dll
0x00007ffa31b60000 - 0x00007ffa31bfd000 	C:\Windows\System32\msvcp_win.dll
0x00007ffa34460000 - 0x00007ffa3448f000 	C:\Windows\System32\IMM32.DLL
0x00007ffa08690000 - 0x00007ffa0869c000 	C:\Program Files\Android\Android Studio\jbr\bin\vcruntime140_1.dll
0x00007ff9c72d0000 - 0x00007ff9c735d000 	C:\Program Files\Android\Android Studio\jbr\bin\msvcp140.dll
0x00007ff9bd0a0000 - 0x00007ff9bdd0e000 	C:\Program Files\Android\Android Studio\jbr\bin\server\jvm.dll
0x00007ffa33d80000 - 0x00007ffa33e2f000 	C:\Windows\System32\ADVAPI32.dll
0x00007ffa34310000 - 0x00007ffa343af000 	C:\Windows\System32\sechost.dll
0x00007ffa324f0000 - 0x00007ffa32613000 	C:\Windows\System32\RPCRT4.dll
0x00007ffa31f20000 - 0x00007ffa31f47000 	C:\Windows\System32\bcrypt.dll
0x00007ffa17c00000 - 0x00007ffa17c09000 	C:\Windows\SYSTEM32\WSOCK32.dll
0x00007ffa239e0000 - 0x00007ffa23a07000 	C:\Windows\SYSTEM32\WINMM.dll
0x00007ffa342a0000 - 0x00007ffa3430b000 	C:\Windows\System32\WS2_32.dll
0x00007ffa25300000 - 0x00007ffa2530a000 	C:\Windows\SYSTEM32\VERSION.dll
0x00007ffa2f9a0000 - 0x00007ffa2f9b2000 	C:\Windows\SYSTEM32\kernel.appcore.dll
0x00007ffa2b1f0000 - 0x00007ffa2b1fa000 	C:\Program Files\Android\Android Studio\jbr\bin\jimage.dll
0x00007ffa20bd0000 - 0x00007ffa20db4000 	C:\Windows\SYSTEM32\DBGHELP.DLL
0x00007ffa20b80000 - 0x00007ffa20bb4000 	C:\Windows\SYSTEM32\dbgcore.DLL
0x00007ffa31e90000 - 0x00007ffa31f12000 	C:\Windows\System32\bcryptPrimitives.dll
0x00007ffa08a40000 - 0x00007ffa08a4e000 	C:\Program Files\Android\Android Studio\jbr\bin\instrument.dll
0x00007ff9fa860000 - 0x00007ff9fa885000 	C:\Program Files\Android\Android Studio\jbr\bin\java.dll
0x00007ff9fd580000 - 0x00007ff9fd598000 	C:\Program Files\Android\Android Studio\jbr\bin\zip.dll
0x00007ffa33030000 - 0x00007ffa3379f000 	C:\Windows\System32\SHELL32.dll
0x00007ffa2fba0000 - 0x00007ffa30343000 	C:\Windows\SYSTEM32\windows.storage.dll
0x00007ffa33ee0000 - 0x00007ffa34235000 	C:\Windows\System32\combase.dll
0x00007ffa314b0000 - 0x00007ffa314db000 	C:\Windows\SYSTEM32\Wldp.dll
0x00007ffa32620000 - 0x00007ffa326ed000 	C:\Windows\System32\OLEAUT32.dll
0x00007ffa33cd0000 - 0x00007ffa33d7d000 	C:\Windows\System32\SHCORE.dll
0x00007ffa343d0000 - 0x00007ffa34425000 	C:\Windows\System32\shlwapi.dll
0x00007ffa31a90000 - 0x00007ffa31ab5000 	C:\Windows\SYSTEM32\profapi.dll
0x00007ff9fd460000 - 0x00007ff9fd479000 	C:\Program Files\Android\Android Studio\jbr\bin\net.dll
0x00007ffa25820000 - 0x00007ffa2592a000 	C:\Windows\SYSTEM32\WINHTTP.dll
0x00007ffa31290000 - 0x00007ffa312fc000 	C:\Windows\system32\mswsock.dll
0x00007ff9fccd0000 - 0x00007ff9fcce6000 	C:\Program Files\Android\Android Studio\jbr\bin\nio.dll
0x00007ffa2b1e0000 - 0x00007ffa2b1f0000 	C:\Program Files\Android\Android Studio\jbr\bin\verify.dll
0x00007ffa248f0000 - 0x00007ffa24917000 	C:\Users\user\.gradle\native\c067742578af261105cb4f569cf0c3c89f3d7b1fecec35dd04571415982c5e48\windows-amd64\native-platform.dll
0x00007ff9fc880000 - 0x00007ff9fc9c4000 	C:\Users\user\.gradle\native\100fb08df4bc3b14c8652ba06237920a3bd2aa13389f12d3474272988ae205f9\windows-amd64\native-platform-file-events.dll
0x00007ffa2b1c0000 - 0x00007ffa2b1c9000 	C:\Program Files\Android\Android Studio\jbr\bin\management.dll
0x00007ffa0b890000 - 0x00007ffa0b89b000 	C:\Program Files\Android\Android Studio\jbr\bin\management_ext.dll
0x00007ffa32900000 - 0x00007ffa32908000 	C:\Windows\System32\PSAPI.DLL
0x00007ffa31800000 - 0x00007ffa31818000 	C:\Windows\SYSTEM32\CRYPTSP.dll
0x00007ffa30b60000 - 0x00007ffa30b98000 	C:\Windows\system32\rsaenh.dll
0x00007ffa31a10000 - 0x00007ffa31a3e000 	C:\Windows\SYSTEM32\USERENV.dll
0x00007ffa31420000 - 0x00007ffa3142c000 	C:\Windows\SYSTEM32\CRYPTBASE.dll
0x00007ffa30f40000 - 0x00007ffa30f7b000 	C:\Windows\SYSTEM32\IPHLPAPI.DLL
0x00007ffa32ec0000 - 0x00007ffa32ec8000 	C:\Windows\System32\NSI.dll
0x00007ffa28060000 - 0x00007ffa28077000 	C:\Windows\SYSTEM32\dhcpcsvc6.DLL
0x00007ffa28fa0000 - 0x00007ffa28fbd000 	C:\Windows\SYSTEM32\dhcpcsvc.DLL
0x00007ffa30f80000 - 0x00007ffa3104a000 	C:\Windows\SYSTEM32\DNSAPI.dll
0x00007ffa08a80000 - 0x00007ffa08a87000 	C:\Windows\system32\wshunix.dll
0x00007ffa0e050000 - 0x00007ffa0e067000 	C:\Windows\system32\napinsp.dll
0x00007ffa0e030000 - 0x00007ffa0e04b000 	C:\Windows\system32\pnrpnsp.dll
0x00007ffa2e4f0000 - 0x00007ffa2e505000 	C:\Windows\system32\wshbth.dll
0x00007ffa2b490000 - 0x00007ffa2b4ad000 	C:\Windows\system32\NLAapi.dll
0x00007ffa0e010000 - 0x00007ffa0e022000 	C:\Windows\System32\winrnr.dll
0x00007ffa2a7f0000 - 0x00007ffa2a7fa000 	C:\Windows\System32\rasadhlp.dll
0x00007ffa24c10000 - 0x00007ffa24c90000 	C:\Windows\System32\fwpuclnt.dll
0x00007ffa30db0000 - 0x00007ffa30de3000 	C:\Windows\SYSTEM32\ntmarta.dll

dbghelp: loaded successfully - version: 4.0.5 - missing functions: none
symbol engine: initialized successfully - sym options: 0x614 - pdb path: .;C:\Program Files\Android\Android Studio\jbr\bin;C:\Windows\SYSTEM32;C:\Windows\WinSxS\amd64_microsoft.windows.common-controls_6595b64144ccf1df_6.0.19041.4355_none_60b8b9eb71f62e16;C:\Program Files\Android\Android Studio\jbr\bin\server;C:\Users\user\.gradle\native\c067742578af261105cb4f569cf0c3c89f3d7b1fecec35dd04571415982c5e48\windows-amd64;C:\Users\user\.gradle\native\100fb08df4bc3b14c8652ba06237920a3bd2aa13389f12d3474272988ae205f9\windows-amd64

VM Arguments:
jvm_args: -XX:MaxPermSize=512m -XX:MaxMetaspaceSize=4G -XX:ReservedCodeCacheSize=512m -XX:+HeapDumpOnOutOfMemoryError --add-opens=java.base/java.util=ALL-UNNAMED --add-opens=java.base/java.lang=ALL-UNNAMED --add-opens=java.base/java.lang.invoke=ALL-UNNAMED --add-opens=java.prefs/java.util.prefs=ALL-UNNAMED --add-exports=jdk.compiler/com.sun.tools.javac.api=ALL-UNNAMED --add-exports=jdk.compiler/com.sun.tools.javac.util=ALL-UNNAMED --add-opens=java.base/java.nio.charset=ALL-UNNAMED --add-opens=java.base/java.net=ALL-UNNAMED --add-opens=java.base/java.util.concurrent.atomic=ALL-UNNAMED -Xmx8G -Dfile.encoding=windows-1252 -Duser.country=US -Duser.language=en -Duser.variant -javaagent:C:\Users\user\.gradle\wrapper\dists\gradle-8.10.2-all\7iv73wktx1xtkvlq19urqw1wm\gradle-8.10.2\lib\agents\gradle-instrumentation-agent-8.10.2.jar 
java_command: org.gradle.launcher.daemon.bootstrap.GradleDaemon 8.10.2
java_class_path (initial): C:\Users\user\.gradle\wrapper\dists\gradle-8.10.2-all\7iv73wktx1xtkvlq19urqw1wm\gradle-8.10.2\lib\gradle-daemon-main-8.10.2.jar
Launcher Type: SUN_STANDARD

[Global flags]
     intx CICompilerCount                          = 3                                         {product} {ergonomic}
     uint ConcGCThreads                            = 1                                         {product} {ergonomic}
     uint G1ConcRefinementThreads                  = 4                                         {product} {ergonomic}
   size_t G1HeapRegionSize                         = 4194304                                   {product} {ergonomic}
    uintx GCDrainStackTargetSize                   = 64                                        {product} {ergonomic}
     bool HeapDumpOnOutOfMemoryError               = true                                   {manageable} {command line}
   size_t InitialHeapSize                          = 62914560                                  {product} {ergonomic}
   size_t MarkStackSize                            = 4194304                                   {product} {ergonomic}
   size_t MaxHeapSize                              = 8589934592                                {product} {command line}
   size_t MaxMetaspaceSize                         = 4294967296                                {product} {command line}
   size_t MaxNewSize                               = 5150605312                                {product} {ergonomic}
   size_t MinHeapDeltaBytes                        = 4194304                                   {product} {ergonomic}
   size_t MinHeapSize                              = 8388608                                   {product} {ergonomic}
    uintx NonNMethodCodeHeapSize                   = 5832780                                {pd product} {ergonomic}
    uintx NonProfiledCodeHeapSize                  = 265519066                              {pd product} {ergonomic}
    uintx ProfiledCodeHeapSize                     = 265519066                              {pd product} {ergonomic}
    uintx ReservedCodeCacheSize                    = 536870912                              {pd product} {command line}
     bool SegmentedCodeCache                       = true                                      {product} {ergonomic}
   size_t SoftMaxHeapSize                          = 8589934592                             {manageable} {ergonomic}
   double SweeperThreshold                         = 0.234375                                  {product} {ergonomic}
     bool UseCompressedClassPointers               = true                           {product lp64_product} {ergonomic}
     bool UseCompressedOops                        = true                           {product lp64_product} {ergonomic}
     bool UseG1GC                                  = true                                      {product} {ergonomic}
     bool UseLargePagesIndividualAllocation        = false                                  {pd product} {ergonomic}

Logging:
Log output configuration:
 #0: stdout all=warning uptime,level,tags
 #1: stderr all=off uptime,level,tags

Environment Variables:
JAVA_HOME=C:\Program Files\Android\Android Studio\jbr
CLASSPATH=C:\Users\user\flutter_projects\Lolu\android\\gradle\wrapper\gradle-wrapper.jar
PATH=C:\Program Files\Android\Android Studio\jbr\bin;C:\App\db_home\bin;C:\Program Files (x86)\Common Files\Oracle\Java\javapath;C:\Windows\system32;C:\Windows;C:\Windows\System32\Wbem;C:\Windows\System32\WindowsPowerShell\v1.0\;C:\Windows\System32\OpenSSH\;C:\Program Files\nodejs\;C:\Python\Python;C:\Program Files\Python;C:\Scripts;C:\Python\Scripts;C:\Program Files\Java\jdk-20_windows-x64_bin\jdk-20.0.2\;C:\Gradle\gradle-8.8-bin\gradle-8.8\bin;C:\Program Files\Docker\Docker\resources\bin;C:\Users\user\FlutterSdk\flutter_windows\flutter\bin;C:\Program Files\Git\cmd;C:\Python\Scripts\;C:\Python\;C:\Users\user\AppData\Local\Programs\Python\Launcher\;C:\Program Files (x86)\Common Files\Oracle\Java\javapath;C:\Windows\system32;C:\Windows;C:\Windows\System32\Wbem;C:\Windows\System32\WindowsPowerShell\v1.0\;C:\Windows\System32\OpenSSH\;C:\Program Files\nodejs\;C:\Users\user\AppData\Local\Microsoft\WindowsApps;C:\Users\user\AppData\Local\Programs\Microsoft VS Code\bin;C:\Users\user\AppData\Roaming\npm;C:\Python34\Scripts;;C:\Users\user\FlutterSdk\flutter_windows\flutter\bin\mingit\cmd
USERNAME=user
OS=Windows_NT
PROCESSOR_IDENTIFIER=Intel64 Family 6 Model 69 Stepping 1, GenuineIntel
TMP=C:\Users\user\AppData\Local\Temp
TEMP=C:\Users\user\AppData\Local\Temp


JNI global refs:
JNI global refs: 26, weak refs: 12

JNI global refs memory usage: 843, weak refs: 841


---------------  S Y S T E M  ---------------

OS:
 Windows 10 , 64 bit Build 19041 (10.0.19041.5678)
OS uptime: 1 days 2:51 hours
Hyper-V role detected

CPU: total 4 (initial active 4) (2 cores per cpu, 2 threads per core) family 6 model 69 stepping 1 microcode 0x25, cx8, cmov, fxsr, ht, mmx, sse, sse2, sse3, ssse3, sse4.1, sse4.2, popcnt, lzcnt, tsc, tscinvbit, avx, avx2, aes, erms, clmul, bmi1, bmi2, fma, vzeroupper, clflush, hv

Memory: 4k page, system-wide physical 3753M (313M free)
TotalPageFile size 14766M (AvailPageFile size 386M)
current process WorkingSet (physical memory assigned to process): 689M, peak: 730M
current process commit charge ("private bytes"): 1623M, peak: 2507M

vm_info: OpenJDK 64-Bit Server VM (17.0.6+0-b2043.56-10027231) for windows-amd64 JRE (17.0.6+0-b2043.56-10027231), built on Apr 28 2023 00:43:19 by "androidbuild" with MS VC++ 16.10 / 16.11 (VS2019)

END.
